<?xml version="1.0" encoding="UTF-8"?><testrun name="jcore-mallet-2.0.9" project="jcore-mallet-2.0.9" tests="341" started="341" failures="26" errors="16" ignored="0">
  <testsuite name="cc.mallet.pipe.tests.TestSGML2TokenSequence" time="0.0">
    <testcase name="testOne" classname="cc.mallet.pipe.tests.TestSGML2TokenSequence" time="0.0"/>
  </testsuite>
  <testsuite name="cc.mallet.cluster.evaluate.tests.TestClusteringEvaluators" time="0.0">
    <testcase name="testEvaluators" classname="cc.mallet.cluster.evaluate.tests.TestClusteringEvaluators" time="0.0"/>
  </testsuite>
  <testsuite name="cc.mallet.types.tests.TestHashedSparseVector" time="0.0">
    <testcase name="testPlusEquals" classname="cc.mallet.types.tests.TestHashedSparseVector" time="0.0"/>
    <testcase name="testPlusEqualsAfterClone" classname="cc.mallet.types.tests.TestHashedSparseVector" time="0.0"/>
    <testcase name="testDotProduct" classname="cc.mallet.types.tests.TestHashedSparseVector" time="0.0"/>
    <testcase name="testIncrementValue" classname="cc.mallet.types.tests.TestHashedSparseVector" time="0.0"/>
    <testcase name="testSetValue" classname="cc.mallet.types.tests.TestHashedSparseVector" time="0.0"/>
    <testcase name="testBinaryVector" classname="cc.mallet.types.tests.TestHashedSparseVector" time="0.0"/>
    <testcase name="testCloneMatrixZeroed" classname="cc.mallet.types.tests.TestHashedSparseVector" time="0.0"/>
    <testcase name="testSerializable" classname="cc.mallet.types.tests.TestHashedSparseVector" time="0.0"/>
    <testcase name="testPlusEqualsFromSaved" classname="cc.mallet.types.tests.TestHashedSparseVector" time="0.0">
      <error>java.lang.RuntimeException: java.io.FileNotFoundException: test/resources/edu/umass/cs/mallet/base/types/hashed.sv.old.ser (No such file or directory)
	at cc.mallet.util.FileUtils.readUnzippedObject(FileUtils.java:84)
	at cc.mallet.util.FileUtils.readObject(FileUtils.java:64)
	at cc.mallet.types.tests.TestHashedSparseVector.testPlusEqualsFromSaved(TestHashedSparseVector.java:191)
	at sun.reflect.NativeMethodAccessorImpl.invoke0(Native Method)
	at sun.reflect.NativeMethodAccessorImpl.invoke(NativeMethodAccessorImpl.java:57)
	at sun.reflect.DelegatingMethodAccessorImpl.invoke(DelegatingMethodAccessorImpl.java:43)
	at java.lang.reflect.Method.invoke(Method.java:606)
	at junit.framework.TestCase.runTest(TestCase.java:168)
	at junit.framework.TestCase.runBare(TestCase.java:134)
	at junit.framework.TestResult$1.protect(TestResult.java:110)
	at junit.framework.TestResult.runProtected(TestResult.java:128)
	at junit.framework.TestResult.run(TestResult.java:113)
	at junit.framework.TestCase.run(TestCase.java:124)
	at junit.framework.TestSuite.runTest(TestSuite.java:243)
	at junit.framework.TestSuite.run(TestSuite.java:238)
	at org.junit.internal.runners.JUnit38ClassRunner.run(JUnit38ClassRunner.java:83)
	at org.eclipse.jdt.internal.junit4.runner.JUnit4TestReference.run(JUnit4TestReference.java:86)
	at org.eclipse.jdt.internal.junit.runner.TestExecution.run(TestExecution.java:38)
	at org.eclipse.jdt.internal.junit.runner.RemoteTestRunner.runTests(RemoteTestRunner.java:459)
	at org.eclipse.jdt.internal.junit.runner.RemoteTestRunner.runTests(RemoteTestRunner.java:675)
	at org.eclipse.jdt.internal.junit.runner.RemoteTestRunner.run(RemoteTestRunner.java:382)
	at org.eclipse.jdt.internal.junit.runner.RemoteTestRunner.main(RemoteTestRunner.java:192)
Caused by: java.io.FileNotFoundException: test/resources/edu/umass/cs/mallet/base/types/hashed.sv.old.ser (No such file or directory)
	at java.io.FileInputStream.open(Native Method)
	at java.io.FileInputStream.&lt;init&gt;(FileInputStream.java:146)
	at cc.mallet.util.FileUtils.readUnzippedObject(FileUtils.java:78)
	... 21 more

</error>
    </testcase>
  </testsuite>
  <testsuite name="cc.mallet.util.tests.TestPriorityQueue" time="0.0">
    <testcase name="testAscending" classname="cc.mallet.util.tests.TestPriorityQueue" time="0.0"/>
    <testcase name="testDescending" classname="cc.mallet.util.tests.TestPriorityQueue" time="0.0"/>
    <testcase name="testChangePriority" classname="cc.mallet.util.tests.TestPriorityQueue" time="0.0"/>
    <testcase name="testReverse" classname="cc.mallet.util.tests.TestPriorityQueue" time="0.0"/>
    <testcase name="testEqualKeys" classname="cc.mallet.util.tests.TestPriorityQueue" time="0.0"/>
  </testsuite>
  <testsuite name="cc.mallet.grmm.test.TestHashClique" time="0.202">
    <testcase name="testEqualsHashCode" classname="cc.mallet.grmm.test.TestHashClique" time="0.0"/>
    <testcase name="testAddAllOrdering" classname="cc.mallet.grmm.test.TestHashClique" time="0.079"/>
    <testcase name="testAddAllOrdering2" classname="cc.mallet.grmm.test.TestHashClique" time="0.064"/>
    <testcase name="testAddAllOrdering3" classname="cc.mallet.grmm.test.TestHashClique" time="0.059"/>
  </testsuite>
  <testsuite name="cc.mallet.types.tests.TestIndexedSparseVector" time="0.006">
    <testcase name="testLocation" classname="cc.mallet.types.tests.TestIndexedSparseVector" time="0.001"/>
    <testcase name="testPlusEquals" classname="cc.mallet.types.tests.TestIndexedSparseVector" time="0.0"/>
    <testcase name="testDotProduct" classname="cc.mallet.types.tests.TestIndexedSparseVector" time="0.0"/>
    <testcase name="testIncrementValue" classname="cc.mallet.types.tests.TestIndexedSparseVector" time="0.001"/>
    <testcase name="testSetValue" classname="cc.mallet.types.tests.TestIndexedSparseVector" time="0.0"/>
    <testcase name="testBinaryVector" classname="cc.mallet.types.tests.TestIndexedSparseVector" time="0.0"/>
    <testcase name="testCloneMatrixZeroed" classname="cc.mallet.types.tests.TestIndexedSparseVector" time="0.0"/>
    <testcase name="testSerializable" classname="cc.mallet.types.tests.TestIndexedSparseVector" time="0.002"/>
    <testcase name="testEmptyLocations" classname="cc.mallet.types.tests.TestIndexedSparseVector" time="0.0"/>
    <testcase name="testSerializable2" classname="cc.mallet.types.tests.TestIndexedSparseVector" time="0.002"/>
  </testsuite>
  <testsuite name="cc.mallet.grmm.test.TestBetaFactor" time="0.247">
    <testcase name="testVarSet" classname="cc.mallet.grmm.test.TestBetaFactor" time="0.001"/>
    <testcase name="testValue" classname="cc.mallet.grmm.test.TestBetaFactor" time="0.001"/>
    <testcase name="testSample" classname="cc.mallet.grmm.test.TestBetaFactor" time="0.164"/>
    <testcase name="testSample2" classname="cc.mallet.grmm.test.TestBetaFactor" time="0.073"/>
    <testcase name="testSliceInFg" classname="cc.mallet.grmm.test.TestBetaFactor" time="0.008"/>
  </testsuite>
  <testsuite name="cc.mallet.types.tests.TestFeatureSequence" time="0.0">
    <testcase name="testNewPutSizeFreeze" classname="cc.mallet.types.tests.TestFeatureSequence" time="0.0"/>
  </testsuite>
  <testsuite name="cc.mallet.optimize.tests.TestOptimizable" time="0.005">
    <testcase name="testTestValueAndGradient" classname="cc.mallet.optimize.tests.TestOptimizable" time="0.005"/>
  </testsuite>
  <testsuite name="cc.mallet.types.tests.TestPagedInstanceList" time="0.161">
    <testcase name="testRandomTrained" classname="cc.mallet.types.tests.TestPagedInstanceList" time="0.161">
      <failure>junit.framework.AssertionFailedError: expected:&lt;0.40852575488454707&gt; but was:&lt;0.3428063943161634&gt;
	at junit.framework.Assert.fail(Assert.java:50)
	at junit.framework.Assert.failNotEquals(Assert.java:287)
	at junit.framework.Assert.assertEquals(Assert.java:102)
	at junit.framework.Assert.assertEquals(Assert.java:109)
	at cc.mallet.types.tests.TestPagedInstanceList.testRandomTrained(TestPagedInstanceList.java:61)
	at sun.reflect.NativeMethodAccessorImpl.invoke0(Native Method)
	at sun.reflect.NativeMethodAccessorImpl.invoke(NativeMethodAccessorImpl.java:57)
	at sun.reflect.DelegatingMethodAccessorImpl.invoke(DelegatingMethodAccessorImpl.java:43)
	at java.lang.reflect.Method.invoke(Method.java:606)
	at junit.framework.TestCase.runTest(TestCase.java:168)
	at junit.framework.TestCase.runBare(TestCase.java:134)
	at junit.framework.TestResult$1.protect(TestResult.java:110)
	at junit.framework.TestResult.runProtected(TestResult.java:128)
	at junit.framework.TestResult.run(TestResult.java:113)
	at junit.framework.TestCase.run(TestCase.java:124)
	at junit.framework.TestSuite.runTest(TestSuite.java:243)
	at junit.framework.TestSuite.run(TestSuite.java:238)
	at org.junit.internal.runners.JUnit38ClassRunner.run(JUnit38ClassRunner.java:83)
	at org.eclipse.jdt.internal.junit4.runner.JUnit4TestReference.run(JUnit4TestReference.java:86)
	at org.eclipse.jdt.internal.junit.runner.TestExecution.run(TestExecution.java:38)
	at org.eclipse.jdt.internal.junit.runner.RemoteTestRunner.runTests(RemoteTestRunner.java:459)
	at org.eclipse.jdt.internal.junit.runner.RemoteTestRunner.runTests(RemoteTestRunner.java:675)
	at org.eclipse.jdt.internal.junit.runner.RemoteTestRunner.run(RemoteTestRunner.java:382)
	at org.eclipse.jdt.internal.junit.runner.RemoteTestRunner.main(RemoteTestRunner.java:192)

</failure>
    </testcase>
  </testsuite>
  <testsuite name="cc.mallet.pipe.iterator.tests.TestPatternMatchIterator" time="0.001">
    <testcase name="testOne" classname="cc.mallet.pipe.iterator.tests.TestPatternMatchIterator" time="0.001"/>
  </testsuite>
  <testsuite name="cc.mallet.types.tests.TestSparseVector" time="0.002">
    <testcase name="testPlusEquals" classname="cc.mallet.types.tests.TestSparseVector" time="0.0"/>
    <testcase name="testDotProduct" classname="cc.mallet.types.tests.TestSparseVector" time="0.0"/>
    <testcase name="testIncrementValue" classname="cc.mallet.types.tests.TestSparseVector" time="0.001"/>
    <testcase name="testSetValue" classname="cc.mallet.types.tests.TestSparseVector" time="0.0"/>
    <testcase name="testBinaryVector" classname="cc.mallet.types.tests.TestSparseVector" time="0.0"/>
    <testcase name="testCloneMatrixZeroed" classname="cc.mallet.types.tests.TestSparseVector" time="0.0"/>
    <testcase name="testDenseSparseVector" classname="cc.mallet.types.tests.TestSparseVector" time="0.0"/>
    <testcase name="testPrint" classname="cc.mallet.types.tests.TestSparseVector" time="0.001"/>
    <testcase name="testExtendedDotProduct" classname="cc.mallet.types.tests.TestSparseVector" time="0.0"/>
  </testsuite>
  <testsuite name="cc.mallet.cluster.iterator.tests.TestIterators" time="0.101">
    <testcase name="testEvaluators" classname="cc.mallet.cluster.iterator.tests.TestIterators" time="0.101"/>
  </testsuite>
  <testsuite name="cc.mallet.types.tests.TestAlphabet" time="0.004">
    <testcase name="testReadResolve" classname="cc.mallet.types.tests.TestAlphabet" time="0.004"/>
    <testcase name="testNotFound" classname="cc.mallet.types.tests.TestAlphabet" time="0.0"/>
  </testsuite>
  <testsuite name="cc.mallet.pipe.tsf.tests.TestSequencePrintingPipe" time="0.001">
    <testcase name="testPrinting" classname="cc.mallet.pipe.tsf.tests.TestSequencePrintingPipe" time="0.001"/>
  </testsuite>
  <testsuite name="cc.mallet.util.tests.TestMaths" time="0.002">
    <testcase name="testSubtractLogProb" classname="cc.mallet.util.tests.TestMaths" time="0.001"/>
    <testcase name="testLogBinom" classname="cc.mallet.util.tests.TestMaths" time="0.0"/>
    <testcase name="testPbinom" classname="cc.mallet.util.tests.TestMaths" time="0.001"/>
    <testcase name="testSumLogProb" classname="cc.mallet.util.tests.TestMaths" time="0.0"/>
  </testsuite>
  <testsuite name="cc.mallet.pipe.tests.TestInstancePipe" time="0.015">
    <testcase name="testOne" classname="cc.mallet.pipe.tests.TestInstancePipe" time="0.002"/>
    <testcase name="testTwo" classname="cc.mallet.pipe.tests.TestInstancePipe" time="0.004">
      <error>java.lang.NullPointerException
	at cc.mallet.pipe.TokenSequence2TokenInstances$TokenInstanceIterator.next(TokenSequence2TokenInstances.java:33)
	at cc.mallet.pipe.TokenSequence2TokenInstances$TokenInstanceIterator.next(TokenSequence2TokenInstances.java:15)
	at cc.mallet.types.InstanceList.addThruPipe(InstanceList.java:267)
	at cc.mallet.pipe.tests.TestInstancePipe.testTwo(TestInstancePipe.java:78)
	at sun.reflect.NativeMethodAccessorImpl.invoke0(Native Method)
	at sun.reflect.NativeMethodAccessorImpl.invoke(NativeMethodAccessorImpl.java:57)
	at sun.reflect.DelegatingMethodAccessorImpl.invoke(DelegatingMethodAccessorImpl.java:43)
	at java.lang.reflect.Method.invoke(Method.java:606)
	at junit.framework.TestCase.runTest(TestCase.java:168)
	at junit.framework.TestCase.runBare(TestCase.java:134)
	at junit.framework.TestResult$1.protect(TestResult.java:110)
	at junit.framework.TestResult.runProtected(TestResult.java:128)
	at junit.framework.TestResult.run(TestResult.java:113)
	at junit.framework.TestCase.run(TestCase.java:124)
	at junit.framework.TestSuite.runTest(TestSuite.java:243)
	at junit.framework.TestSuite.run(TestSuite.java:238)
	at org.junit.internal.runners.JUnit38ClassRunner.run(JUnit38ClassRunner.java:83)
	at org.eclipse.jdt.internal.junit4.runner.JUnit4TestReference.run(JUnit4TestReference.java:86)
	at org.eclipse.jdt.internal.junit.runner.TestExecution.run(TestExecution.java:38)
	at org.eclipse.jdt.internal.junit.runner.RemoteTestRunner.runTests(RemoteTestRunner.java:459)
	at org.eclipse.jdt.internal.junit.runner.RemoteTestRunner.runTests(RemoteTestRunner.java:675)
	at org.eclipse.jdt.internal.junit.runner.RemoteTestRunner.run(RemoteTestRunner.java:382)
	at org.eclipse.jdt.internal.junit.runner.RemoteTestRunner.main(RemoteTestRunner.java:192)

</error>
    </testcase>
    <testcase name="testOneFromSerialized" classname="cc.mallet.pipe.tests.TestInstancePipe" time="0.009"/>
  </testsuite>
  <testsuite name="cc.mallet.grmm.test.TestTableFactor" time="0.024">
    <testcase name="testPlusEquals" classname="cc.mallet.grmm.test.TestTableFactor" time="0.001"/>
    <testcase name="testSample" classname="cc.mallet.grmm.test.TestTableFactor" time="0.001"/>
    <testcase name="testMultiplyMultiplyBy" classname="cc.mallet.grmm.test.TestTableFactor" time="0.0"/>
    <testcase name="testTblTblPlusEquals" classname="cc.mallet.grmm.test.TestTableFactor" time="0.0"/>
    <testcase name="testEntropy" classname="cc.mallet.grmm.test.TestTableFactor" time="0.0"/>
    <testcase name="testMarginalize" classname="cc.mallet.grmm.test.TestTableFactor" time="0.001"/>
    <testcase name="testMarginalizeOut" classname="cc.mallet.grmm.test.TestTableFactor" time="0.0"/>
    <testcase name="testOneVarSlice" classname="cc.mallet.grmm.test.TestTableFactor" time="0.001"/>
    <testcase name="testTwoVarSlice" classname="cc.mallet.grmm.test.TestTableFactor" time="0.001"/>
    <testcase name="testMultiVarSlice" classname="cc.mallet.grmm.test.TestTableFactor" time="0.0"/>
    <testcase name="testLogMultiVarSlice" classname="cc.mallet.grmm.test.TestTableFactor" time="0.002"/>
    <testcase name="testSparseMultiply" classname="cc.mallet.grmm.test.TestTableFactor" time="0.0"/>
    <testcase name="testSparseDivide" classname="cc.mallet.grmm.test.TestTableFactor" time="0.001"/>
    <testcase name="testSparseMarginalize" classname="cc.mallet.grmm.test.TestTableFactor" time="0.0"/>
    <testcase name="testSparseExtractMax" classname="cc.mallet.grmm.test.TestTableFactor" time="0.0"/>
    <testcase name="testLogSample" classname="cc.mallet.grmm.test.TestTableFactor" time="0.0"/>
    <testcase name="testExp" classname="cc.mallet.grmm.test.TestTableFactor" time="0.001"/>
    <testcase name="testMultiplyAll" classname="cc.mallet.grmm.test.TestTableFactor" time="0.014"/>
    <testcase name="testExpandToContain" classname="cc.mallet.grmm.test.TestTableFactor" time="0.0"/>
    <testcase name="testVariableReordering" classname="cc.mallet.grmm.test.TestTableFactor" time="0.001"/>
  </testsuite>
  <testsuite name="cc.mallet.grmm.test.TestBitVarSet" time="0.051">
    <testcase name="testEqualsHashCode" classname="cc.mallet.grmm.test.TestBitVarSet" time="0.001"/>
    <testcase name="testAddAllOrdering" classname="cc.mallet.grmm.test.TestBitVarSet" time="0.023"/>
    <testcase name="testAddAllOrdering2" classname="cc.mallet.grmm.test.TestBitVarSet" time="0.013"/>
    <testcase name="testAddAllOrdering3" classname="cc.mallet.grmm.test.TestBitVarSet" time="0.014"/>
  </testsuite>
  <testsuite name="cc.mallet.grmm.test.TestUniNormalFactor" time="0.016">
    <testcase name="testVarSet" classname="cc.mallet.grmm.test.TestUniNormalFactor" time="0.001"/>
    <testcase name="testValue" classname="cc.mallet.grmm.test.TestUniNormalFactor" time="0.0"/>
    <testcase name="testSample" classname="cc.mallet.grmm.test.TestUniNormalFactor" time="0.015">
      <failure>junit.framework.AssertionFailedError: expected:&lt;1.4142135623730951&gt; but was:&lt;1.436053481288838&gt;
	at junit.framework.Assert.fail(Assert.java:50)
	at junit.framework.Assert.failNotEquals(Assert.java:287)
	at junit.framework.Assert.assertEquals(Assert.java:102)
	at junit.framework.Assert.assertEquals(Assert.java:109)
	at cc.mallet.grmm.test.TestUniNormalFactor.testSample(TestUniNormalFactor.java:65)
	at sun.reflect.NativeMethodAccessorImpl.invoke0(Native Method)
	at sun.reflect.NativeMethodAccessorImpl.invoke(NativeMethodAccessorImpl.java:57)
	at sun.reflect.DelegatingMethodAccessorImpl.invoke(DelegatingMethodAccessorImpl.java:43)
	at java.lang.reflect.Method.invoke(Method.java:606)
	at junit.framework.TestCase.runTest(TestCase.java:168)
	at junit.framework.TestCase.runBare(TestCase.java:134)
	at junit.framework.TestResult$1.protect(TestResult.java:110)
	at junit.framework.TestResult.runProtected(TestResult.java:128)
	at junit.framework.TestResult.run(TestResult.java:113)
	at junit.framework.TestCase.run(TestCase.java:124)
	at junit.framework.TestSuite.runTest(TestSuite.java:243)
	at junit.framework.TestSuite.run(TestSuite.java:238)
	at org.junit.internal.runners.JUnit38ClassRunner.run(JUnit38ClassRunner.java:83)
	at org.eclipse.jdt.internal.junit4.runner.JUnit4TestReference.run(JUnit4TestReference.java:86)
	at org.eclipse.jdt.internal.junit.runner.TestExecution.run(TestExecution.java:38)
	at org.eclipse.jdt.internal.junit.runner.RemoteTestRunner.runTests(RemoteTestRunner.java:459)
	at org.eclipse.jdt.internal.junit.runner.RemoteTestRunner.runTests(RemoteTestRunner.java:675)
	at org.eclipse.jdt.internal.junit.runner.RemoteTestRunner.run(RemoteTestRunner.java:382)
	at org.eclipse.jdt.internal.junit.runner.RemoteTestRunner.main(RemoteTestRunner.java:192)

</failure>
    </testcase>
  </testsuite>
  <testsuite name="cc.mallet.pipe.tsf.tests.TestOffsetFeatureConjunctions" time="0.011">
    <testcase name="testMultiTag" classname="cc.mallet.pipe.tsf.tests.TestOffsetFeatureConjunctions" time="0.003"/>
    <testcase name="testMultiTagSerialization" classname="cc.mallet.pipe.tsf.tests.TestOffsetFeatureConjunctions" time="0.008"/>
  </testsuite>
  <testsuite name="cc.mallet.grmm.test.TestGibbsSampler" time="0.005">
    <testcase name="testInitialAssignment" classname="cc.mallet.grmm.test.TestGibbsSampler" time="0.005"/>
  </testsuite>
  <testsuite name="cc.mallet.grmm.test.TestPottsFactor" time="0.002">
    <testcase name="testSlice" classname="cc.mallet.grmm.test.TestPottsFactor" time="0.001"/>
    <testcase name="testSumGradLog" classname="cc.mallet.grmm.test.TestPottsFactor" time="0.0"/>
    <testcase name="testSumGradLog2" classname="cc.mallet.grmm.test.TestPottsFactor" time="0.001"/>
  </testsuite>
  <testsuite name="cc.mallet.types.tests.TestAugmentableFeatureVector" time="0.001">
    <testcase name="testDotProductBinaryToSV" classname="cc.mallet.types.tests.TestAugmentableFeatureVector" time="0.001"/>
    <testcase name="testDotProductSparseASVToSV" classname="cc.mallet.types.tests.TestAugmentableFeatureVector" time="0.0"/>
    <testcase name="testAddWithPrefix" classname="cc.mallet.types.tests.TestAugmentableFeatureVector" time="0.0"/>
  </testsuite>
  <testsuite name="cc.mallet.grmm.test.TestUndirectedModel" time="0.072">
    <testcase name="testOutputToDot" classname="cc.mallet.grmm.test.TestUndirectedModel" time="0.002"/>
    <testcase name="testMultipleNodePotentials" classname="cc.mallet.grmm.test.TestUndirectedModel" time="0.001"/>
    <testcase name="testMultipleEdgePotentials" classname="cc.mallet.grmm.test.TestUndirectedModel" time="0.001"/>
    <testcase name="testPotentialConnections" classname="cc.mallet.grmm.test.TestUndirectedModel" time="0.0"/>
    <testcase name="testThreeNodeModel" classname="cc.mallet.grmm.test.TestUndirectedModel" time="0.001"/>
    <testcase name="testUndirectedCaches" classname="cc.mallet.grmm.test.TestUndirectedModel" time="0.03"/>
    <testcase name="testUndirectedCachesAfterRemove" classname="cc.mallet.grmm.test.TestUndirectedModel" time="0.02"/>
    <testcase name="testMdlToGraph" classname="cc.mallet.grmm.test.TestUndirectedModel" time="0.016"/>
    <testcase name="testFactorOfSet" classname="cc.mallet.grmm.test.TestUndirectedModel" time="0.001"/>
  </testsuite>
  <testsuite name="cc.mallet.classify.tests.TestClassifiers" incomplete="true">
    <testcase name="testRandomTrained" classname="cc.mallet.classify.tests.TestClassifiers" incomplete="true"/>
    <testcase name="testNewFeatures" classname="cc.mallet.classify.tests.TestClassifiers" incomplete="true"/>
  </testsuite>
  <testsuite name="cc.mallet.grmm.test.TestGenericAcrfData2TokenSequence" time="0.007">
    <testcase name="testFromSerialization" classname="cc.mallet.grmm.test.TestGenericAcrfData2TokenSequence" time="0.005">
      <error>java.lang.IllegalArgumentException: Alphabets don't match: Instance: [null, 2], InstanceList: [0, 2]

	at cc.mallet.types.InstanceList.add(InstanceList.java:335)
	at cc.mallet.types.InstanceList.addThruPipe(InstanceList.java:267)
	at cc.mallet.grmm.test.TestGenericAcrfData2TokenSequence.testFromSerialization(TestGenericAcrfData2TokenSequence.java:62)
	at sun.reflect.NativeMethodAccessorImpl.invoke0(Native Method)
	at sun.reflect.NativeMethodAccessorImpl.invoke(NativeMethodAccessorImpl.java:57)
	at sun.reflect.DelegatingMethodAccessorImpl.invoke(DelegatingMethodAccessorImpl.java:43)
	at java.lang.reflect.Method.invoke(Method.java:606)
	at junit.framework.TestCase.runTest(TestCase.java:168)
	at junit.framework.TestCase.runBare(TestCase.java:134)
	at junit.framework.TestResult$1.protect(TestResult.java:110)
	at junit.framework.TestResult.runProtected(TestResult.java:128)
	at junit.framework.TestResult.run(TestResult.java:113)
	at junit.framework.TestCase.run(TestCase.java:124)
	at junit.framework.TestSuite.runTest(TestSuite.java:243)
	at junit.framework.TestSuite.run(TestSuite.java:238)
	at org.junit.internal.runners.JUnit38ClassRunner.run(JUnit38ClassRunner.java:83)
	at org.eclipse.jdt.internal.junit4.runner.JUnit4TestReference.run(JUnit4TestReference.java:86)
	at org.eclipse.jdt.internal.junit.runner.TestExecution.run(TestExecution.java:38)
	at org.eclipse.jdt.internal.junit.runner.RemoteTestRunner.runTests(RemoteTestRunner.java:459)
	at org.eclipse.jdt.internal.junit.runner.RemoteTestRunner.runTests(RemoteTestRunner.java:675)
	at org.eclipse.jdt.internal.junit.runner.RemoteTestRunner.run(RemoteTestRunner.java:382)
	at org.eclipse.jdt.internal.junit.runner.RemoteTestRunner.main(RemoteTestRunner.java:192)

</error>
    </testcase>
    <testcase name="testFixedNumLabels" classname="cc.mallet.grmm.test.TestGenericAcrfData2TokenSequence" time="0.0">
      <error>java.lang.IllegalArgumentException: Alphabets don't match: Instance: [null, 2], InstanceList: [0, 2]

	at cc.mallet.types.InstanceList.add(InstanceList.java:335)
	at cc.mallet.types.InstanceList.addThruPipe(InstanceList.java:267)
	at cc.mallet.grmm.test.TestGenericAcrfData2TokenSequence.testFixedNumLabels(TestGenericAcrfData2TokenSequence.java:95)
	at sun.reflect.NativeMethodAccessorImpl.invoke0(Native Method)
	at sun.reflect.NativeMethodAccessorImpl.invoke(NativeMethodAccessorImpl.java:57)
	at sun.reflect.DelegatingMethodAccessorImpl.invoke(DelegatingMethodAccessorImpl.java:43)
	at java.lang.reflect.Method.invoke(Method.java:606)
	at junit.framework.TestCase.runTest(TestCase.java:168)
	at junit.framework.TestCase.runBare(TestCase.java:134)
	at junit.framework.TestResult$1.protect(TestResult.java:110)
	at junit.framework.TestResult.runProtected(TestResult.java:128)
	at junit.framework.TestResult.run(TestResult.java:113)
	at junit.framework.TestCase.run(TestCase.java:124)
	at junit.framework.TestSuite.runTest(TestSuite.java:243)
	at junit.framework.TestSuite.run(TestSuite.java:238)
	at org.junit.internal.runners.JUnit38ClassRunner.run(JUnit38ClassRunner.java:83)
	at org.eclipse.jdt.internal.junit4.runner.JUnit4TestReference.run(JUnit4TestReference.java:86)
	at org.eclipse.jdt.internal.junit.runner.TestExecution.run(TestExecution.java:38)
	at org.eclipse.jdt.internal.junit.runner.RemoteTestRunner.runTests(RemoteTestRunner.java:459)
	at org.eclipse.jdt.internal.junit.runner.RemoteTestRunner.runTests(RemoteTestRunner.java:675)
	at org.eclipse.jdt.internal.junit.runner.RemoteTestRunner.run(RemoteTestRunner.java:382)
	at org.eclipse.jdt.internal.junit.runner.RemoteTestRunner.main(RemoteTestRunner.java:192)

</error>
    </testcase>
    <testcase name="testLabelsAtEnd" classname="cc.mallet.grmm.test.TestGenericAcrfData2TokenSequence" time="0.001">
      <error>java.lang.IllegalArgumentException: Alphabets don't match: Instance: [null, 2], InstanceList: [0, 2]

	at cc.mallet.types.InstanceList.add(InstanceList.java:335)
	at cc.mallet.types.InstanceList.addThruPipe(InstanceList.java:267)
	at cc.mallet.grmm.test.TestGenericAcrfData2TokenSequence.testLabelsAtEnd(TestGenericAcrfData2TokenSequence.java:111)
	at sun.reflect.NativeMethodAccessorImpl.invoke0(Native Method)
	at sun.reflect.NativeMethodAccessorImpl.invoke(NativeMethodAccessorImpl.java:57)
	at sun.reflect.DelegatingMethodAccessorImpl.invoke(DelegatingMethodAccessorImpl.java:43)
	at java.lang.reflect.Method.invoke(Method.java:606)
	at junit.framework.TestCase.runTest(TestCase.java:168)
	at junit.framework.TestCase.runBare(TestCase.java:134)
	at junit.framework.TestResult$1.protect(TestResult.java:110)
	at junit.framework.TestResult.runProtected(TestResult.java:128)
	at junit.framework.TestResult.run(TestResult.java:113)
	at junit.framework.TestCase.run(TestCase.java:124)
	at junit.framework.TestSuite.runTest(TestSuite.java:243)
	at junit.framework.TestSuite.run(TestSuite.java:238)
	at org.junit.internal.runners.JUnit38ClassRunner.run(JUnit38ClassRunner.java:83)
	at org.eclipse.jdt.internal.junit4.runner.JUnit4TestReference.run(JUnit4TestReference.java:86)
	at org.eclipse.jdt.internal.junit.runner.TestExecution.run(TestExecution.java:38)
	at org.eclipse.jdt.internal.junit.runner.RemoteTestRunner.runTests(RemoteTestRunner.java:459)
	at org.eclipse.jdt.internal.junit.runner.RemoteTestRunner.runTests(RemoteTestRunner.java:675)
	at org.eclipse.jdt.internal.junit.runner.RemoteTestRunner.run(RemoteTestRunner.java:382)
	at org.eclipse.jdt.internal.junit.runner.RemoteTestRunner.main(RemoteTestRunner.java:192)

</error>
    </testcase>
    <testcase name="testNoTokenText" classname="cc.mallet.grmm.test.TestGenericAcrfData2TokenSequence" time="0.001">
      <error>java.lang.IllegalArgumentException: Alphabets don't match: Instance: [null, 2], InstanceList: [0, 2]

	at cc.mallet.types.InstanceList.add(InstanceList.java:335)
	at cc.mallet.types.InstanceList.addThruPipe(InstanceList.java:267)
	at cc.mallet.grmm.test.TestGenericAcrfData2TokenSequence.testNoTokenText(TestGenericAcrfData2TokenSequence.java:135)
	at sun.reflect.NativeMethodAccessorImpl.invoke0(Native Method)
	at sun.reflect.NativeMethodAccessorImpl.invoke(NativeMethodAccessorImpl.java:57)
	at sun.reflect.DelegatingMethodAccessorImpl.invoke(DelegatingMethodAccessorImpl.java:43)
	at java.lang.reflect.Method.invoke(Method.java:606)
	at junit.framework.TestCase.runTest(TestCase.java:168)
	at junit.framework.TestCase.runBare(TestCase.java:134)
	at junit.framework.TestResult$1.protect(TestResult.java:110)
	at junit.framework.TestResult.runProtected(TestResult.java:128)
	at junit.framework.TestResult.run(TestResult.java:113)
	at junit.framework.TestCase.run(TestCase.java:124)
	at junit.framework.TestSuite.runTest(TestSuite.java:243)
	at junit.framework.TestSuite.run(TestSuite.java:238)
	at org.junit.internal.runners.JUnit38ClassRunner.run(JUnit38ClassRunner.java:83)
	at org.eclipse.jdt.internal.junit4.runner.JUnit4TestReference.run(JUnit4TestReference.java:86)
	at org.eclipse.jdt.internal.junit.runner.TestExecution.run(TestExecution.java:38)
	at org.eclipse.jdt.internal.junit.runner.RemoteTestRunner.runTests(RemoteTestRunner.java:459)
	at org.eclipse.jdt.internal.junit.runner.RemoteTestRunner.runTests(RemoteTestRunner.java:675)
	at org.eclipse.jdt.internal.junit.runner.RemoteTestRunner.run(RemoteTestRunner.java:382)
	at org.eclipse.jdt.internal.junit.runner.RemoteTestRunner.main(RemoteTestRunner.java:192)

</error>
    </testcase>
  </testsuite>
  <testsuite name="cc.mallet.types.tests.TestInstanceListWeights" time="0.001">
    <testcase name="setWeights" classname="cc.mallet.types.tests.TestInstanceListWeights" time="0.001"/>
  </testsuite>
  <testsuite name="cc.mallet.pipe.tests.TestPipeUtils" time="0.049">
    <testcase name="testPipesAreStupid" classname="cc.mallet.pipe.tests.TestPipeUtils" time="0.0">
      <failure>junit.framework.AssertionFailedError: Test failed: Should have generated exception.
	at junit.framework.Assert.fail(Assert.java:50)
	at junit.framework.Assert.assertTrue(Assert.java:20)
	at cc.mallet.pipe.tests.TestPipeUtils.testPipesAreStupid(TestPipeUtils.java:52)
	at sun.reflect.NativeMethodAccessorImpl.invoke0(Native Method)
	at sun.reflect.NativeMethodAccessorImpl.invoke(NativeMethodAccessorImpl.java:57)
	at sun.reflect.DelegatingMethodAccessorImpl.invoke(DelegatingMethodAccessorImpl.java:43)
	at java.lang.reflect.Method.invoke(Method.java:606)
	at junit.framework.TestCase.runTest(TestCase.java:168)
	at junit.framework.TestCase.runBare(TestCase.java:134)
	at junit.framework.TestResult$1.protect(TestResult.java:110)
	at junit.framework.TestResult.runProtected(TestResult.java:128)
	at junit.framework.TestResult.run(TestResult.java:113)
	at junit.framework.TestCase.run(TestCase.java:124)
	at junit.framework.TestSuite.runTest(TestSuite.java:243)
	at junit.framework.TestSuite.run(TestSuite.java:238)
	at org.junit.internal.runners.JUnit38ClassRunner.run(JUnit38ClassRunner.java:83)
	at org.eclipse.jdt.internal.junit4.runner.JUnit4TestReference.run(JUnit4TestReference.java:86)
	at org.eclipse.jdt.internal.junit.runner.TestExecution.run(TestExecution.java:38)
	at org.eclipse.jdt.internal.junit.runner.RemoteTestRunner.runTests(RemoteTestRunner.java:459)
	at org.eclipse.jdt.internal.junit.runner.RemoteTestRunner.runTests(RemoteTestRunner.java:675)
	at org.eclipse.jdt.internal.junit.runner.RemoteTestRunner.run(RemoteTestRunner.java:382)
	at org.eclipse.jdt.internal.junit.runner.RemoteTestRunner.main(RemoteTestRunner.java:192)

</failure>
    </testcase>
    <testcase name="testConcatenatePipes" classname="cc.mallet.pipe.tests.TestPipeUtils" time="0.048"/>
    <testcase name="testConcatenateNullPipes" classname="cc.mallet.pipe.tests.TestPipeUtils" time="0.0"/>
    <testcase name="testConcatenateBadPipes" classname="cc.mallet.pipe.tests.TestPipeUtils" time="0.001">
      <failure>junit.framework.AssertionFailedError
	at junit.framework.Assert.fail(Assert.java:48)
	at junit.framework.Assert.assertTrue(Assert.java:20)
	at junit.framework.Assert.assertTrue(Assert.java:27)
	at cc.mallet.pipe.tests.TestPipeUtils.testConcatenateBadPipes(TestPipeUtils.java:93)
	at sun.reflect.NativeMethodAccessorImpl.invoke0(Native Method)
	at sun.reflect.NativeMethodAccessorImpl.invoke(NativeMethodAccessorImpl.java:57)
	at sun.reflect.DelegatingMethodAccessorImpl.invoke(DelegatingMethodAccessorImpl.java:43)
	at java.lang.reflect.Method.invoke(Method.java:606)
	at junit.framework.TestCase.runTest(TestCase.java:168)
	at junit.framework.TestCase.runBare(TestCase.java:134)
	at junit.framework.TestResult$1.protect(TestResult.java:110)
	at junit.framework.TestResult.runProtected(TestResult.java:128)
	at junit.framework.TestResult.run(TestResult.java:113)
	at junit.framework.TestCase.run(TestCase.java:124)
	at junit.framework.TestSuite.runTest(TestSuite.java:243)
	at junit.framework.TestSuite.run(TestSuite.java:238)
	at org.junit.internal.runners.JUnit38ClassRunner.run(JUnit38ClassRunner.java:83)
	at org.eclipse.jdt.internal.junit4.runner.JUnit4TestReference.run(JUnit4TestReference.java:86)
	at org.eclipse.jdt.internal.junit.runner.TestExecution.run(TestExecution.java:38)
	at org.eclipse.jdt.internal.junit.runner.RemoteTestRunner.runTests(RemoteTestRunner.java:459)
	at org.eclipse.jdt.internal.junit.runner.RemoteTestRunner.runTests(RemoteTestRunner.java:675)
	at org.eclipse.jdt.internal.junit.runner.RemoteTestRunner.run(RemoteTestRunner.java:382)
	at org.eclipse.jdt.internal.junit.runner.RemoteTestRunner.main(RemoteTestRunner.java:192)

</failure>
    </testcase>
  </testsuite>
  <testsuite name="cc.mallet.fst.tests.TestMEMM" time="0.599">
    <testcase name="testGetSetParameters" classname="cc.mallet.fst.tests.TestMEMM" time="0.006"/>
    <testcase name="testSpaceMaximizable" classname="cc.mallet.fst.tests.TestMEMM" time="0.512">
      <error>cc.mallet.optimize.InvalidOptimizableException: sy = 83.87438991729655 &gt; 0
	at cc.mallet.optimize.LimitedMemoryBFGS.optimize(LimitedMemoryBFGS.java:201)
	at cc.mallet.fst.MEMMTrainer.train(MEMMTrainer.java:124)
	at cc.mallet.fst.tests.TestMEMM.testSpaceMaximizable(TestMEMM.java:127)
	at sun.reflect.NativeMethodAccessorImpl.invoke0(Native Method)
	at sun.reflect.NativeMethodAccessorImpl.invoke(NativeMethodAccessorImpl.java:57)
	at sun.reflect.DelegatingMethodAccessorImpl.invoke(DelegatingMethodAccessorImpl.java:43)
	at java.lang.reflect.Method.invoke(Method.java:606)
	at junit.framework.TestCase.runTest(TestCase.java:168)
	at junit.framework.TestCase.runBare(TestCase.java:134)
	at junit.framework.TestResult$1.protect(TestResult.java:110)
	at junit.framework.TestResult.runProtected(TestResult.java:128)
	at junit.framework.TestResult.run(TestResult.java:113)
	at junit.framework.TestCase.run(TestCase.java:124)
	at junit.framework.TestSuite.runTest(TestSuite.java:243)
	at junit.framework.TestSuite.run(TestSuite.java:238)
	at org.junit.internal.runners.JUnit38ClassRunner.run(JUnit38ClassRunner.java:83)
	at org.eclipse.jdt.internal.junit4.runner.JUnit4TestReference.run(JUnit4TestReference.java:86)
	at org.eclipse.jdt.internal.junit.runner.TestExecution.run(TestExecution.java:38)
	at org.eclipse.jdt.internal.junit.runner.RemoteTestRunner.runTests(RemoteTestRunner.java:459)
	at org.eclipse.jdt.internal.junit.runner.RemoteTestRunner.runTests(RemoteTestRunner.java:675)
	at org.eclipse.jdt.internal.junit.runner.RemoteTestRunner.run(RemoteTestRunner.java:382)
	at org.eclipse.jdt.internal.junit.runner.RemoteTestRunner.main(RemoteTestRunner.java:192)

</error>
    </testcase>
    <testcase name="testSpaceSerializable" classname="cc.mallet.fst.tests.TestMEMM" time="0.081">
      <error>cc.mallet.optimize.InvalidOptimizableException: sy = 83.87438991729655 &gt; 0
	at cc.mallet.optimize.LimitedMemoryBFGS.optimize(LimitedMemoryBFGS.java:201)
	at cc.mallet.fst.MEMMTrainer.train(MEMMTrainer.java:124)
	at cc.mallet.fst.tests.TestMEMM.testSpaceSerializable(TestMEMM.java:150)
	at sun.reflect.NativeMethodAccessorImpl.invoke0(Native Method)
	at sun.reflect.NativeMethodAccessorImpl.invoke(NativeMethodAccessorImpl.java:57)
	at sun.reflect.DelegatingMethodAccessorImpl.invoke(DelegatingMethodAccessorImpl.java:43)
	at java.lang.reflect.Method.invoke(Method.java:606)
	at junit.framework.TestCase.runTest(TestCase.java:168)
	at junit.framework.TestCase.runBare(TestCase.java:134)
	at junit.framework.TestResult$1.protect(TestResult.java:110)
	at junit.framework.TestResult.runProtected(TestResult.java:128)
	at junit.framework.TestResult.run(TestResult.java:113)
	at junit.framework.TestCase.run(TestCase.java:124)
	at junit.framework.TestSuite.runTest(TestSuite.java:243)
	at junit.framework.TestSuite.run(TestSuite.java:238)
	at org.junit.internal.runners.JUnit38ClassRunner.run(JUnit38ClassRunner.java:83)
	at org.eclipse.jdt.internal.junit4.runner.JUnit4TestReference.run(JUnit4TestReference.java:86)
	at org.eclipse.jdt.internal.junit.runner.TestExecution.run(TestExecution.java:38)
	at org.eclipse.jdt.internal.junit.runner.RemoteTestRunner.runTests(RemoteTestRunner.java:459)
	at org.eclipse.jdt.internal.junit.runner.RemoteTestRunner.runTests(RemoteTestRunner.java:675)
	at org.eclipse.jdt.internal.junit.runner.RemoteTestRunner.run(RemoteTestRunner.java:382)
	at org.eclipse.jdt.internal.junit.runner.RemoteTestRunner.main(RemoteTestRunner.java:192)

</error>
    </testcase>
    <testcase name="testIncrement" classname="cc.mallet.fst.tests.TestMEMM" time="0.0"/>
  </testsuite>
  <testsuite name="cc.mallet.grmm.test.TestUniformFactor" time="0.011">
    <testcase name="testVarSet" classname="cc.mallet.grmm.test.TestUniformFactor" time="0.001"/>
    <testcase name="testSample" classname="cc.mallet.grmm.test.TestUniformFactor" time="0.009">
      <failure>junit.framework.AssertionFailedError: expected:&lt;0.25&gt; but was:&lt;0.2395009029334333&gt;
	at junit.framework.Assert.fail(Assert.java:50)
	at junit.framework.Assert.failNotEquals(Assert.java:287)
	at junit.framework.Assert.assertEquals(Assert.java:102)
	at junit.framework.Assert.assertEquals(Assert.java:109)
	at cc.mallet.grmm.test.TestUniformFactor.testSample(TestUniformFactor.java:54)
	at sun.reflect.NativeMethodAccessorImpl.invoke0(Native Method)
	at sun.reflect.NativeMethodAccessorImpl.invoke(NativeMethodAccessorImpl.java:57)
	at sun.reflect.DelegatingMethodAccessorImpl.invoke(DelegatingMethodAccessorImpl.java:43)
	at java.lang.reflect.Method.invoke(Method.java:606)
	at junit.framework.TestCase.runTest(TestCase.java:168)
	at junit.framework.TestCase.runBare(TestCase.java:134)
	at junit.framework.TestResult$1.protect(TestResult.java:110)
	at junit.framework.TestResult.runProtected(TestResult.java:128)
	at junit.framework.TestResult.run(TestResult.java:113)
	at junit.framework.TestCase.run(TestCase.java:124)
	at junit.framework.TestSuite.runTest(TestSuite.java:243)
	at junit.framework.TestSuite.run(TestSuite.java:238)
	at org.junit.internal.runners.JUnit38ClassRunner.run(JUnit38ClassRunner.java:83)
	at org.eclipse.jdt.internal.junit4.runner.JUnit4TestReference.run(JUnit4TestReference.java:86)
	at org.eclipse.jdt.internal.junit.runner.TestExecution.run(TestExecution.java:38)
	at org.eclipse.jdt.internal.junit.runner.RemoteTestRunner.runTests(RemoteTestRunner.java:459)
	at org.eclipse.jdt.internal.junit.runner.RemoteTestRunner.runTests(RemoteTestRunner.java:675)
	at org.eclipse.jdt.internal.junit.runner.RemoteTestRunner.run(RemoteTestRunner.java:382)
	at org.eclipse.jdt.internal.junit.runner.RemoteTestRunner.main(RemoteTestRunner.java:192)

</failure>
    </testcase>
    <testcase name="testSliceInFg" classname="cc.mallet.grmm.test.TestUniformFactor" time="0.001"/>
  </testsuite>
  <testsuite name="cc.mallet.pipe.tsf.tests.TestOffsetConjunctions" time="0.001">
    <testcase name="testOne" classname="cc.mallet.pipe.tsf.tests.TestOffsetConjunctions" time="0.001"/>
  </testsuite>
  <testsuite name="cc.mallet.grmm.test.TestMIntInt2ObjectMap" time="0.003">
    <testcase name="testReverse" classname="cc.mallet.grmm.test.TestMIntInt2ObjectMap" time="0.001"/>
    <testcase name="testSerializable" classname="cc.mallet.grmm.test.TestMIntInt2ObjectMap" time="0.002"/>
  </testsuite>
  <testsuite name="cc.mallet.types.tests.TestSparseMatrixn" time="0.002">
    <testcase name="testIndexing1d" classname="cc.mallet.types.tests.TestSparseMatrixn" time="0.0"/>
    <testcase name="testIndexing2d" classname="cc.mallet.types.tests.TestSparseMatrixn" time="0.0"/>
    <testcase name="testIndexing3d" classname="cc.mallet.types.tests.TestSparseMatrixn" time="0.0"/>
    <testcase name="testSparseMatrixnSerializable" classname="cc.mallet.types.tests.TestSparseMatrixn" time="0.002"/>
  </testsuite>
  <testsuite name="cc.mallet.types.tests.TestSerializable" time="0.001">
    <testcase name="testTestSerializable" classname="cc.mallet.types.tests.TestSerializable" time="0.001"/>
  </testsuite>
  <testsuite name="cc.mallet.grmm.test.TestAbstractBeliefPropagation" time="0.02">
    <testcase name="testBadVariable" classname="cc.mallet.grmm.test.TestAbstractBeliefPropagation" time="0.02"/>
  </testsuite>
  <testsuite name="cc.mallet.util.tests.TestAStar" time="0.002">
    <testcase name="testSmall" classname="cc.mallet.util.tests.TestAStar" time="0.002"/>
  </testsuite>
  <testsuite name="cc.mallet.fst.tests.TestSumNegLogProb2" time="0.001">
    <testcase name="testTwo" classname="cc.mallet.fst.tests.TestSumNegLogProb2" time="0.001"/>
  </testsuite>
  <testsuite name="cc.mallet.extract.test.TestPerDocumentF1Evaluator" time="0.046">
    <testcase name="testToStdout" classname="cc.mallet.extract.test.TestPerDocumentF1Evaluator" time="0.018"/>
    <testcase name="testPunctuationIgnoringEvaluator" classname="cc.mallet.extract.test.TestPerDocumentF1Evaluator" time="0.02">
      <failure>
        <expected>Testing SEGMENT counts
Name	Correct	Pred	Target
title	2	4	5
O	0	0	0
author	3	4	5

Testing per-field F1
Name	P	R	F1
title	0.5	0.4	0.4444
O	0	1	0
author	0.75	0.6	0.6667
OVERALL (micro-averaged) P=0.625 R=0.5 F1=0.5556
OVERALL (macro-averaged) F1=0.5556

</expected>
        <actual>Testing SEGMENT counts
Name	Correct	Pred	Target
title	1	4	5
O	0	0	0
author	3	4	5

Testing per-field F1
Name	P	R	F1
title	0.25	0.2	0.2222
O	0	1	0
author	0.75	0.6	0.6667
OVERALL (micro-averaged) P=0.5 R=0.4 F1=0.4444
OVERALL (macro-averaged) F1=0.4444

</actual>junit.framework.ComparisonFailure: expected:&lt;...t	Pred	Target
title	[2	4	5
O	0	0	0
author	3	4	5

Testing per-field F1
Name	P	R	F1
title	0.5	0.4	0.4444
O	0	1	0
author	0.75	0.6	0.6667
OVERALL (micro-averaged) P=0.625 R=0.5 F1=0.5556
OVERALL (macro-averaged) F1=0.5556]

&gt; but was:&lt;...t	Pred	Target
title	[1	4	5
O	0	0	0
author	3	4	5

Testing per-field F1
Name	P	R	F1
title	0.25	0.2	0.2222
O	0	1	0
author	0.75	0.6	0.6667
OVERALL (micro-averaged) P=0.5 R=0.4 F1=0.4444
OVERALL (macro-averaged) F1=0.4444]

&gt;
	at junit.framework.Assert.assertEquals(Assert.java:85)
	at junit.framework.Assert.assertEquals(Assert.java:91)
	at cc.mallet.extract.test.TestPerDocumentF1Evaluator.testPunctuationIgnoringEvaluator(TestPerDocumentF1Evaluator.java:181)
	at sun.reflect.NativeMethodAccessorImpl.invoke0(Native Method)
	at sun.reflect.NativeMethodAccessorImpl.invoke(NativeMethodAccessorImpl.java:57)
	at sun.reflect.DelegatingMethodAccessorImpl.invoke(DelegatingMethodAccessorImpl.java:43)
	at java.lang.reflect.Method.invoke(Method.java:606)
	at junit.framework.TestCase.runTest(TestCase.java:168)
	at junit.framework.TestCase.runBare(TestCase.java:134)
	at junit.framework.TestResult$1.protect(TestResult.java:110)
	at junit.framework.TestResult.runProtected(TestResult.java:128)
	at junit.framework.TestResult.run(TestResult.java:113)
	at junit.framework.TestCase.run(TestCase.java:124)
	at junit.framework.TestSuite.runTest(TestSuite.java:243)
	at junit.framework.TestSuite.run(TestSuite.java:238)
	at org.junit.internal.runners.JUnit38ClassRunner.run(JUnit38ClassRunner.java:83)
	at org.eclipse.jdt.internal.junit4.runner.JUnit4TestReference.run(JUnit4TestReference.java:86)
	at org.eclipse.jdt.internal.junit.runner.TestExecution.run(TestExecution.java:38)
	at org.eclipse.jdt.internal.junit.runner.RemoteTestRunner.runTests(RemoteTestRunner.java:459)
	at org.eclipse.jdt.internal.junit.runner.RemoteTestRunner.runTests(RemoteTestRunner.java:675)
	at org.eclipse.jdt.internal.junit.runner.RemoteTestRunner.run(RemoteTestRunner.java:382)
	at org.eclipse.jdt.internal.junit.runner.RemoteTestRunner.main(RemoteTestRunner.java:192)

</failure>
    </testcase>
    <testcase name="testPerDocEval" classname="cc.mallet.extract.test.TestPerDocumentF1Evaluator" time="0.003"/>
    <testcase name="testPerFieldEval" classname="cc.mallet.extract.test.TestPerDocumentF1Evaluator" time="0.002"/>
    <testcase name="testFieldCleaning" classname="cc.mallet.extract.test.TestPerDocumentF1Evaluator" time="0.002"/>
  </testsuite>
  <testsuite name="cc.mallet.extract.test.TestDocumentViewer" time="0.051">
    <testcase name="testSpaceViewer" classname="cc.mallet.extract.test.TestDocumentViewer" time="0.051">
      <error>java.lang.ClassCastException: cc.mallet.extract.StringTokenization cannot be cast to java.lang.CharSequence
	at cc.mallet.pipe.CharSequence2TokenSequence.pipe(CharSequence2TokenSequence.java:63)
	at cc.mallet.pipe.Pipe$SimplePipeInstanceIterator.next(Pipe.java:295)
	at cc.mallet.pipe.Pipe$SimplePipeInstanceIterator.next(Pipe.java:283)
	at cc.mallet.pipe.Pipe$SimplePipeInstanceIterator.next(Pipe.java:291)
	at cc.mallet.pipe.Pipe$SimplePipeInstanceIterator.next(Pipe.java:283)
	at cc.mallet.types.InstanceList.addThruPipe(InstanceList.java:267)
	at cc.mallet.extract.CRFExtractor.extract(CRFExtractor.java:151)
	at cc.mallet.extract.test.TestDocumentViewer.testSpaceViewer(TestDocumentViewer.java:63)
	at sun.reflect.NativeMethodAccessorImpl.invoke0(Native Method)
	at sun.reflect.NativeMethodAccessorImpl.invoke(NativeMethodAccessorImpl.java:57)
	at sun.reflect.DelegatingMethodAccessorImpl.invoke(DelegatingMethodAccessorImpl.java:43)
	at java.lang.reflect.Method.invoke(Method.java:606)
	at junit.framework.TestCase.runTest(TestCase.java:168)
	at junit.framework.TestCase.runBare(TestCase.java:134)
	at junit.framework.TestResult$1.protect(TestResult.java:110)
	at junit.framework.TestResult.runProtected(TestResult.java:128)
	at junit.framework.TestResult.run(TestResult.java:113)
	at junit.framework.TestCase.run(TestCase.java:124)
	at junit.framework.TestSuite.runTest(TestSuite.java:243)
	at junit.framework.TestSuite.run(TestSuite.java:238)
	at org.junit.internal.runners.JUnit38ClassRunner.run(JUnit38ClassRunner.java:83)
	at org.eclipse.jdt.internal.junit4.runner.JUnit4TestReference.run(JUnit4TestReference.java:86)
	at org.eclipse.jdt.internal.junit.runner.TestExecution.run(TestExecution.java:38)
	at org.eclipse.jdt.internal.junit.runner.RemoteTestRunner.runTests(RemoteTestRunner.java:459)
	at org.eclipse.jdt.internal.junit.runner.RemoteTestRunner.runTests(RemoteTestRunner.java:675)
	at org.eclipse.jdt.internal.junit.runner.RemoteTestRunner.run(RemoteTestRunner.java:382)
	at org.eclipse.jdt.internal.junit.runner.RemoteTestRunner.main(RemoteTestRunner.java:192)

</error>
    </testcase>
  </testsuite>
  <testsuite name="cc.mallet.pipe.tests.TestSpacePipe" time="0.022">
    <testcase name="testSpacePipe" classname="cc.mallet.pipe.tests.TestSpacePipe" time="0.022">
      <failure>
        <expected>name: array:0
input: TokenSequence edu.umass.cs.mallet.base.types.TokenSequence@1f6226
Token#0:f feature(r@1_&amp;_e@2_&amp;_e@3)=1.0 feature(&lt;START2&gt;@-3_&amp;_&lt;START1&gt;@-2_&amp;_&lt;START0&gt;@-1)=1.0 feature(f_&amp;_r@1_&amp;_e@2)=1.0 feature(&lt;START1&gt;@-2_&amp;_&lt;START0&gt;@-1_&amp;_f)=1.0 feature(f_&amp;_r@1)=1.0 feature(&lt;START0&gt;@-1_&amp;_f)=1.0 feature(r@1)=1.0 feature(f)=1.0
Token#1:r feature(e@1_&amp;_e@2_&amp;_s@3)=1.0 feature(&lt;START1&gt;@-3_&amp;_&lt;START0&gt;@-2_&amp;_f@-1)=1.0 feature(r_&amp;_e@1_&amp;_e@2)=1.0 feature(&lt;START0&gt;@-2_&amp;_f@-1_&amp;_r)=1.0 feature(r_&amp;_e@1)=1.0 feature(f@-1_&amp;_r)=1.0 feature(e@1)=1.0 feature(r)=1.0
Token#2:e feature(e@1_&amp;_s@2_&amp;_o@3)=1.0 feature(&lt;START0&gt;@-3_&amp;_f@-2_&amp;_r@-1)=1.0 feature(e_&amp;_e@1_&amp;_s@2)=1.0 feature(f@-2_&amp;_r@-1_&amp;_e)=1.0 feature(e_&amp;_e@1)=1.0 feature(r@-1_&amp;_e)=1.0 feature(e@1)=1.0 feature(e)=1.0
Token#3:e feature(s@1_&amp;_o@2_&amp;_f@3)=1.0 feature(f@-3_&amp;_r@-2_&amp;_e@-1)=1.0 feature(e_&amp;_s@1_&amp;_o@2)=1.0 feature(r@-2_&amp;_e@-1_&amp;_e)=1.0 feature(e_&amp;_s@1)=1.0 feature(e@-1_&amp;_e)=1.0 feature(s@1)=1.0 feature(e)=1.0
Token#4:s feature(o@1_&amp;_f@2_&amp;_t@3)=1.0 feature(r@-3_&amp;_e@-2_&amp;_e@-1)=1.0 feature(s_&amp;_o@1_&amp;_f@2)=1.0 feature(e@-2_&amp;_e@-1_&amp;_s)=1.0 feature(s_&amp;_o@1)=1.0 feature(e@-1_&amp;_s)=1.0 feature(o@1)=1.0 feature(s)=1.0
Token#5:o feature(f@1_&amp;_t@2_&amp;_w@3)=1.0 feature(e@-3_&amp;_e@-2_&amp;_s@-1)=1.0 feature(o_&amp;_f@1_&amp;_t@2)=1.0 feature(e@-2_&amp;_s@-1_&amp;_o)=1.0 feature(o_&amp;_f@1)=1.0 feature(s@-1_&amp;_o)=1.0 feature(f@1)=1.0 feature(o)=1.0
Token#6:f feature(t@1_&amp;_w@2_&amp;_a@3)=1.0 feature(e@-3_&amp;_s@-2_&amp;_o@-1)=1.0 feature(f_&amp;_t@1_&amp;_w@2)=1.0 feature(s@-2_&amp;_o@-1_&amp;_f)=1.0 feature(f_&amp;_t@1)=1.0 feature(o@-1_&amp;_f)=1.0 feature(t@1)=1.0 feature(f)=1.0
Token#7:t feature(w@1_&amp;_a@2_&amp;_r@3)=1.0 feature(s@-3_&amp;_o@-2_&amp;_f@-1)=1.0 feature(t_&amp;_w@1_&amp;_a@2)=1.0 feature(o@-2_&amp;_f@-1_&amp;_t)=1.0 feature(t_&amp;_w@1)=1.0 feature(f@-1_&amp;_t)=1.0 feature(w@1)=1.0 feature(t)=1.0
Token#8:w feature(a@1_&amp;_r@2_&amp;_e@3)=1.0 feature(o@-3_&amp;_f@-2_&amp;_t@-1)=1.0 feature(w_&amp;_a@1_&amp;_r@2)=1.0 feature(f@-2_&amp;_t@-1_&amp;_w)=1.0 feature(w_&amp;_a@1)=1.0 feature(t@-1_&amp;_w)=1.0 feature(a@1)=1.0 feature(w)=1.0
Token#9:a feature(r@1_&amp;_e@2_&amp;_i@3)=1.0 feature(f@-3_&amp;_t@-2_&amp;_w@-1)=1.0 feature(a_&amp;_r@1_&amp;_e@2)=1.0 feature(t@-2_&amp;_w@-1_&amp;_a)=1.0 feature(a_&amp;_r@1)=1.0 feature(w@-1_&amp;_a)=1.0 feature(r@1)=1.0 feature(a)=1.0
Token#10:r feature(e@1_&amp;_i@2_&amp;_s@3)=1.0 feature(t@-3_&amp;_w@-2_&amp;_a@-1)=1.0 feature(r_&amp;_e@1_&amp;_i@2)=1.0 feature(w@-2_&amp;_a@-1_&amp;_r)=1.0 feature(r_&amp;_e@1)=1.0 feature(a@-1_&amp;_r)=1.0 feature(e@1)=1.0 feature(r)=1.0
Token#11:e feature(i@1_&amp;_s@2_&amp;_a@3)=1.0 feature(w@-3_&amp;_a@-2_&amp;_r@-1)=1.0 feature(e_&amp;_i@1_&amp;_s@2)=1.0 feature(a@-2_&amp;_r@-1_&amp;_e)=1.0 feature(e_&amp;_i@1)=1.0 feature(r@-1_&amp;_e)=1.0 feature(i@1)=1.0 feature(e)=1.0
Token#12:i feature(s@1_&amp;_a@2_&amp;_m@3)=1.0 feature(a@-3_&amp;_r@-2_&amp;_e@-1)=1.0 feature(i_&amp;_s@1_&amp;_a@2)=1.0 feature(r@-2_&amp;_e@-1_&amp;_i)=1.0 feature(i_&amp;_s@1)=1.0 feature(e@-1_&amp;_i)=1.0 feature(s@1)=1.0 feature(i)=1.0
Token#13:s feature(a@1_&amp;_m@2_&amp;_a@3)=1.0 feature(r@-3_&amp;_e@-2_&amp;_i@-1)=1.0 feature(s_&amp;_a@1_&amp;_m@2)=1.0 feature(e@-2_&amp;_i@-1_&amp;_s)=1.0 feature(s_&amp;_a@1)=1.0 feature(i@-1_&amp;_s)=1.0 feature(a@1)=1.0 feature(s)=1.0
Token#14:a feature(m@1_&amp;_a@2_&amp;_t@3)=1.0 feature(e@-3_&amp;_i@-2_&amp;_s@-1)=1.0 feature(a_&amp;_m@1_&amp;_a@2)=1.0 feature(i@-2_&amp;_s@-1_&amp;_a)=1.0 feature(a_&amp;_m@1)=1.0 feature(s@-1_&amp;_a)=1.0 feature(m@1)=1.0 feature(a)=1.0
Token#15:m feature(a@1_&amp;_t@2_&amp;_t@3)=1.0 feature(i@-3_&amp;_s@-2_&amp;_a@-1)=1.0 feature(m_&amp;_a@1_&amp;_t@2)=1.0 feature(s@-2_&amp;_a@-1_&amp;_m)=1.0 feature(m_&amp;_a@1)=1.0 feature(a@-1_&amp;_m)=1.0 feature(a@1)=1.0 feature(m)=1.0
Token#16:a feature(t@1_&amp;_t@2_&amp;_e@3)=1.0 feature(s@-3_&amp;_a@-2_&amp;_m@-1)=1.0 feature(a_&amp;_t@1_&amp;_t@2)=1.0 feature(a@-2_&amp;_m@-1_&amp;_a)=1.0 feature(a_&amp;_t@1)=1.0 feature(m@-1_&amp;_a)=1.0 feature(t@1)=1.0 feature(a)=1.0
Token#17:t feature(t@1_&amp;_e@2_&amp;_r@3)=1.0 feature(a@-3_&amp;_m@-2_&amp;_a@-1)=1.0 feature(t_&amp;_t@1_&amp;_e@2)=1.0 feature(m@-2_&amp;_a@-1_&amp;_t)=1.0 feature(t_&amp;_t@1)=1.0 feature(a@-1_&amp;_t)=1.0 feature(t@1)=1.0 feature(t)=1.0
Token#18:t feature(e@1_&amp;_r@2_&amp;_o@3)=1.0 feature(m@-3_&amp;_a@-2_&amp;_t@-1)=1.0 feature(t_&amp;_e@1_&amp;_r@2)=1.0 feature(a@-2_&amp;_t@-1_&amp;_t)=1.0 feature(t_&amp;_e@1)=1.0 feature(t@-1_&amp;_t)=1.0 feature(e@1)=1.0 feature(t)=1.0
Token#19:e feature(r@1_&amp;_o@2_&amp;_f@3)=1.0 feature(a@-3_&amp;_t@-2_&amp;_t@-1)=1.0 feature(e_&amp;_r@1_&amp;_o@2)=1.0 feature(t@-2_&amp;_t@-1_&amp;_e)=1.0 feature(e_&amp;_r@1)=1.0 feature(t@-1_&amp;_e)=1.0 feature(r@1)=1.0 feature(e)=1.0
Token#20:r feature(o@1_&amp;_f@2_&amp;_t@3)=1.0 feature(t@-3_&amp;_t@-2_&amp;_e@-1)=1.0 feature(r_&amp;_o@1_&amp;_f@2)=1.0 feature(t@-2_&amp;_e@-1_&amp;_r)=1.0 feature(r_&amp;_o@1)=1.0 feature(e@-1_&amp;_r)=1.0 feature(o@1)=1.0 feature(r)=1.0
Token#21:o feature(f@1_&amp;_t@2_&amp;_h@3)=1.0 feature(t@-3_&amp;_e@-2_&amp;_r@-1)=1.0 feature(o_&amp;_f@1_&amp;_t@2)=1.0 feature(e@-2_&amp;_r@-1_&amp;_o)=1.0 feature(o_&amp;_f@1)=1.0 feature(r@-1_&amp;_o)=1.0 feature(f@1)=1.0 feature(o)=1.0
Token#22:f feature(t@1_&amp;_h@2_&amp;_e@3)=1.0 feature(e@-3_&amp;_r@-2_&amp;_o@-1)=1.0 feature(f_&amp;_t@1_&amp;_h@2)=1.0 feature(r@-2_&amp;_o@-1_&amp;_f)=1.0 feature(f_&amp;_t@1)=1.0 feature(o@-1_&amp;_f)=1.0 feature(t@1)=1.0 feature(f)=1.0
Token#23:t feature(h@1_&amp;_e@2_&amp;_u@3)=1.0 feature(r@-3_&amp;_o@-2_&amp;_f@-1)=1.0 feature(t_&amp;_h@1_&amp;_e@2)=1.0 feature(o@-2_&amp;_f@-1_&amp;_t)=1.0 feature(t_&amp;_h@1)=1.0 feature(f@-1_&amp;_t)=1.0 feature(h@1)=1.0 feature(t)=1.0
Token#24:h feature(e@1_&amp;_u@2_&amp;_s@3)=1.0 feature(o@-3_&amp;_f@-2_&amp;_t@-1)=1.0 feature(h_&amp;_e@1_&amp;_u@2)=1.0 feature(f@-2_&amp;_t@-1_&amp;_h)=1.0 feature(h_&amp;_e@1)=1.0 feature(t@-1_&amp;_h)=1.0 feature(e@1)=1.0 feature(h)=1.0
Token#25:e feature(u@1_&amp;_s@2_&amp;_e@3)=1.0 feature(f@-3_&amp;_t@-2_&amp;_h@-1)=1.0 feature(e_&amp;_u@1_&amp;_s@2)=1.0 feature(t@-2_&amp;_h@-1_&amp;_e)=1.0 feature(e_&amp;_u@1)=1.0 feature(h@-1_&amp;_e)=1.0 feature(u@1)=1.0 feature(e)=1.0
Token#26:u feature(s@1_&amp;_e@2_&amp;_r@3)=1.0 feature(t@-3_&amp;_h@-2_&amp;_e@-1)=1.0 feature(u_&amp;_s@1_&amp;_e@2)=1.0 feature(h@-2_&amp;_e@-1_&amp;_u)=1.0 feature(u_&amp;_s@1)=1.0 feature(e@-1_&amp;_u)=1.0 feature(s@1)=1.0 feature(u)=1.0
Token#27:s feature(e@1_&amp;_r@2_&amp;_s@3)=1.0 feature(h@-3_&amp;_e@-2_&amp;_u@-1)=1.0 feature(s_&amp;_e@1_&amp;_r@2)=1.0 feature(e@-2_&amp;_u@-1_&amp;_s)=1.0 feature(s_&amp;_e@1)=1.0 feature(u@-1_&amp;_s)=1.0 feature(e@1)=1.0 feature(s)=1.0
Token#28:e feature(r@1_&amp;_s@2_&amp;_'@3)=1.0 feature(e@-3_&amp;_u@-2_&amp;_s@-1)=1.0 feature(e_&amp;_r@1_&amp;_s@2)=1.0 feature(u@-2_&amp;_s@-1_&amp;_e)=1.0 feature(e_&amp;_r@1)=1.0 feature(s@-1_&amp;_e)=1.0 feature(r@1)=1.0 feature(e)=1.0
Token#29:r feature(s@1_&amp;_'@2_&amp;_f@3)=1.0 feature(u@-3_&amp;_s@-2_&amp;_e@-1)=1.0 feature(r_&amp;_s@1_&amp;_'@2)=1.0 feature(s@-2_&amp;_e@-1_&amp;_r)=1.0 feature(r_&amp;_s@1)=1.0 feature(e@-1_&amp;_r)=1.0 feature(s@1)=1.0 feature(r)=1.0
Token#30:s feature('@1_&amp;_f@2_&amp;_r@3)=1.0 feature(s@-3_&amp;_e@-2_&amp;_r@-1)=1.0 feature(s_&amp;_'@1_&amp;_f@2)=1.0 feature(e@-2_&amp;_r@-1_&amp;_s)=1.0 feature(s_&amp;_'@1)=1.0 feature(r@-1_&amp;_s)=1.0 feature('@1)=1.0 feature(s)=1.0
Token#31:' feature(f@1_&amp;_r@2_&amp;_e@3)=1.0 feature(e@-3_&amp;_r@-2_&amp;_s@-1)=1.0 feature('_&amp;_f@1_&amp;_r@2)=1.0 feature(r@-2_&amp;_s@-1_&amp;_')=1.0 feature('_&amp;_f@1)=1.0 feature(s@-1_&amp;_')=1.0 feature(f@1)=1.0 feature(')=1.0
Token#32:f feature(r@1_&amp;_e@2_&amp;_e@3)=1.0 feature(r@-3_&amp;_s@-2_&amp;_'@-1)=1.0 feature(f_&amp;_r@1_&amp;_e@2)=1.0 feature(s@-2_&amp;_'@-1_&amp;_f)=1.0 feature(f_&amp;_r@1)=1.0 feature('@-1_&amp;_f)=1.0 feature(r@1)=1.0 feature(f)=1.0
Token#33:r feature(e@1_&amp;_e@2_&amp;_d@3)=1.0 feature(s@-3_&amp;_'@-2_&amp;_f@-1)=1.0 feature(r_&amp;_e@1_&amp;_e@2)=1.0 feature('@-2_&amp;_f@-1_&amp;_r)=1.0 feature(r_&amp;_e@1)=1.0 feature(f@-1_&amp;_r)=1.0 feature(e@1)=1.0 feature(r)=1.0
Token#34:e feature(e@1_&amp;_d@2_&amp;_o@3)=1.0 feature('@-3_&amp;_f@-2_&amp;_r@-1)=1.0 feature(e_&amp;_e@1_&amp;_d@2)=1.0 feature(f@-2_&amp;_r@-1_&amp;_e)=1.0 feature(e_&amp;_e@1)=1.0 feature(r@-1_&amp;_e)=1.0 feature(e@1)=1.0 feature(e)=1.0
Token#35:e feature(d@1_&amp;_o@2_&amp;_m@3)=1.0 feature(f@-3_&amp;_r@-2_&amp;_e@-1)=1.0 feature(e_&amp;_d@1_&amp;_o@2)=1.0 feature(r@-2_&amp;_e@-1_&amp;_e)=1.0 feature(e_&amp;_d@1)=1.0 feature(e@-1_&amp;_e)=1.0 feature(d@1)=1.0 feature(e)=1.0
Token#36:d feature(o@1_&amp;_m@2_&amp;_t@3)=1.0 feature(r@-3_&amp;_e@-2_&amp;_e@-1)=1.0 feature(d_&amp;_o@1_&amp;_m@2)=1.0 feature(e@-2_&amp;_e@-1_&amp;_d)=1.0 feature(d_&amp;_o@1)=1.0 feature(e@-1_&amp;_d)=1.0 feature(o@1)=1.0 feature(d)=1.0
Token#37:o feature(m@1_&amp;_t@2_&amp;_o@3)=1.0 feature(e@-3_&amp;_e@-2_&amp;_d@-1)=1.0 feature(o_&amp;_m@1_&amp;_t@2)=1.0 feature(e@-2_&amp;_d@-1_&amp;_o)=1.0 feature(o_&amp;_m@1)=1.0 feature(d@-1_&amp;_o)=1.0 feature(m@1)=1.0 feature(o)=1.0
Token#38:m feature(t@1_&amp;_o@2_&amp;_r@3)=1.0 feature(e@-3_&amp;_d@-2_&amp;_o@-1)=1.0 feature(m_&amp;_t@1_&amp;_o@2)=1.0 feature(d@-2_&amp;_o@-1_&amp;_m)=1.0 feature(m_&amp;_t@1)=1.0 feature(o@-1_&amp;_m)=1.0 feature(t@1)=1.0 feature(m)=1.0
Token#39:t feature(o@1_&amp;_r@2_&amp;_u@3)=1.0 feature(d@-3_&amp;_o@-2_&amp;_m@-1)=1.0 feature(t_&amp;_o@1_&amp;_r@2)=1.0 feature(o@-2_&amp;_m@-1_&amp;_t)=1.0 feature(t_&amp;_o@1)=1.0 feature(m@-1_&amp;_t)=1.0 feature(o@1)=1.0 feature(t)=1.0
Token#40:o feature(r@1_&amp;_u@2_&amp;_n@3)=1.0 feature(o@-3_&amp;_m@-2_&amp;_t@-1)=1.0 feature(o_&amp;_r@1_&amp;_u@2)=1.0 feature(m@-2_&amp;_t@-1_&amp;_o)=1.0 feature(o_&amp;_r@1)=1.0 feature(t@-1_&amp;_o)=1.0 feature(r@1)=1.0 feature(o)=1.0
Token#41:r feature(u@1_&amp;_n@2_&amp;_,@3)=1.0 feature(m@-3_&amp;_t@-2_&amp;_o@-1)=1.0 feature(r_&amp;_u@1_&amp;_n@2)=1.0 feature(t@-2_&amp;_o@-1_&amp;_r)=1.0 feature(r_&amp;_u@1)=1.0 feature(o@-1_&amp;_r)=1.0 feature(u@1)=1.0 feature(r)=1.0
Token#42:u feature(n@1_&amp;_,@2_&amp;_c@3)=1.0 feature(t@-3_&amp;_o@-2_&amp;_r@-1)=1.0 feature(u_&amp;_n@1_&amp;_,@2)=1.0 feature(o@-2_&amp;_r@-1_&amp;_u)=1.0 feature(u_&amp;_n@1)=1.0 feature(r@-1_&amp;_u)=1.0 feature(n@1)=1.0 feature(u)=1.0
Token#43:n feature(,@1_&amp;_c@2_&amp;_o@3)=1.0 feature(o@-3_&amp;_r@-2_&amp;_u@-1)=1.0 feature(n_&amp;_,@1_&amp;_c@2)=1.0 feature(r@-2_&amp;_u@-1_&amp;_n)=1.0 feature(n_&amp;_,@1)=1.0 feature(u@-1_&amp;_n)=1.0 feature(,@1)=1.0 feature(n)=1.0
Token#44:, feature(c@1_&amp;_o@2_&amp;_p@3)=1.0 feature(r@-3_&amp;_u@-2_&amp;_n@-1)=1.0 feature(,_&amp;_c@1_&amp;_o@2)=1.0 feature(u@-2_&amp;_n@-1_&amp;_,)=1.0 feature(,_&amp;_c@1)=1.0 feature(n@-1_&amp;_,)=1.0 feature(c@1)=1.0 feature(,)=1.0
Token#45:c feature(o@1_&amp;_p@2_&amp;_y@3)=1.0 feature(u@-3_&amp;_n@-2_&amp;_,@-1)=1.0 feature(c_&amp;_o@1_&amp;_p@2)=1.0 feature(n@-2_&amp;_,@-1_&amp;_c)=1.0 feature(c_&amp;_o@1)=1.0 feature(,@-1_&amp;_c)=1.0 feature(o@1)=1.0 feature(c)=1.0
Token#46:o feature(p@1_&amp;_y@2_&amp;_,@3)=1.0 feature(n@-3_&amp;_,@-2_&amp;_c@-1)=1.0 feature(o_&amp;_p@1_&amp;_y@2)=1.0 feature(,@-2_&amp;_c@-1_&amp;_o)=1.0 feature(o_&amp;_p@1)=1.0 feature(c@-1_&amp;_o)=1.0 feature(p@1)=1.0 feature(o)=1.0
Token#47:p feature(y@1_&amp;_,@2_&amp;_d@3)=1.0 feature(,@-3_&amp;_c@-2_&amp;_o@-1)=1.0 feature(p_&amp;_y@1_&amp;_,@2)=1.0 feature(c@-2_&amp;_o@-1_&amp;_p)=1.0 feature(p_&amp;_y@1)=1.0 feature(o@-1_&amp;_p)=1.0 feature(y@1)=1.0 feature(p)=1.0
Token#48:y feature(,@1_&amp;_d@2_&amp;_i@3)=1.0 feature(c@-3_&amp;_o@-2_&amp;_p@-1)=1.0 feature(y_&amp;_,@1_&amp;_d@2)=1.0 feature(o@-2_&amp;_p@-1_&amp;_y)=1.0 feature(y_&amp;_,@1)=1.0 feature(p@-1_&amp;_y)=1.0 feature(,@1)=1.0 feature(y)=1.0
Token#49:, feature(d@1_&amp;_i@2_&amp;_s@3)=1.0 feature(o@-3_&amp;_p@-2_&amp;_y@-1)=1.0 feature(,_&amp;_d@1_&amp;_i@2)=1.0 feature(p@-2_&amp;_y@-1_&amp;_,)=1.0 feature(,_&amp;_d@1)=1.0 feature(y@-1_&amp;_,)=1.0 feature(d@1)=1.0 feature(,)=1.0
Token#50:d feature(i@1_&amp;_s@2_&amp;_t@3)=1.0 feature(p@-3_&amp;_y@-2_&amp;_,@-1)=1.0 feature(d_&amp;_i@1_&amp;_s@2)=1.0 feature(y@-2_&amp;_,@-1_&amp;_d)=1.0 feature(d_&amp;_i@1)=1.0 feature(,@-1_&amp;_d)=1.0 feature(i@1)=1.0 feature(d)=1.0
Token#51:i feature(s@1_&amp;_t@2_&amp;_r@3)=1.0 feature(y@-3_&amp;_,@-2_&amp;_d@-1)=1.0 feature(i_&amp;_s@1_&amp;_t@2)=1.0 feature(,@-2_&amp;_d@-1_&amp;_i)=1.0 feature(i_&amp;_s@1)=1.0 feature(d@-1_&amp;_i)=1.0 feature(s@1)=1.0 feature(i)=1.0
Token#52:s feature(t@1_&amp;_r@2_&amp;_i@3)=1.0 feature(,@-3_&amp;_d@-2_&amp;_i@-1)=1.0 feature(s_&amp;_t@1_&amp;_r@2)=1.0 feature(d@-2_&amp;_i@-1_&amp;_s)=1.0 feature(s_&amp;_t@1)=1.0 feature(i@-1_&amp;_s)=1.0 feature(t@1)=1.0 feature(s)=1.0
Token#53:t feature(r@1_&amp;_i@2_&amp;_b@3)=1.0 feature(d@-3_&amp;_i@-2_&amp;_s@-1)=1.0 feature(t_&amp;_r@1_&amp;_i@2)=1.0 feature(i@-2_&amp;_s@-1_&amp;_t)=1.0 feature(t_&amp;_r@1)=1.0 feature(s@-1_&amp;_t)=1.0 feature(r@1)=1.0 feature(t)=1.0
Token#54:r feature(i@1_&amp;_b@2_&amp;_u@3)=1.0 feature(i@-3_&amp;_s@-2_&amp;_t@-1)=1.0 feature(r_&amp;_i@1_&amp;_b@2)=1.0 feature(s@-2_&amp;_t@-1_&amp;_r)=1.0 feature(r_&amp;_i@1)=1.0 feature(t@-1_&amp;_r)=1.0 feature(i@1)=1.0 feature(r)=1.0
Token#55:i feature(b@1_&amp;_u@2_&amp;_t@3)=1.0 feature(s@-3_&amp;_t@-2_&amp;_r@-1)=1.0 feature(i_&amp;_b@1_&amp;_u@2)=1.0 feature(t@-2_&amp;_r@-1_&amp;_i)=1.0 feature(i_&amp;_b@1)=1.0 feature(r@-1_&amp;_i)=1.0 feature(b@1)=1.0 feature(i)=1.0
Token#56:b feature(u@1_&amp;_t@2_&amp;_e@3)=1.0 feature(t@-3_&amp;_r@-2_&amp;_i@-1)=1.0 feature(b_&amp;_u@1_&amp;_t@2)=1.0 feature(r@-2_&amp;_i@-1_&amp;_b)=1.0 feature(b_&amp;_u@1)=1.0 feature(i@-1_&amp;_b)=1.0 feature(u@1)=1.0 feature(b)=1.0
Token#57:u feature(t@1_&amp;_e@2_&amp;_,@3)=1.0 feature(r@-3_&amp;_i@-2_&amp;_b@-1)=1.0 feature(u_&amp;_t@1_&amp;_e@2)=1.0 feature(i@-2_&amp;_b@-1_&amp;_u)=1.0 feature(u_&amp;_t@1)=1.0 feature(b@-1_&amp;_u)=1.0 feature(t@1)=1.0 feature(u)=1.0
Token#58:t feature(e@1_&amp;_,@2_&amp;_s@3)=1.0 feature(i@-3_&amp;_b@-2_&amp;_u@-1)=1.0 feature(t_&amp;_e@1_&amp;_,@2)=1.0 feature(b@-2_&amp;_u@-1_&amp;_t)=1.0 feature(t_&amp;_e@1)=1.0 feature(u@-1_&amp;_t)=1.0 feature(e@1)=1.0 feature(t)=1.0
Token#59:e feature(,@1_&amp;_s@2_&amp;_t@3)=1.0 feature(b@-3_&amp;_u@-2_&amp;_t@-1)=1.0 feature(e_&amp;_,@1_&amp;_s@2)=1.0 feature(u@-2_&amp;_t@-1_&amp;_e)=1.0 feature(e_&amp;_,@1)=1.0 feature(t@-1_&amp;_e)=1.0 feature(,@1)=1.0 feature(e)=1.0
Token#60:, feature(s@1_&amp;_t@2_&amp;_u@3)=1.0 feature(u@-3_&amp;_t@-2_&amp;_e@-1)=1.0 feature(,_&amp;_s@1_&amp;_t@2)=1.0 feature(t@-2_&amp;_e@-1_&amp;_,)=1.0 feature(,_&amp;_s@1)=1.0 feature(e@-1_&amp;_,)=1.0 feature(s@1)=1.0 feature(,)=1.0
Token#61:s feature(t@1_&amp;_u@2_&amp;_d@3)=1.0 feature(t@-3_&amp;_e@-2_&amp;_,@-1)=1.0 feature(s_&amp;_t@1_&amp;_u@2)=1.0 feature(e@-2_&amp;_,@-1_&amp;_s)=1.0 feature(s_&amp;_t@1)=1.0 feature(,@-1_&amp;_s)=1.0 feature(t@1)=1.0 feature(s)=1.0
Token#62:t feature(u@1_&amp;_d@2_&amp;_y@3)=1.0 feature(e@-3_&amp;_,@-2_&amp;_s@-1)=1.0 feature(t_&amp;_u@1_&amp;_d@2)=1.0 feature(,@-2_&amp;_s@-1_&amp;_t)=1.0 feature(t_&amp;_u@1)=1.0 feature(s@-1_&amp;_t)=1.0 feature(u@1)=1.0 feature(t)=1.0
Token#63:u feature(d@1_&amp;_y@2_&amp;_,@3)=1.0 feature(,@-3_&amp;_s@-2_&amp;_t@-1)=1.0 feature(u_&amp;_d@1_&amp;_y@2)=1.0 feature(s@-2_&amp;_t@-1_&amp;_u)=1.0 feature(u_&amp;_d@1)=1.0 feature(t@-1_&amp;_u)=1.0 feature(d@1)=1.0 feature(u)=1.0
Token#64:d feature(y@1_&amp;_,@2_&amp;_c@3)=1.0 feature(s@-3_&amp;_t@-2_&amp;_u@-1)=1.0 feature(d_&amp;_y@1_&amp;_,@2)=1.0 feature(t@-2_&amp;_u@-1_&amp;_d)=1.0 feature(d_&amp;_y@1)=1.0 feature(u@-1_&amp;_d)=1.0 feature(y@1)=1.0 feature(d)=1.0
Token#65:y feature(,@1_&amp;_c@2_&amp;_h@3)=1.0 feature(t@-3_&amp;_u@-2_&amp;_d@-1)=1.0 feature(y_&amp;_,@1_&amp;_c@2)=1.0 feature(u@-2_&amp;_d@-1_&amp;_y)=1.0 feature(y_&amp;_,@1)=1.0 feature(d@-1_&amp;_y)=1.0 feature(,@1)=1.0 feature(y)=1.0
Token#66:, feature(c@1_&amp;_h@2_&amp;_a@3)=1.0 feature(u@-3_&amp;_d@-2_&amp;_y@-1)=1.0 feature(,_&amp;_c@1_&amp;_h@2)=1.0 feature(d@-2_&amp;_y@-1_&amp;_,)=1.0 feature(,_&amp;_c@1)=1.0 feature(y@-1_&amp;_,)=1.0 feature(c@1)=1.0 feature(,)=1.0
Token#67:c feature(h@1_&amp;_a@2_&amp;_n@3)=1.0 feature(d@-3_&amp;_y@-2_&amp;_,@-1)=1.0 feature(c_&amp;_h@1_&amp;_a@2)=1.0 feature(y@-2_&amp;_,@-1_&amp;_c)=1.0 feature(c_&amp;_h@1)=1.0 feature(,@-1_&amp;_c)=1.0 feature(h@1)=1.0 feature(c)=1.0
Token#68:h feature(a@1_&amp;_n@2_&amp;_g@3)=1.0 feature(y@-3_&amp;_,@-2_&amp;_c@-1)=1.0 feature(h_&amp;_a@1_&amp;_n@2)=1.0 feature(,@-2_&amp;_c@-1_&amp;_h)=1.0 feature(h_&amp;_a@1)=1.0 feature(c@-1_&amp;_h)=1.0 feature(a@1)=1.0 feature(h)=1.0
Token#69:a feature(n@1_&amp;_g@2_&amp;_e@3)=1.0 feature(,@-3_&amp;_c@-2_&amp;_h@-1)=1.0 feature(a_&amp;_n@1_&amp;_g@2)=1.0 feature(c@-2_&amp;_h@-1_&amp;_a)=1.0 feature(a_&amp;_n@1)=1.0 feature(h@-1_&amp;_a)=1.0 feature(n@1)=1.0 feature(a)=1.0
Token#70:n feature(g@1_&amp;_e@2_&amp;_a@3)=1.0 feature(c@-3_&amp;_h@-2_&amp;_a@-1)=1.0 feature(n_&amp;_g@1_&amp;_e@2)=1.0 feature(h@-2_&amp;_a@-1_&amp;_n)=1.0 feature(n_&amp;_g@1)=1.0 feature(a@-1_&amp;_n)=1.0 feature(g@1)=1.0 feature(n)=1.0
Token#71:g feature(e@1_&amp;_a@2_&amp;_n@3)=1.0 feature(h@-3_&amp;_a@-2_&amp;_n@-1)=1.0 feature(g_&amp;_e@1_&amp;_a@2)=1.0 feature(a@-2_&amp;_n@-1_&amp;_g)=1.0 feature(g_&amp;_e@1)=1.0 feature(n@-1_&amp;_g)=1.0 feature(e@1)=1.0 feature(g)=1.0
Token#72:e feature(a@1_&amp;_n@2_&amp;_d@3)=1.0 feature(a@-3_&amp;_n@-2_&amp;_g@-1)=1.0 feature(e_&amp;_a@1_&amp;_n@2)=1.0 feature(n@-2_&amp;_g@-1_&amp;_e)=1.0 feature(e_&amp;_a@1)=1.0 feature(g@-1_&amp;_e)=1.0 feature(a@1)=1.0 feature(e)=1.0
Token#73:a feature(n@1_&amp;_d@2_&amp;_i@3)=1.0 feature(n@-3_&amp;_g@-2_&amp;_e@-1)=1.0 feature(a_&amp;_n@1_&amp;_d@2)=1.0 feature(g@-2_&amp;_e@-1_&amp;_a)=1.0 feature(a_&amp;_n@1)=1.0 feature(e@-1_&amp;_a)=1.0 feature(n@1)=1.0 feature(a)=1.0
Token#74:n feature(d@1_&amp;_i@2_&amp;_m@3)=1.0 feature(g@-3_&amp;_e@-2_&amp;_a@-1)=1.0 feature(n_&amp;_d@1_&amp;_i@2)=1.0 feature(e@-2_&amp;_a@-1_&amp;_n)=1.0 feature(n_&amp;_d@1)=1.0 feature(a@-1_&amp;_n)=1.0 feature(d@1)=1.0 feature(n)=1.0
Token#75:d feature(i@1_&amp;_m@2_&amp;_p@3)=1.0 feature(e@-3_&amp;_a@-2_&amp;_n@-1)=1.0 feature(d_&amp;_i@1_&amp;_m@2)=1.0 feature(a@-2_&amp;_n@-1_&amp;_d)=1.0 feature(d_&amp;_i@1)=1.0 feature(n@-1_&amp;_d)=1.0 feature(i@1)=1.0 feature(d)=1.0
Token#76:i feature(m@1_&amp;_p@2_&amp;_r@3)=1.0 feature(a@-3_&amp;_n@-2_&amp;_d@-1)=1.0 feature(i_&amp;_m@1_&amp;_p@2)=1.0 feature(n@-2_&amp;_d@-1_&amp;_i)=1.0 feature(i_&amp;_m@1)=1.0 feature(d@-1_&amp;_i)=1.0 feature(m@1)=1.0 feature(i)=1.0
Token#77:m feature(p@1_&amp;_r@2_&amp;_o@3)=1.0 feature(n@-3_&amp;_d@-2_&amp;_i@-1)=1.0 feature(m_&amp;_p@1_&amp;_r@2)=1.0 feature(d@-2_&amp;_i@-1_&amp;_m)=1.0 feature(m_&amp;_p@1)=1.0 feature(i@-1_&amp;_m)=1.0 feature(p@1)=1.0 feature(m)=1.0
Token#78:p feature(r@1_&amp;_o@2_&amp;_v@3)=1.0 feature(d@-3_&amp;_i@-2_&amp;_m@-1)=1.0 feature(p_&amp;_r@1_&amp;_o@2)=1.0 feature(i@-2_&amp;_m@-1_&amp;_p)=1.0 feature(p_&amp;_r@1)=1.0 feature(m@-1_&amp;_p)=1.0 feature(r@1)=1.0 feature(p)=1.0
Token#79:r feature(o@1_&amp;_v@2_&amp;_e@3)=1.0 feature(i@-3_&amp;_m@-2_&amp;_p@-1)=1.0 feature(r_&amp;_o@1_&amp;_v@2)=1.0 feature(m@-2_&amp;_p@-1_&amp;_r)=1.0 feature(r_&amp;_o@1)=1.0 feature(p@-1_&amp;_r)=1.0 feature(o@1)=1.0 feature(r)=1.0
Token#80:o feature(v@1_&amp;_e@2_&amp;_t@3)=1.0 feature(m@-3_&amp;_p@-2_&amp;_r@-1)=1.0 feature(o_&amp;_v@1_&amp;_e@2)=1.0 feature(p@-2_&amp;_r@-1_&amp;_o)=1.0 feature(o_&amp;_v@1)=1.0 feature(r@-1_&amp;_o)=1.0 feature(v@1)=1.0 feature(o)=1.0
Token#81:v feature(e@1_&amp;_t@2_&amp;_h@3)=1.0 feature(p@-3_&amp;_r@-2_&amp;_o@-1)=1.0 feature(v_&amp;_e@1_&amp;_t@2)=1.0 feature(r@-2_&amp;_o@-1_&amp;_v)=1.0 feature(v_&amp;_e@1)=1.0 feature(o@-1_&amp;_v)=1.0 feature(e@1)=1.0 feature(v)=1.0
Token#82:e feature(t@1_&amp;_h@2_&amp;_e@3)=1.0 feature(r@-3_&amp;_o@-2_&amp;_v@-1)=1.0 feature(e_&amp;_t@1_&amp;_h@2)=1.0 feature(o@-2_&amp;_v@-1_&amp;_e)=1.0 feature(e_&amp;_t@1)=1.0 feature(v@-1_&amp;_e)=1.0 feature(t@1)=1.0 feature(e)=1.0
Token#83:t feature(h@1_&amp;_e@2_&amp;_s@3)=1.0 feature(o@-3_&amp;_v@-2_&amp;_e@-1)=1.0 feature(t_&amp;_h@1_&amp;_e@2)=1.0 feature(v@-2_&amp;_e@-1_&amp;_t)=1.0 feature(t_&amp;_h@1)=1.0 feature(e@-1_&amp;_t)=1.0 feature(h@1)=1.0 feature(t)=1.0
Token#84:h feature(e@1_&amp;_s@2_&amp;_o@3)=1.0 feature(v@-3_&amp;_e@-2_&amp;_t@-1)=1.0 feature(h_&amp;_e@1_&amp;_s@2)=1.0 feature(e@-2_&amp;_t@-1_&amp;_h)=1.0 feature(h_&amp;_e@1)=1.0 feature(t@-1_&amp;_h)=1.0 feature(e@1)=1.0 feature(h)=1.0
Token#85:e feature(s@1_&amp;_o@2_&amp;_f@3)=1.0 feature(e@-3_&amp;_t@-2_&amp;_h@-1)=1.0 feature(e_&amp;_s@1_&amp;_o@2)=1.0 feature(t@-2_&amp;_h@-1_&amp;_e)=1.0 feature(e_&amp;_s@1)=1.0 feature(h@-1_&amp;_e)=1.0 feature(s@1)=1.0 feature(e)=1.0
Token#86:s feature(o@1_&amp;_f@2_&amp;_t@3)=1.0 feature(t@-3_&amp;_h@-2_&amp;_e@-1)=1.0 feature(s_&amp;_o@1_&amp;_f@2)=1.0 feature(h@-2_&amp;_e@-1_&amp;_s)=1.0 feature(s_&amp;_o@1)=1.0 feature(e@-1_&amp;_s)=1.0 feature(o@1)=1.0 feature(s)=1.0
Token#87:o feature(f@1_&amp;_t@2_&amp;_w@3)=1.0 feature(h@-3_&amp;_e@-2_&amp;_s@-1)=1.0 feature(o_&amp;_f@1_&amp;_t@2)=1.0 feature(e@-2_&amp;_s@-1_&amp;_o)=1.0 feature(o_&amp;_f@1)=1.0 feature(s@-1_&amp;_o)=1.0 feature(f@1)=1.0 feature(o)=1.0
Token#88:f feature(t@1_&amp;_w@2_&amp;_a@3)=1.0 feature(e@-3_&amp;_s@-2_&amp;_o@-1)=1.0 feature(f_&amp;_t@1_&amp;_w@2)=1.0 feature(s@-2_&amp;_o@-1_&amp;_f)=1.0 feature(f_&amp;_t@1)=1.0 feature(o@-1_&amp;_f)=1.0 feature(t@1)=1.0 feature(f)=1.0
Token#89:t feature(w@1_&amp;_a@2_&amp;_r@3)=1.0 feature(s@-3_&amp;_o@-2_&amp;_f@-1)=1.0 feature(t_&amp;_w@1_&amp;_a@2)=1.0 feature(o@-2_&amp;_f@-1_&amp;_t)=1.0 feature(t_&amp;_w@1)=1.0 feature(f@-1_&amp;_t)=1.0 feature(w@1)=1.0 feature(t)=1.0
Token#90:w feature(a@1_&amp;_r@2_&amp;_e@3)=1.0 feature(o@-3_&amp;_f@-2_&amp;_t@-1)=1.0 feature(w_&amp;_a@1_&amp;_r@2)=1.0 feature(f@-2_&amp;_t@-1_&amp;_w)=1.0 feature(w_&amp;_a@1)=1.0 feature(t@-1_&amp;_w)=1.0 feature(a@1)=1.0 feature(w)=1.0
Token#91:a feature(r@1_&amp;_e@2_&amp;_.@3)=1.0 feature(f@-3_&amp;_t@-2_&amp;_w@-1)=1.0 feature(a_&amp;_r@1_&amp;_e@2)=1.0 feature(t@-2_&amp;_w@-1_&amp;_a)=1.0 feature(a_&amp;_r@1)=1.0 feature(w@-1_&amp;_a)=1.0 feature(r@1)=1.0 feature(a)=1.0
Token#92:r feature(e@1_&amp;_.@2_&amp;_m@3)=1.0 feature(t@-3_&amp;_w@-2_&amp;_a@-1)=1.0 feature(r_&amp;_e@1_&amp;_.@2)=1.0 feature(w@-2_&amp;_a@-1_&amp;_r)=1.0 feature(r_&amp;_e@1)=1.0 feature(a@-1_&amp;_r)=1.0 feature(e@1)=1.0 feature(r)=1.0
Token#93:e feature(.@1_&amp;_m@2_&amp;_o@3)=1.0 feature(w@-3_&amp;_a@-2_&amp;_r@-1)=1.0 feature(e_&amp;_.@1_&amp;_m@2)=1.0 feature(a@-2_&amp;_r@-1_&amp;_e)=1.0 feature(e_&amp;_.@1)=1.0 feature(r@-1_&amp;_e)=1.0 feature(.@1)=1.0 feature(e)=1.0
Token#94:. feature(m@1_&amp;_o@2_&amp;_r@3)=1.0 feature(a@-3_&amp;_r@-2_&amp;_e@-1)=1.0 feature(._&amp;_m@1_&amp;_o@2)=1.0 feature(r@-2_&amp;_e@-1_&amp;_.)=1.0 feature(._&amp;_m@1)=1.0 feature(e@-1_&amp;_.)=1.0 feature(m@1)=1.0 feature(.)=1.0
Token#95:m feature(o@1_&amp;_r@2_&amp;_e@3)=1.0 feature(r@-3_&amp;_e@-2_&amp;_.@-1)=1.0 feature(m_&amp;_o@1_&amp;_r@2)=1.0 feature(e@-2_&amp;_.@-1_&amp;_m)=1.0 feature(m_&amp;_o@1)=1.0 feature(.@-1_&amp;_m)=1.0 feature(o@1)=1.0 feature(m)=1.0
Token#96:o feature(r@1_&amp;_e@2_&amp;_p@3)=1.0 feature(e@-3_&amp;_.@-2_&amp;_m@-1)=1.0 feature(o_&amp;_r@1_&amp;_e@2)=1.0 feature(.@-2_&amp;_m@-1_&amp;_o)=1.0 feature(o_&amp;_r@1)=1.0 feature(m@-1_&amp;_o)=1.0 feature(r@1)=1.0 feature(o)=1.0
Token#97:r feature(e@1_&amp;_p@2_&amp;_r@3)=1.0 feature(.@-3_&amp;_m@-2_&amp;_o@-1)=1.0 feature(r_&amp;_e@1_&amp;_p@2)=1.0 feature(m@-2_&amp;_o@-1_&amp;_r)=1.0 feature(r_&amp;_e@1)=1.0 feature(o@-1_&amp;_r)=1.0 feature(e@1)=1.0 feature(r)=1.0
Token#98:e feature(p@1_&amp;_r@2_&amp;_e@3)=1.0 feature(m@-3_&amp;_o@-2_&amp;_r@-1)=1.0 feature(e_&amp;_p@1_&amp;_r@2)=1.0 feature(o@-2_&amp;_r@-1_&amp;_e)=1.0 feature(e_&amp;_p@1)=1.0 feature(r@-1_&amp;_e)=1.0 feature(p@1)=1.0 feature(e)=1.0
Token#99:p feature(r@1_&amp;_e@2_&amp;_c@3)=1.0 feature(o@-3_&amp;_r@-2_&amp;_e@-1)=1.0 feature(p_&amp;_r@1_&amp;_e@2)=1.0 feature(r@-2_&amp;_e@-1_&amp;_p)=1.0 feature(p_&amp;_r@1)=1.0 feature(e@-1_&amp;_p)=1.0 feature(r@1)=1.0 feature(p)=1.0
Token#100:r feature(e@1_&amp;_c@2_&amp;_i@3)=1.0 feature(r@-3_&amp;_e@-2_&amp;_p@-1)=1.0 feature(r_&amp;_e@1_&amp;_c@2)=1.0 feature(e@-2_&amp;_p@-1_&amp;_r)=1.0 feature(r_&amp;_e@1)=1.0 feature(p@-1_&amp;_r)=1.0 feature(e@1)=1.0 feature(r)=1.0
Token#101:e feature(c@1_&amp;_i@2_&amp;_s@3)=1.0 feature(e@-3_&amp;_p@-2_&amp;_r@-1)=1.0 feature(e_&amp;_c@1_&amp;_i@2)=1.0 feature(p@-2_&amp;_r@-1_&amp;_e)=1.0 feature(e_&amp;_c@1)=1.0 feature(r@-1_&amp;_e)=1.0 feature(c@1)=1.0 feature(e)=1.0
Token#102:c feature(i@1_&amp;_s@2_&amp;_e@3)=1.0 feature(p@-3_&amp;_r@-2_&amp;_e@-1)=1.0 feature(c_&amp;_i@1_&amp;_s@2)=1.0 feature(r@-2_&amp;_e@-1_&amp;_c)=1.0 feature(c_&amp;_i@1)=1.0 feature(e@-1_&amp;_c)=1.0 feature(i@1)=1.0 feature(c)=1.0
Token#103:i feature(s@1_&amp;_e@2_&amp;_l@3)=1.0 feature(r@-3_&amp;_e@-2_&amp;_c@-1)=1.0 feature(i_&amp;_s@1_&amp;_e@2)=1.0 feature(e@-2_&amp;_c@-1_&amp;_i)=1.0 feature(i_&amp;_s@1)=1.0 feature(c@-1_&amp;_i)=1.0 feature(s@1)=1.0 feature(i)=1.0
Token#104:s feature(e@1_&amp;_l@2_&amp;_y@3)=1.0 feature(e@-3_&amp;_c@-2_&amp;_i@-1)=1.0 feature(s_&amp;_e@1_&amp;_l@2)=1.0 feature(c@-2_&amp;_i@-1_&amp;_s)=1.0 feature(s_&amp;_e@1)=1.0 feature(i@-1_&amp;_s)=1.0 feature(e@1)=1.0 feature(s)=1.0
Token#105:e feature(l@1_&amp;_y@2_&amp;_,@3)=1.0 feature(c@-3_&amp;_i@-2_&amp;_s@-1)=1.0 feature(e_&amp;_l@1_&amp;_y@2)=1.0 feature(i@-2_&amp;_s@-1_&amp;_e)=1.0 feature(e_&amp;_l@1)=1.0 feature(s@-1_&amp;_e)=1.0 feature(l@1)=1.0 feature(e)=1.0
Token#106:l feature(y@1_&amp;_,@2_&amp;_i@3)=1.0 feature(i@-3_&amp;_s@-2_&amp;_e@-1)=1.0 feature(l_&amp;_y@1_&amp;_,@2)=1.0 feature(s@-2_&amp;_e@-1_&amp;_l)=1.0 feature(l_&amp;_y@1)=1.0 feature(e@-1_&amp;_l)=1.0 feature(y@1)=1.0 feature(l)=1.0
Token#107:y feature(,@1_&amp;_i@2_&amp;_t@3)=1.0 feature(s@-3_&amp;_e@-2_&amp;_l@-1)=1.0 feature(y_&amp;_,@1_&amp;_i@2)=1.0 feature(e@-2_&amp;_l@-1_&amp;_y)=1.0 feature(y_&amp;_,@1)=1.0 feature(l@-1_&amp;_y)=1.0 feature(,@1)=1.0 feature(y)=1.0
Token#108:, feature(i@1_&amp;_t@2_&amp;_r@3)=1.0 feature(e@-3_&amp;_l@-2_&amp;_y@-1)=1.0 feature(,_&amp;_i@1_&amp;_t@2)=1.0 feature(l@-2_&amp;_y@-1_&amp;_,)=1.0 feature(,_&amp;_i@1)=1.0 feature(y@-1_&amp;_,)=1.0 feature(i@1)=1.0 feature(,)=1.0
Token#109:i feature(t@1_&amp;_r@2_&amp;_e@3)=1.0 feature(l@-3_&amp;_y@-2_&amp;_,@-1)=1.0 feature(i_&amp;_t@1_&amp;_r@2)=1.0 feature(y@-2_&amp;_,@-1_&amp;_i)=1.0 feature(i_&amp;_t@1)=1.0 feature(,@-1_&amp;_i)=1.0 feature(t@1)=1.0 feature(i)=1.0
Token#110:t feature(r@1_&amp;_e@2_&amp;_f@3)=1.0 feature(y@-3_&amp;_,@-2_&amp;_i@-1)=1.0 feature(t_&amp;_r@1_&amp;_e@2)=1.0 feature(,@-2_&amp;_i@-1_&amp;_t)=1.0 feature(t_&amp;_r@1)=1.0 feature(i@-1_&amp;_t)=1.0 feature(r@1)=1.0 feature(t)=1.0
Token#111:r feature(e@1_&amp;_f@2_&amp;_e@3)=1.0 feature(,@-3_&amp;_i@-2_&amp;_t@-1)=1.0 feature(r_&amp;_e@1_&amp;_f@2)=1.0 feature(i@-2_&amp;_t@-1_&amp;_r)=1.0 feature(r_&amp;_e@1)=1.0 feature(t@-1_&amp;_r)=1.0 feature(e@1)=1.0 feature(r)=1.0
Token#112:e feature(f@1_&amp;_e@2_&amp;_r@3)=1.0 feature(i@-3_&amp;_t@-2_&amp;_r@-1)=1.0 feature(e_&amp;_f@1_&amp;_e@2)=1.0 feature(t@-2_&amp;_r@-1_&amp;_e)=1.0 feature(e_&amp;_f@1)=1.0 feature(r@-1_&amp;_e)=1.0 feature(f@1)=1.0 feature(e)=1.0
Token#113:f feature(e@1_&amp;_r@2_&amp;_s@3)=1.0 feature(t@-3_&amp;_r@-2_&amp;_e@-1)=1.0 feature(f_&amp;_e@1_&amp;_r@2)=1.0 feature(r@-2_&amp;_e@-1_&amp;_f)=1.0 feature(f_&amp;_e@1)=1.0 feature(e@-1_&amp;_f)=1.0 feature(e@1)=1.0 feature(f)=1.0
Token#114:e feature(r@1_&amp;_s@2_&amp;_t@3)=1.0 feature(r@-3_&amp;_e@-2_&amp;_f@-1)=1.0 feature(e_&amp;_r@1_&amp;_s@2)=1.0 feature(e@-2_&amp;_f@-1_&amp;_e)=1.0 feature(e_&amp;_r@1)=1.0 feature(f@-1_&amp;_e)=1.0 feature(r@1)=1.0 feature(e)=1.0
Token#115:r feature(s@1_&amp;_t@2_&amp;_o@3)=1.0 feature(e@-3_&amp;_f@-2_&amp;_e@-1)=1.0 feature(r_&amp;_s@1_&amp;_t@2)=1.0 feature(f@-2_&amp;_e@-1_&amp;_r)=1.0 feature(r_&amp;_s@1)=1.0 feature(e@-1_&amp;_r)=1.0 feature(s@1)=1.0 feature(r)=1.0
Token#116:s feature(t@1_&amp;_o@2_&amp;_f@3)=1.0 feature(f@-3_&amp;_e@-2_&amp;_r@-1)=1.0 feature(s_&amp;_t@1_&amp;_o@2)=1.0 feature(e@-2_&amp;_r@-1_&amp;_s)=1.0 feature(s_&amp;_t@1)=1.0 feature(r@-1_&amp;_s)=1.0 feature(t@1)=1.0 feature(s)=1.0
Token#117:t feature(o@1_&amp;_f@2_&amp;_o@3)=1.0 feature(e@-3_&amp;_r@-2_&amp;_s@-1)=1.0 feature(t_&amp;_o@1_&amp;_f@2)=1.0 feature(r@-2_&amp;_s@-1_&amp;_t)=1.0 feature(t_&amp;_o@1)=1.0 feature(s@-1_&amp;_t)=1.0 feature(o@1)=1.0 feature(t)=1.0
Token#118:o feature(f@1_&amp;_o@2_&amp;_u@3)=1.0 feature(r@-3_&amp;_s@-2_&amp;_t@-1)=1.0 feature(o_&amp;_f@1_&amp;_o@2)=1.0 feature(s@-2_&amp;_t@-1_&amp;_o)=1.0 feature(o_&amp;_f@1)=1.0 feature(t@-1_&amp;_o)=1.0 feature(f@1)=1.0 feature(o)=1.0
Token#119:f feature(o@1_&amp;_u@2_&amp;_r@3)=1.0 feature(s@-3_&amp;_t@-2_&amp;_o@-1)=1.0 feature(f_&amp;_o@1_&amp;_u@2)=1.0 feature(t@-2_&amp;_o@-1_&amp;_f)=1.0 feature(f_&amp;_o@1)=1.0 feature(o@-1_&amp;_f)=1.0 feature(o@1)=1.0 feature(f)=1.0
Token#120:o feature(u@1_&amp;_r@2_&amp;_k@3)=1.0 feature(t@-3_&amp;_o@-2_&amp;_f@-1)=1.0 feature(o_&amp;_u@1_&amp;_r@2)=1.0 feature(o@-2_&amp;_f@-1_&amp;_o)=1.0 feature(o_&amp;_u@1)=1.0 feature(f@-1_&amp;_o)=1.0 feature(u@1)=1.0 feature(o)=1.0
Token#121:u feature(r@1_&amp;_k@2_&amp;_i@3)=1.0 feature(o@-3_&amp;_f@-2_&amp;_o@-1)=1.0 feature(u_&amp;_r@1_&amp;_k@2)=1.0 feature(f@-2_&amp;_o@-1_&amp;_u)=1.0 feature(u_&amp;_r@1)=1.0 feature(o@-1_&amp;_u)=1.0 feature(r@1)=1.0 feature(u)=1.0
Token#122:r feature(k@1_&amp;_i@2_&amp;_n@3)=1.0 feature(f@-3_&amp;_o@-2_&amp;_u@-1)=1.0 feature(r_&amp;_k@1_&amp;_i@2)=1.0 feature(o@-2_&amp;_u@-1_&amp;_r)=1.0 feature(r_&amp;_k@1)=1.0 feature(u@-1_&amp;_r)=1.0 feature(k@1)=1.0 feature(r)=1.0
Token#123:k feature(i@1_&amp;_n@2_&amp;_d@3)=1.0 feature(o@-3_&amp;_u@-2_&amp;_r@-1)=1.0 feature(k_&amp;_i@1_&amp;_n@2)=1.0 feature(u@-2_&amp;_r@-1_&amp;_k)=1.0 feature(k_&amp;_i@1)=1.0 feature(r@-1_&amp;_k)=1.0 feature(i@1)=1.0 feature(k)=1.0
Token#124:i feature(n@1_&amp;_d@2_&amp;_s@3)=1.0 feature(u@-3_&amp;_r@-2_&amp;_k@-1)=1.0 feature(i_&amp;_n@1_&amp;_d@2)=1.0 feature(r@-2_&amp;_k@-1_&amp;_i)=1.0 feature(i_&amp;_n@1)=1.0 feature(k@-1_&amp;_i)=1.0 feature(n@1)=1.0 feature(i)=1.0
Token#125:n feature(d@1_&amp;_s@2_&amp;_o@3)=1.0 feature(r@-3_&amp;_k@-2_&amp;_i@-1)=1.0 feature(n_&amp;_d@1_&amp;_s@2)=1.0 feature(k@-2_&amp;_i@-1_&amp;_n)=1.0 feature(n_&amp;_d@1)=1.0 feature(i@-1_&amp;_n)=1.0 feature(d@1)=1.0 feature(n)=1.0
Token#126:d feature(s@1_&amp;_o@2_&amp;_f@3)=1.0 feature(k@-3_&amp;_i@-2_&amp;_n@-1)=1.0 feature(d_&amp;_s@1_&amp;_o@2)=1.0 feature(i@-2_&amp;_n@-1_&amp;_d)=1.0 feature(d_&amp;_s@1)=1.0 feature(n@-1_&amp;_d)=1.0 feature(s@1)=1.0 feature(d)=1.0
Token#127:s feature(o@1_&amp;_f@2_&amp;_f@3)=1.0 feature(i@-3_&amp;_n@-2_&amp;_d@-1)=1.0 feature(s_&amp;_o@1_&amp;_f@2)=1.0 feature(n@-2_&amp;_d@-1_&amp;_s)=1.0 feature(s_&amp;_o@1)=1.0 feature(d@-1_&amp;_s)=1.0 feature(o@1)=1.0 feature(s)=1.0
Token#128:o feature(f@1_&amp;_f@2_&amp;_r@3)=1.0 feature(n@-3_&amp;_d@-2_&amp;_s@-1)=1.0 feature(o_&amp;_f@1_&amp;_f@2)=1.0 feature(d@-2_&amp;_s@-1_&amp;_o)=1.0 feature(o_&amp;_f@1)=1.0 feature(s@-1_&amp;_o)=1.0 feature(f@1)=1.0 feature(o)=1.0
Token#129:f feature(f@1_&amp;_r@2_&amp;_e@3)=1.0 feature(d@-3_&amp;_s@-2_&amp;_o@-1)=1.0 feature(f_&amp;_f@1_&amp;_r@2)=1.0 feature(s@-2_&amp;_o@-1_&amp;_f)=1.0 feature(f_&amp;_f@1)=1.0 feature(o@-1_&amp;_f)=1.0 feature(f@1)=1.0 feature(f)=1.0
Token#130:f feature(r@1_&amp;_e@2_&amp;_e@3)=1.0 feature(s@-3_&amp;_o@-2_&amp;_f@-1)=1.0 feature(f_&amp;_r@1_&amp;_e@2)=1.0 feature(o@-2_&amp;_f@-1_&amp;_f)=1.0 feature(f_&amp;_r@1)=1.0 feature(f@-1_&amp;_f)=1.0 feature(r@1)=1.0 feature(f)=1.0
Token#131:r feature(e@1_&amp;_e@2_&amp;_d@3)=1.0 feature(o@-3_&amp;_f@-2_&amp;_f@-1)=1.0 feature(r_&amp;_e@1_&amp;_e@2)=1.0 feature(f@-2_&amp;_f@-1_&amp;_r)=1.0 feature(r_&amp;_e@1)=1.0 feature(f@-1_&amp;_r)=1.0 feature(e@1)=1.0 feature(r)=1.0
Token#132:e feature(e@1_&amp;_d@2_&amp;_o@3)=1.0 feature(f@-3_&amp;_f@-2_&amp;_r@-1)=1.0 feature(e_&amp;_e@1_&amp;_d@2)=1.0 feature(f@-2_&amp;_r@-1_&amp;_e)=1.0 feature(e_&amp;_e@1)=1.0 feature(r@-1_&amp;_e)=1.0 feature(e@1)=1.0 feature(e)=1.0
Token#133:e feature(d@1_&amp;_o@2_&amp;_m@3)=1.0 feature(f@-3_&amp;_r@-2_&amp;_e@-1)=1.0 feature(e_&amp;_d@1_&amp;_o@2)=1.0 feature(r@-2_&amp;_e@-1_&amp;_e)=1.0 feature(e_&amp;_d@1)=1.0 feature(e@-1_&amp;_e)=1.0 feature(d@1)=1.0 feature(e)=1.0
Token#134:d feature(o@1_&amp;_m@2_&amp;_,@3)=1.0 feature(r@-3_&amp;_e@-2_&amp;_e@-1)=1.0 feature(d_&amp;_o@1_&amp;_m@2)=1.0 feature(e@-2_&amp;_e@-1_&amp;_d)=1.0 feature(d_&amp;_o@1)=1.0 feature(e@-1_&amp;_d)=1.0 feature(o@1)=1.0 feature(d)=1.0
Token#135:o feature(m@1_&amp;_,@2_&amp;_f@3)=1.0 feature(e@-3_&amp;_e@-2_&amp;_d@-1)=1.0 feature(o_&amp;_m@1_&amp;_,@2)=1.0 feature(e@-2_&amp;_d@-1_&amp;_o)=1.0 feature(o_&amp;_m@1)=1.0 feature(d@-1_&amp;_o)=1.0 feature(m@1)=1.0 feature(o)=1.0
Token#136:m feature(,@1_&amp;_f@2_&amp;_o@3)=1.0 feature(e@-3_&amp;_d@-2_&amp;_o@-1)=1.0 feature(m_&amp;_,@1_&amp;_f@2)=1.0 feature(d@-2_&amp;_o@-1_&amp;_m)=1.0 feature(m_&amp;_,@1)=1.0 feature(o@-1_&amp;_m)=1.0 feature(,@1)=1.0 feature(m)=1.0
Token#137:, feature(f@1_&amp;_o@2_&amp;_r@3)=1.0 feature(d@-3_&amp;_o@-2_&amp;_m@-1)=1.0 feature(,_&amp;_f@1_&amp;_o@2)=1.0 feature(o@-2_&amp;_m@-1_&amp;_,)=1.0 feature(,_&amp;_f@1)=1.0 feature(m@-1_&amp;_,)=1.0 feature(f@1)=1.0 feature(,)=1.0
Token#138:f feature(o@1_&amp;_r@2_&amp;_t@3)=1.0 feature(o@-3_&amp;_m@-2_&amp;_,@-1)=1.0 feature(f_&amp;_o@1_&amp;_r@2)=1.0 feature(m@-2_&amp;_,@-1_&amp;_f)=1.0 feature(f_&amp;_o@1)=1.0 feature(,@-1_&amp;_f)=1.0 feature(o@1)=1.0 feature(f)=1.0
Token#139:o feature(r@1_&amp;_t@2_&amp;_h@3)=1.0 feature(m@-3_&amp;_,@-2_&amp;_f@-1)=1.0 feature(o_&amp;_r@1_&amp;_t@2)=1.0 feature(,@-2_&amp;_f@-1_&amp;_o)=1.0 feature(o_&amp;_r@1)=1.0 feature(f@-1_&amp;_o)=1.0 feature(r@1)=1.0 feature(o)=1.0
Token#140:r feature(t@1_&amp;_h@2_&amp;_e@3)=1.0 feature(,@-3_&amp;_f@-2_&amp;_o@-1)=1.0 feature(r_&amp;_t@1_&amp;_h@2)=1.0 feature(f@-2_&amp;_o@-1_&amp;_r)=1.0 feature(r_&amp;_t@1)=1.0 feature(o@-1_&amp;_r)=1.0 feature(t@1)=1.0 feature(r)=1.0
Token#141:t feature(h@1_&amp;_e@2_&amp;_u@3)=1.0 feature(f@-3_&amp;_o@-2_&amp;_r@-1)=1.0 feature(t_&amp;_h@1_&amp;_e@2)=1.0 feature(o@-2_&amp;_r@-1_&amp;_t)=1.0 feature(t_&amp;_h@1)=1.0 feature(r@-1_&amp;_t)=1.0 feature(h@1)=1.0 feature(t)=1.0
Token#142:h feature(e@1_&amp;_u@2_&amp;_s@3)=1.0 feature(o@-3_&amp;_r@-2_&amp;_t@-1)=1.0 feature(h_&amp;_e@1_&amp;_u@2)=1.0 feature(r@-2_&amp;_t@-1_&amp;_h)=1.0 feature(h_&amp;_e@1)=1.0 feature(t@-1_&amp;_h)=1.0 feature(e@1)=1.0 feature(h)=1.0
Token#143:e feature(u@1_&amp;_s@2_&amp;_e@3)=1.0 feature(r@-3_&amp;_t@-2_&amp;_h@-1)=1.0 feature(e_&amp;_u@1_&amp;_s@2)=1.0 feature(t@-2_&amp;_h@-1_&amp;_e)=1.0 feature(e_&amp;_u@1)=1.0 feature(h@-1_&amp;_e)=1.0 feature(u@1)=1.0 feature(e)=1.0
Token#144:u feature(s@1_&amp;_e@2_&amp;_r@3)=1.0 feature(t@-3_&amp;_h@-2_&amp;_e@-1)=1.0 feature(u_&amp;_s@1_&amp;_e@2)=1.0 feature(h@-2_&amp;_e@-1_&amp;_u)=1.0 feature(u_&amp;_s@1)=1.0 feature(e@-1_&amp;_u)=1.0 feature(s@1)=1.0 feature(u)=1.0
Token#145:s feature(e@1_&amp;_r@2_&amp;_s@3)=1.0 feature(h@-3_&amp;_e@-2_&amp;_u@-1)=1.0 feature(s_&amp;_e@1_&amp;_r@2)=1.0 feature(e@-2_&amp;_u@-1_&amp;_s)=1.0 feature(s_&amp;_e@1)=1.0 feature(u@-1_&amp;_s)=1.0 feature(e@1)=1.0 feature(s)=1.0
Token#146:e feature(r@1_&amp;_s@2_&amp;_o@3)=1.0 feature(e@-3_&amp;_u@-2_&amp;_s@-1)=1.0 feature(e_&amp;_r@1_&amp;_s@2)=1.0 feature(u@-2_&amp;_s@-1_&amp;_e)=1.0 feature(e_&amp;_r@1)=1.0 feature(s@-1_&amp;_e)=1.0 feature(r@1)=1.0 feature(e)=1.0
Token#147:r feature(s@1_&amp;_o@2_&amp;_f@3)=1.0 feature(u@-3_&amp;_s@-2_&amp;_e@-1)=1.0 feature(r_&amp;_s@1_&amp;_o@2)=1.0 feature(s@-2_&amp;_e@-1_&amp;_r)=1.0 feature(r_&amp;_s@1)=1.0 feature(e@-1_&amp;_r)=1.0 feature(s@1)=1.0 feature(r)=1.0
Token#148:s feature(o@1_&amp;_f@2_&amp;_t@3)=1.0 feature(s@-3_&amp;_e@-2_&amp;_r@-1)=1.0 feature(s_&amp;_o@1_&amp;_f@2)=1.0 feature(e@-2_&amp;_r@-1_&amp;_s)=1.0 feature(s_&amp;_o@1)=1.0 feature(r@-1_&amp;_s)=1.0 feature(o@1)=1.0 feature(s)=1.0
Token#149:o feature(f@1_&amp;_t@2_&amp;_h@3)=1.0 feature(e@-3_&amp;_r@-2_&amp;_s@-1)=1.0 feature(o_&amp;_f@1_&amp;_t@2)=1.0 feature(r@-2_&amp;_s@-1_&amp;_o)=1.0 feature(o_&amp;_f@1)=1.0 feature(s@-1_&amp;_o)=1.0 feature(f@1)=1.0 feature(o)=1.0
Token#150:f feature(t@1_&amp;_h@2_&amp;_e@3)=1.0 feature(r@-3_&amp;_s@-2_&amp;_o@-1)=1.0 feature(f_&amp;_t@1_&amp;_h@2)=1.0 feature(s@-2_&amp;_o@-1_&amp;_f)=1.0 feature(f_&amp;_t@1)=1.0 feature(o@-1_&amp;_f)=1.0 feature(t@1)=1.0 feature(f)=1.0
Token#151:t feature(h@1_&amp;_e@2_&amp;_s@3)=1.0 feature(s@-3_&amp;_o@-2_&amp;_f@-1)=1.0 feature(t_&amp;_h@1_&amp;_e@2)=1.0 feature(o@-2_&amp;_f@-1_&amp;_t)=1.0 feature(t_&amp;_h@1)=1.0 feature(f@-1_&amp;_t)=1.0 feature(h@1)=1.0 feature(t)=1.0
Token#152:h feature(e@1_&amp;_s@2_&amp;_o@3)=1.0 feature(o@-3_&amp;_f@-2_&amp;_t@-1)=1.0 feature(h_&amp;_e@1_&amp;_s@2)=1.0 feature(f@-2_&amp;_t@-1_&amp;_h)=1.0 feature(h_&amp;_e@1)=1.0 feature(t@-1_&amp;_h)=1.0 feature(e@1)=1.0 feature(h)=1.0
Token#153:e feature(s@1_&amp;_o@2_&amp;_f@3)=1.0 feature(f@-3_&amp;_t@-2_&amp;_h@-1)=1.0 feature(e_&amp;_s@1_&amp;_o@2)=1.0 feature(t@-2_&amp;_h@-1_&amp;_e)=1.0 feature(e_&amp;_s@1)=1.0 feature(h@-1_&amp;_e)=1.0 feature(s@1)=1.0 feature(e)=1.0
Token#154:s feature(o@1_&amp;_f@2_&amp;_t@3)=1.0 feature(t@-3_&amp;_h@-2_&amp;_e@-1)=1.0 feature(s_&amp;_o@1_&amp;_f@2)=1.0 feature(h@-2_&amp;_e@-1_&amp;_s)=1.0 feature(s_&amp;_o@1)=1.0 feature(e@-1_&amp;_s)=1.0 feature(o@1)=1.0 feature(s)=1.0
Token#155:o feature(f@1_&amp;_t@2_&amp;_w@3)=1.0 feature(h@-3_&amp;_e@-2_&amp;_s@-1)=1.0 feature(o_&amp;_f@1_&amp;_t@2)=1.0 feature(e@-2_&amp;_s@-1_&amp;_o)=1.0 feature(o_&amp;_f@1)=1.0 feature(s@-1_&amp;_o)=1.0 feature(f@1)=1.0 feature(o)=1.0
Token#156:f feature(t@1_&amp;_w@2_&amp;_a@3)=1.0 feature(e@-3_&amp;_s@-2_&amp;_o@-1)=1.0 feature(f_&amp;_t@1_&amp;_w@2)=1.0 feature(s@-2_&amp;_o@-1_&amp;_f)=1.0 feature(f_&amp;_t@1)=1.0 feature(o@-1_&amp;_f)=1.0 feature(t@1)=1.0 feature(f)=1.0
Token#157:t feature(w@1_&amp;_a@2_&amp;_r@3)=1.0 feature(s@-3_&amp;_o@-2_&amp;_f@-1)=1.0 feature(t_&amp;_w@1_&amp;_a@2)=1.0 feature(o@-2_&amp;_f@-1_&amp;_t)=1.0 feature(t_&amp;_w@1)=1.0 feature(f@-1_&amp;_t)=1.0 feature(w@1)=1.0 feature(t)=1.0
Token#158:w feature(a@1_&amp;_r@2_&amp;_e@3)=1.0 feature(o@-3_&amp;_f@-2_&amp;_t@-1)=1.0 feature(w_&amp;_a@1_&amp;_r@2)=1.0 feature(f@-2_&amp;_t@-1_&amp;_w)=1.0 feature(w_&amp;_a@1)=1.0 feature(t@-1_&amp;_w)=1.0 feature(a@1)=1.0 feature(w)=1.0
Token#159:a feature(r@1_&amp;_e@2_&amp;_.@3)=1.0 feature(f@-3_&amp;_t@-2_&amp;_w@-1)=1.0 feature(a_&amp;_r@1_&amp;_e@2)=1.0 feature(t@-2_&amp;_w@-1_&amp;_a)=1.0 feature(a_&amp;_r@1)=1.0 feature(w@-1_&amp;_a)=1.0 feature(r@1)=1.0 feature(a)=1.0
Token#160:r feature(e@1_&amp;_.@2_&amp;_&lt;END0&gt;@3)=1.0 feature(t@-3_&amp;_w@-2_&amp;_a@-1)=1.0 feature(r_&amp;_e@1_&amp;_.@2)=1.0 feature(w@-2_&amp;_a@-1_&amp;_r)=1.0 feature(r_&amp;_e@1)=1.0 feature(a@-1_&amp;_r)=1.0 feature(e@1)=1.0 feature(r)=1.0
Token#161:e feature(.@1_&amp;_&lt;END0&gt;@2_&amp;_&lt;END1&gt;@3)=1.0 feature(w@-3_&amp;_a@-2_&amp;_r@-1)=1.0 feature(e_&amp;_.@1_&amp;_&lt;END0&gt;@2)=1.0 feature(a@-2_&amp;_r@-1_&amp;_e)=1.0 feature(e_&amp;_.@1)=1.0 feature(r@-1_&amp;_e)=1.0 feature(.@1)=1.0 feature(e)=1.0
Token#162:. feature(&lt;END0&gt;@1_&amp;_&lt;END1&gt;@2_&amp;_&lt;END2&gt;@3)=1.0 feature(a@-3_&amp;_r@-2_&amp;_e@-1)=1.0 feature(._&amp;_&lt;END0&gt;@1_&amp;_&lt;END1&gt;@2)=1.0 feature(r@-2_&amp;_e@-1_&amp;_.)=1.0 feature(._&amp;_&lt;END0&gt;@1)=1.0 feature(e@-1_&amp;_.)=1.0 feature(&lt;END0&gt;@1)=1.0 feature(.)=1.0

target: start (0)
notstart (1)
notstart (1)
notstart (1)
start (0)
notstart (1)
notstart (1)
notstart (1)
notstart (1)
notstart (1)
notstart (1)
notstart (1)
start (0)
notstart (1)
start (0)
start (0)
notstart (1)
notstart (1)
notstart (1)
notstart (1)
notstart (1)
start (0)
notstart (1)
start (0)
notstart (1)
notstart (1)
start (0)
notstart (1)
notstart (1)
notstart (1)
notstart (1)
notstart (1)
start (0)
notstart (1)
notstart (1)
notstart (1)
notstart (1)
notstart (1)
notstart (1)
start (0)
notstart (1)
start (0)
notstart (1)
notstart (1)
notstart (1)
start (0)
notstart (1)
notstart (1)
notstart (1)
notstart (1)
start (0)
notstart (1)
notstart (1)
notstart (1)
notstart (1)
notstart (1)
notstart (1)
notstart (1)
notstart (1)
notstart (1)
notstart (1)
start (0)
notstart (1)
notstart (1)
notstart (1)
notstart (1)
notstart (1)
start (0)
notstart (1)
notstart (1)
notstart (1)
notstart (1)
notstart (1)
start (0)
notstart (1)
notstart (1)
start (0)
notstart (1)
notstart (1)
notstart (1)
notstart (1)
notstart (1)
notstart (1)
start (0)
notstart (1)
notstart (1)
start (0)
notstart (1)
notstart (1)
notstart (1)
notstart (1)
notstart (1)
notstart (1)
notstart (1)
notstart (1)
start (0)
notstart (1)
notstart (1)
notstart (1)
start (0)
notstart (1)
notstart (1)
notstart (1)
notstart (1)
notstart (1)
notstart (1)
notstart (1)
notstart (1)
notstart (1)
start (0)
notstart (1)
start (0)
notstart (1)
notstart (1)
notstart (1)
notstart (1)
notstart (1)
start (0)
notstart (1)
start (0)
notstart (1)
notstart (1)
notstart (1)
start (0)
notstart (1)
notstart (1)
notstart (1)
notstart (1)
start (0)
notstart (1)
start (0)
notstart (1)
notstart (1)
notstart (1)
notstart (1)
notstart (1)
notstart (1)
notstart (1)
start (0)
notstart (1)
notstart (1)
start (0)
notstart (1)
notstart (1)
start (0)
notstart (1)
notstart (1)
notstart (1)
notstart (1)
start (0)
notstart (1)
start (0)
notstart (1)
notstart (1)
start (0)
notstart (1)
notstart (1)
notstart (1)
notstart (1)
notstart (1)
notstart (1)
notstart (1)
notstart (1)

name: array:1
input: TokenSequence edu.umass.cs.mallet.base.types.TokenSequence@58f9d3
Token#0:t feature(h@1_&amp;_e@2_&amp;_f@3)=1.0 feature(&lt;START2&gt;@-3_&amp;_&lt;START1&gt;@-2_&amp;_&lt;START0&gt;@-1)=1.0 feature(t_&amp;_h@1_&amp;_e@2)=1.0 feature(&lt;START1&gt;@-2_&amp;_&lt;START0&gt;@-1_&amp;_t)=1.0 feature(t_&amp;_h@1)=1.0 feature(&lt;START0&gt;@-1_&amp;_t)=1.0 feature(h@1)=1.0 feature(t)=1.0
Token#1:h feature(e@1_&amp;_f@2_&amp;_r@3)=1.0 feature(&lt;START1&gt;@-3_&amp;_&lt;START0&gt;@-2_&amp;_t@-1)=1.0 feature(h_&amp;_e@1_&amp;_f@2)=1.0 feature(&lt;START0&gt;@-2_&amp;_t@-1_&amp;_h)=1.0 feature(h_&amp;_e@1)=1.0 feature(t@-1_&amp;_h)=1.0 feature(e@1)=1.0 feature(h)=1.0
Token#2:e feature(f@1_&amp;_r@2_&amp;_e@3)=1.0 feature(&lt;START0&gt;@-3_&amp;_t@-2_&amp;_h@-1)=1.0 feature(e_&amp;_f@1_&amp;_r@2)=1.0 feature(t@-2_&amp;_h@-1_&amp;_e)=1.0 feature(e_&amp;_f@1)=1.0 feature(h@-1_&amp;_e)=1.0 feature(f@1)=1.0 feature(e)=1.0
Token#3:f feature(r@1_&amp;_e@2_&amp;_e@3)=1.0 feature(t@-3_&amp;_h@-2_&amp;_e@-1)=1.0 feature(f_&amp;_r@1_&amp;_e@2)=1.0 feature(h@-2_&amp;_e@-1_&amp;_f)=1.0 feature(f_&amp;_r@1)=1.0 feature(e@-1_&amp;_f)=1.0 feature(r@1)=1.0 feature(f)=1.0
Token#4:r feature(e@1_&amp;_e@2_&amp;_d@3)=1.0 feature(h@-3_&amp;_e@-2_&amp;_f@-1)=1.0 feature(r_&amp;_e@1_&amp;_e@2)=1.0 feature(e@-2_&amp;_f@-1_&amp;_r)=1.0 feature(r_&amp;_e@1)=1.0 feature(f@-1_&amp;_r)=1.0 feature(e@1)=1.0 feature(r)=1.0
Token#5:e feature(e@1_&amp;_d@2_&amp;_o@3)=1.0 feature(e@-3_&amp;_f@-2_&amp;_r@-1)=1.0 feature(e_&amp;_e@1_&amp;_d@2)=1.0 feature(f@-2_&amp;_r@-1_&amp;_e)=1.0 feature(e_&amp;_e@1)=1.0 feature(r@-1_&amp;_e)=1.0 feature(e@1)=1.0 feature(e)=1.0
Token#6:e feature(d@1_&amp;_o@2_&amp;_m@3)=1.0 feature(f@-3_&amp;_r@-2_&amp;_e@-1)=1.0 feature(e_&amp;_d@1_&amp;_o@2)=1.0 feature(r@-2_&amp;_e@-1_&amp;_e)=1.0 feature(e_&amp;_d@1)=1.0 feature(e@-1_&amp;_e)=1.0 feature(d@1)=1.0 feature(e)=1.0
Token#7:d feature(o@1_&amp;_m@2_&amp;_t@3)=1.0 feature(r@-3_&amp;_e@-2_&amp;_e@-1)=1.0 feature(d_&amp;_o@1_&amp;_m@2)=1.0 feature(e@-2_&amp;_e@-1_&amp;_d)=1.0 feature(d_&amp;_o@1)=1.0 feature(e@-1_&amp;_d)=1.0 feature(o@1)=1.0 feature(d)=1.0
Token#8:o feature(m@1_&amp;_t@2_&amp;_o@3)=1.0 feature(e@-3_&amp;_e@-2_&amp;_d@-1)=1.0 feature(o_&amp;_m@1_&amp;_t@2)=1.0 feature(e@-2_&amp;_d@-1_&amp;_o)=1.0 feature(o_&amp;_m@1)=1.0 feature(d@-1_&amp;_o)=1.0 feature(m@1)=1.0 feature(o)=1.0
Token#9:m feature(t@1_&amp;_o@2_&amp;_r@3)=1.0 feature(e@-3_&amp;_d@-2_&amp;_o@-1)=1.0 feature(m_&amp;_t@1_&amp;_o@2)=1.0 feature(d@-2_&amp;_o@-1_&amp;_m)=1.0 feature(m_&amp;_t@1)=1.0 feature(o@-1_&amp;_m)=1.0 feature(t@1)=1.0 feature(m)=1.0
Token#10:t feature(o@1_&amp;_r@2_&amp;_u@3)=1.0 feature(d@-3_&amp;_o@-2_&amp;_m@-1)=1.0 feature(t_&amp;_o@1_&amp;_r@2)=1.0 feature(o@-2_&amp;_m@-1_&amp;_t)=1.0 feature(t_&amp;_o@1)=1.0 feature(m@-1_&amp;_t)=1.0 feature(o@1)=1.0 feature(t)=1.0
Token#11:o feature(r@1_&amp;_u@2_&amp;_n@3)=1.0 feature(o@-3_&amp;_m@-2_&amp;_t@-1)=1.0 feature(o_&amp;_r@1_&amp;_u@2)=1.0 feature(m@-2_&amp;_t@-1_&amp;_o)=1.0 feature(o_&amp;_r@1)=1.0 feature(t@-1_&amp;_o)=1.0 feature(r@1)=1.0 feature(o)=1.0
Token#12:r feature(u@1_&amp;_n@2_&amp;_t@3)=1.0 feature(m@-3_&amp;_t@-2_&amp;_o@-1)=1.0 feature(r_&amp;_u@1_&amp;_n@2)=1.0 feature(t@-2_&amp;_o@-1_&amp;_r)=1.0 feature(r_&amp;_u@1)=1.0 feature(o@-1_&amp;_r)=1.0 feature(u@1)=1.0 feature(r)=1.0
Token#13:u feature(n@1_&amp;_t@2_&amp;_h@3)=1.0 feature(t@-3_&amp;_o@-2_&amp;_r@-1)=1.0 feature(u_&amp;_n@1_&amp;_t@2)=1.0 feature(o@-2_&amp;_r@-1_&amp;_u)=1.0 feature(u_&amp;_n@1)=1.0 feature(r@-1_&amp;_u)=1.0 feature(n@1)=1.0 feature(u)=1.0
Token#14:n feature(t@1_&amp;_h@2_&amp;_e@3)=1.0 feature(o@-3_&amp;_r@-2_&amp;_u@-1)=1.0 feature(n_&amp;_t@1_&amp;_h@2)=1.0 feature(r@-2_&amp;_u@-1_&amp;_n)=1.0 feature(n_&amp;_t@1)=1.0 feature(u@-1_&amp;_n)=1.0 feature(t@1)=1.0 feature(n)=1.0
Token#15:t feature(h@1_&amp;_e@2_&amp;_p@3)=1.0 feature(r@-3_&amp;_u@-2_&amp;_n@-1)=1.0 feature(t_&amp;_h@1_&amp;_e@2)=1.0 feature(u@-2_&amp;_n@-1_&amp;_t)=1.0 feature(t_&amp;_h@1)=1.0 feature(n@-1_&amp;_t)=1.0 feature(h@1)=1.0 feature(t)=1.0
Token#16:h feature(e@1_&amp;_p@2_&amp;_r@3)=1.0 feature(u@-3_&amp;_n@-2_&amp;_t@-1)=1.0 feature(h_&amp;_e@1_&amp;_p@2)=1.0 feature(n@-2_&amp;_t@-1_&amp;_h)=1.0 feature(h_&amp;_e@1)=1.0 feature(t@-1_&amp;_h)=1.0 feature(e@1)=1.0 feature(h)=1.0
Token#17:e feature(p@1_&amp;_r@2_&amp;_o@3)=1.0 feature(n@-3_&amp;_t@-2_&amp;_h@-1)=1.0 feature(e_&amp;_p@1_&amp;_r@2)=1.0 feature(t@-2_&amp;_h@-1_&amp;_e)=1.0 feature(e_&amp;_p@1)=1.0 feature(h@-1_&amp;_e)=1.0 feature(p@1)=1.0 feature(e)=1.0
Token#18:p feature(r@1_&amp;_o@2_&amp;_g@3)=1.0 feature(t@-3_&amp;_h@-2_&amp;_e@-1)=1.0 feature(p_&amp;_r@1_&amp;_o@2)=1.0 feature(h@-2_&amp;_e@-1_&amp;_p)=1.0 feature(p_&amp;_r@1)=1.0 feature(e@-1_&amp;_p)=1.0 feature(r@1)=1.0 feature(p)=1.0
Token#19:r feature(o@1_&amp;_g@2_&amp;_r@3)=1.0 feature(h@-3_&amp;_e@-2_&amp;_p@-1)=1.0 feature(r_&amp;_o@1_&amp;_g@2)=1.0 feature(e@-2_&amp;_p@-1_&amp;_r)=1.0 feature(r_&amp;_o@1)=1.0 feature(p@-1_&amp;_r)=1.0 feature(o@1)=1.0 feature(r)=1.0
Token#20:o feature(g@1_&amp;_r@2_&amp;_a@3)=1.0 feature(e@-3_&amp;_p@-2_&amp;_r@-1)=1.0 feature(o_&amp;_g@1_&amp;_r@2)=1.0 feature(p@-2_&amp;_r@-1_&amp;_o)=1.0 feature(o_&amp;_g@1)=1.0 feature(r@-1_&amp;_o)=1.0 feature(g@1)=1.0 feature(o)=1.0
Token#21:g feature(r@1_&amp;_a@2_&amp;_m@3)=1.0 feature(p@-3_&amp;_r@-2_&amp;_o@-1)=1.0 feature(g_&amp;_r@1_&amp;_a@2)=1.0 feature(r@-2_&amp;_o@-1_&amp;_g)=1.0 feature(g_&amp;_r@1)=1.0 feature(o@-1_&amp;_g)=1.0 feature(r@1)=1.0 feature(g)=1.0
Token#22:r feature(a@1_&amp;_m@2_&amp;_,@3)=1.0 feature(r@-3_&amp;_o@-2_&amp;_g@-1)=1.0 feature(r_&amp;_a@1_&amp;_m@2)=1.0 feature(o@-2_&amp;_g@-1_&amp;_r)=1.0 feature(r_&amp;_a@1)=1.0 feature(g@-1_&amp;_r)=1.0 feature(a@1)=1.0 feature(r)=1.0
Token#23:a feature(m@1_&amp;_,@2_&amp;_f@3)=1.0 feature(o@-3_&amp;_g@-2_&amp;_r@-1)=1.0 feature(a_&amp;_m@1_&amp;_,@2)=1.0 feature(g@-2_&amp;_r@-1_&amp;_a)=1.0 feature(a_&amp;_m@1)=1.0 feature(r@-1_&amp;_a)=1.0 feature(m@1)=1.0 feature(a)=1.0
Token#24:m feature(,@1_&amp;_f@2_&amp;_o@3)=1.0 feature(g@-3_&amp;_r@-2_&amp;_a@-1)=1.0 feature(m_&amp;_,@1_&amp;_f@2)=1.0 feature(r@-2_&amp;_a@-1_&amp;_m)=1.0 feature(m_&amp;_,@1)=1.0 feature(a@-1_&amp;_m)=1.0 feature(,@1)=1.0 feature(m)=1.0
Token#25:, feature(f@1_&amp;_o@2_&amp;_r@3)=1.0 feature(r@-3_&amp;_a@-2_&amp;_m@-1)=1.0 feature(,_&amp;_f@1_&amp;_o@2)=1.0 feature(a@-2_&amp;_m@-1_&amp;_,)=1.0 feature(,_&amp;_f@1)=1.0 feature(m@-1_&amp;_,)=1.0 feature(f@1)=1.0 feature(,)=1.0
Token#26:f feature(o@1_&amp;_r@2_&amp;_a@3)=1.0 feature(a@-3_&amp;_m@-2_&amp;_,@-1)=1.0 feature(f_&amp;_o@1_&amp;_r@2)=1.0 feature(m@-2_&amp;_,@-1_&amp;_f)=1.0 feature(f_&amp;_o@1)=1.0 feature(,@-1_&amp;_f)=1.0 feature(o@1)=1.0 feature(f)=1.0
Token#27:o feature(r@1_&amp;_a@2_&amp;_n@3)=1.0 feature(m@-3_&amp;_,@-2_&amp;_f@-1)=1.0 feature(o_&amp;_r@1_&amp;_a@2)=1.0 feature(,@-2_&amp;_f@-1_&amp;_o)=1.0 feature(o_&amp;_r@1)=1.0 feature(f@-1_&amp;_o)=1.0 feature(r@1)=1.0 feature(o)=1.0
Token#28:r feature(a@1_&amp;_n@2_&amp;_y@3)=1.0 feature(,@-3_&amp;_f@-2_&amp;_o@-1)=1.0 feature(r_&amp;_a@1_&amp;_n@2)=1.0 feature(f@-2_&amp;_o@-1_&amp;_r)=1.0 feature(r_&amp;_a@1)=1.0 feature(o@-1_&amp;_r)=1.0 feature(a@1)=1.0 feature(r)=1.0
Token#29:a feature(n@1_&amp;_y@2_&amp;_p@3)=1.0 feature(f@-3_&amp;_o@-2_&amp;_r@-1)=1.0 feature(a_&amp;_n@1_&amp;_y@2)=1.0 feature(o@-2_&amp;_r@-1_&amp;_a)=1.0 feature(a_&amp;_n@1)=1.0 feature(r@-1_&amp;_a)=1.0 feature(n@1)=1.0 feature(a)=1.0
Token#30:n feature(y@1_&amp;_p@2_&amp;_u@3)=1.0 feature(o@-3_&amp;_r@-2_&amp;_a@-1)=1.0 feature(n_&amp;_y@1_&amp;_p@2)=1.0 feature(r@-2_&amp;_a@-1_&amp;_n)=1.0 feature(n_&amp;_y@1)=1.0 feature(a@-1_&amp;_n)=1.0 feature(y@1)=1.0 feature(n)=1.0
Token#31:y feature(p@1_&amp;_u@2_&amp;_r@3)=1.0 feature(r@-3_&amp;_a@-2_&amp;_n@-1)=1.0 feature(y_&amp;_p@1_&amp;_u@2)=1.0 feature(a@-2_&amp;_n@-1_&amp;_y)=1.0 feature(y_&amp;_p@1)=1.0 feature(n@-1_&amp;_y)=1.0 feature(p@1)=1.0 feature(y)=1.0
Token#32:p feature(u@1_&amp;_r@2_&amp;_p@3)=1.0 feature(a@-3_&amp;_n@-2_&amp;_y@-1)=1.0 feature(p_&amp;_u@1_&amp;_r@2)=1.0 feature(n@-2_&amp;_y@-1_&amp;_p)=1.0 feature(p_&amp;_u@1)=1.0 feature(y@-1_&amp;_p)=1.0 feature(u@1)=1.0 feature(p)=1.0
Token#33:u feature(r@1_&amp;_p@2_&amp;_o@3)=1.0 feature(n@-3_&amp;_y@-2_&amp;_p@-1)=1.0 feature(u_&amp;_r@1_&amp;_p@2)=1.0 feature(y@-2_&amp;_p@-1_&amp;_u)=1.0 feature(u_&amp;_r@1)=1.0 feature(p@-1_&amp;_u)=1.0 feature(r@1)=1.0 feature(u)=1.0
Token#34:r feature(p@1_&amp;_o@2_&amp;_s@3)=1.0 feature(y@-3_&amp;_p@-2_&amp;_u@-1)=1.0 feature(r_&amp;_p@1_&amp;_o@2)=1.0 feature(p@-2_&amp;_u@-1_&amp;_r)=1.0 feature(r_&amp;_p@1)=1.0 feature(u@-1_&amp;_r)=1.0 feature(p@1)=1.0 feature(r)=1.0
Token#35:p feature(o@1_&amp;_s@2_&amp;_e@3)=1.0 feature(p@-3_&amp;_u@-2_&amp;_r@-1)=1.0 feature(p_&amp;_o@1_&amp;_s@2)=1.0 feature(u@-2_&amp;_r@-1_&amp;_p)=1.0 feature(p_&amp;_o@1)=1.0 feature(r@-1_&amp;_p)=1.0 feature(o@1)=1.0 feature(p)=1.0
Token#36:o feature(s@1_&amp;_e@2_&amp;_.@3)=1.0 feature(u@-3_&amp;_r@-2_&amp;_p@-1)=1.0 feature(o_&amp;_s@1_&amp;_e@2)=1.0 feature(r@-2_&amp;_p@-1_&amp;_o)=1.0 feature(o_&amp;_s@1)=1.0 feature(p@-1_&amp;_o)=1.0 feature(s@1)=1.0 feature(o)=1.0
Token#37:s feature(e@1_&amp;_.@2_&amp;_&lt;END0&gt;@3)=1.0 feature(r@-3_&amp;_p@-2_&amp;_o@-1)=1.0 feature(s_&amp;_e@1_&amp;_.@2)=1.0 feature(p@-2_&amp;_o@-1_&amp;_s)=1.0 feature(s_&amp;_e@1)=1.0 feature(o@-1_&amp;_s)=1.0 feature(e@1)=1.0 feature(s)=1.0
Token#38:e feature(.@1_&amp;_&lt;END0&gt;@2_&amp;_&lt;END1&gt;@3)=1.0 feature(p@-3_&amp;_o@-2_&amp;_s@-1)=1.0 feature(e_&amp;_.@1_&amp;_&lt;END0&gt;@2)=1.0 feature(o@-2_&amp;_s@-1_&amp;_e)=1.0 feature(e_&amp;_.@1)=1.0 feature(s@-1_&amp;_e)=1.0 feature(.@1)=1.0 feature(e)=1.0
Token#39:. feature(&lt;END0&gt;@1_&amp;_&lt;END1&gt;@2_&amp;_&lt;END2&gt;@3)=1.0 feature(o@-3_&amp;_s@-2_&amp;_e@-1)=1.0 feature(._&amp;_&lt;END0&gt;@1_&amp;_&lt;END1&gt;@2)=1.0 feature(s@-2_&amp;_e@-1_&amp;_.)=1.0 feature(._&amp;_&lt;END0&gt;@1)=1.0 feature(e@-1_&amp;_.)=1.0 feature(&lt;END0&gt;@1)=1.0 feature(.)=1.0

target: start (0)
notstart (1)
notstart (1)
start (0)
notstart (1)
notstart (1)
notstart (1)
notstart (1)
notstart (1)
notstart (1)
start (0)
notstart (1)
start (0)
notstart (1)
notstart (1)
start (0)
notstart (1)
notstart (1)
start (0)
notstart (1)
notstart (1)
notstart (1)
notstart (1)
notstart (1)
notstart (1)
notstart (1)
start (0)
notstart (1)
notstart (1)
start (0)
notstart (1)
notstart (1)
start (0)
notstart (1)
notstart (1)
notstart (1)
notstart (1)
notstart (1)
notstart (1)
notstart (1)

</expected>
        <actual>name: array:0
target: 0: start (0)
1: notstart (1)
2: notstart (1)
3: notstart (1)
4: start (0)
5: notstart (1)
6: notstart (1)
7: notstart (1)
8: notstart (1)
9: notstart (1)
10: notstart (1)
11: notstart (1)
12: start (0)
13: notstart (1)
14: start (0)
15: start (0)
16: notstart (1)
17: notstart (1)
18: notstart (1)
19: notstart (1)
20: notstart (1)
21: start (0)
22: notstart (1)
23: start (0)
24: notstart (1)
25: notstart (1)
26: start (0)
27: notstart (1)
28: notstart (1)
29: notstart (1)
30: notstart (1)
31: notstart (1)
32: start (0)
33: notstart (1)
34: notstart (1)
35: notstart (1)
36: notstart (1)
37: notstart (1)
38: notstart (1)
39: start (0)
40: notstart (1)
41: start (0)
42: notstart (1)
43: notstart (1)
44: notstart (1)
45: start (0)
46: notstart (1)
47: notstart (1)
48: notstart (1)
49: notstart (1)
50: start (0)
51: notstart (1)
52: notstart (1)
53: notstart (1)
54: notstart (1)
55: notstart (1)
56: notstart (1)
57: notstart (1)
58: notstart (1)
59: notstart (1)
60: notstart (1)
61: start (0)
62: notstart (1)
63: notstart (1)
64: notstart (1)
65: notstart (1)
66: notstart (1)
67: start (0)
68: notstart (1)
69: notstart (1)
70: notstart (1)
71: notstart (1)
72: notstart (1)
73: start (0)
74: notstart (1)
75: notstart (1)
76: start (0)
77: notstart (1)
78: notstart (1)
79: notstart (1)
80: notstart (1)
81: notstart (1)
82: notstart (1)
83: start (0)
84: notstart (1)
85: notstart (1)
86: start (0)
87: notstart (1)
88: notstart (1)
89: notstart (1)
90: notstart (1)
91: notstart (1)
92: notstart (1)
93: notstart (1)
94: notstart (1)
95: start (0)
96: notstart (1)
97: notstart (1)
98: notstart (1)
99: start (0)
100: notstart (1)
101: notstart (1)
102: notstart (1)
103: notstart (1)
104: notstart (1)
105: notstart (1)
106: notstart (1)
107: notstart (1)
108: notstart (1)
109: start (0)
110: notstart (1)
111: start (0)
112: notstart (1)
113: notstart (1)
114: notstart (1)
115: notstart (1)
116: notstart (1)
117: start (0)
118: notstart (1)
119: start (0)
120: notstart (1)
121: notstart (1)
122: notstart (1)
123: start (0)
124: notstart (1)
125: notstart (1)
126: notstart (1)
127: notstart (1)
128: start (0)
129: notstart (1)
130: start (0)
131: notstart (1)
132: notstart (1)
133: notstart (1)
134: notstart (1)
135: notstart (1)
136: notstart (1)
137: notstart (1)
138: start (0)
139: notstart (1)
140: notstart (1)
141: start (0)
142: notstart (1)
143: notstart (1)
144: start (0)
145: notstart (1)
146: notstart (1)
147: notstart (1)
148: notstart (1)
149: start (0)
150: notstart (1)
151: start (0)
152: notstart (1)
153: notstart (1)
154: start (0)
155: notstart (1)
156: notstart (1)
157: notstart (1)
158: notstart (1)
159: notstart (1)
160: notstart (1)
161: notstart (1)
162: notstart (1)

input: TokenSequence [f feature(r@1_&amp;_e@2_&amp;_e@3)=1.0 feature(&lt;START2&gt;@-3_&amp;_&lt;START1&gt;@-2_&amp;_&lt;START0&gt;@-1)=1.0 feature(f_&amp;_r@1_&amp;_e@2)=1.0 feature(&lt;START1&gt;@-2_&amp;_&lt;START0&gt;@-1_&amp;_f)=1.0 feature(f_&amp;_r@1)=1.0 feature(&lt;START0&gt;@-1_&amp;_f)=1.0 feature(r@1)=1.0 feature(f)=1.0  span[0..1], r feature(e@1_&amp;_e@2_&amp;_s@3)=1.0 feature(&lt;START1&gt;@-3_&amp;_&lt;START0&gt;@-2_&amp;_f@-1)=1.0 feature(r_&amp;_e@1_&amp;_e@2)=1.0 feature(&lt;START0&gt;@-2_&amp;_f@-1_&amp;_r)=1.0 feature(r_&amp;_e@1)=1.0 feature(f@-1_&amp;_r)=1.0 feature(e@1)=1.0 feature(r)=1.0  span[1..2], e feature(e@1_&amp;_s@2_&amp;_o@3)=1.0 feature(&lt;START0&gt;@-3_&amp;_f@-2_&amp;_r@-1)=1.0 feature(e_&amp;_e@1_&amp;_s@2)=1.0 feature(f@-2_&amp;_r@-1_&amp;_e)=1.0 feature(e_&amp;_e@1)=1.0 feature(r@-1_&amp;_e)=1.0 feature(e@1)=1.0 feature(e)=1.0  span[2..3], e feature(s@1_&amp;_o@2_&amp;_f@3)=1.0 feature(f@-3_&amp;_r@-2_&amp;_e@-1)=1.0 feature(e_&amp;_s@1_&amp;_o@2)=1.0 feature(r@-2_&amp;_e@-1_&amp;_e)=1.0 feature(e_&amp;_s@1)=1.0 feature(e@-1_&amp;_e)=1.0 feature(s@1)=1.0 feature(e)=1.0  span[3..4], s feature(o@1_&amp;_f@2_&amp;_t@3)=1.0 feature(r@-3_&amp;_e@-2_&amp;_e@-1)=1.0 feature(s_&amp;_o@1_&amp;_f@2)=1.0 feature(e@-2_&amp;_e@-1_&amp;_s)=1.0 feature(s_&amp;_o@1)=1.0 feature(e@-1_&amp;_s)=1.0 feature(o@1)=1.0 feature(s)=1.0  span[5..6], o feature(f@1_&amp;_t@2_&amp;_w@3)=1.0 feature(e@-3_&amp;_e@-2_&amp;_s@-1)=1.0 feature(o_&amp;_f@1_&amp;_t@2)=1.0 feature(e@-2_&amp;_s@-1_&amp;_o)=1.0 feature(o_&amp;_f@1)=1.0 feature(s@-1_&amp;_o)=1.0 feature(f@1)=1.0 feature(o)=1.0  span[6..7], f feature(t@1_&amp;_w@2_&amp;_a@3)=1.0 feature(e@-3_&amp;_s@-2_&amp;_o@-1)=1.0 feature(f_&amp;_t@1_&amp;_w@2)=1.0 feature(s@-2_&amp;_o@-1_&amp;_f)=1.0 feature(f_&amp;_t@1)=1.0 feature(o@-1_&amp;_f)=1.0 feature(t@1)=1.0 feature(f)=1.0  span[7..8], t feature(w@1_&amp;_a@2_&amp;_r@3)=1.0 feature(s@-3_&amp;_o@-2_&amp;_f@-1)=1.0 feature(t_&amp;_w@1_&amp;_a@2)=1.0 feature(o@-2_&amp;_f@-1_&amp;_t)=1.0 feature(t_&amp;_w@1)=1.0 feature(f@-1_&amp;_t)=1.0 feature(w@1)=1.0 feature(t)=1.0  span[8..9], w feature(a@1_&amp;_r@2_&amp;_e@3)=1.0 feature(o@-3_&amp;_f@-2_&amp;_t@-1)=1.0 feature(w_&amp;_a@1_&amp;_r@2)=1.0 feature(f@-2_&amp;_t@-1_&amp;_w)=1.0 feature(w_&amp;_a@1)=1.0 feature(t@-1_&amp;_w)=1.0 feature(a@1)=1.0 feature(w)=1.0  span[9..10], a feature(r@1_&amp;_e@2_&amp;_i@3)=1.0 feature(f@-3_&amp;_t@-2_&amp;_w@-1)=1.0 feature(a_&amp;_r@1_&amp;_e@2)=1.0 feature(t@-2_&amp;_w@-1_&amp;_a)=1.0 feature(a_&amp;_r@1)=1.0 feature(w@-1_&amp;_a)=1.0 feature(r@1)=1.0 feature(a)=1.0  span[10..11], r feature(e@1_&amp;_i@2_&amp;_s@3)=1.0 feature(t@-3_&amp;_w@-2_&amp;_a@-1)=1.0 feature(r_&amp;_e@1_&amp;_i@2)=1.0 feature(w@-2_&amp;_a@-1_&amp;_r)=1.0 feature(r_&amp;_e@1)=1.0 feature(a@-1_&amp;_r)=1.0 feature(e@1)=1.0 feature(r)=1.0  span[11..12], e feature(i@1_&amp;_s@2_&amp;_a@3)=1.0 feature(w@-3_&amp;_a@-2_&amp;_r@-1)=1.0 feature(e_&amp;_i@1_&amp;_s@2)=1.0 feature(a@-2_&amp;_r@-1_&amp;_e)=1.0 feature(e_&amp;_i@1)=1.0 feature(r@-1_&amp;_e)=1.0 feature(i@1)=1.0 feature(e)=1.0  span[12..13], i feature(s@1_&amp;_a@2_&amp;_m@3)=1.0 feature(a@-3_&amp;_r@-2_&amp;_e@-1)=1.0 feature(i_&amp;_s@1_&amp;_a@2)=1.0 feature(r@-2_&amp;_e@-1_&amp;_i)=1.0 feature(i_&amp;_s@1)=1.0 feature(e@-1_&amp;_i)=1.0 feature(s@1)=1.0 feature(i)=1.0  span[14..15], s feature(a@1_&amp;_m@2_&amp;_a@3)=1.0 feature(r@-3_&amp;_e@-2_&amp;_i@-1)=1.0 feature(s_&amp;_a@1_&amp;_m@2)=1.0 feature(e@-2_&amp;_i@-1_&amp;_s)=1.0 feature(s_&amp;_a@1)=1.0 feature(i@-1_&amp;_s)=1.0 feature(a@1)=1.0 feature(s)=1.0  span[15..16], a feature(m@1_&amp;_a@2_&amp;_t@3)=1.0 feature(e@-3_&amp;_i@-2_&amp;_s@-1)=1.0 feature(a_&amp;_m@1_&amp;_a@2)=1.0 feature(i@-2_&amp;_s@-1_&amp;_a)=1.0 feature(a_&amp;_m@1)=1.0 feature(s@-1_&amp;_a)=1.0 feature(m@1)=1.0 feature(a)=1.0  span[17..18], m feature(a@1_&amp;_t@2_&amp;_t@3)=1.0 feature(i@-3_&amp;_s@-2_&amp;_a@-1)=1.0 feature(m_&amp;_a@1_&amp;_t@2)=1.0 feature(s@-2_&amp;_a@-1_&amp;_m)=1.0 feature(m_&amp;_a@1)=1.0 feature(a@-1_&amp;_m)=1.0 feature(a@1)=1.0 feature(m)=1.0  span[19..20], a feature(t@1_&amp;_t@2_&amp;_e@3)=1.0 feature(s@-3_&amp;_a@-2_&amp;_m@-1)=1.0 feature(a_&amp;_t@1_&amp;_t@2)=1.0 feature(a@-2_&amp;_m@-1_&amp;_a)=1.0 feature(a_&amp;_t@1)=1.0 feature(m@-1_&amp;_a)=1.0 feature(t@1)=1.0 feature(a)=1.0  span[20..21], t feature(t@1_&amp;_e@2_&amp;_r@3)=1.0 feature(a@-3_&amp;_m@-2_&amp;_a@-1)=1.0 feature(t_&amp;_t@1_&amp;_e@2)=1.0 feature(m@-2_&amp;_a@-1_&amp;_t)=1.0 feature(t_&amp;_t@1)=1.0 feature(a@-1_&amp;_t)=1.0 feature(t@1)=1.0 feature(t)=1.0  span[21..22], t feature(e@1_&amp;_r@2_&amp;_o@3)=1.0 feature(m@-3_&amp;_a@-2_&amp;_t@-1)=1.0 feature(t_&amp;_e@1_&amp;_r@2)=1.0 feature(a@-2_&amp;_t@-1_&amp;_t)=1.0 feature(t_&amp;_e@1)=1.0 feature(t@-1_&amp;_t)=1.0 feature(e@1)=1.0 feature(t)=1.0  span[22..23], e feature(r@1_&amp;_o@2_&amp;_f@3)=1.0 feature(a@-3_&amp;_t@-2_&amp;_t@-1)=1.0 feature(e_&amp;_r@1_&amp;_o@2)=1.0 feature(t@-2_&amp;_t@-1_&amp;_e)=1.0 feature(e_&amp;_r@1)=1.0 feature(t@-1_&amp;_e)=1.0 feature(r@1)=1.0 feature(e)=1.0  span[23..24], r feature(o@1_&amp;_f@2_&amp;_t@3)=1.0 feature(t@-3_&amp;_t@-2_&amp;_e@-1)=1.0 feature(r_&amp;_o@1_&amp;_f@2)=1.0 feature(t@-2_&amp;_e@-1_&amp;_r)=1.0 feature(r_&amp;_o@1)=1.0 feature(e@-1_&amp;_r)=1.0 feature(o@1)=1.0 feature(r)=1.0  span[24..25], o feature(f@1_&amp;_t@2_&amp;_h@3)=1.0 feature(t@-3_&amp;_e@-2_&amp;_r@-1)=1.0 feature(o_&amp;_f@1_&amp;_t@2)=1.0 feature(e@-2_&amp;_r@-1_&amp;_o)=1.0 feature(o_&amp;_f@1)=1.0 feature(r@-1_&amp;_o)=1.0 feature(f@1)=1.0 feature(o)=1.0  span[26..27], f feature(t@1_&amp;_h@2_&amp;_e@3)=1.0 feature(e@-3_&amp;_r@-2_&amp;_o@-1)=1.0 feature(f_&amp;_t@1_&amp;_h@2)=1.0 feature(r@-2_&amp;_o@-1_&amp;_f)=1.0 feature(f_&amp;_t@1)=1.0 feature(o@-1_&amp;_f)=1.0 feature(t@1)=1.0 feature(f)=1.0  span[27..28], t feature(h@1_&amp;_e@2_&amp;_u@3)=1.0 feature(r@-3_&amp;_o@-2_&amp;_f@-1)=1.0 feature(t_&amp;_h@1_&amp;_e@2)=1.0 feature(o@-2_&amp;_f@-1_&amp;_t)=1.0 feature(t_&amp;_h@1)=1.0 feature(f@-1_&amp;_t)=1.0 feature(h@1)=1.0 feature(t)=1.0  span[29..30], h feature(e@1_&amp;_u@2_&amp;_s@3)=1.0 feature(o@-3_&amp;_f@-2_&amp;_t@-1)=1.0 feature(h_&amp;_e@1_&amp;_u@2)=1.0 feature(f@-2_&amp;_t@-1_&amp;_h)=1.0 feature(h_&amp;_e@1)=1.0 feature(t@-1_&amp;_h)=1.0 feature(e@1)=1.0 feature(h)=1.0  span[30..31], e feature(u@1_&amp;_s@2_&amp;_e@3)=1.0 feature(f@-3_&amp;_t@-2_&amp;_h@-1)=1.0 feature(e_&amp;_u@1_&amp;_s@2)=1.0 feature(t@-2_&amp;_h@-1_&amp;_e)=1.0 feature(e_&amp;_u@1)=1.0 feature(h@-1_&amp;_e)=1.0 feature(u@1)=1.0 feature(e)=1.0  span[31..32], u feature(s@1_&amp;_e@2_&amp;_r@3)=1.0 feature(t@-3_&amp;_h@-2_&amp;_e@-1)=1.0 feature(u_&amp;_s@1_&amp;_e@2)=1.0 feature(h@-2_&amp;_e@-1_&amp;_u)=1.0 feature(u_&amp;_s@1)=1.0 feature(e@-1_&amp;_u)=1.0 feature(s@1)=1.0 feature(u)=1.0  span[33..34], s feature(e@1_&amp;_r@2_&amp;_s@3)=1.0 feature(h@-3_&amp;_e@-2_&amp;_u@-1)=1.0 feature(s_&amp;_e@1_&amp;_r@2)=1.0 feature(e@-2_&amp;_u@-1_&amp;_s)=1.0 feature(s_&amp;_e@1)=1.0 feature(u@-1_&amp;_s)=1.0 feature(e@1)=1.0 feature(s)=1.0  span[34..35], e feature(r@1_&amp;_s@2_&amp;_'@3)=1.0 feature(e@-3_&amp;_u@-2_&amp;_s@-1)=1.0 feature(e_&amp;_r@1_&amp;_s@2)=1.0 feature(u@-2_&amp;_s@-1_&amp;_e)=1.0 feature(e_&amp;_r@1)=1.0 feature(s@-1_&amp;_e)=1.0 feature(r@1)=1.0 feature(e)=1.0  span[35..36], r feature(s@1_&amp;_'@2_&amp;_f@3)=1.0 feature(u@-3_&amp;_s@-2_&amp;_e@-1)=1.0 feature(r_&amp;_s@1_&amp;_'@2)=1.0 feature(s@-2_&amp;_e@-1_&amp;_r)=1.0 feature(r_&amp;_s@1)=1.0 feature(e@-1_&amp;_r)=1.0 feature(s@1)=1.0 feature(r)=1.0  span[36..37], s feature('@1_&amp;_f@2_&amp;_r@3)=1.0 feature(s@-3_&amp;_e@-2_&amp;_r@-1)=1.0 feature(s_&amp;_'@1_&amp;_f@2)=1.0 feature(e@-2_&amp;_r@-1_&amp;_s)=1.0 feature(s_&amp;_'@1)=1.0 feature(r@-1_&amp;_s)=1.0 feature('@1)=1.0 feature(s)=1.0  span[37..38], ' feature(f@1_&amp;_r@2_&amp;_e@3)=1.0 feature(e@-3_&amp;_r@-2_&amp;_s@-1)=1.0 feature('_&amp;_f@1_&amp;_r@2)=1.0 feature(r@-2_&amp;_s@-1_&amp;_')=1.0 feature('_&amp;_f@1)=1.0 feature(s@-1_&amp;_')=1.0 feature(f@1)=1.0 feature(')=1.0  span[38..39], f feature(r@1_&amp;_e@2_&amp;_e@3)=1.0 feature(r@-3_&amp;_s@-2_&amp;_'@-1)=1.0 feature(f_&amp;_r@1_&amp;_e@2)=1.0 feature(s@-2_&amp;_'@-1_&amp;_f)=1.0 feature(f_&amp;_r@1)=1.0 feature('@-1_&amp;_f)=1.0 feature(r@1)=1.0 feature(f)=1.0  span[40..41], r feature(e@1_&amp;_e@2_&amp;_d@3)=1.0 feature(s@-3_&amp;_'@-2_&amp;_f@-1)=1.0 feature(r_&amp;_e@1_&amp;_e@2)=1.0 feature('@-2_&amp;_f@-1_&amp;_r)=1.0 feature(r_&amp;_e@1)=1.0 feature(f@-1_&amp;_r)=1.0 feature(e@1)=1.0 feature(r)=1.0  span[41..42], e feature(e@1_&amp;_d@2_&amp;_o@3)=1.0 feature('@-3_&amp;_f@-2_&amp;_r@-1)=1.0 feature(e_&amp;_e@1_&amp;_d@2)=1.0 feature(f@-2_&amp;_r@-1_&amp;_e)=1.0 feature(e_&amp;_e@1)=1.0 feature(r@-1_&amp;_e)=1.0 feature(e@1)=1.0 feature(e)=1.0  span[42..43], e feature(d@1_&amp;_o@2_&amp;_m@3)=1.0 feature(f@-3_&amp;_r@-2_&amp;_e@-1)=1.0 feature(e_&amp;_d@1_&amp;_o@2)=1.0 feature(r@-2_&amp;_e@-1_&amp;_e)=1.0 feature(e_&amp;_d@1)=1.0 feature(e@-1_&amp;_e)=1.0 feature(d@1)=1.0 feature(e)=1.0  span[43..44], d feature(o@1_&amp;_m@2_&amp;_t@3)=1.0 feature(r@-3_&amp;_e@-2_&amp;_e@-1)=1.0 feature(d_&amp;_o@1_&amp;_m@2)=1.0 feature(e@-2_&amp;_e@-1_&amp;_d)=1.0 feature(d_&amp;_o@1)=1.0 feature(e@-1_&amp;_d)=1.0 feature(o@1)=1.0 feature(d)=1.0  span[44..45], o feature(m@1_&amp;_t@2_&amp;_o@3)=1.0 feature(e@-3_&amp;_e@-2_&amp;_d@-1)=1.0 feature(o_&amp;_m@1_&amp;_t@2)=1.0 feature(e@-2_&amp;_d@-1_&amp;_o)=1.0 feature(o_&amp;_m@1)=1.0 feature(d@-1_&amp;_o)=1.0 feature(m@1)=1.0 feature(o)=1.0  span[45..46], m feature(t@1_&amp;_o@2_&amp;_r@3)=1.0 feature(e@-3_&amp;_d@-2_&amp;_o@-1)=1.0 feature(m_&amp;_t@1_&amp;_o@2)=1.0 feature(d@-2_&amp;_o@-1_&amp;_m)=1.0 feature(m_&amp;_t@1)=1.0 feature(o@-1_&amp;_m)=1.0 feature(t@1)=1.0 feature(m)=1.0  span[46..47], t feature(o@1_&amp;_r@2_&amp;_u@3)=1.0 feature(d@-3_&amp;_o@-2_&amp;_m@-1)=1.0 feature(t_&amp;_o@1_&amp;_r@2)=1.0 feature(o@-2_&amp;_m@-1_&amp;_t)=1.0 feature(t_&amp;_o@1)=1.0 feature(m@-1_&amp;_t)=1.0 feature(o@1)=1.0 feature(t)=1.0  span[48..49], o feature(r@1_&amp;_u@2_&amp;_n@3)=1.0 feature(o@-3_&amp;_m@-2_&amp;_t@-1)=1.0 feature(o_&amp;_r@1_&amp;_u@2)=1.0 feature(m@-2_&amp;_t@-1_&amp;_o)=1.0 feature(o_&amp;_r@1)=1.0 feature(t@-1_&amp;_o)=1.0 feature(r@1)=1.0 feature(o)=1.0  span[49..50], r feature(u@1_&amp;_n@2_&amp;_,@3)=1.0 feature(m@-3_&amp;_t@-2_&amp;_o@-1)=1.0 feature(r_&amp;_u@1_&amp;_n@2)=1.0 feature(t@-2_&amp;_o@-1_&amp;_r)=1.0 feature(r_&amp;_u@1)=1.0 feature(o@-1_&amp;_r)=1.0 feature(u@1)=1.0 feature(r)=1.0  span[51..52], u feature(n@1_&amp;_,@2_&amp;_c@3)=1.0 feature(t@-3_&amp;_o@-2_&amp;_r@-1)=1.0 feature(u_&amp;_n@1_&amp;_,@2)=1.0 feature(o@-2_&amp;_r@-1_&amp;_u)=1.0 feature(u_&amp;_n@1)=1.0 feature(r@-1_&amp;_u)=1.0 feature(n@1)=1.0 feature(u)=1.0  span[52..53], n feature(,@1_&amp;_c@2_&amp;_o@3)=1.0 feature(o@-3_&amp;_r@-2_&amp;_u@-1)=1.0 feature(n_&amp;_,@1_&amp;_c@2)=1.0 feature(r@-2_&amp;_u@-1_&amp;_n)=1.0 feature(n_&amp;_,@1)=1.0 feature(u@-1_&amp;_n)=1.0 feature(,@1)=1.0 feature(n)=1.0  span[53..54], , feature(c@1_&amp;_o@2_&amp;_p@3)=1.0 feature(r@-3_&amp;_u@-2_&amp;_n@-1)=1.0 feature(,_&amp;_c@1_&amp;_o@2)=1.0 feature(u@-2_&amp;_n@-1_&amp;_,)=1.0 feature(,_&amp;_c@1)=1.0 feature(n@-1_&amp;_,)=1.0 feature(c@1)=1.0 feature(,)=1.0  span[54..55], c feature(o@1_&amp;_p@2_&amp;_y@3)=1.0 feature(u@-3_&amp;_n@-2_&amp;_,@-1)=1.0 feature(c_&amp;_o@1_&amp;_p@2)=1.0 feature(n@-2_&amp;_,@-1_&amp;_c)=1.0 feature(c_&amp;_o@1)=1.0 feature(,@-1_&amp;_c)=1.0 feature(o@1)=1.0 feature(c)=1.0  span[56..57], o feature(p@1_&amp;_y@2_&amp;_,@3)=1.0 feature(n@-3_&amp;_,@-2_&amp;_c@-1)=1.0 feature(o_&amp;_p@1_&amp;_y@2)=1.0 feature(,@-2_&amp;_c@-1_&amp;_o)=1.0 feature(o_&amp;_p@1)=1.0 feature(c@-1_&amp;_o)=1.0 feature(p@1)=1.0 feature(o)=1.0  span[57..58], p feature(y@1_&amp;_,@2_&amp;_d@3)=1.0 feature(,@-3_&amp;_c@-2_&amp;_o@-1)=1.0 feature(p_&amp;_y@1_&amp;_,@2)=1.0 feature(c@-2_&amp;_o@-1_&amp;_p)=1.0 feature(p_&amp;_y@1)=1.0 feature(o@-1_&amp;_p)=1.0 feature(y@1)=1.0 feature(p)=1.0  span[58..59], y feature(,@1_&amp;_d@2_&amp;_i@3)=1.0 feature(c@-3_&amp;_o@-2_&amp;_p@-1)=1.0 feature(y_&amp;_,@1_&amp;_d@2)=1.0 feature(o@-2_&amp;_p@-1_&amp;_y)=1.0 feature(y_&amp;_,@1)=1.0 feature(p@-1_&amp;_y)=1.0 feature(,@1)=1.0 feature(y)=1.0  span[59..60], , feature(d@1_&amp;_i@2_&amp;_s@3)=1.0 feature(o@-3_&amp;_p@-2_&amp;_y@-1)=1.0 feature(,_&amp;_d@1_&amp;_i@2)=1.0 feature(p@-2_&amp;_y@-1_&amp;_,)=1.0 feature(,_&amp;_d@1)=1.0 feature(y@-1_&amp;_,)=1.0 feature(d@1)=1.0 feature(,)=1.0  span[60..61], d feature(i@1_&amp;_s@2_&amp;_t@3)=1.0 feature(p@-3_&amp;_y@-2_&amp;_,@-1)=1.0 feature(d_&amp;_i@1_&amp;_s@2)=1.0 feature(y@-2_&amp;_,@-1_&amp;_d)=1.0 feature(d_&amp;_i@1)=1.0 feature(,@-1_&amp;_d)=1.0 feature(i@1)=1.0 feature(d)=1.0  span[62..63], i feature(s@1_&amp;_t@2_&amp;_r@3)=1.0 feature(y@-3_&amp;_,@-2_&amp;_d@-1)=1.0 feature(i_&amp;_s@1_&amp;_t@2)=1.0 feature(,@-2_&amp;_d@-1_&amp;_i)=1.0 feature(i_&amp;_s@1)=1.0 feature(d@-1_&amp;_i)=1.0 feature(s@1)=1.0 feature(i)=1.0  span[63..64], s feature(t@1_&amp;_r@2_&amp;_i@3)=1.0 feature(,@-3_&amp;_d@-2_&amp;_i@-1)=1.0 feature(s_&amp;_t@1_&amp;_r@2)=1.0 feature(d@-2_&amp;_i@-1_&amp;_s)=1.0 feature(s_&amp;_t@1)=1.0 feature(i@-1_&amp;_s)=1.0 feature(t@1)=1.0 feature(s)=1.0  span[64..65], t feature(r@1_&amp;_i@2_&amp;_b@3)=1.0 feature(d@-3_&amp;_i@-2_&amp;_s@-1)=1.0 feature(t_&amp;_r@1_&amp;_i@2)=1.0 feature(i@-2_&amp;_s@-1_&amp;_t)=1.0 feature(t_&amp;_r@1)=1.0 feature(s@-1_&amp;_t)=1.0 feature(r@1)=1.0 feature(t)=1.0  span[65..66], r feature(i@1_&amp;_b@2_&amp;_u@3)=1.0 feature(i@-3_&amp;_s@-2_&amp;_t@-1)=1.0 feature(r_&amp;_i@1_&amp;_b@2)=1.0 feature(s@-2_&amp;_t@-1_&amp;_r)=1.0 feature(r_&amp;_i@1)=1.0 feature(t@-1_&amp;_r)=1.0 feature(i@1)=1.0 feature(r)=1.0  span[66..67], i feature(b@1_&amp;_u@2_&amp;_t@3)=1.0 feature(s@-3_&amp;_t@-2_&amp;_r@-1)=1.0 feature(i_&amp;_b@1_&amp;_u@2)=1.0 feature(t@-2_&amp;_r@-1_&amp;_i)=1.0 feature(i_&amp;_b@1)=1.0 feature(r@-1_&amp;_i)=1.0 feature(b@1)=1.0 feature(i)=1.0  span[67..68], b feature(u@1_&amp;_t@2_&amp;_e@3)=1.0 feature(t@-3_&amp;_r@-2_&amp;_i@-1)=1.0 feature(b_&amp;_u@1_&amp;_t@2)=1.0 feature(r@-2_&amp;_i@-1_&amp;_b)=1.0 feature(b_&amp;_u@1)=1.0 feature(i@-1_&amp;_b)=1.0 feature(u@1)=1.0 feature(b)=1.0  span[68..69], u feature(t@1_&amp;_e@2_&amp;_,@3)=1.0 feature(r@-3_&amp;_i@-2_&amp;_b@-1)=1.0 feature(u_&amp;_t@1_&amp;_e@2)=1.0 feature(i@-2_&amp;_b@-1_&amp;_u)=1.0 feature(u_&amp;_t@1)=1.0 feature(b@-1_&amp;_u)=1.0 feature(t@1)=1.0 feature(u)=1.0  span[69..70], t feature(e@1_&amp;_,@2_&amp;_s@3)=1.0 feature(i@-3_&amp;_b@-2_&amp;_u@-1)=1.0 feature(t_&amp;_e@1_&amp;_,@2)=1.0 feature(b@-2_&amp;_u@-1_&amp;_t)=1.0 feature(t_&amp;_e@1)=1.0 feature(u@-1_&amp;_t)=1.0 feature(e@1)=1.0 feature(t)=1.0  span[70..71], e feature(,@1_&amp;_s@2_&amp;_t@3)=1.0 feature(b@-3_&amp;_u@-2_&amp;_t@-1)=1.0 feature(e_&amp;_,@1_&amp;_s@2)=1.0 feature(u@-2_&amp;_t@-1_&amp;_e)=1.0 feature(e_&amp;_,@1)=1.0 feature(t@-1_&amp;_e)=1.0 feature(,@1)=1.0 feature(e)=1.0  span[71..72], , feature(s@1_&amp;_t@2_&amp;_u@3)=1.0 feature(u@-3_&amp;_t@-2_&amp;_e@-1)=1.0 feature(,_&amp;_s@1_&amp;_t@2)=1.0 feature(t@-2_&amp;_e@-1_&amp;_,)=1.0 feature(,_&amp;_s@1)=1.0 feature(e@-1_&amp;_,)=1.0 feature(s@1)=1.0 feature(,)=1.0  span[72..73], s feature(t@1_&amp;_u@2_&amp;_d@3)=1.0 feature(t@-3_&amp;_e@-2_&amp;_,@-1)=1.0 feature(s_&amp;_t@1_&amp;_u@2)=1.0 feature(e@-2_&amp;_,@-1_&amp;_s)=1.0 feature(s_&amp;_t@1)=1.0 feature(,@-1_&amp;_s)=1.0 feature(t@1)=1.0 feature(s)=1.0  span[74..75], t feature(u@1_&amp;_d@2_&amp;_y@3)=1.0 feature(e@-3_&amp;_,@-2_&amp;_s@-1)=1.0 feature(t_&amp;_u@1_&amp;_d@2)=1.0 feature(,@-2_&amp;_s@-1_&amp;_t)=1.0 feature(t_&amp;_u@1)=1.0 feature(s@-1_&amp;_t)=1.0 feature(u@1)=1.0 feature(t)=1.0  span[75..76], u feature(d@1_&amp;_y@2_&amp;_,@3)=1.0 feature(,@-3_&amp;_s@-2_&amp;_t@-1)=1.0 feature(u_&amp;_d@1_&amp;_y@2)=1.0 feature(s@-2_&amp;_t@-1_&amp;_u)=1.0 feature(u_&amp;_d@1)=1.0 feature(t@-1_&amp;_u)=1.0 feature(d@1)=1.0 feature(u)=1.0  span[76..77], d feature(y@1_&amp;_,@2_&amp;_c@3)=1.0 feature(s@-3_&amp;_t@-2_&amp;_u@-1)=1.0 feature(d_&amp;_y@1_&amp;_,@2)=1.0 feature(t@-2_&amp;_u@-1_&amp;_d)=1.0 feature(d_&amp;_y@1)=1.0 feature(u@-1_&amp;_d)=1.0 feature(y@1)=1.0 feature(d)=1.0  span[77..78], y feature(,@1_&amp;_c@2_&amp;_h@3)=1.0 feature(t@-3_&amp;_u@-2_&amp;_d@-1)=1.0 feature(y_&amp;_,@1_&amp;_c@2)=1.0 feature(u@-2_&amp;_d@-1_&amp;_y)=1.0 feature(y_&amp;_,@1)=1.0 feature(d@-1_&amp;_y)=1.0 feature(,@1)=1.0 feature(y)=1.0  span[78..79], , feature(c@1_&amp;_h@2_&amp;_a@3)=1.0 feature(u@-3_&amp;_d@-2_&amp;_y@-1)=1.0 feature(,_&amp;_c@1_&amp;_h@2)=1.0 feature(d@-2_&amp;_y@-1_&amp;_,)=1.0 feature(,_&amp;_c@1)=1.0 feature(y@-1_&amp;_,)=1.0 feature(c@1)=1.0 feature(,)=1.0  span[79..80], c feature(h@1_&amp;_a@2_&amp;_n@3)=1.0 feature(d@-3_&amp;_y@-2_&amp;_,@-1)=1.0 feature(c_&amp;_h@1_&amp;_a@2)=1.0 feature(y@-2_&amp;_,@-1_&amp;_c)=1.0 feature(c_&amp;_h@1)=1.0 feature(,@-1_&amp;_c)=1.0 feature(h@1)=1.0 feature(c)=1.0  span[81..82], h feature(a@1_&amp;_n@2_&amp;_g@3)=1.0 feature(y@-3_&amp;_,@-2_&amp;_c@-1)=1.0 feature(h_&amp;_a@1_&amp;_n@2)=1.0 feature(,@-2_&amp;_c@-1_&amp;_h)=1.0 feature(h_&amp;_a@1)=1.0 feature(c@-1_&amp;_h)=1.0 feature(a@1)=1.0 feature(h)=1.0  span[82..83], a feature(n@1_&amp;_g@2_&amp;_e@3)=1.0 feature(,@-3_&amp;_c@-2_&amp;_h@-1)=1.0 feature(a_&amp;_n@1_&amp;_g@2)=1.0 feature(c@-2_&amp;_h@-1_&amp;_a)=1.0 feature(a_&amp;_n@1)=1.0 feature(h@-1_&amp;_a)=1.0 feature(n@1)=1.0 feature(a)=1.0  span[83..84], n feature(g@1_&amp;_e@2_&amp;_a@3)=1.0 feature(c@-3_&amp;_h@-2_&amp;_a@-1)=1.0 feature(n_&amp;_g@1_&amp;_e@2)=1.0 feature(h@-2_&amp;_a@-1_&amp;_n)=1.0 feature(n_&amp;_g@1)=1.0 feature(a@-1_&amp;_n)=1.0 feature(g@1)=1.0 feature(n)=1.0  span[84..85], g feature(e@1_&amp;_a@2_&amp;_n@3)=1.0 feature(h@-3_&amp;_a@-2_&amp;_n@-1)=1.0 feature(g_&amp;_e@1_&amp;_a@2)=1.0 feature(a@-2_&amp;_n@-1_&amp;_g)=1.0 feature(g_&amp;_e@1)=1.0 feature(n@-1_&amp;_g)=1.0 feature(e@1)=1.0 feature(g)=1.0  span[85..86], e feature(a@1_&amp;_n@2_&amp;_d@3)=1.0 feature(a@-3_&amp;_n@-2_&amp;_g@-1)=1.0 feature(e_&amp;_a@1_&amp;_n@2)=1.0 feature(n@-2_&amp;_g@-1_&amp;_e)=1.0 feature(e_&amp;_a@1)=1.0 feature(g@-1_&amp;_e)=1.0 feature(a@1)=1.0 feature(e)=1.0  span[86..87], a feature(n@1_&amp;_d@2_&amp;_i@3)=1.0 feature(n@-3_&amp;_g@-2_&amp;_e@-1)=1.0 feature(a_&amp;_n@1_&amp;_d@2)=1.0 feature(g@-2_&amp;_e@-1_&amp;_a)=1.0 feature(a_&amp;_n@1)=1.0 feature(e@-1_&amp;_a)=1.0 feature(n@1)=1.0 feature(a)=1.0  span[88..89], n feature(d@1_&amp;_i@2_&amp;_m@3)=1.0 feature(g@-3_&amp;_e@-2_&amp;_a@-1)=1.0 feature(n_&amp;_d@1_&amp;_i@2)=1.0 feature(e@-2_&amp;_a@-1_&amp;_n)=1.0 feature(n_&amp;_d@1)=1.0 feature(a@-1_&amp;_n)=1.0 feature(d@1)=1.0 feature(n)=1.0  span[89..90], d feature(i@1_&amp;_m@2_&amp;_p@3)=1.0 feature(e@-3_&amp;_a@-2_&amp;_n@-1)=1.0 feature(d_&amp;_i@1_&amp;_m@2)=1.0 feature(a@-2_&amp;_n@-1_&amp;_d)=1.0 feature(d_&amp;_i@1)=1.0 feature(n@-1_&amp;_d)=1.0 feature(i@1)=1.0 feature(d)=1.0  span[90..91], i feature(m@1_&amp;_p@2_&amp;_r@3)=1.0 feature(a@-3_&amp;_n@-2_&amp;_d@-1)=1.0 feature(i_&amp;_m@1_&amp;_p@2)=1.0 feature(n@-2_&amp;_d@-1_&amp;_i)=1.0 feature(i_&amp;_m@1)=1.0 feature(d@-1_&amp;_i)=1.0 feature(m@1)=1.0 feature(i)=1.0  span[92..93], m feature(p@1_&amp;_r@2_&amp;_o@3)=1.0 feature(n@-3_&amp;_d@-2_&amp;_i@-1)=1.0 feature(m_&amp;_p@1_&amp;_r@2)=1.0 feature(d@-2_&amp;_i@-1_&amp;_m)=1.0 feature(m_&amp;_p@1)=1.0 feature(i@-1_&amp;_m)=1.0 feature(p@1)=1.0 feature(m)=1.0  span[93..94], p feature(r@1_&amp;_o@2_&amp;_v@3)=1.0 feature(d@-3_&amp;_i@-2_&amp;_m@-1)=1.0 feature(p_&amp;_r@1_&amp;_o@2)=1.0 feature(i@-2_&amp;_m@-1_&amp;_p)=1.0 feature(p_&amp;_r@1)=1.0 feature(m@-1_&amp;_p)=1.0 feature(r@1)=1.0 feature(p)=1.0  span[94..95], r feature(o@1_&amp;_v@2_&amp;_e@3)=1.0 feature(i@-3_&amp;_m@-2_&amp;_p@-1)=1.0 feature(r_&amp;_o@1_&amp;_v@2)=1.0 feature(m@-2_&amp;_p@-1_&amp;_r)=1.0 feature(r_&amp;_o@1)=1.0 feature(p@-1_&amp;_r)=1.0 feature(o@1)=1.0 feature(r)=1.0  span[95..96], o feature(v@1_&amp;_e@2_&amp;_t@3)=1.0 feature(m@-3_&amp;_p@-2_&amp;_r@-1)=1.0 feature(o_&amp;_v@1_&amp;_e@2)=1.0 feature(p@-2_&amp;_r@-1_&amp;_o)=1.0 feature(o_&amp;_v@1)=1.0 feature(r@-1_&amp;_o)=1.0 feature(v@1)=1.0 feature(o)=1.0  span[96..97], v feature(e@1_&amp;_t@2_&amp;_h@3)=1.0 feature(p@-3_&amp;_r@-2_&amp;_o@-1)=1.0 feature(v_&amp;_e@1_&amp;_t@2)=1.0 feature(r@-2_&amp;_o@-1_&amp;_v)=1.0 feature(v_&amp;_e@1)=1.0 feature(o@-1_&amp;_v)=1.0 feature(e@1)=1.0 feature(v)=1.0  span[97..98], e feature(t@1_&amp;_h@2_&amp;_e@3)=1.0 feature(r@-3_&amp;_o@-2_&amp;_v@-1)=1.0 feature(e_&amp;_t@1_&amp;_h@2)=1.0 feature(o@-2_&amp;_v@-1_&amp;_e)=1.0 feature(e_&amp;_t@1)=1.0 feature(v@-1_&amp;_e)=1.0 feature(t@1)=1.0 feature(e)=1.0  span[98..99], t feature(h@1_&amp;_e@2_&amp;_s@3)=1.0 feature(o@-3_&amp;_v@-2_&amp;_e@-1)=1.0 feature(t_&amp;_h@1_&amp;_e@2)=1.0 feature(v@-2_&amp;_e@-1_&amp;_t)=1.0 feature(t_&amp;_h@1)=1.0 feature(e@-1_&amp;_t)=1.0 feature(h@1)=1.0 feature(t)=1.0  span[100..101], h feature(e@1_&amp;_s@2_&amp;_o@3)=1.0 feature(v@-3_&amp;_e@-2_&amp;_t@-1)=1.0 feature(h_&amp;_e@1_&amp;_s@2)=1.0 feature(e@-2_&amp;_t@-1_&amp;_h)=1.0 feature(h_&amp;_e@1)=1.0 feature(t@-1_&amp;_h)=1.0 feature(e@1)=1.0 feature(h)=1.0  span[101..102], e feature(s@1_&amp;_o@2_&amp;_f@3)=1.0 feature(e@-3_&amp;_t@-2_&amp;_h@-1)=1.0 feature(e_&amp;_s@1_&amp;_o@2)=1.0 feature(t@-2_&amp;_h@-1_&amp;_e)=1.0 feature(e_&amp;_s@1)=1.0 feature(h@-1_&amp;_e)=1.0 feature(s@1)=1.0 feature(e)=1.0  span[102..103], s feature(o@1_&amp;_f@2_&amp;_t@3)=1.0 feature(t@-3_&amp;_h@-2_&amp;_e@-1)=1.0 feature(s_&amp;_o@1_&amp;_f@2)=1.0 feature(h@-2_&amp;_e@-1_&amp;_s)=1.0 feature(s_&amp;_o@1)=1.0 feature(e@-1_&amp;_s)=1.0 feature(o@1)=1.0 feature(s)=1.0  span[104..105], o feature(f@1_&amp;_t@2_&amp;_w@3)=1.0 feature(h@-3_&amp;_e@-2_&amp;_s@-1)=1.0 feature(o_&amp;_f@1_&amp;_t@2)=1.0 feature(e@-2_&amp;_s@-1_&amp;_o)=1.0 feature(o_&amp;_f@1)=1.0 feature(s@-1_&amp;_o)=1.0 feature(f@1)=1.0 feature(o)=1.0  span[105..106], f feature(t@1_&amp;_w@2_&amp;_a@3)=1.0 feature(e@-3_&amp;_s@-2_&amp;_o@-1)=1.0 feature(f_&amp;_t@1_&amp;_w@2)=1.0 feature(s@-2_&amp;_o@-1_&amp;_f)=1.0 feature(f_&amp;_t@1)=1.0 feature(o@-1_&amp;_f)=1.0 feature(t@1)=1.0 feature(f)=1.0  span[106..107], t feature(w@1_&amp;_a@2_&amp;_r@3)=1.0 feature(s@-3_&amp;_o@-2_&amp;_f@-1)=1.0 feature(t_&amp;_w@1_&amp;_a@2)=1.0 feature(o@-2_&amp;_f@-1_&amp;_t)=1.0 feature(t_&amp;_w@1)=1.0 feature(f@-1_&amp;_t)=1.0 feature(w@1)=1.0 feature(t)=1.0  span[107..108], w feature(a@1_&amp;_r@2_&amp;_e@3)=1.0 feature(o@-3_&amp;_f@-2_&amp;_t@-1)=1.0 feature(w_&amp;_a@1_&amp;_r@2)=1.0 feature(f@-2_&amp;_t@-1_&amp;_w)=1.0 feature(w_&amp;_a@1)=1.0 feature(t@-1_&amp;_w)=1.0 feature(a@1)=1.0 feature(w)=1.0  span[108..109], a feature(r@1_&amp;_e@2_&amp;_.@3)=1.0 feature(f@-3_&amp;_t@-2_&amp;_w@-1)=1.0 feature(a_&amp;_r@1_&amp;_e@2)=1.0 feature(t@-2_&amp;_w@-1_&amp;_a)=1.0 feature(a_&amp;_r@1)=1.0 feature(w@-1_&amp;_a)=1.0 feature(r@1)=1.0 feature(a)=1.0  span[109..110], r feature(e@1_&amp;_.@2_&amp;_m@3)=1.0 feature(t@-3_&amp;_w@-2_&amp;_a@-1)=1.0 feature(r_&amp;_e@1_&amp;_.@2)=1.0 feature(w@-2_&amp;_a@-1_&amp;_r)=1.0 feature(r_&amp;_e@1)=1.0 feature(a@-1_&amp;_r)=1.0 feature(e@1)=1.0 feature(r)=1.0  span[110..111], e feature(.@1_&amp;_m@2_&amp;_o@3)=1.0 feature(w@-3_&amp;_a@-2_&amp;_r@-1)=1.0 feature(e_&amp;_.@1_&amp;_m@2)=1.0 feature(a@-2_&amp;_r@-1_&amp;_e)=1.0 feature(e_&amp;_.@1)=1.0 feature(r@-1_&amp;_e)=1.0 feature(.@1)=1.0 feature(e)=1.0  span[111..112], . feature(m@1_&amp;_o@2_&amp;_r@3)=1.0 feature(a@-3_&amp;_r@-2_&amp;_e@-1)=1.0 feature(._&amp;_m@1_&amp;_o@2)=1.0 feature(r@-2_&amp;_e@-1_&amp;_.)=1.0 feature(._&amp;_m@1)=1.0 feature(e@-1_&amp;_.)=1.0 feature(m@1)=1.0 feature(.)=1.0  span[112..113], m feature(o@1_&amp;_r@2_&amp;_e@3)=1.0 feature(r@-3_&amp;_e@-2_&amp;_.@-1)=1.0 feature(m_&amp;_o@1_&amp;_r@2)=1.0 feature(e@-2_&amp;_.@-1_&amp;_m)=1.0 feature(m_&amp;_o@1)=1.0 feature(.@-1_&amp;_m)=1.0 feature(o@1)=1.0 feature(m)=1.0  span[114..115], o feature(r@1_&amp;_e@2_&amp;_p@3)=1.0 feature(e@-3_&amp;_.@-2_&amp;_m@-1)=1.0 feature(o_&amp;_r@1_&amp;_e@2)=1.0 feature(.@-2_&amp;_m@-1_&amp;_o)=1.0 feature(o_&amp;_r@1)=1.0 feature(m@-1_&amp;_o)=1.0 feature(r@1)=1.0 feature(o)=1.0  span[115..116], r feature(e@1_&amp;_p@2_&amp;_r@3)=1.0 feature(.@-3_&amp;_m@-2_&amp;_o@-1)=1.0 feature(r_&amp;_e@1_&amp;_p@2)=1.0 feature(m@-2_&amp;_o@-1_&amp;_r)=1.0 feature(r_&amp;_e@1)=1.0 feature(o@-1_&amp;_r)=1.0 feature(e@1)=1.0 feature(r)=1.0  span[116..117], e feature(p@1_&amp;_r@2_&amp;_e@3)=1.0 feature(m@-3_&amp;_o@-2_&amp;_r@-1)=1.0 feature(e_&amp;_p@1_&amp;_r@2)=1.0 feature(o@-2_&amp;_r@-1_&amp;_e)=1.0 feature(e_&amp;_p@1)=1.0 feature(r@-1_&amp;_e)=1.0 feature(p@1)=1.0 feature(e)=1.0  span[117..118], p feature(r@1_&amp;_e@2_&amp;_c@3)=1.0 feature(o@-3_&amp;_r@-2_&amp;_e@-1)=1.0 feature(p_&amp;_r@1_&amp;_e@2)=1.0 feature(r@-2_&amp;_e@-1_&amp;_p)=1.0 feature(p_&amp;_r@1)=1.0 feature(e@-1_&amp;_p)=1.0 feature(r@1)=1.0 feature(p)=1.0  span[119..120], r feature(e@1_&amp;_c@2_&amp;_i@3)=1.0 feature(r@-3_&amp;_e@-2_&amp;_p@-1)=1.0 feature(r_&amp;_e@1_&amp;_c@2)=1.0 feature(e@-2_&amp;_p@-1_&amp;_r)=1.0 feature(r_&amp;_e@1)=1.0 feature(p@-1_&amp;_r)=1.0 feature(e@1)=1.0 feature(r)=1.0  span[120..121], e feature(c@1_&amp;_i@2_&amp;_s@3)=1.0 feature(e@-3_&amp;_p@-2_&amp;_r@-1)=1.0 feature(e_&amp;_c@1_&amp;_i@2)=1.0 feature(p@-2_&amp;_r@-1_&amp;_e)=1.0 feature(e_&amp;_c@1)=1.0 feature(r@-1_&amp;_e)=1.0 feature(c@1)=1.0 feature(e)=1.0  span[121..122], c feature(i@1_&amp;_s@2_&amp;_e@3)=1.0 feature(p@-3_&amp;_r@-2_&amp;_e@-1)=1.0 feature(c_&amp;_i@1_&amp;_s@2)=1.0 feature(r@-2_&amp;_e@-1_&amp;_c)=1.0 feature(c_&amp;_i@1)=1.0 feature(e@-1_&amp;_c)=1.0 feature(i@1)=1.0 feature(c)=1.0  span[122..123], i feature(s@1_&amp;_e@2_&amp;_l@3)=1.0 feature(r@-3_&amp;_e@-2_&amp;_c@-1)=1.0 feature(i_&amp;_s@1_&amp;_e@2)=1.0 feature(e@-2_&amp;_c@-1_&amp;_i)=1.0 feature(i_&amp;_s@1)=1.0 feature(c@-1_&amp;_i)=1.0 feature(s@1)=1.0 feature(i)=1.0  span[123..124], s feature(e@1_&amp;_l@2_&amp;_y@3)=1.0 feature(e@-3_&amp;_c@-2_&amp;_i@-1)=1.0 feature(s_&amp;_e@1_&amp;_l@2)=1.0 feature(c@-2_&amp;_i@-1_&amp;_s)=1.0 feature(s_&amp;_e@1)=1.0 feature(i@-1_&amp;_s)=1.0 feature(e@1)=1.0 feature(s)=1.0  span[124..125], e feature(l@1_&amp;_y@2_&amp;_,@3)=1.0 feature(c@-3_&amp;_i@-2_&amp;_s@-1)=1.0 feature(e_&amp;_l@1_&amp;_y@2)=1.0 feature(i@-2_&amp;_s@-1_&amp;_e)=1.0 feature(e_&amp;_l@1)=1.0 feature(s@-1_&amp;_e)=1.0 feature(l@1)=1.0 feature(e)=1.0  span[125..126], l feature(y@1_&amp;_,@2_&amp;_i@3)=1.0 feature(i@-3_&amp;_s@-2_&amp;_e@-1)=1.0 feature(l_&amp;_y@1_&amp;_,@2)=1.0 feature(s@-2_&amp;_e@-1_&amp;_l)=1.0 feature(l_&amp;_y@1)=1.0 feature(e@-1_&amp;_l)=1.0 feature(y@1)=1.0 feature(l)=1.0  span[126..127], y feature(,@1_&amp;_i@2_&amp;_t@3)=1.0 feature(s@-3_&amp;_e@-2_&amp;_l@-1)=1.0 feature(y_&amp;_,@1_&amp;_i@2)=1.0 feature(e@-2_&amp;_l@-1_&amp;_y)=1.0 feature(y_&amp;_,@1)=1.0 feature(l@-1_&amp;_y)=1.0 feature(,@1)=1.0 feature(y)=1.0  span[127..128], , feature(i@1_&amp;_t@2_&amp;_r@3)=1.0 feature(e@-3_&amp;_l@-2_&amp;_y@-1)=1.0 feature(,_&amp;_i@1_&amp;_t@2)=1.0 feature(l@-2_&amp;_y@-1_&amp;_,)=1.0 feature(,_&amp;_i@1)=1.0 feature(y@-1_&amp;_,)=1.0 feature(i@1)=1.0 feature(,)=1.0  span[128..129], i feature(t@1_&amp;_r@2_&amp;_e@3)=1.0 feature(l@-3_&amp;_y@-2_&amp;_,@-1)=1.0 feature(i_&amp;_t@1_&amp;_r@2)=1.0 feature(y@-2_&amp;_,@-1_&amp;_i)=1.0 feature(i_&amp;_t@1)=1.0 feature(,@-1_&amp;_i)=1.0 feature(t@1)=1.0 feature(i)=1.0  span[130..131], t feature(r@1_&amp;_e@2_&amp;_f@3)=1.0 feature(y@-3_&amp;_,@-2_&amp;_i@-1)=1.0 feature(t_&amp;_r@1_&amp;_e@2)=1.0 feature(,@-2_&amp;_i@-1_&amp;_t)=1.0 feature(t_&amp;_r@1)=1.0 feature(i@-1_&amp;_t)=1.0 feature(r@1)=1.0 feature(t)=1.0  span[131..132], r feature(e@1_&amp;_f@2_&amp;_e@3)=1.0 feature(,@-3_&amp;_i@-2_&amp;_t@-1)=1.0 feature(r_&amp;_e@1_&amp;_f@2)=1.0 feature(i@-2_&amp;_t@-1_&amp;_r)=1.0 feature(r_&amp;_e@1)=1.0 feature(t@-1_&amp;_r)=1.0 feature(e@1)=1.0 feature(r)=1.0  span[133..134], e feature(f@1_&amp;_e@2_&amp;_r@3)=1.0 feature(i@-3_&amp;_t@-2_&amp;_r@-1)=1.0 feature(e_&amp;_f@1_&amp;_e@2)=1.0 feature(t@-2_&amp;_r@-1_&amp;_e)=1.0 feature(e_&amp;_f@1)=1.0 feature(r@-1_&amp;_e)=1.0 feature(f@1)=1.0 feature(e)=1.0  span[134..135], f feature(e@1_&amp;_r@2_&amp;_s@3)=1.0 feature(t@-3_&amp;_r@-2_&amp;_e@-1)=1.0 feature(f_&amp;_e@1_&amp;_r@2)=1.0 feature(r@-2_&amp;_e@-1_&amp;_f)=1.0 feature(f_&amp;_e@1)=1.0 feature(e@-1_&amp;_f)=1.0 feature(e@1)=1.0 feature(f)=1.0  span[135..136], e feature(r@1_&amp;_s@2_&amp;_t@3)=1.0 feature(r@-3_&amp;_e@-2_&amp;_f@-1)=1.0 feature(e_&amp;_r@1_&amp;_s@2)=1.0 feature(e@-2_&amp;_f@-1_&amp;_e)=1.0 feature(e_&amp;_r@1)=1.0 feature(f@-1_&amp;_e)=1.0 feature(r@1)=1.0 feature(e)=1.0  span[136..137], r feature(s@1_&amp;_t@2_&amp;_o@3)=1.0 feature(e@-3_&amp;_f@-2_&amp;_e@-1)=1.0 feature(r_&amp;_s@1_&amp;_t@2)=1.0 feature(f@-2_&amp;_e@-1_&amp;_r)=1.0 feature(r_&amp;_s@1)=1.0 feature(e@-1_&amp;_r)=1.0 feature(s@1)=1.0 feature(r)=1.0  span[137..138], s feature(t@1_&amp;_o@2_&amp;_f@3)=1.0 feature(f@-3_&amp;_e@-2_&amp;_r@-1)=1.0 feature(s_&amp;_t@1_&amp;_o@2)=1.0 feature(e@-2_&amp;_r@-1_&amp;_s)=1.0 feature(s_&amp;_t@1)=1.0 feature(r@-1_&amp;_s)=1.0 feature(t@1)=1.0 feature(s)=1.0  span[138..139], t feature(o@1_&amp;_f@2_&amp;_o@3)=1.0 feature(e@-3_&amp;_r@-2_&amp;_s@-1)=1.0 feature(t_&amp;_o@1_&amp;_f@2)=1.0 feature(r@-2_&amp;_s@-1_&amp;_t)=1.0 feature(t_&amp;_o@1)=1.0 feature(s@-1_&amp;_t)=1.0 feature(o@1)=1.0 feature(t)=1.0  span[140..141], o feature(f@1_&amp;_o@2_&amp;_u@3)=1.0 feature(r@-3_&amp;_s@-2_&amp;_t@-1)=1.0 feature(o_&amp;_f@1_&amp;_o@2)=1.0 feature(s@-2_&amp;_t@-1_&amp;_o)=1.0 feature(o_&amp;_f@1)=1.0 feature(t@-1_&amp;_o)=1.0 feature(f@1)=1.0 feature(o)=1.0  span[141..142], f feature(o@1_&amp;_u@2_&amp;_r@3)=1.0 feature(s@-3_&amp;_t@-2_&amp;_o@-1)=1.0 feature(f_&amp;_o@1_&amp;_u@2)=1.0 feature(t@-2_&amp;_o@-1_&amp;_f)=1.0 feature(f_&amp;_o@1)=1.0 feature(o@-1_&amp;_f)=1.0 feature(o@1)=1.0 feature(f)=1.0  span[143..144], o feature(u@1_&amp;_r@2_&amp;_k@3)=1.0 feature(t@-3_&amp;_o@-2_&amp;_f@-1)=1.0 feature(o_&amp;_u@1_&amp;_r@2)=1.0 feature(o@-2_&amp;_f@-1_&amp;_o)=1.0 feature(o_&amp;_u@1)=1.0 feature(f@-1_&amp;_o)=1.0 feature(u@1)=1.0 feature(o)=1.0  span[144..145], u feature(r@1_&amp;_k@2_&amp;_i@3)=1.0 feature(o@-3_&amp;_f@-2_&amp;_o@-1)=1.0 feature(u_&amp;_r@1_&amp;_k@2)=1.0 feature(f@-2_&amp;_o@-1_&amp;_u)=1.0 feature(u_&amp;_r@1)=1.0 feature(o@-1_&amp;_u)=1.0 feature(r@1)=1.0 feature(u)=1.0  span[145..146], r feature(k@1_&amp;_i@2_&amp;_n@3)=1.0 feature(f@-3_&amp;_o@-2_&amp;_u@-1)=1.0 feature(r_&amp;_k@1_&amp;_i@2)=1.0 feature(o@-2_&amp;_u@-1_&amp;_r)=1.0 feature(r_&amp;_k@1)=1.0 feature(u@-1_&amp;_r)=1.0 feature(k@1)=1.0 feature(r)=1.0  span[146..147], k feature(i@1_&amp;_n@2_&amp;_d@3)=1.0 feature(o@-3_&amp;_u@-2_&amp;_r@-1)=1.0 feature(k_&amp;_i@1_&amp;_n@2)=1.0 feature(u@-2_&amp;_r@-1_&amp;_k)=1.0 feature(k_&amp;_i@1)=1.0 feature(r@-1_&amp;_k)=1.0 feature(i@1)=1.0 feature(k)=1.0  span[148..149], i feature(n@1_&amp;_d@2_&amp;_s@3)=1.0 feature(u@-3_&amp;_r@-2_&amp;_k@-1)=1.0 feature(i_&amp;_n@1_&amp;_d@2)=1.0 feature(r@-2_&amp;_k@-1_&amp;_i)=1.0 feature(i_&amp;_n@1)=1.0 feature(k@-1_&amp;_i)=1.0 feature(n@1)=1.0 feature(i)=1.0  span[149..150], n feature(d@1_&amp;_s@2_&amp;_o@3)=1.0 feature(r@-3_&amp;_k@-2_&amp;_i@-1)=1.0 feature(n_&amp;_d@1_&amp;_s@2)=1.0 feature(k@-2_&amp;_i@-1_&amp;_n)=1.0 feature(n_&amp;_d@1)=1.0 feature(i@-1_&amp;_n)=1.0 feature(d@1)=1.0 feature(n)=1.0  span[150..151], d feature(s@1_&amp;_o@2_&amp;_f@3)=1.0 feature(k@-3_&amp;_i@-2_&amp;_n@-1)=1.0 feature(d_&amp;_s@1_&amp;_o@2)=1.0 feature(i@-2_&amp;_n@-1_&amp;_d)=1.0 feature(d_&amp;_s@1)=1.0 feature(n@-1_&amp;_d)=1.0 feature(s@1)=1.0 feature(d)=1.0  span[151..152], s feature(o@1_&amp;_f@2_&amp;_f@3)=1.0 feature(i@-3_&amp;_n@-2_&amp;_d@-1)=1.0 feature(s_&amp;_o@1_&amp;_f@2)=1.0 feature(n@-2_&amp;_d@-1_&amp;_s)=1.0 feature(s_&amp;_o@1)=1.0 feature(d@-1_&amp;_s)=1.0 feature(o@1)=1.0 feature(s)=1.0  span[152..153], o feature(f@1_&amp;_f@2_&amp;_r@3)=1.0 feature(n@-3_&amp;_d@-2_&amp;_s@-1)=1.0 feature(o_&amp;_f@1_&amp;_f@2)=1.0 feature(d@-2_&amp;_s@-1_&amp;_o)=1.0 feature(o_&amp;_f@1)=1.0 feature(s@-1_&amp;_o)=1.0 feature(f@1)=1.0 feature(o)=1.0  span[154..155], f feature(f@1_&amp;_r@2_&amp;_e@3)=1.0 feature(d@-3_&amp;_s@-2_&amp;_o@-1)=1.0 feature(f_&amp;_f@1_&amp;_r@2)=1.0 feature(s@-2_&amp;_o@-1_&amp;_f)=1.0 feature(f_&amp;_f@1)=1.0 feature(o@-1_&amp;_f)=1.0 feature(f@1)=1.0 feature(f)=1.0  span[155..156], f feature(r@1_&amp;_e@2_&amp;_e@3)=1.0 feature(s@-3_&amp;_o@-2_&amp;_f@-1)=1.0 feature(f_&amp;_r@1_&amp;_e@2)=1.0 feature(o@-2_&amp;_f@-1_&amp;_f)=1.0 feature(f_&amp;_r@1)=1.0 feature(f@-1_&amp;_f)=1.0 feature(r@1)=1.0 feature(f)=1.0  span[157..158], r feature(e@1_&amp;_e@2_&amp;_d@3)=1.0 feature(o@-3_&amp;_f@-2_&amp;_f@-1)=1.0 feature(r_&amp;_e@1_&amp;_e@2)=1.0 feature(f@-2_&amp;_f@-1_&amp;_r)=1.0 feature(r_&amp;_e@1)=1.0 feature(f@-1_&amp;_r)=1.0 feature(e@1)=1.0 feature(r)=1.0  span[158..159], e feature(e@1_&amp;_d@2_&amp;_o@3)=1.0 feature(f@-3_&amp;_f@-2_&amp;_r@-1)=1.0 feature(e_&amp;_e@1_&amp;_d@2)=1.0 feature(f@-2_&amp;_r@-1_&amp;_e)=1.0 feature(e_&amp;_e@1)=1.0 feature(r@-1_&amp;_e)=1.0 feature(e@1)=1.0 feature(e)=1.0  span[159..160], e feature(d@1_&amp;_o@2_&amp;_m@3)=1.0 feature(f@-3_&amp;_r@-2_&amp;_e@-1)=1.0 feature(e_&amp;_d@1_&amp;_o@2)=1.0 feature(r@-2_&amp;_e@-1_&amp;_e)=1.0 feature(e_&amp;_d@1)=1.0 feature(e@-1_&amp;_e)=1.0 feature(d@1)=1.0 feature(e)=1.0  span[160..161], d feature(o@1_&amp;_m@2_&amp;_,@3)=1.0 feature(r@-3_&amp;_e@-2_&amp;_e@-1)=1.0 feature(d_&amp;_o@1_&amp;_m@2)=1.0 feature(e@-2_&amp;_e@-1_&amp;_d)=1.0 feature(d_&amp;_o@1)=1.0 feature(e@-1_&amp;_d)=1.0 feature(o@1)=1.0 feature(d)=1.0  span[161..162], o feature(m@1_&amp;_,@2_&amp;_f@3)=1.0 feature(e@-3_&amp;_e@-2_&amp;_d@-1)=1.0 feature(o_&amp;_m@1_&amp;_,@2)=1.0 feature(e@-2_&amp;_d@-1_&amp;_o)=1.0 feature(o_&amp;_m@1)=1.0 feature(d@-1_&amp;_o)=1.0 feature(m@1)=1.0 feature(o)=1.0  span[162..163], m feature(,@1_&amp;_f@2_&amp;_o@3)=1.0 feature(e@-3_&amp;_d@-2_&amp;_o@-1)=1.0 feature(m_&amp;_,@1_&amp;_f@2)=1.0 feature(d@-2_&amp;_o@-1_&amp;_m)=1.0 feature(m_&amp;_,@1)=1.0 feature(o@-1_&amp;_m)=1.0 feature(,@1)=1.0 feature(m)=1.0  span[163..164], , feature(f@1_&amp;_o@2_&amp;_r@3)=1.0 feature(d@-3_&amp;_o@-2_&amp;_m@-1)=1.0 feature(,_&amp;_f@1_&amp;_o@2)=1.0 feature(o@-2_&amp;_m@-1_&amp;_,)=1.0 feature(,_&amp;_f@1)=1.0 feature(m@-1_&amp;_,)=1.0 feature(f@1)=1.0 feature(,)=1.0  span[164..165], f feature(o@1_&amp;_r@2_&amp;_t@3)=1.0 feature(o@-3_&amp;_m@-2_&amp;_,@-1)=1.0 feature(f_&amp;_o@1_&amp;_r@2)=1.0 feature(m@-2_&amp;_,@-1_&amp;_f)=1.0 feature(f_&amp;_o@1)=1.0 feature(,@-1_&amp;_f)=1.0 feature(o@1)=1.0 feature(f)=1.0  span[166..167], o feature(r@1_&amp;_t@2_&amp;_h@3)=1.0 feature(m@-3_&amp;_,@-2_&amp;_f@-1)=1.0 feature(o_&amp;_r@1_&amp;_t@2)=1.0 feature(,@-2_&amp;_f@-1_&amp;_o)=1.0 feature(o_&amp;_r@1)=1.0 feature(f@-1_&amp;_o)=1.0 feature(r@1)=1.0 feature(o)=1.0  span[167..168], r feature(t@1_&amp;_h@2_&amp;_e@3)=1.0 feature(,@-3_&amp;_f@-2_&amp;_o@-1)=1.0 feature(r_&amp;_t@1_&amp;_h@2)=1.0 feature(f@-2_&amp;_o@-1_&amp;_r)=1.0 feature(r_&amp;_t@1)=1.0 feature(o@-1_&amp;_r)=1.0 feature(t@1)=1.0 feature(r)=1.0  span[168..169], t feature(h@1_&amp;_e@2_&amp;_u@3)=1.0 feature(f@-3_&amp;_o@-2_&amp;_r@-1)=1.0 feature(t_&amp;_h@1_&amp;_e@2)=1.0 feature(o@-2_&amp;_r@-1_&amp;_t)=1.0 feature(t_&amp;_h@1)=1.0 feature(r@-1_&amp;_t)=1.0 feature(h@1)=1.0 feature(t)=1.0  span[170..171], h feature(e@1_&amp;_u@2_&amp;_s@3)=1.0 feature(o@-3_&amp;_r@-2_&amp;_t@-1)=1.0 feature(h_&amp;_e@1_&amp;_u@2)=1.0 feature(r@-2_&amp;_t@-1_&amp;_h)=1.0 feature(h_&amp;_e@1)=1.0 feature(t@-1_&amp;_h)=1.0 feature(e@1)=1.0 feature(h)=1.0  span[171..172], e feature(u@1_&amp;_s@2_&amp;_e@3)=1.0 feature(r@-3_&amp;_t@-2_&amp;_h@-1)=1.0 feature(e_&amp;_u@1_&amp;_s@2)=1.0 feature(t@-2_&amp;_h@-1_&amp;_e)=1.0 feature(e_&amp;_u@1)=1.0 feature(h@-1_&amp;_e)=1.0 feature(u@1)=1.0 feature(e)=1.0  span[172..173], u feature(s@1_&amp;_e@2_&amp;_r@3)=1.0 feature(t@-3_&amp;_h@-2_&amp;_e@-1)=1.0 feature(u_&amp;_s@1_&amp;_e@2)=1.0 feature(h@-2_&amp;_e@-1_&amp;_u)=1.0 feature(u_&amp;_s@1)=1.0 feature(e@-1_&amp;_u)=1.0 feature(s@1)=1.0 feature(u)=1.0  span[174..175], s feature(e@1_&amp;_r@2_&amp;_s@3)=1.0 feature(h@-3_&amp;_e@-2_&amp;_u@-1)=1.0 feature(s_&amp;_e@1_&amp;_r@2)=1.0 feature(e@-2_&amp;_u@-1_&amp;_s)=1.0 feature(s_&amp;_e@1)=1.0 feature(u@-1_&amp;_s)=1.0 feature(e@1)=1.0 feature(s)=1.0  span[175..176], e feature(r@1_&amp;_s@2_&amp;_o@3)=1.0 feature(e@-3_&amp;_u@-2_&amp;_s@-1)=1.0 feature(e_&amp;_r@1_&amp;_s@2)=1.0 feature(u@-2_&amp;_s@-1_&amp;_e)=1.0 feature(e_&amp;_r@1)=1.0 feature(s@-1_&amp;_e)=1.0 feature(r@1)=1.0 feature(e)=1.0  span[176..177], r feature(s@1_&amp;_o@2_&amp;_f@3)=1.0 feature(u@-3_&amp;_s@-2_&amp;_e@-1)=1.0 feature(r_&amp;_s@1_&amp;_o@2)=1.0 feature(s@-2_&amp;_e@-1_&amp;_r)=1.0 feature(r_&amp;_s@1)=1.0 feature(e@-1_&amp;_r)=1.0 feature(s@1)=1.0 feature(r)=1.0  span[177..178], s feature(o@1_&amp;_f@2_&amp;_t@3)=1.0 feature(s@-3_&amp;_e@-2_&amp;_r@-1)=1.0 feature(s_&amp;_o@1_&amp;_f@2)=1.0 feature(e@-2_&amp;_r@-1_&amp;_s)=1.0 feature(s_&amp;_o@1)=1.0 feature(r@-1_&amp;_s)=1.0 feature(o@1)=1.0 feature(s)=1.0  span[178..179], o feature(f@1_&amp;_t@2_&amp;_h@3)=1.0 feature(e@-3_&amp;_r@-2_&amp;_s@-1)=1.0 feature(o_&amp;_f@1_&amp;_t@2)=1.0 feature(r@-2_&amp;_s@-1_&amp;_o)=1.0 feature(o_&amp;_f@1)=1.0 feature(s@-1_&amp;_o)=1.0 feature(f@1)=1.0 feature(o)=1.0  span[180..181], f feature(t@1_&amp;_h@2_&amp;_e@3)=1.0 feature(r@-3_&amp;_s@-2_&amp;_o@-1)=1.0 feature(f_&amp;_t@1_&amp;_h@2)=1.0 feature(s@-2_&amp;_o@-1_&amp;_f)=1.0 feature(f_&amp;_t@1)=1.0 feature(o@-1_&amp;_f)=1.0 feature(t@1)=1.0 feature(f)=1.0  span[181..182], t feature(h@1_&amp;_e@2_&amp;_s@3)=1.0 feature(s@-3_&amp;_o@-2_&amp;_f@-1)=1.0 feature(t_&amp;_h@1_&amp;_e@2)=1.0 feature(o@-2_&amp;_f@-1_&amp;_t)=1.0 feature(t_&amp;_h@1)=1.0 feature(f@-1_&amp;_t)=1.0 feature(h@1)=1.0 feature(t)=1.0  span[183..184], h feature(e@1_&amp;_s@2_&amp;_o@3)=1.0 feature(o@-3_&amp;_f@-2_&amp;_t@-1)=1.0 feature(h_&amp;_e@1_&amp;_s@2)=1.0 feature(f@-2_&amp;_t@-1_&amp;_h)=1.0 feature(h_&amp;_e@1)=1.0 feature(t@-1_&amp;_h)=1.0 feature(e@1)=1.0 feature(h)=1.0  span[184..185], e feature(s@1_&amp;_o@2_&amp;_f@3)=1.0 feature(f@-3_&amp;_t@-2_&amp;_h@-1)=1.0 feature(e_&amp;_s@1_&amp;_o@2)=1.0 feature(t@-2_&amp;_h@-1_&amp;_e)=1.0 feature(e_&amp;_s@1)=1.0 feature(h@-1_&amp;_e)=1.0 feature(s@1)=1.0 feature(e)=1.0  span[185..186], s feature(o@1_&amp;_f@2_&amp;_t@3)=1.0 feature(t@-3_&amp;_h@-2_&amp;_e@-1)=1.0 feature(s_&amp;_o@1_&amp;_f@2)=1.0 feature(h@-2_&amp;_e@-1_&amp;_s)=1.0 feature(s_&amp;_o@1)=1.0 feature(e@-1_&amp;_s)=1.0 feature(o@1)=1.0 feature(s)=1.0  span[187..188], o feature(f@1_&amp;_t@2_&amp;_w@3)=1.0 feature(h@-3_&amp;_e@-2_&amp;_s@-1)=1.0 feature(o_&amp;_f@1_&amp;_t@2)=1.0 feature(e@-2_&amp;_s@-1_&amp;_o)=1.0 feature(o_&amp;_f@1)=1.0 feature(s@-1_&amp;_o)=1.0 feature(f@1)=1.0 feature(o)=1.0  span[188..189], f feature(t@1_&amp;_w@2_&amp;_a@3)=1.0 feature(e@-3_&amp;_s@-2_&amp;_o@-1)=1.0 feature(f_&amp;_t@1_&amp;_w@2)=1.0 feature(s@-2_&amp;_o@-1_&amp;_f)=1.0 feature(f_&amp;_t@1)=1.0 feature(o@-1_&amp;_f)=1.0 feature(t@1)=1.0 feature(f)=1.0  span[189..190], t feature(w@1_&amp;_a@2_&amp;_r@3)=1.0 feature(s@-3_&amp;_o@-2_&amp;_f@-1)=1.0 feature(t_&amp;_w@1_&amp;_a@2)=1.0 feature(o@-2_&amp;_f@-1_&amp;_t)=1.0 feature(t_&amp;_w@1)=1.0 feature(f@-1_&amp;_t)=1.0 feature(w@1)=1.0 feature(t)=1.0  span[190..191], w feature(a@1_&amp;_r@2_&amp;_e@3)=1.0 feature(o@-3_&amp;_f@-2_&amp;_t@-1)=1.0 feature(w_&amp;_a@1_&amp;_r@2)=1.0 feature(f@-2_&amp;_t@-1_&amp;_w)=1.0 feature(w_&amp;_a@1)=1.0 feature(t@-1_&amp;_w)=1.0 feature(a@1)=1.0 feature(w)=1.0  span[191..192], a feature(r@1_&amp;_e@2_&amp;_.@3)=1.0 feature(f@-3_&amp;_t@-2_&amp;_w@-1)=1.0 feature(a_&amp;_r@1_&amp;_e@2)=1.0 feature(t@-2_&amp;_w@-1_&amp;_a)=1.0 feature(a_&amp;_r@1)=1.0 feature(w@-1_&amp;_a)=1.0 feature(r@1)=1.0 feature(a)=1.0  span[192..193], r feature(e@1_&amp;_.@2_&amp;_&lt;END0&gt;@3)=1.0 feature(t@-3_&amp;_w@-2_&amp;_a@-1)=1.0 feature(r_&amp;_e@1_&amp;_.@2)=1.0 feature(w@-2_&amp;_a@-1_&amp;_r)=1.0 feature(r_&amp;_e@1)=1.0 feature(a@-1_&amp;_r)=1.0 feature(e@1)=1.0 feature(r)=1.0  span[193..194], e feature(.@1_&amp;_&lt;END0&gt;@2_&amp;_&lt;END1&gt;@3)=1.0 feature(w@-3_&amp;_a@-2_&amp;_r@-1)=1.0 feature(e_&amp;_.@1_&amp;_&lt;END0&gt;@2)=1.0 feature(a@-2_&amp;_r@-1_&amp;_e)=1.0 feature(e_&amp;_.@1)=1.0 feature(r@-1_&amp;_e)=1.0 feature(.@1)=1.0 feature(e)=1.0  span[194..195], . feature(&lt;END0&gt;@1_&amp;_&lt;END1&gt;@2_&amp;_&lt;END2&gt;@3)=1.0 feature(a@-3_&amp;_r@-2_&amp;_e@-1)=1.0 feature(._&amp;_&lt;END0&gt;@1_&amp;_&lt;END1&gt;@2)=1.0 feature(r@-2_&amp;_e@-1_&amp;_.)=1.0 feature(._&amp;_&lt;END0&gt;@1)=1.0 feature(e@-1_&amp;_.)=1.0 feature(&lt;END0&gt;@1)=1.0 feature(.)=1.0  span[195..196]]
Token#0:f feature(r@1_&amp;_e@2_&amp;_e@3)=1.0 feature(&lt;START2&gt;@-3_&amp;_&lt;START1&gt;@-2_&amp;_&lt;START0&gt;@-1)=1.0 feature(f_&amp;_r@1_&amp;_e@2)=1.0 feature(&lt;START1&gt;@-2_&amp;_&lt;START0&gt;@-1_&amp;_f)=1.0 feature(f_&amp;_r@1)=1.0 feature(&lt;START0&gt;@-1_&amp;_f)=1.0 feature(r@1)=1.0 feature(f)=1.0  span[0..1]
Token#1:r feature(e@1_&amp;_e@2_&amp;_s@3)=1.0 feature(&lt;START1&gt;@-3_&amp;_&lt;START0&gt;@-2_&amp;_f@-1)=1.0 feature(r_&amp;_e@1_&amp;_e@2)=1.0 feature(&lt;START0&gt;@-2_&amp;_f@-1_&amp;_r)=1.0 feature(r_&amp;_e@1)=1.0 feature(f@-1_&amp;_r)=1.0 feature(e@1)=1.0 feature(r)=1.0  span[1..2]
Token#2:e feature(e@1_&amp;_s@2_&amp;_o@3)=1.0 feature(&lt;START0&gt;@-3_&amp;_f@-2_&amp;_r@-1)=1.0 feature(e_&amp;_e@1_&amp;_s@2)=1.0 feature(f@-2_&amp;_r@-1_&amp;_e)=1.0 feature(e_&amp;_e@1)=1.0 feature(r@-1_&amp;_e)=1.0 feature(e@1)=1.0 feature(e)=1.0  span[2..3]
Token#3:e feature(s@1_&amp;_o@2_&amp;_f@3)=1.0 feature(f@-3_&amp;_r@-2_&amp;_e@-1)=1.0 feature(e_&amp;_s@1_&amp;_o@2)=1.0 feature(r@-2_&amp;_e@-1_&amp;_e)=1.0 feature(e_&amp;_s@1)=1.0 feature(e@-1_&amp;_e)=1.0 feature(s@1)=1.0 feature(e)=1.0  span[3..4]
Token#4:s feature(o@1_&amp;_f@2_&amp;_t@3)=1.0 feature(r@-3_&amp;_e@-2_&amp;_e@-1)=1.0 feature(s_&amp;_o@1_&amp;_f@2)=1.0 feature(e@-2_&amp;_e@-1_&amp;_s)=1.0 feature(s_&amp;_o@1)=1.0 feature(e@-1_&amp;_s)=1.0 feature(o@1)=1.0 feature(s)=1.0  span[5..6]
Token#5:o feature(f@1_&amp;_t@2_&amp;_w@3)=1.0 feature(e@-3_&amp;_e@-2_&amp;_s@-1)=1.0 feature(o_&amp;_f@1_&amp;_t@2)=1.0 feature(e@-2_&amp;_s@-1_&amp;_o)=1.0 feature(o_&amp;_f@1)=1.0 feature(s@-1_&amp;_o)=1.0 feature(f@1)=1.0 feature(o)=1.0  span[6..7]
Token#6:f feature(t@1_&amp;_w@2_&amp;_a@3)=1.0 feature(e@-3_&amp;_s@-2_&amp;_o@-1)=1.0 feature(f_&amp;_t@1_&amp;_w@2)=1.0 feature(s@-2_&amp;_o@-1_&amp;_f)=1.0 feature(f_&amp;_t@1)=1.0 feature(o@-1_&amp;_f)=1.0 feature(t@1)=1.0 feature(f)=1.0  span[7..8]
Token#7:t feature(w@1_&amp;_a@2_&amp;_r@3)=1.0 feature(s@-3_&amp;_o@-2_&amp;_f@-1)=1.0 feature(t_&amp;_w@1_&amp;_a@2)=1.0 feature(o@-2_&amp;_f@-1_&amp;_t)=1.0 feature(t_&amp;_w@1)=1.0 feature(f@-1_&amp;_t)=1.0 feature(w@1)=1.0 feature(t)=1.0  span[8..9]
Token#8:w feature(a@1_&amp;_r@2_&amp;_e@3)=1.0 feature(o@-3_&amp;_f@-2_&amp;_t@-1)=1.0 feature(w_&amp;_a@1_&amp;_r@2)=1.0 feature(f@-2_&amp;_t@-1_&amp;_w)=1.0 feature(w_&amp;_a@1)=1.0 feature(t@-1_&amp;_w)=1.0 feature(a@1)=1.0 feature(w)=1.0  span[9..10]
Token#9:a feature(r@1_&amp;_e@2_&amp;_i@3)=1.0 feature(f@-3_&amp;_t@-2_&amp;_w@-1)=1.0 feature(a_&amp;_r@1_&amp;_e@2)=1.0 feature(t@-2_&amp;_w@-1_&amp;_a)=1.0 feature(a_&amp;_r@1)=1.0 feature(w@-1_&amp;_a)=1.0 feature(r@1)=1.0 feature(a)=1.0  span[10..11]
Token#10:r feature(e@1_&amp;_i@2_&amp;_s@3)=1.0 feature(t@-3_&amp;_w@-2_&amp;_a@-1)=1.0 feature(r_&amp;_e@1_&amp;_i@2)=1.0 feature(w@-2_&amp;_a@-1_&amp;_r)=1.0 feature(r_&amp;_e@1)=1.0 feature(a@-1_&amp;_r)=1.0 feature(e@1)=1.0 feature(r)=1.0  span[11..12]
Token#11:e feature(i@1_&amp;_s@2_&amp;_a@3)=1.0 feature(w@-3_&amp;_a@-2_&amp;_r@-1)=1.0 feature(e_&amp;_i@1_&amp;_s@2)=1.0 feature(a@-2_&amp;_r@-1_&amp;_e)=1.0 feature(e_&amp;_i@1)=1.0 feature(r@-1_&amp;_e)=1.0 feature(i@1)=1.0 feature(e)=1.0  span[12..13]
Token#12:i feature(s@1_&amp;_a@2_&amp;_m@3)=1.0 feature(a@-3_&amp;_r@-2_&amp;_e@-1)=1.0 feature(i_&amp;_s@1_&amp;_a@2)=1.0 feature(r@-2_&amp;_e@-1_&amp;_i)=1.0 feature(i_&amp;_s@1)=1.0 feature(e@-1_&amp;_i)=1.0 feature(s@1)=1.0 feature(i)=1.0  span[14..15]
Token#13:s feature(a@1_&amp;_m@2_&amp;_a@3)=1.0 feature(r@-3_&amp;_e@-2_&amp;_i@-1)=1.0 feature(s_&amp;_a@1_&amp;_m@2)=1.0 feature(e@-2_&amp;_i@-1_&amp;_s)=1.0 feature(s_&amp;_a@1)=1.0 feature(i@-1_&amp;_s)=1.0 feature(a@1)=1.0 feature(s)=1.0  span[15..16]
Token#14:a feature(m@1_&amp;_a@2_&amp;_t@3)=1.0 feature(e@-3_&amp;_i@-2_&amp;_s@-1)=1.0 feature(a_&amp;_m@1_&amp;_a@2)=1.0 feature(i@-2_&amp;_s@-1_&amp;_a)=1.0 feature(a_&amp;_m@1)=1.0 feature(s@-1_&amp;_a)=1.0 feature(m@1)=1.0 feature(a)=1.0  span[17..18]
Token#15:m feature(a@1_&amp;_t@2_&amp;_t@3)=1.0 feature(i@-3_&amp;_s@-2_&amp;_a@-1)=1.0 feature(m_&amp;_a@1_&amp;_t@2)=1.0 feature(s@-2_&amp;_a@-1_&amp;_m)=1.0 feature(m_&amp;_a@1)=1.0 feature(a@-1_&amp;_m)=1.0 feature(a@1)=1.0 feature(m)=1.0  span[19..20]
Token#16:a feature(t@1_&amp;_t@2_&amp;_e@3)=1.0 feature(s@-3_&amp;_a@-2_&amp;_m@-1)=1.0 feature(a_&amp;_t@1_&amp;_t@2)=1.0 feature(a@-2_&amp;_m@-1_&amp;_a)=1.0 feature(a_&amp;_t@1)=1.0 feature(m@-1_&amp;_a)=1.0 feature(t@1)=1.0 feature(a)=1.0  span[20..21]
Token#17:t feature(t@1_&amp;_e@2_&amp;_r@3)=1.0 feature(a@-3_&amp;_m@-2_&amp;_a@-1)=1.0 feature(t_&amp;_t@1_&amp;_e@2)=1.0 feature(m@-2_&amp;_a@-1_&amp;_t)=1.0 feature(t_&amp;_t@1)=1.0 feature(a@-1_&amp;_t)=1.0 feature(t@1)=1.0 feature(t)=1.0  span[21..22]
Token#18:t feature(e@1_&amp;_r@2_&amp;_o@3)=1.0 feature(m@-3_&amp;_a@-2_&amp;_t@-1)=1.0 feature(t_&amp;_e@1_&amp;_r@2)=1.0 feature(a@-2_&amp;_t@-1_&amp;_t)=1.0 feature(t_&amp;_e@1)=1.0 feature(t@-1_&amp;_t)=1.0 feature(e@1)=1.0 feature(t)=1.0  span[22..23]
Token#19:e feature(r@1_&amp;_o@2_&amp;_f@3)=1.0 feature(a@-3_&amp;_t@-2_&amp;_t@-1)=1.0 feature(e_&amp;_r@1_&amp;_o@2)=1.0 feature(t@-2_&amp;_t@-1_&amp;_e)=1.0 feature(e_&amp;_r@1)=1.0 feature(t@-1_&amp;_e)=1.0 feature(r@1)=1.0 feature(e)=1.0  span[23..24]
Token#20:r feature(o@1_&amp;_f@2_&amp;_t@3)=1.0 feature(t@-3_&amp;_t@-2_&amp;_e@-1)=1.0 feature(r_&amp;_o@1_&amp;_f@2)=1.0 feature(t@-2_&amp;_e@-1_&amp;_r)=1.0 feature(r_&amp;_o@1)=1.0 feature(e@-1_&amp;_r)=1.0 feature(o@1)=1.0 feature(r)=1.0  span[24..25]
Token#21:o feature(f@1_&amp;_t@2_&amp;_h@3)=1.0 feature(t@-3_&amp;_e@-2_&amp;_r@-1)=1.0 feature(o_&amp;_f@1_&amp;_t@2)=1.0 feature(e@-2_&amp;_r@-1_&amp;_o)=1.0 feature(o_&amp;_f@1)=1.0 feature(r@-1_&amp;_o)=1.0 feature(f@1)=1.0 feature(o)=1.0  span[26..27]
Token#22:f feature(t@1_&amp;_h@2_&amp;_e@3)=1.0 feature(e@-3_&amp;_r@-2_&amp;_o@-1)=1.0 feature(f_&amp;_t@1_&amp;_h@2)=1.0 feature(r@-2_&amp;_o@-1_&amp;_f)=1.0 feature(f_&amp;_t@1)=1.0 feature(o@-1_&amp;_f)=1.0 feature(t@1)=1.0 feature(f)=1.0  span[27..28]
Token#23:t feature(h@1_&amp;_e@2_&amp;_u@3)=1.0 feature(r@-3_&amp;_o@-2_&amp;_f@-1)=1.0 feature(t_&amp;_h@1_&amp;_e@2)=1.0 feature(o@-2_&amp;_f@-1_&amp;_t)=1.0 feature(t_&amp;_h@1)=1.0 feature(f@-1_&amp;_t)=1.0 feature(h@1)=1.0 feature(t)=1.0  span[29..30]
Token#24:h feature(e@1_&amp;_u@2_&amp;_s@3)=1.0 feature(o@-3_&amp;_f@-2_&amp;_t@-1)=1.0 feature(h_&amp;_e@1_&amp;_u@2)=1.0 feature(f@-2_&amp;_t@-1_&amp;_h)=1.0 feature(h_&amp;_e@1)=1.0 feature(t@-1_&amp;_h)=1.0 feature(e@1)=1.0 feature(h)=1.0  span[30..31]
Token#25:e feature(u@1_&amp;_s@2_&amp;_e@3)=1.0 feature(f@-3_&amp;_t@-2_&amp;_h@-1)=1.0 feature(e_&amp;_u@1_&amp;_s@2)=1.0 feature(t@-2_&amp;_h@-1_&amp;_e)=1.0 feature(e_&amp;_u@1)=1.0 feature(h@-1_&amp;_e)=1.0 feature(u@1)=1.0 feature(e)=1.0  span[31..32]
Token#26:u feature(s@1_&amp;_e@2_&amp;_r@3)=1.0 feature(t@-3_&amp;_h@-2_&amp;_e@-1)=1.0 feature(u_&amp;_s@1_&amp;_e@2)=1.0 feature(h@-2_&amp;_e@-1_&amp;_u)=1.0 feature(u_&amp;_s@1)=1.0 feature(e@-1_&amp;_u)=1.0 feature(s@1)=1.0 feature(u)=1.0  span[33..34]
Token#27:s feature(e@1_&amp;_r@2_&amp;_s@3)=1.0 feature(h@-3_&amp;_e@-2_&amp;_u@-1)=1.0 feature(s_&amp;_e@1_&amp;_r@2)=1.0 feature(e@-2_&amp;_u@-1_&amp;_s)=1.0 feature(s_&amp;_e@1)=1.0 feature(u@-1_&amp;_s)=1.0 feature(e@1)=1.0 feature(s)=1.0  span[34..35]
Token#28:e feature(r@1_&amp;_s@2_&amp;_'@3)=1.0 feature(e@-3_&amp;_u@-2_&amp;_s@-1)=1.0 feature(e_&amp;_r@1_&amp;_s@2)=1.0 feature(u@-2_&amp;_s@-1_&amp;_e)=1.0 feature(e_&amp;_r@1)=1.0 feature(s@-1_&amp;_e)=1.0 feature(r@1)=1.0 feature(e)=1.0  span[35..36]
Token#29:r feature(s@1_&amp;_'@2_&amp;_f@3)=1.0 feature(u@-3_&amp;_s@-2_&amp;_e@-1)=1.0 feature(r_&amp;_s@1_&amp;_'@2)=1.0 feature(s@-2_&amp;_e@-1_&amp;_r)=1.0 feature(r_&amp;_s@1)=1.0 feature(e@-1_&amp;_r)=1.0 feature(s@1)=1.0 feature(r)=1.0  span[36..37]
Token#30:s feature('@1_&amp;_f@2_&amp;_r@3)=1.0 feature(s@-3_&amp;_e@-2_&amp;_r@-1)=1.0 feature(s_&amp;_'@1_&amp;_f@2)=1.0 feature(e@-2_&amp;_r@-1_&amp;_s)=1.0 feature(s_&amp;_'@1)=1.0 feature(r@-1_&amp;_s)=1.0 feature('@1)=1.0 feature(s)=1.0  span[37..38]
Token#31:' feature(f@1_&amp;_r@2_&amp;_e@3)=1.0 feature(e@-3_&amp;_r@-2_&amp;_s@-1)=1.0 feature('_&amp;_f@1_&amp;_r@2)=1.0 feature(r@-2_&amp;_s@-1_&amp;_')=1.0 feature('_&amp;_f@1)=1.0 feature(s@-1_&amp;_')=1.0 feature(f@1)=1.0 feature(')=1.0  span[38..39]
Token#32:f feature(r@1_&amp;_e@2_&amp;_e@3)=1.0 feature(r@-3_&amp;_s@-2_&amp;_'@-1)=1.0 feature(f_&amp;_r@1_&amp;_e@2)=1.0 feature(s@-2_&amp;_'@-1_&amp;_f)=1.0 feature(f_&amp;_r@1)=1.0 feature('@-1_&amp;_f)=1.0 feature(r@1)=1.0 feature(f)=1.0  span[40..41]
Token#33:r feature(e@1_&amp;_e@2_&amp;_d@3)=1.0 feature(s@-3_&amp;_'@-2_&amp;_f@-1)=1.0 feature(r_&amp;_e@1_&amp;_e@2)=1.0 feature('@-2_&amp;_f@-1_&amp;_r)=1.0 feature(r_&amp;_e@1)=1.0 feature(f@-1_&amp;_r)=1.0 feature(e@1)=1.0 feature(r)=1.0  span[41..42]
Token#34:e feature(e@1_&amp;_d@2_&amp;_o@3)=1.0 feature('@-3_&amp;_f@-2_&amp;_r@-1)=1.0 feature(e_&amp;_e@1_&amp;_d@2)=1.0 feature(f@-2_&amp;_r@-1_&amp;_e)=1.0 feature(e_&amp;_e@1)=1.0 feature(r@-1_&amp;_e)=1.0 feature(e@1)=1.0 feature(e)=1.0  span[42..43]
Token#35:e feature(d@1_&amp;_o@2_&amp;_m@3)=1.0 feature(f@-3_&amp;_r@-2_&amp;_e@-1)=1.0 feature(e_&amp;_d@1_&amp;_o@2)=1.0 feature(r@-2_&amp;_e@-1_&amp;_e)=1.0 feature(e_&amp;_d@1)=1.0 feature(e@-1_&amp;_e)=1.0 feature(d@1)=1.0 feature(e)=1.0  span[43..44]
Token#36:d feature(o@1_&amp;_m@2_&amp;_t@3)=1.0 feature(r@-3_&amp;_e@-2_&amp;_e@-1)=1.0 feature(d_&amp;_o@1_&amp;_m@2)=1.0 feature(e@-2_&amp;_e@-1_&amp;_d)=1.0 feature(d_&amp;_o@1)=1.0 feature(e@-1_&amp;_d)=1.0 feature(o@1)=1.0 feature(d)=1.0  span[44..45]
Token#37:o feature(m@1_&amp;_t@2_&amp;_o@3)=1.0 feature(e@-3_&amp;_e@-2_&amp;_d@-1)=1.0 feature(o_&amp;_m@1_&amp;_t@2)=1.0 feature(e@-2_&amp;_d@-1_&amp;_o)=1.0 feature(o_&amp;_m@1)=1.0 feature(d@-1_&amp;_o)=1.0 feature(m@1)=1.0 feature(o)=1.0  span[45..46]
Token#38:m feature(t@1_&amp;_o@2_&amp;_r@3)=1.0 feature(e@-3_&amp;_d@-2_&amp;_o@-1)=1.0 feature(m_&amp;_t@1_&amp;_o@2)=1.0 feature(d@-2_&amp;_o@-1_&amp;_m)=1.0 feature(m_&amp;_t@1)=1.0 feature(o@-1_&amp;_m)=1.0 feature(t@1)=1.0 feature(m)=1.0  span[46..47]
Token#39:t feature(o@1_&amp;_r@2_&amp;_u@3)=1.0 feature(d@-3_&amp;_o@-2_&amp;_m@-1)=1.0 feature(t_&amp;_o@1_&amp;_r@2)=1.0 feature(o@-2_&amp;_m@-1_&amp;_t)=1.0 feature(t_&amp;_o@1)=1.0 feature(m@-1_&amp;_t)=1.0 feature(o@1)=1.0 feature(t)=1.0  span[48..49]
Token#40:o feature(r@1_&amp;_u@2_&amp;_n@3)=1.0 feature(o@-3_&amp;_m@-2_&amp;_t@-1)=1.0 feature(o_&amp;_r@1_&amp;_u@2)=1.0 feature(m@-2_&amp;_t@-1_&amp;_o)=1.0 feature(o_&amp;_r@1)=1.0 feature(t@-1_&amp;_o)=1.0 feature(r@1)=1.0 feature(o)=1.0  span[49..50]
Token#41:r feature(u@1_&amp;_n@2_&amp;_,@3)=1.0 feature(m@-3_&amp;_t@-2_&amp;_o@-1)=1.0 feature(r_&amp;_u@1_&amp;_n@2)=1.0 feature(t@-2_&amp;_o@-1_&amp;_r)=1.0 feature(r_&amp;_u@1)=1.0 feature(o@-1_&amp;_r)=1.0 feature(u@1)=1.0 feature(r)=1.0  span[51..52]
Token#42:u feature(n@1_&amp;_,@2_&amp;_c@3)=1.0 feature(t@-3_&amp;_o@-2_&amp;_r@-1)=1.0 feature(u_&amp;_n@1_&amp;_,@2)=1.0 feature(o@-2_&amp;_r@-1_&amp;_u)=1.0 feature(u_&amp;_n@1)=1.0 feature(r@-1_&amp;_u)=1.0 feature(n@1)=1.0 feature(u)=1.0  span[52..53]
Token#43:n feature(,@1_&amp;_c@2_&amp;_o@3)=1.0 feature(o@-3_&amp;_r@-2_&amp;_u@-1)=1.0 feature(n_&amp;_,@1_&amp;_c@2)=1.0 feature(r@-2_&amp;_u@-1_&amp;_n)=1.0 feature(n_&amp;_,@1)=1.0 feature(u@-1_&amp;_n)=1.0 feature(,@1)=1.0 feature(n)=1.0  span[53..54]
Token#44:, feature(c@1_&amp;_o@2_&amp;_p@3)=1.0 feature(r@-3_&amp;_u@-2_&amp;_n@-1)=1.0 feature(,_&amp;_c@1_&amp;_o@2)=1.0 feature(u@-2_&amp;_n@-1_&amp;_,)=1.0 feature(,_&amp;_c@1)=1.0 feature(n@-1_&amp;_,)=1.0 feature(c@1)=1.0 feature(,)=1.0  span[54..55]
Token#45:c feature(o@1_&amp;_p@2_&amp;_y@3)=1.0 feature(u@-3_&amp;_n@-2_&amp;_,@-1)=1.0 feature(c_&amp;_o@1_&amp;_p@2)=1.0 feature(n@-2_&amp;_,@-1_&amp;_c)=1.0 feature(c_&amp;_o@1)=1.0 feature(,@-1_&amp;_c)=1.0 feature(o@1)=1.0 feature(c)=1.0  span[56..57]
Token#46:o feature(p@1_&amp;_y@2_&amp;_,@3)=1.0 feature(n@-3_&amp;_,@-2_&amp;_c@-1)=1.0 feature(o_&amp;_p@1_&amp;_y@2)=1.0 feature(,@-2_&amp;_c@-1_&amp;_o)=1.0 feature(o_&amp;_p@1)=1.0 feature(c@-1_&amp;_o)=1.0 feature(p@1)=1.0 feature(o)=1.0  span[57..58]
Token#47:p feature(y@1_&amp;_,@2_&amp;_d@3)=1.0 feature(,@-3_&amp;_c@-2_&amp;_o@-1)=1.0 feature(p_&amp;_y@1_&amp;_,@2)=1.0 feature(c@-2_&amp;_o@-1_&amp;_p)=1.0 feature(p_&amp;_y@1)=1.0 feature(o@-1_&amp;_p)=1.0 feature(y@1)=1.0 feature(p)=1.0  span[58..59]
Token#48:y feature(,@1_&amp;_d@2_&amp;_i@3)=1.0 feature(c@-3_&amp;_o@-2_&amp;_p@-1)=1.0 feature(y_&amp;_,@1_&amp;_d@2)=1.0 feature(o@-2_&amp;_p@-1_&amp;_y)=1.0 feature(y_&amp;_,@1)=1.0 feature(p@-1_&amp;_y)=1.0 feature(,@1)=1.0 feature(y)=1.0  span[59..60]
Token#49:, feature(d@1_&amp;_i@2_&amp;_s@3)=1.0 feature(o@-3_&amp;_p@-2_&amp;_y@-1)=1.0 feature(,_&amp;_d@1_&amp;_i@2)=1.0 feature(p@-2_&amp;_y@-1_&amp;_,)=1.0 feature(,_&amp;_d@1)=1.0 feature(y@-1_&amp;_,)=1.0 feature(d@1)=1.0 feature(,)=1.0  span[60..61]
Token#50:d feature(i@1_&amp;_s@2_&amp;_t@3)=1.0 feature(p@-3_&amp;_y@-2_&amp;_,@-1)=1.0 feature(d_&amp;_i@1_&amp;_s@2)=1.0 feature(y@-2_&amp;_,@-1_&amp;_d)=1.0 feature(d_&amp;_i@1)=1.0 feature(,@-1_&amp;_d)=1.0 feature(i@1)=1.0 feature(d)=1.0  span[62..63]
Token#51:i feature(s@1_&amp;_t@2_&amp;_r@3)=1.0 feature(y@-3_&amp;_,@-2_&amp;_d@-1)=1.0 feature(i_&amp;_s@1_&amp;_t@2)=1.0 feature(,@-2_&amp;_d@-1_&amp;_i)=1.0 feature(i_&amp;_s@1)=1.0 feature(d@-1_&amp;_i)=1.0 feature(s@1)=1.0 feature(i)=1.0  span[63..64]
Token#52:s feature(t@1_&amp;_r@2_&amp;_i@3)=1.0 feature(,@-3_&amp;_d@-2_&amp;_i@-1)=1.0 feature(s_&amp;_t@1_&amp;_r@2)=1.0 feature(d@-2_&amp;_i@-1_&amp;_s)=1.0 feature(s_&amp;_t@1)=1.0 feature(i@-1_&amp;_s)=1.0 feature(t@1)=1.0 feature(s)=1.0  span[64..65]
Token#53:t feature(r@1_&amp;_i@2_&amp;_b@3)=1.0 feature(d@-3_&amp;_i@-2_&amp;_s@-1)=1.0 feature(t_&amp;_r@1_&amp;_i@2)=1.0 feature(i@-2_&amp;_s@-1_&amp;_t)=1.0 feature(t_&amp;_r@1)=1.0 feature(s@-1_&amp;_t)=1.0 feature(r@1)=1.0 feature(t)=1.0  span[65..66]
Token#54:r feature(i@1_&amp;_b@2_&amp;_u@3)=1.0 feature(i@-3_&amp;_s@-2_&amp;_t@-1)=1.0 feature(r_&amp;_i@1_&amp;_b@2)=1.0 feature(s@-2_&amp;_t@-1_&amp;_r)=1.0 feature(r_&amp;_i@1)=1.0 feature(t@-1_&amp;_r)=1.0 feature(i@1)=1.0 feature(r)=1.0  span[66..67]
Token#55:i feature(b@1_&amp;_u@2_&amp;_t@3)=1.0 feature(s@-3_&amp;_t@-2_&amp;_r@-1)=1.0 feature(i_&amp;_b@1_&amp;_u@2)=1.0 feature(t@-2_&amp;_r@-1_&amp;_i)=1.0 feature(i_&amp;_b@1)=1.0 feature(r@-1_&amp;_i)=1.0 feature(b@1)=1.0 feature(i)=1.0  span[67..68]
Token#56:b feature(u@1_&amp;_t@2_&amp;_e@3)=1.0 feature(t@-3_&amp;_r@-2_&amp;_i@-1)=1.0 feature(b_&amp;_u@1_&amp;_t@2)=1.0 feature(r@-2_&amp;_i@-1_&amp;_b)=1.0 feature(b_&amp;_u@1)=1.0 feature(i@-1_&amp;_b)=1.0 feature(u@1)=1.0 feature(b)=1.0  span[68..69]
Token#57:u feature(t@1_&amp;_e@2_&amp;_,@3)=1.0 feature(r@-3_&amp;_i@-2_&amp;_b@-1)=1.0 feature(u_&amp;_t@1_&amp;_e@2)=1.0 feature(i@-2_&amp;_b@-1_&amp;_u)=1.0 feature(u_&amp;_t@1)=1.0 feature(b@-1_&amp;_u)=1.0 feature(t@1)=1.0 feature(u)=1.0  span[69..70]
Token#58:t feature(e@1_&amp;_,@2_&amp;_s@3)=1.0 feature(i@-3_&amp;_b@-2_&amp;_u@-1)=1.0 feature(t_&amp;_e@1_&amp;_,@2)=1.0 feature(b@-2_&amp;_u@-1_&amp;_t)=1.0 feature(t_&amp;_e@1)=1.0 feature(u@-1_&amp;_t)=1.0 feature(e@1)=1.0 feature(t)=1.0  span[70..71]
Token#59:e feature(,@1_&amp;_s@2_&amp;_t@3)=1.0 feature(b@-3_&amp;_u@-2_&amp;_t@-1)=1.0 feature(e_&amp;_,@1_&amp;_s@2)=1.0 feature(u@-2_&amp;_t@-1_&amp;_e)=1.0 feature(e_&amp;_,@1)=1.0 feature(t@-1_&amp;_e)=1.0 feature(,@1)=1.0 feature(e)=1.0  span[71..72]
Token#60:, feature(s@1_&amp;_t@2_&amp;_u@3)=1.0 feature(u@-3_&amp;_t@-2_&amp;_e@-1)=1.0 feature(,_&amp;_s@1_&amp;_t@2)=1.0 feature(t@-2_&amp;_e@-1_&amp;_,)=1.0 feature(,_&amp;_s@1)=1.0 feature(e@-1_&amp;_,)=1.0 feature(s@1)=1.0 feature(,)=1.0  span[72..73]
Token#61:s feature(t@1_&amp;_u@2_&amp;_d@3)=1.0 feature(t@-3_&amp;_e@-2_&amp;_,@-1)=1.0 feature(s_&amp;_t@1_&amp;_u@2)=1.0 feature(e@-2_&amp;_,@-1_&amp;_s)=1.0 feature(s_&amp;_t@1)=1.0 feature(,@-1_&amp;_s)=1.0 feature(t@1)=1.0 feature(s)=1.0  span[74..75]
Token#62:t feature(u@1_&amp;_d@2_&amp;_y@3)=1.0 feature(e@-3_&amp;_,@-2_&amp;_s@-1)=1.0 feature(t_&amp;_u@1_&amp;_d@2)=1.0 feature(,@-2_&amp;_s@-1_&amp;_t)=1.0 feature(t_&amp;_u@1)=1.0 feature(s@-1_&amp;_t)=1.0 feature(u@1)=1.0 feature(t)=1.0  span[75..76]
Token#63:u feature(d@1_&amp;_y@2_&amp;_,@3)=1.0 feature(,@-3_&amp;_s@-2_&amp;_t@-1)=1.0 feature(u_&amp;_d@1_&amp;_y@2)=1.0 feature(s@-2_&amp;_t@-1_&amp;_u)=1.0 feature(u_&amp;_d@1)=1.0 feature(t@-1_&amp;_u)=1.0 feature(d@1)=1.0 feature(u)=1.0  span[76..77]
Token#64:d feature(y@1_&amp;_,@2_&amp;_c@3)=1.0 feature(s@-3_&amp;_t@-2_&amp;_u@-1)=1.0 feature(d_&amp;_y@1_&amp;_,@2)=1.0 feature(t@-2_&amp;_u@-1_&amp;_d)=1.0 feature(d_&amp;_y@1)=1.0 feature(u@-1_&amp;_d)=1.0 feature(y@1)=1.0 feature(d)=1.0  span[77..78]
Token#65:y feature(,@1_&amp;_c@2_&amp;_h@3)=1.0 feature(t@-3_&amp;_u@-2_&amp;_d@-1)=1.0 feature(y_&amp;_,@1_&amp;_c@2)=1.0 feature(u@-2_&amp;_d@-1_&amp;_y)=1.0 feature(y_&amp;_,@1)=1.0 feature(d@-1_&amp;_y)=1.0 feature(,@1)=1.0 feature(y)=1.0  span[78..79]
Token#66:, feature(c@1_&amp;_h@2_&amp;_a@3)=1.0 feature(u@-3_&amp;_d@-2_&amp;_y@-1)=1.0 feature(,_&amp;_c@1_&amp;_h@2)=1.0 feature(d@-2_&amp;_y@-1_&amp;_,)=1.0 feature(,_&amp;_c@1)=1.0 feature(y@-1_&amp;_,)=1.0 feature(c@1)=1.0 feature(,)=1.0  span[79..80]
Token#67:c feature(h@1_&amp;_a@2_&amp;_n@3)=1.0 feature(d@-3_&amp;_y@-2_&amp;_,@-1)=1.0 feature(c_&amp;_h@1_&amp;_a@2)=1.0 feature(y@-2_&amp;_,@-1_&amp;_c)=1.0 feature(c_&amp;_h@1)=1.0 feature(,@-1_&amp;_c)=1.0 feature(h@1)=1.0 feature(c)=1.0  span[81..82]
Token#68:h feature(a@1_&amp;_n@2_&amp;_g@3)=1.0 feature(y@-3_&amp;_,@-2_&amp;_c@-1)=1.0 feature(h_&amp;_a@1_&amp;_n@2)=1.0 feature(,@-2_&amp;_c@-1_&amp;_h)=1.0 feature(h_&amp;_a@1)=1.0 feature(c@-1_&amp;_h)=1.0 feature(a@1)=1.0 feature(h)=1.0  span[82..83]
Token#69:a feature(n@1_&amp;_g@2_&amp;_e@3)=1.0 feature(,@-3_&amp;_c@-2_&amp;_h@-1)=1.0 feature(a_&amp;_n@1_&amp;_g@2)=1.0 feature(c@-2_&amp;_h@-1_&amp;_a)=1.0 feature(a_&amp;_n@1)=1.0 feature(h@-1_&amp;_a)=1.0 feature(n@1)=1.0 feature(a)=1.0  span[83..84]
Token#70:n feature(g@1_&amp;_e@2_&amp;_a@3)=1.0 feature(c@-3_&amp;_h@-2_&amp;_a@-1)=1.0 feature(n_&amp;_g@1_&amp;_e@2)=1.0 feature(h@-2_&amp;_a@-1_&amp;_n)=1.0 feature(n_&amp;_g@1)=1.0 feature(a@-1_&amp;_n)=1.0 feature(g@1)=1.0 feature(n)=1.0  span[84..85]
Token#71:g feature(e@1_&amp;_a@2_&amp;_n@3)=1.0 feature(h@-3_&amp;_a@-2_&amp;_n@-1)=1.0 feature(g_&amp;_e@1_&amp;_a@2)=1.0 feature(a@-2_&amp;_n@-1_&amp;_g)=1.0 feature(g_&amp;_e@1)=1.0 feature(n@-1_&amp;_g)=1.0 feature(e@1)=1.0 feature(g)=1.0  span[85..86]
Token#72:e feature(a@1_&amp;_n@2_&amp;_d@3)=1.0 feature(a@-3_&amp;_n@-2_&amp;_g@-1)=1.0 feature(e_&amp;_a@1_&amp;_n@2)=1.0 feature(n@-2_&amp;_g@-1_&amp;_e)=1.0 feature(e_&amp;_a@1)=1.0 feature(g@-1_&amp;_e)=1.0 feature(a@1)=1.0 feature(e)=1.0  span[86..87]
Token#73:a feature(n@1_&amp;_d@2_&amp;_i@3)=1.0 feature(n@-3_&amp;_g@-2_&amp;_e@-1)=1.0 feature(a_&amp;_n@1_&amp;_d@2)=1.0 feature(g@-2_&amp;_e@-1_&amp;_a)=1.0 feature(a_&amp;_n@1)=1.0 feature(e@-1_&amp;_a)=1.0 feature(n@1)=1.0 feature(a)=1.0  span[88..89]
Token#74:n feature(d@1_&amp;_i@2_&amp;_m@3)=1.0 feature(g@-3_&amp;_e@-2_&amp;_a@-1)=1.0 feature(n_&amp;_d@1_&amp;_i@2)=1.0 feature(e@-2_&amp;_a@-1_&amp;_n)=1.0 feature(n_&amp;_d@1)=1.0 feature(a@-1_&amp;_n)=1.0 feature(d@1)=1.0 feature(n)=1.0  span[89..90]
Token#75:d feature(i@1_&amp;_m@2_&amp;_p@3)=1.0 feature(e@-3_&amp;_a@-2_&amp;_n@-1)=1.0 feature(d_&amp;_i@1_&amp;_m@2)=1.0 feature(a@-2_&amp;_n@-1_&amp;_d)=1.0 feature(d_&amp;_i@1)=1.0 feature(n@-1_&amp;_d)=1.0 feature(i@1)=1.0 feature(d)=1.0  span[90..91]
Token#76:i feature(m@1_&amp;_p@2_&amp;_r@3)=1.0 feature(a@-3_&amp;_n@-2_&amp;_d@-1)=1.0 feature(i_&amp;_m@1_&amp;_p@2)=1.0 feature(n@-2_&amp;_d@-1_&amp;_i)=1.0 feature(i_&amp;_m@1)=1.0 feature(d@-1_&amp;_i)=1.0 feature(m@1)=1.0 feature(i)=1.0  span[92..93]
Token#77:m feature(p@1_&amp;_r@2_&amp;_o@3)=1.0 feature(n@-3_&amp;_d@-2_&amp;_i@-1)=1.0 feature(m_&amp;_p@1_&amp;_r@2)=1.0 feature(d@-2_&amp;_i@-1_&amp;_m)=1.0 feature(m_&amp;_p@1)=1.0 feature(i@-1_&amp;_m)=1.0 feature(p@1)=1.0 feature(m)=1.0  span[93..94]
Token#78:p feature(r@1_&amp;_o@2_&amp;_v@3)=1.0 feature(d@-3_&amp;_i@-2_&amp;_m@-1)=1.0 feature(p_&amp;_r@1_&amp;_o@2)=1.0 feature(i@-2_&amp;_m@-1_&amp;_p)=1.0 feature(p_&amp;_r@1)=1.0 feature(m@-1_&amp;_p)=1.0 feature(r@1)=1.0 feature(p)=1.0  span[94..95]
Token#79:r feature(o@1_&amp;_v@2_&amp;_e@3)=1.0 feature(i@-3_&amp;_m@-2_&amp;_p@-1)=1.0 feature(r_&amp;_o@1_&amp;_v@2)=1.0 feature(m@-2_&amp;_p@-1_&amp;_r)=1.0 feature(r_&amp;_o@1)=1.0 feature(p@-1_&amp;_r)=1.0 feature(o@1)=1.0 feature(r)=1.0  span[95..96]
Token#80:o feature(v@1_&amp;_e@2_&amp;_t@3)=1.0 feature(m@-3_&amp;_p@-2_&amp;_r@-1)=1.0 feature(o_&amp;_v@1_&amp;_e@2)=1.0 feature(p@-2_&amp;_r@-1_&amp;_o)=1.0 feature(o_&amp;_v@1)=1.0 feature(r@-1_&amp;_o)=1.0 feature(v@1)=1.0 feature(o)=1.0  span[96..97]
Token#81:v feature(e@1_&amp;_t@2_&amp;_h@3)=1.0 feature(p@-3_&amp;_r@-2_&amp;_o@-1)=1.0 feature(v_&amp;_e@1_&amp;_t@2)=1.0 feature(r@-2_&amp;_o@-1_&amp;_v)=1.0 feature(v_&amp;_e@1)=1.0 feature(o@-1_&amp;_v)=1.0 feature(e@1)=1.0 feature(v)=1.0  span[97..98]
Token#82:e feature(t@1_&amp;_h@2_&amp;_e@3)=1.0 feature(r@-3_&amp;_o@-2_&amp;_v@-1)=1.0 feature(e_&amp;_t@1_&amp;_h@2)=1.0 feature(o@-2_&amp;_v@-1_&amp;_e)=1.0 feature(e_&amp;_t@1)=1.0 feature(v@-1_&amp;_e)=1.0 feature(t@1)=1.0 feature(e)=1.0  span[98..99]
Token#83:t feature(h@1_&amp;_e@2_&amp;_s@3)=1.0 feature(o@-3_&amp;_v@-2_&amp;_e@-1)=1.0 feature(t_&amp;_h@1_&amp;_e@2)=1.0 feature(v@-2_&amp;_e@-1_&amp;_t)=1.0 feature(t_&amp;_h@1)=1.0 feature(e@-1_&amp;_t)=1.0 feature(h@1)=1.0 feature(t)=1.0  span[100..101]
Token#84:h feature(e@1_&amp;_s@2_&amp;_o@3)=1.0 feature(v@-3_&amp;_e@-2_&amp;_t@-1)=1.0 feature(h_&amp;_e@1_&amp;_s@2)=1.0 feature(e@-2_&amp;_t@-1_&amp;_h)=1.0 feature(h_&amp;_e@1)=1.0 feature(t@-1_&amp;_h)=1.0 feature(e@1)=1.0 feature(h)=1.0  span[101..102]
Token#85:e feature(s@1_&amp;_o@2_&amp;_f@3)=1.0 feature(e@-3_&amp;_t@-2_&amp;_h@-1)=1.0 feature(e_&amp;_s@1_&amp;_o@2)=1.0 feature(t@-2_&amp;_h@-1_&amp;_e)=1.0 feature(e_&amp;_s@1)=1.0 feature(h@-1_&amp;_e)=1.0 feature(s@1)=1.0 feature(e)=1.0  span[102..103]
Token#86:s feature(o@1_&amp;_f@2_&amp;_t@3)=1.0 feature(t@-3_&amp;_h@-2_&amp;_e@-1)=1.0 feature(s_&amp;_o@1_&amp;_f@2)=1.0 feature(h@-2_&amp;_e@-1_&amp;_s)=1.0 feature(s_&amp;_o@1)=1.0 feature(e@-1_&amp;_s)=1.0 feature(o@1)=1.0 feature(s)=1.0  span[104..105]
Token#87:o feature(f@1_&amp;_t@2_&amp;_w@3)=1.0 feature(h@-3_&amp;_e@-2_&amp;_s@-1)=1.0 feature(o_&amp;_f@1_&amp;_t@2)=1.0 feature(e@-2_&amp;_s@-1_&amp;_o)=1.0 feature(o_&amp;_f@1)=1.0 feature(s@-1_&amp;_o)=1.0 feature(f@1)=1.0 feature(o)=1.0  span[105..106]
Token#88:f feature(t@1_&amp;_w@2_&amp;_a@3)=1.0 feature(e@-3_&amp;_s@-2_&amp;_o@-1)=1.0 feature(f_&amp;_t@1_&amp;_w@2)=1.0 feature(s@-2_&amp;_o@-1_&amp;_f)=1.0 feature(f_&amp;_t@1)=1.0 feature(o@-1_&amp;_f)=1.0 feature(t@1)=1.0 feature(f)=1.0  span[106..107]
Token#89:t feature(w@1_&amp;_a@2_&amp;_r@3)=1.0 feature(s@-3_&amp;_o@-2_&amp;_f@-1)=1.0 feature(t_&amp;_w@1_&amp;_a@2)=1.0 feature(o@-2_&amp;_f@-1_&amp;_t)=1.0 feature(t_&amp;_w@1)=1.0 feature(f@-1_&amp;_t)=1.0 feature(w@1)=1.0 feature(t)=1.0  span[107..108]
Token#90:w feature(a@1_&amp;_r@2_&amp;_e@3)=1.0 feature(o@-3_&amp;_f@-2_&amp;_t@-1)=1.0 feature(w_&amp;_a@1_&amp;_r@2)=1.0 feature(f@-2_&amp;_t@-1_&amp;_w)=1.0 feature(w_&amp;_a@1)=1.0 feature(t@-1_&amp;_w)=1.0 feature(a@1)=1.0 feature(w)=1.0  span[108..109]
Token#91:a feature(r@1_&amp;_e@2_&amp;_.@3)=1.0 feature(f@-3_&amp;_t@-2_&amp;_w@-1)=1.0 feature(a_&amp;_r@1_&amp;_e@2)=1.0 feature(t@-2_&amp;_w@-1_&amp;_a)=1.0 feature(a_&amp;_r@1)=1.0 feature(w@-1_&amp;_a)=1.0 feature(r@1)=1.0 feature(a)=1.0  span[109..110]
Token#92:r feature(e@1_&amp;_.@2_&amp;_m@3)=1.0 feature(t@-3_&amp;_w@-2_&amp;_a@-1)=1.0 feature(r_&amp;_e@1_&amp;_.@2)=1.0 feature(w@-2_&amp;_a@-1_&amp;_r)=1.0 feature(r_&amp;_e@1)=1.0 feature(a@-1_&amp;_r)=1.0 feature(e@1)=1.0 feature(r)=1.0  span[110..111]
Token#93:e feature(.@1_&amp;_m@2_&amp;_o@3)=1.0 feature(w@-3_&amp;_a@-2_&amp;_r@-1)=1.0 feature(e_&amp;_.@1_&amp;_m@2)=1.0 feature(a@-2_&amp;_r@-1_&amp;_e)=1.0 feature(e_&amp;_.@1)=1.0 feature(r@-1_&amp;_e)=1.0 feature(.@1)=1.0 feature(e)=1.0  span[111..112]
Token#94:. feature(m@1_&amp;_o@2_&amp;_r@3)=1.0 feature(a@-3_&amp;_r@-2_&amp;_e@-1)=1.0 feature(._&amp;_m@1_&amp;_o@2)=1.0 feature(r@-2_&amp;_e@-1_&amp;_.)=1.0 feature(._&amp;_m@1)=1.0 feature(e@-1_&amp;_.)=1.0 feature(m@1)=1.0 feature(.)=1.0  span[112..113]
Token#95:m feature(o@1_&amp;_r@2_&amp;_e@3)=1.0 feature(r@-3_&amp;_e@-2_&amp;_.@-1)=1.0 feature(m_&amp;_o@1_&amp;_r@2)=1.0 feature(e@-2_&amp;_.@-1_&amp;_m)=1.0 feature(m_&amp;_o@1)=1.0 feature(.@-1_&amp;_m)=1.0 feature(o@1)=1.0 feature(m)=1.0  span[114..115]
Token#96:o feature(r@1_&amp;_e@2_&amp;_p@3)=1.0 feature(e@-3_&amp;_.@-2_&amp;_m@-1)=1.0 feature(o_&amp;_r@1_&amp;_e@2)=1.0 feature(.@-2_&amp;_m@-1_&amp;_o)=1.0 feature(o_&amp;_r@1)=1.0 feature(m@-1_&amp;_o)=1.0 feature(r@1)=1.0 feature(o)=1.0  span[115..116]
Token#97:r feature(e@1_&amp;_p@2_&amp;_r@3)=1.0 feature(.@-3_&amp;_m@-2_&amp;_o@-1)=1.0 feature(r_&amp;_e@1_&amp;_p@2)=1.0 feature(m@-2_&amp;_o@-1_&amp;_r)=1.0 feature(r_&amp;_e@1)=1.0 feature(o@-1_&amp;_r)=1.0 feature(e@1)=1.0 feature(r)=1.0  span[116..117]
Token#98:e feature(p@1_&amp;_r@2_&amp;_e@3)=1.0 feature(m@-3_&amp;_o@-2_&amp;_r@-1)=1.0 feature(e_&amp;_p@1_&amp;_r@2)=1.0 feature(o@-2_&amp;_r@-1_&amp;_e)=1.0 feature(e_&amp;_p@1)=1.0 feature(r@-1_&amp;_e)=1.0 feature(p@1)=1.0 feature(e)=1.0  span[117..118]
Token#99:p feature(r@1_&amp;_e@2_&amp;_c@3)=1.0 feature(o@-3_&amp;_r@-2_&amp;_e@-1)=1.0 feature(p_&amp;_r@1_&amp;_e@2)=1.0 feature(r@-2_&amp;_e@-1_&amp;_p)=1.0 feature(p_&amp;_r@1)=1.0 feature(e@-1_&amp;_p)=1.0 feature(r@1)=1.0 feature(p)=1.0  span[119..120]
Token#100:r feature(e@1_&amp;_c@2_&amp;_i@3)=1.0 feature(r@-3_&amp;_e@-2_&amp;_p@-1)=1.0 feature(r_&amp;_e@1_&amp;_c@2)=1.0 feature(e@-2_&amp;_p@-1_&amp;_r)=1.0 feature(r_&amp;_e@1)=1.0 feature(p@-1_&amp;_r)=1.0 feature(e@1)=1.0 feature(r)=1.0  span[120..121]
Token#101:e feature(c@1_&amp;_i@2_&amp;_s@3)=1.0 feature(e@-3_&amp;_p@-2_&amp;_r@-1)=1.0 feature(e_&amp;_c@1_&amp;_i@2)=1.0 feature(p@-2_&amp;_r@-1_&amp;_e)=1.0 feature(e_&amp;_c@1)=1.0 feature(r@-1_&amp;_e)=1.0 feature(c@1)=1.0 feature(e)=1.0  span[121..122]
Token#102:c feature(i@1_&amp;_s@2_&amp;_e@3)=1.0 feature(p@-3_&amp;_r@-2_&amp;_e@-1)=1.0 feature(c_&amp;_i@1_&amp;_s@2)=1.0 feature(r@-2_&amp;_e@-1_&amp;_c)=1.0 feature(c_&amp;_i@1)=1.0 feature(e@-1_&amp;_c)=1.0 feature(i@1)=1.0 feature(c)=1.0  span[122..123]
Token#103:i feature(s@1_&amp;_e@2_&amp;_l@3)=1.0 feature(r@-3_&amp;_e@-2_&amp;_c@-1)=1.0 feature(i_&amp;_s@1_&amp;_e@2)=1.0 feature(e@-2_&amp;_c@-1_&amp;_i)=1.0 feature(i_&amp;_s@1)=1.0 feature(c@-1_&amp;_i)=1.0 feature(s@1)=1.0 feature(i)=1.0  span[123..124]
Token#104:s feature(e@1_&amp;_l@2_&amp;_y@3)=1.0 feature(e@-3_&amp;_c@-2_&amp;_i@-1)=1.0 feature(s_&amp;_e@1_&amp;_l@2)=1.0 feature(c@-2_&amp;_i@-1_&amp;_s)=1.0 feature(s_&amp;_e@1)=1.0 feature(i@-1_&amp;_s)=1.0 feature(e@1)=1.0 feature(s)=1.0  span[124..125]
Token#105:e feature(l@1_&amp;_y@2_&amp;_,@3)=1.0 feature(c@-3_&amp;_i@-2_&amp;_s@-1)=1.0 feature(e_&amp;_l@1_&amp;_y@2)=1.0 feature(i@-2_&amp;_s@-1_&amp;_e)=1.0 feature(e_&amp;_l@1)=1.0 feature(s@-1_&amp;_e)=1.0 feature(l@1)=1.0 feature(e)=1.0  span[125..126]
Token#106:l feature(y@1_&amp;_,@2_&amp;_i@3)=1.0 feature(i@-3_&amp;_s@-2_&amp;_e@-1)=1.0 feature(l_&amp;_y@1_&amp;_,@2)=1.0 feature(s@-2_&amp;_e@-1_&amp;_l)=1.0 feature(l_&amp;_y@1)=1.0 feature(e@-1_&amp;_l)=1.0 feature(y@1)=1.0 feature(l)=1.0  span[126..127]
Token#107:y feature(,@1_&amp;_i@2_&amp;_t@3)=1.0 feature(s@-3_&amp;_e@-2_&amp;_l@-1)=1.0 feature(y_&amp;_,@1_&amp;_i@2)=1.0 feature(e@-2_&amp;_l@-1_&amp;_y)=1.0 feature(y_&amp;_,@1)=1.0 feature(l@-1_&amp;_y)=1.0 feature(,@1)=1.0 feature(y)=1.0  span[127..128]
Token#108:, feature(i@1_&amp;_t@2_&amp;_r@3)=1.0 feature(e@-3_&amp;_l@-2_&amp;_y@-1)=1.0 feature(,_&amp;_i@1_&amp;_t@2)=1.0 feature(l@-2_&amp;_y@-1_&amp;_,)=1.0 feature(,_&amp;_i@1)=1.0 feature(y@-1_&amp;_,)=1.0 feature(i@1)=1.0 feature(,)=1.0  span[128..129]
Token#109:i feature(t@1_&amp;_r@2_&amp;_e@3)=1.0 feature(l@-3_&amp;_y@-2_&amp;_,@-1)=1.0 feature(i_&amp;_t@1_&amp;_r@2)=1.0 feature(y@-2_&amp;_,@-1_&amp;_i)=1.0 feature(i_&amp;_t@1)=1.0 feature(,@-1_&amp;_i)=1.0 feature(t@1)=1.0 feature(i)=1.0  span[130..131]
Token#110:t feature(r@1_&amp;_e@2_&amp;_f@3)=1.0 feature(y@-3_&amp;_,@-2_&amp;_i@-1)=1.0 feature(t_&amp;_r@1_&amp;_e@2)=1.0 feature(,@-2_&amp;_i@-1_&amp;_t)=1.0 feature(t_&amp;_r@1)=1.0 feature(i@-1_&amp;_t)=1.0 feature(r@1)=1.0 feature(t)=1.0  span[131..132]
Token#111:r feature(e@1_&amp;_f@2_&amp;_e@3)=1.0 feature(,@-3_&amp;_i@-2_&amp;_t@-1)=1.0 feature(r_&amp;_e@1_&amp;_f@2)=1.0 feature(i@-2_&amp;_t@-1_&amp;_r)=1.0 feature(r_&amp;_e@1)=1.0 feature(t@-1_&amp;_r)=1.0 feature(e@1)=1.0 feature(r)=1.0  span[133..134]
Token#112:e feature(f@1_&amp;_e@2_&amp;_r@3)=1.0 feature(i@-3_&amp;_t@-2_&amp;_r@-1)=1.0 feature(e_&amp;_f@1_&amp;_e@2)=1.0 feature(t@-2_&amp;_r@-1_&amp;_e)=1.0 feature(e_&amp;_f@1)=1.0 feature(r@-1_&amp;_e)=1.0 feature(f@1)=1.0 feature(e)=1.0  span[134..135]
Token#113:f feature(e@1_&amp;_r@2_&amp;_s@3)=1.0 feature(t@-3_&amp;_r@-2_&amp;_e@-1)=1.0 feature(f_&amp;_e@1_&amp;_r@2)=1.0 feature(r@-2_&amp;_e@-1_&amp;_f)=1.0 feature(f_&amp;_e@1)=1.0 feature(e@-1_&amp;_f)=1.0 feature(e@1)=1.0 feature(f)=1.0  span[135..136]
Token#114:e feature(r@1_&amp;_s@2_&amp;_t@3)=1.0 feature(r@-3_&amp;_e@-2_&amp;_f@-1)=1.0 feature(e_&amp;_r@1_&amp;_s@2)=1.0 feature(e@-2_&amp;_f@-1_&amp;_e)=1.0 feature(e_&amp;_r@1)=1.0 feature(f@-1_&amp;_e)=1.0 feature(r@1)=1.0 feature(e)=1.0  span[136..137]
Token#115:r feature(s@1_&amp;_t@2_&amp;_o@3)=1.0 feature(e@-3_&amp;_f@-2_&amp;_e@-1)=1.0 feature(r_&amp;_s@1_&amp;_t@2)=1.0 feature(f@-2_&amp;_e@-1_&amp;_r)=1.0 feature(r_&amp;_s@1)=1.0 feature(e@-1_&amp;_r)=1.0 feature(s@1)=1.0 feature(r)=1.0  span[137..138]
Token#116:s feature(t@1_&amp;_o@2_&amp;_f@3)=1.0 feature(f@-3_&amp;_e@-2_&amp;_r@-1)=1.0 feature(s_&amp;_t@1_&amp;_o@2)=1.0 feature(e@-2_&amp;_r@-1_&amp;_s)=1.0 feature(s_&amp;_t@1)=1.0 feature(r@-1_&amp;_s)=1.0 feature(t@1)=1.0 feature(s)=1.0  span[138..139]
Token#117:t feature(o@1_&amp;_f@2_&amp;_o@3)=1.0 feature(e@-3_&amp;_r@-2_&amp;_s@-1)=1.0 feature(t_&amp;_o@1_&amp;_f@2)=1.0 feature(r@-2_&amp;_s@-1_&amp;_t)=1.0 feature(t_&amp;_o@1)=1.0 feature(s@-1_&amp;_t)=1.0 feature(o@1)=1.0 feature(t)=1.0  span[140..141]
Token#118:o feature(f@1_&amp;_o@2_&amp;_u@3)=1.0 feature(r@-3_&amp;_s@-2_&amp;_t@-1)=1.0 feature(o_&amp;_f@1_&amp;_o@2)=1.0 feature(s@-2_&amp;_t@-1_&amp;_o)=1.0 feature(o_&amp;_f@1)=1.0 feature(t@-1_&amp;_o)=1.0 feature(f@1)=1.0 feature(o)=1.0  span[141..142]
Token#119:f feature(o@1_&amp;_u@2_&amp;_r@3)=1.0 feature(s@-3_&amp;_t@-2_&amp;_o@-1)=1.0 feature(f_&amp;_o@1_&amp;_u@2)=1.0 feature(t@-2_&amp;_o@-1_&amp;_f)=1.0 feature(f_&amp;_o@1)=1.0 feature(o@-1_&amp;_f)=1.0 feature(o@1)=1.0 feature(f)=1.0  span[143..144]
Token#120:o feature(u@1_&amp;_r@2_&amp;_k@3)=1.0 feature(t@-3_&amp;_o@-2_&amp;_f@-1)=1.0 feature(o_&amp;_u@1_&amp;_r@2)=1.0 feature(o@-2_&amp;_f@-1_&amp;_o)=1.0 feature(o_&amp;_u@1)=1.0 feature(f@-1_&amp;_o)=1.0 feature(u@1)=1.0 feature(o)=1.0  span[144..145]
Token#121:u feature(r@1_&amp;_k@2_&amp;_i@3)=1.0 feature(o@-3_&amp;_f@-2_&amp;_o@-1)=1.0 feature(u_&amp;_r@1_&amp;_k@2)=1.0 feature(f@-2_&amp;_o@-1_&amp;_u)=1.0 feature(u_&amp;_r@1)=1.0 feature(o@-1_&amp;_u)=1.0 feature(r@1)=1.0 feature(u)=1.0  span[145..146]
Token#122:r feature(k@1_&amp;_i@2_&amp;_n@3)=1.0 feature(f@-3_&amp;_o@-2_&amp;_u@-1)=1.0 feature(r_&amp;_k@1_&amp;_i@2)=1.0 feature(o@-2_&amp;_u@-1_&amp;_r)=1.0 feature(r_&amp;_k@1)=1.0 feature(u@-1_&amp;_r)=1.0 feature(k@1)=1.0 feature(r)=1.0  span[146..147]
Token#123:k feature(i@1_&amp;_n@2_&amp;_d@3)=1.0 feature(o@-3_&amp;_u@-2_&amp;_r@-1)=1.0 feature(k_&amp;_i@1_&amp;_n@2)=1.0 feature(u@-2_&amp;_r@-1_&amp;_k)=1.0 feature(k_&amp;_i@1)=1.0 feature(r@-1_&amp;_k)=1.0 feature(i@1)=1.0 feature(k)=1.0  span[148..149]
Token#124:i feature(n@1_&amp;_d@2_&amp;_s@3)=1.0 feature(u@-3_&amp;_r@-2_&amp;_k@-1)=1.0 feature(i_&amp;_n@1_&amp;_d@2)=1.0 feature(r@-2_&amp;_k@-1_&amp;_i)=1.0 feature(i_&amp;_n@1)=1.0 feature(k@-1_&amp;_i)=1.0 feature(n@1)=1.0 feature(i)=1.0  span[149..150]
Token#125:n feature(d@1_&amp;_s@2_&amp;_o@3)=1.0 feature(r@-3_&amp;_k@-2_&amp;_i@-1)=1.0 feature(n_&amp;_d@1_&amp;_s@2)=1.0 feature(k@-2_&amp;_i@-1_&amp;_n)=1.0 feature(n_&amp;_d@1)=1.0 feature(i@-1_&amp;_n)=1.0 feature(d@1)=1.0 feature(n)=1.0  span[150..151]
Token#126:d feature(s@1_&amp;_o@2_&amp;_f@3)=1.0 feature(k@-3_&amp;_i@-2_&amp;_n@-1)=1.0 feature(d_&amp;_s@1_&amp;_o@2)=1.0 feature(i@-2_&amp;_n@-1_&amp;_d)=1.0 feature(d_&amp;_s@1)=1.0 feature(n@-1_&amp;_d)=1.0 feature(s@1)=1.0 feature(d)=1.0  span[151..152]
Token#127:s feature(o@1_&amp;_f@2_&amp;_f@3)=1.0 feature(i@-3_&amp;_n@-2_&amp;_d@-1)=1.0 feature(s_&amp;_o@1_&amp;_f@2)=1.0 feature(n@-2_&amp;_d@-1_&amp;_s)=1.0 feature(s_&amp;_o@1)=1.0 feature(d@-1_&amp;_s)=1.0 feature(o@1)=1.0 feature(s)=1.0  span[152..153]
Token#128:o feature(f@1_&amp;_f@2_&amp;_r@3)=1.0 feature(n@-3_&amp;_d@-2_&amp;_s@-1)=1.0 feature(o_&amp;_f@1_&amp;_f@2)=1.0 feature(d@-2_&amp;_s@-1_&amp;_o)=1.0 feature(o_&amp;_f@1)=1.0 feature(s@-1_&amp;_o)=1.0 feature(f@1)=1.0 feature(o)=1.0  span[154..155]
Token#129:f feature(f@1_&amp;_r@2_&amp;_e@3)=1.0 feature(d@-3_&amp;_s@-2_&amp;_o@-1)=1.0 feature(f_&amp;_f@1_&amp;_r@2)=1.0 feature(s@-2_&amp;_o@-1_&amp;_f)=1.0 feature(f_&amp;_f@1)=1.0 feature(o@-1_&amp;_f)=1.0 feature(f@1)=1.0 feature(f)=1.0  span[155..156]
Token#130:f feature(r@1_&amp;_e@2_&amp;_e@3)=1.0 feature(s@-3_&amp;_o@-2_&amp;_f@-1)=1.0 feature(f_&amp;_r@1_&amp;_e@2)=1.0 feature(o@-2_&amp;_f@-1_&amp;_f)=1.0 feature(f_&amp;_r@1)=1.0 feature(f@-1_&amp;_f)=1.0 feature(r@1)=1.0 feature(f)=1.0  span[157..158]
Token#131:r feature(e@1_&amp;_e@2_&amp;_d@3)=1.0 feature(o@-3_&amp;_f@-2_&amp;_f@-1)=1.0 feature(r_&amp;_e@1_&amp;_e@2)=1.0 feature(f@-2_&amp;_f@-1_&amp;_r)=1.0 feature(r_&amp;_e@1)=1.0 feature(f@-1_&amp;_r)=1.0 feature(e@1)=1.0 feature(r)=1.0  span[158..159]
Token#132:e feature(e@1_&amp;_d@2_&amp;_o@3)=1.0 feature(f@-3_&amp;_f@-2_&amp;_r@-1)=1.0 feature(e_&amp;_e@1_&amp;_d@2)=1.0 feature(f@-2_&amp;_r@-1_&amp;_e)=1.0 feature(e_&amp;_e@1)=1.0 feature(r@-1_&amp;_e)=1.0 feature(e@1)=1.0 feature(e)=1.0  span[159..160]
Token#133:e feature(d@1_&amp;_o@2_&amp;_m@3)=1.0 feature(f@-3_&amp;_r@-2_&amp;_e@-1)=1.0 feature(e_&amp;_d@1_&amp;_o@2)=1.0 feature(r@-2_&amp;_e@-1_&amp;_e)=1.0 feature(e_&amp;_d@1)=1.0 feature(e@-1_&amp;_e)=1.0 feature(d@1)=1.0 feature(e)=1.0  span[160..161]
Token#134:d feature(o@1_&amp;_m@2_&amp;_,@3)=1.0 feature(r@-3_&amp;_e@-2_&amp;_e@-1)=1.0 feature(d_&amp;_o@1_&amp;_m@2)=1.0 feature(e@-2_&amp;_e@-1_&amp;_d)=1.0 feature(d_&amp;_o@1)=1.0 feature(e@-1_&amp;_d)=1.0 feature(o@1)=1.0 feature(d)=1.0  span[161..162]
Token#135:o feature(m@1_&amp;_,@2_&amp;_f@3)=1.0 feature(e@-3_&amp;_e@-2_&amp;_d@-1)=1.0 feature(o_&amp;_m@1_&amp;_,@2)=1.0 feature(e@-2_&amp;_d@-1_&amp;_o)=1.0 feature(o_&amp;_m@1)=1.0 feature(d@-1_&amp;_o)=1.0 feature(m@1)=1.0 feature(o)=1.0  span[162..163]
Token#136:m feature(,@1_&amp;_f@2_&amp;_o@3)=1.0 feature(e@-3_&amp;_d@-2_&amp;_o@-1)=1.0 feature(m_&amp;_,@1_&amp;_f@2)=1.0 feature(d@-2_&amp;_o@-1_&amp;_m)=1.0 feature(m_&amp;_,@1)=1.0 feature(o@-1_&amp;_m)=1.0 feature(,@1)=1.0 feature(m)=1.0  span[163..164]
Token#137:, feature(f@1_&amp;_o@2_&amp;_r@3)=1.0 feature(d@-3_&amp;_o@-2_&amp;_m@-1)=1.0 feature(,_&amp;_f@1_&amp;_o@2)=1.0 feature(o@-2_&amp;_m@-1_&amp;_,)=1.0 feature(,_&amp;_f@1)=1.0 feature(m@-1_&amp;_,)=1.0 feature(f@1)=1.0 feature(,)=1.0  span[164..165]
Token#138:f feature(o@1_&amp;_r@2_&amp;_t@3)=1.0 feature(o@-3_&amp;_m@-2_&amp;_,@-1)=1.0 feature(f_&amp;_o@1_&amp;_r@2)=1.0 feature(m@-2_&amp;_,@-1_&amp;_f)=1.0 feature(f_&amp;_o@1)=1.0 feature(,@-1_&amp;_f)=1.0 feature(o@1)=1.0 feature(f)=1.0  span[166..167]
Token#139:o feature(r@1_&amp;_t@2_&amp;_h@3)=1.0 feature(m@-3_&amp;_,@-2_&amp;_f@-1)=1.0 feature(o_&amp;_r@1_&amp;_t@2)=1.0 feature(,@-2_&amp;_f@-1_&amp;_o)=1.0 feature(o_&amp;_r@1)=1.0 feature(f@-1_&amp;_o)=1.0 feature(r@1)=1.0 feature(o)=1.0  span[167..168]
Token#140:r feature(t@1_&amp;_h@2_&amp;_e@3)=1.0 feature(,@-3_&amp;_f@-2_&amp;_o@-1)=1.0 feature(r_&amp;_t@1_&amp;_h@2)=1.0 feature(f@-2_&amp;_o@-1_&amp;_r)=1.0 feature(r_&amp;_t@1)=1.0 feature(o@-1_&amp;_r)=1.0 feature(t@1)=1.0 feature(r)=1.0  span[168..169]
Token#141:t feature(h@1_&amp;_e@2_&amp;_u@3)=1.0 feature(f@-3_&amp;_o@-2_&amp;_r@-1)=1.0 feature(t_&amp;_h@1_&amp;_e@2)=1.0 feature(o@-2_&amp;_r@-1_&amp;_t)=1.0 feature(t_&amp;_h@1)=1.0 feature(r@-1_&amp;_t)=1.0 feature(h@1)=1.0 feature(t)=1.0  span[170..171]
Token#142:h feature(e@1_&amp;_u@2_&amp;_s@3)=1.0 feature(o@-3_&amp;_r@-2_&amp;_t@-1)=1.0 feature(h_&amp;_e@1_&amp;_u@2)=1.0 feature(r@-2_&amp;_t@-1_&amp;_h)=1.0 feature(h_&amp;_e@1)=1.0 feature(t@-1_&amp;_h)=1.0 feature(e@1)=1.0 feature(h)=1.0  span[171..172]
Token#143:e feature(u@1_&amp;_s@2_&amp;_e@3)=1.0 feature(r@-3_&amp;_t@-2_&amp;_h@-1)=1.0 feature(e_&amp;_u@1_&amp;_s@2)=1.0 feature(t@-2_&amp;_h@-1_&amp;_e)=1.0 feature(e_&amp;_u@1)=1.0 feature(h@-1_&amp;_e)=1.0 feature(u@1)=1.0 feature(e)=1.0  span[172..173]
Token#144:u feature(s@1_&amp;_e@2_&amp;_r@3)=1.0 feature(t@-3_&amp;_h@-2_&amp;_e@-1)=1.0 feature(u_&amp;_s@1_&amp;_e@2)=1.0 feature(h@-2_&amp;_e@-1_&amp;_u)=1.0 feature(u_&amp;_s@1)=1.0 feature(e@-1_&amp;_u)=1.0 feature(s@1)=1.0 feature(u)=1.0  span[174..175]
Token#145:s feature(e@1_&amp;_r@2_&amp;_s@3)=1.0 feature(h@-3_&amp;_e@-2_&amp;_u@-1)=1.0 feature(s_&amp;_e@1_&amp;_r@2)=1.0 feature(e@-2_&amp;_u@-1_&amp;_s)=1.0 feature(s_&amp;_e@1)=1.0 feature(u@-1_&amp;_s)=1.0 feature(e@1)=1.0 feature(s)=1.0  span[175..176]
Token#146:e feature(r@1_&amp;_s@2_&amp;_o@3)=1.0 feature(e@-3_&amp;_u@-2_&amp;_s@-1)=1.0 feature(e_&amp;_r@1_&amp;_s@2)=1.0 feature(u@-2_&amp;_s@-1_&amp;_e)=1.0 feature(e_&amp;_r@1)=1.0 feature(s@-1_&amp;_e)=1.0 feature(r@1)=1.0 feature(e)=1.0  span[176..177]
Token#147:r feature(s@1_&amp;_o@2_&amp;_f@3)=1.0 feature(u@-3_&amp;_s@-2_&amp;_e@-1)=1.0 feature(r_&amp;_s@1_&amp;_o@2)=1.0 feature(s@-2_&amp;_e@-1_&amp;_r)=1.0 feature(r_&amp;_s@1)=1.0 feature(e@-1_&amp;_r)=1.0 feature(s@1)=1.0 feature(r)=1.0  span[177..178]
Token#148:s feature(o@1_&amp;_f@2_&amp;_t@3)=1.0 feature(s@-3_&amp;_e@-2_&amp;_r@-1)=1.0 feature(s_&amp;_o@1_&amp;_f@2)=1.0 feature(e@-2_&amp;_r@-1_&amp;_s)=1.0 feature(s_&amp;_o@1)=1.0 feature(r@-1_&amp;_s)=1.0 feature(o@1)=1.0 feature(s)=1.0  span[178..179]
Token#149:o feature(f@1_&amp;_t@2_&amp;_h@3)=1.0 feature(e@-3_&amp;_r@-2_&amp;_s@-1)=1.0 feature(o_&amp;_f@1_&amp;_t@2)=1.0 feature(r@-2_&amp;_s@-1_&amp;_o)=1.0 feature(o_&amp;_f@1)=1.0 feature(s@-1_&amp;_o)=1.0 feature(f@1)=1.0 feature(o)=1.0  span[180..181]
Token#150:f feature(t@1_&amp;_h@2_&amp;_e@3)=1.0 feature(r@-3_&amp;_s@-2_&amp;_o@-1)=1.0 feature(f_&amp;_t@1_&amp;_h@2)=1.0 feature(s@-2_&amp;_o@-1_&amp;_f)=1.0 feature(f_&amp;_t@1)=1.0 feature(o@-1_&amp;_f)=1.0 feature(t@1)=1.0 feature(f)=1.0  span[181..182]
Token#151:t feature(h@1_&amp;_e@2_&amp;_s@3)=1.0 feature(s@-3_&amp;_o@-2_&amp;_f@-1)=1.0 feature(t_&amp;_h@1_&amp;_e@2)=1.0 feature(o@-2_&amp;_f@-1_&amp;_t)=1.0 feature(t_&amp;_h@1)=1.0 feature(f@-1_&amp;_t)=1.0 feature(h@1)=1.0 feature(t)=1.0  span[183..184]
Token#152:h feature(e@1_&amp;_s@2_&amp;_o@3)=1.0 feature(o@-3_&amp;_f@-2_&amp;_t@-1)=1.0 feature(h_&amp;_e@1_&amp;_s@2)=1.0 feature(f@-2_&amp;_t@-1_&amp;_h)=1.0 feature(h_&amp;_e@1)=1.0 feature(t@-1_&amp;_h)=1.0 feature(e@1)=1.0 feature(h)=1.0  span[184..185]
Token#153:e feature(s@1_&amp;_o@2_&amp;_f@3)=1.0 feature(f@-3_&amp;_t@-2_&amp;_h@-1)=1.0 feature(e_&amp;_s@1_&amp;_o@2)=1.0 feature(t@-2_&amp;_h@-1_&amp;_e)=1.0 feature(e_&amp;_s@1)=1.0 feature(h@-1_&amp;_e)=1.0 feature(s@1)=1.0 feature(e)=1.0  span[185..186]
Token#154:s feature(o@1_&amp;_f@2_&amp;_t@3)=1.0 feature(t@-3_&amp;_h@-2_&amp;_e@-1)=1.0 feature(s_&amp;_o@1_&amp;_f@2)=1.0 feature(h@-2_&amp;_e@-1_&amp;_s)=1.0 feature(s_&amp;_o@1)=1.0 feature(e@-1_&amp;_s)=1.0 feature(o@1)=1.0 feature(s)=1.0  span[187..188]
Token#155:o feature(f@1_&amp;_t@2_&amp;_w@3)=1.0 feature(h@-3_&amp;_e@-2_&amp;_s@-1)=1.0 feature(o_&amp;_f@1_&amp;_t@2)=1.0 feature(e@-2_&amp;_s@-1_&amp;_o)=1.0 feature(o_&amp;_f@1)=1.0 feature(s@-1_&amp;_o)=1.0 feature(f@1)=1.0 feature(o)=1.0  span[188..189]
Token#156:f feature(t@1_&amp;_w@2_&amp;_a@3)=1.0 feature(e@-3_&amp;_s@-2_&amp;_o@-1)=1.0 feature(f_&amp;_t@1_&amp;_w@2)=1.0 feature(s@-2_&amp;_o@-1_&amp;_f)=1.0 feature(f_&amp;_t@1)=1.0 feature(o@-1_&amp;_f)=1.0 feature(t@1)=1.0 feature(f)=1.0  span[189..190]
Token#157:t feature(w@1_&amp;_a@2_&amp;_r@3)=1.0 feature(s@-3_&amp;_o@-2_&amp;_f@-1)=1.0 feature(t_&amp;_w@1_&amp;_a@2)=1.0 feature(o@-2_&amp;_f@-1_&amp;_t)=1.0 feature(t_&amp;_w@1)=1.0 feature(f@-1_&amp;_t)=1.0 feature(w@1)=1.0 feature(t)=1.0  span[190..191]
Token#158:w feature(a@1_&amp;_r@2_&amp;_e@3)=1.0 feature(o@-3_&amp;_f@-2_&amp;_t@-1)=1.0 feature(w_&amp;_a@1_&amp;_r@2)=1.0 feature(f@-2_&amp;_t@-1_&amp;_w)=1.0 feature(w_&amp;_a@1)=1.0 feature(t@-1_&amp;_w)=1.0 feature(a@1)=1.0 feature(w)=1.0  span[191..192]
Token#159:a feature(r@1_&amp;_e@2_&amp;_.@3)=1.0 feature(f@-3_&amp;_t@-2_&amp;_w@-1)=1.0 feature(a_&amp;_r@1_&amp;_e@2)=1.0 feature(t@-2_&amp;_w@-1_&amp;_a)=1.0 feature(a_&amp;_r@1)=1.0 feature(w@-1_&amp;_a)=1.0 feature(r@1)=1.0 feature(a)=1.0  span[192..193]
Token#160:r feature(e@1_&amp;_.@2_&amp;_&lt;END0&gt;@3)=1.0 feature(t@-3_&amp;_w@-2_&amp;_a@-1)=1.0 feature(r_&amp;_e@1_&amp;_.@2)=1.0 feature(w@-2_&amp;_a@-1_&amp;_r)=1.0 feature(r_&amp;_e@1)=1.0 feature(a@-1_&amp;_r)=1.0 feature(e@1)=1.0 feature(r)=1.0  span[193..194]
Token#161:e feature(.@1_&amp;_&lt;END0&gt;@2_&amp;_&lt;END1&gt;@3)=1.0 feature(w@-3_&amp;_a@-2_&amp;_r@-1)=1.0 feature(e_&amp;_.@1_&amp;_&lt;END0&gt;@2)=1.0 feature(a@-2_&amp;_r@-1_&amp;_e)=1.0 feature(e_&amp;_.@1)=1.0 feature(r@-1_&amp;_e)=1.0 feature(.@1)=1.0 feature(e)=1.0  span[194..195]
Token#162:. feature(&lt;END0&gt;@1_&amp;_&lt;END1&gt;@2_&amp;_&lt;END2&gt;@3)=1.0 feature(a@-3_&amp;_r@-2_&amp;_e@-1)=1.0 feature(._&amp;_&lt;END0&gt;@1_&amp;_&lt;END1&gt;@2)=1.0 feature(r@-2_&amp;_e@-1_&amp;_.)=1.0 feature(._&amp;_&lt;END0&gt;@1)=1.0 feature(e@-1_&amp;_.)=1.0 feature(&lt;END0&gt;@1)=1.0 feature(.)=1.0  span[195..196]

name: array:1
target: 0: start (0)
1: notstart (1)
2: notstart (1)
3: start (0)
4: notstart (1)
5: notstart (1)
6: notstart (1)
7: notstart (1)
8: notstart (1)
9: notstart (1)
10: start (0)
11: notstart (1)
12: start (0)
13: notstart (1)
14: notstart (1)
15: start (0)
16: notstart (1)
17: notstart (1)
18: start (0)
19: notstart (1)
20: notstart (1)
21: notstart (1)
22: notstart (1)
23: notstart (1)
24: notstart (1)
25: notstart (1)
26: start (0)
27: notstart (1)
28: notstart (1)
29: start (0)
30: notstart (1)
31: notstart (1)
32: start (0)
33: notstart (1)
34: notstart (1)
35: notstart (1)
36: notstart (1)
37: notstart (1)
38: notstart (1)
39: notstart (1)

input: TokenSequence [t feature(h@1_&amp;_e@2_&amp;_f@3)=1.0 feature(&lt;START2&gt;@-3_&amp;_&lt;START1&gt;@-2_&amp;_&lt;START0&gt;@-1)=1.0 feature(t_&amp;_h@1_&amp;_e@2)=1.0 feature(&lt;START1&gt;@-2_&amp;_&lt;START0&gt;@-1_&amp;_t)=1.0 feature(t_&amp;_h@1)=1.0 feature(&lt;START0&gt;@-1_&amp;_t)=1.0 feature(h@1)=1.0 feature(t)=1.0  span[0..1], h feature(e@1_&amp;_f@2_&amp;_r@3)=1.0 feature(&lt;START1&gt;@-3_&amp;_&lt;START0&gt;@-2_&amp;_t@-1)=1.0 feature(h_&amp;_e@1_&amp;_f@2)=1.0 feature(&lt;START0&gt;@-2_&amp;_t@-1_&amp;_h)=1.0 feature(h_&amp;_e@1)=1.0 feature(t@-1_&amp;_h)=1.0 feature(e@1)=1.0 feature(h)=1.0  span[1..2], e feature(f@1_&amp;_r@2_&amp;_e@3)=1.0 feature(&lt;START0&gt;@-3_&amp;_t@-2_&amp;_h@-1)=1.0 feature(e_&amp;_f@1_&amp;_r@2)=1.0 feature(t@-2_&amp;_h@-1_&amp;_e)=1.0 feature(e_&amp;_f@1)=1.0 feature(h@-1_&amp;_e)=1.0 feature(f@1)=1.0 feature(e)=1.0  span[2..3], f feature(r@1_&amp;_e@2_&amp;_e@3)=1.0 feature(t@-3_&amp;_h@-2_&amp;_e@-1)=1.0 feature(f_&amp;_r@1_&amp;_e@2)=1.0 feature(h@-2_&amp;_e@-1_&amp;_f)=1.0 feature(f_&amp;_r@1)=1.0 feature(e@-1_&amp;_f)=1.0 feature(r@1)=1.0 feature(f)=1.0  span[4..5], r feature(e@1_&amp;_e@2_&amp;_d@3)=1.0 feature(h@-3_&amp;_e@-2_&amp;_f@-1)=1.0 feature(r_&amp;_e@1_&amp;_e@2)=1.0 feature(e@-2_&amp;_f@-1_&amp;_r)=1.0 feature(r_&amp;_e@1)=1.0 feature(f@-1_&amp;_r)=1.0 feature(e@1)=1.0 feature(r)=1.0  span[5..6], e feature(e@1_&amp;_d@2_&amp;_o@3)=1.0 feature(e@-3_&amp;_f@-2_&amp;_r@-1)=1.0 feature(e_&amp;_e@1_&amp;_d@2)=1.0 feature(f@-2_&amp;_r@-1_&amp;_e)=1.0 feature(e_&amp;_e@1)=1.0 feature(r@-1_&amp;_e)=1.0 feature(e@1)=1.0 feature(e)=1.0  span[6..7], e feature(d@1_&amp;_o@2_&amp;_m@3)=1.0 feature(f@-3_&amp;_r@-2_&amp;_e@-1)=1.0 feature(e_&amp;_d@1_&amp;_o@2)=1.0 feature(r@-2_&amp;_e@-1_&amp;_e)=1.0 feature(e_&amp;_d@1)=1.0 feature(e@-1_&amp;_e)=1.0 feature(d@1)=1.0 feature(e)=1.0  span[7..8], d feature(o@1_&amp;_m@2_&amp;_t@3)=1.0 feature(r@-3_&amp;_e@-2_&amp;_e@-1)=1.0 feature(d_&amp;_o@1_&amp;_m@2)=1.0 feature(e@-2_&amp;_e@-1_&amp;_d)=1.0 feature(d_&amp;_o@1)=1.0 feature(e@-1_&amp;_d)=1.0 feature(o@1)=1.0 feature(d)=1.0  span[8..9], o feature(m@1_&amp;_t@2_&amp;_o@3)=1.0 feature(e@-3_&amp;_e@-2_&amp;_d@-1)=1.0 feature(o_&amp;_m@1_&amp;_t@2)=1.0 feature(e@-2_&amp;_d@-1_&amp;_o)=1.0 feature(o_&amp;_m@1)=1.0 feature(d@-1_&amp;_o)=1.0 feature(m@1)=1.0 feature(o)=1.0  span[9..10], m feature(t@1_&amp;_o@2_&amp;_r@3)=1.0 feature(e@-3_&amp;_d@-2_&amp;_o@-1)=1.0 feature(m_&amp;_t@1_&amp;_o@2)=1.0 feature(d@-2_&amp;_o@-1_&amp;_m)=1.0 feature(m_&amp;_t@1)=1.0 feature(o@-1_&amp;_m)=1.0 feature(t@1)=1.0 feature(m)=1.0  span[10..11], t feature(o@1_&amp;_r@2_&amp;_u@3)=1.0 feature(d@-3_&amp;_o@-2_&amp;_m@-1)=1.0 feature(t_&amp;_o@1_&amp;_r@2)=1.0 feature(o@-2_&amp;_m@-1_&amp;_t)=1.0 feature(t_&amp;_o@1)=1.0 feature(m@-1_&amp;_t)=1.0 feature(o@1)=1.0 feature(t)=1.0  span[12..13], o feature(r@1_&amp;_u@2_&amp;_n@3)=1.0 feature(o@-3_&amp;_m@-2_&amp;_t@-1)=1.0 feature(o_&amp;_r@1_&amp;_u@2)=1.0 feature(m@-2_&amp;_t@-1_&amp;_o)=1.0 feature(o_&amp;_r@1)=1.0 feature(t@-1_&amp;_o)=1.0 feature(r@1)=1.0 feature(o)=1.0  span[13..14], r feature(u@1_&amp;_n@2_&amp;_t@3)=1.0 feature(m@-3_&amp;_t@-2_&amp;_o@-1)=1.0 feature(r_&amp;_u@1_&amp;_n@2)=1.0 feature(t@-2_&amp;_o@-1_&amp;_r)=1.0 feature(r_&amp;_u@1)=1.0 feature(o@-1_&amp;_r)=1.0 feature(u@1)=1.0 feature(r)=1.0  span[15..16], u feature(n@1_&amp;_t@2_&amp;_h@3)=1.0 feature(t@-3_&amp;_o@-2_&amp;_r@-1)=1.0 feature(u_&amp;_n@1_&amp;_t@2)=1.0 feature(o@-2_&amp;_r@-1_&amp;_u)=1.0 feature(u_&amp;_n@1)=1.0 feature(r@-1_&amp;_u)=1.0 feature(n@1)=1.0 feature(u)=1.0  span[16..17], n feature(t@1_&amp;_h@2_&amp;_e@3)=1.0 feature(o@-3_&amp;_r@-2_&amp;_u@-1)=1.0 feature(n_&amp;_t@1_&amp;_h@2)=1.0 feature(r@-2_&amp;_u@-1_&amp;_n)=1.0 feature(n_&amp;_t@1)=1.0 feature(u@-1_&amp;_n)=1.0 feature(t@1)=1.0 feature(n)=1.0  span[17..18], t feature(h@1_&amp;_e@2_&amp;_p@3)=1.0 feature(r@-3_&amp;_u@-2_&amp;_n@-1)=1.0 feature(t_&amp;_h@1_&amp;_e@2)=1.0 feature(u@-2_&amp;_n@-1_&amp;_t)=1.0 feature(t_&amp;_h@1)=1.0 feature(n@-1_&amp;_t)=1.0 feature(h@1)=1.0 feature(t)=1.0  span[19..20], h feature(e@1_&amp;_p@2_&amp;_r@3)=1.0 feature(u@-3_&amp;_n@-2_&amp;_t@-1)=1.0 feature(h_&amp;_e@1_&amp;_p@2)=1.0 feature(n@-2_&amp;_t@-1_&amp;_h)=1.0 feature(h_&amp;_e@1)=1.0 feature(t@-1_&amp;_h)=1.0 feature(e@1)=1.0 feature(h)=1.0  span[20..21], e feature(p@1_&amp;_r@2_&amp;_o@3)=1.0 feature(n@-3_&amp;_t@-2_&amp;_h@-1)=1.0 feature(e_&amp;_p@1_&amp;_r@2)=1.0 feature(t@-2_&amp;_h@-1_&amp;_e)=1.0 feature(e_&amp;_p@1)=1.0 feature(h@-1_&amp;_e)=1.0 feature(p@1)=1.0 feature(e)=1.0  span[21..22], p feature(r@1_&amp;_o@2_&amp;_g@3)=1.0 feature(t@-3_&amp;_h@-2_&amp;_e@-1)=1.0 feature(p_&amp;_r@1_&amp;_o@2)=1.0 feature(h@-2_&amp;_e@-1_&amp;_p)=1.0 feature(p_&amp;_r@1)=1.0 feature(e@-1_&amp;_p)=1.0 feature(r@1)=1.0 feature(p)=1.0  span[23..24], r feature(o@1_&amp;_g@2_&amp;_r@3)=1.0 feature(h@-3_&amp;_e@-2_&amp;_p@-1)=1.0 feature(r_&amp;_o@1_&amp;_g@2)=1.0 feature(e@-2_&amp;_p@-1_&amp;_r)=1.0 feature(r_&amp;_o@1)=1.0 feature(p@-1_&amp;_r)=1.0 feature(o@1)=1.0 feature(r)=1.0  span[24..25], o feature(g@1_&amp;_r@2_&amp;_a@3)=1.0 feature(e@-3_&amp;_p@-2_&amp;_r@-1)=1.0 feature(o_&amp;_g@1_&amp;_r@2)=1.0 feature(p@-2_&amp;_r@-1_&amp;_o)=1.0 feature(o_&amp;_g@1)=1.0 feature(r@-1_&amp;_o)=1.0 feature(g@1)=1.0 feature(o)=1.0  span[25..26], g feature(r@1_&amp;_a@2_&amp;_m@3)=1.0 feature(p@-3_&amp;_r@-2_&amp;_o@-1)=1.0 feature(g_&amp;_r@1_&amp;_a@2)=1.0 feature(r@-2_&amp;_o@-1_&amp;_g)=1.0 feature(g_&amp;_r@1)=1.0 feature(o@-1_&amp;_g)=1.0 feature(r@1)=1.0 feature(g)=1.0  span[26..27], r feature(a@1_&amp;_m@2_&amp;_,@3)=1.0 feature(r@-3_&amp;_o@-2_&amp;_g@-1)=1.0 feature(r_&amp;_a@1_&amp;_m@2)=1.0 feature(o@-2_&amp;_g@-1_&amp;_r)=1.0 feature(r_&amp;_a@1)=1.0 feature(g@-1_&amp;_r)=1.0 feature(a@1)=1.0 feature(r)=1.0  span[27..28], a feature(m@1_&amp;_,@2_&amp;_f@3)=1.0 feature(o@-3_&amp;_g@-2_&amp;_r@-1)=1.0 feature(a_&amp;_m@1_&amp;_,@2)=1.0 feature(g@-2_&amp;_r@-1_&amp;_a)=1.0 feature(a_&amp;_m@1)=1.0 feature(r@-1_&amp;_a)=1.0 feature(m@1)=1.0 feature(a)=1.0  span[28..29], m feature(,@1_&amp;_f@2_&amp;_o@3)=1.0 feature(g@-3_&amp;_r@-2_&amp;_a@-1)=1.0 feature(m_&amp;_,@1_&amp;_f@2)=1.0 feature(r@-2_&amp;_a@-1_&amp;_m)=1.0 feature(m_&amp;_,@1)=1.0 feature(a@-1_&amp;_m)=1.0 feature(,@1)=1.0 feature(m)=1.0  span[29..30], , feature(f@1_&amp;_o@2_&amp;_r@3)=1.0 feature(r@-3_&amp;_a@-2_&amp;_m@-1)=1.0 feature(,_&amp;_f@1_&amp;_o@2)=1.0 feature(a@-2_&amp;_m@-1_&amp;_,)=1.0 feature(,_&amp;_f@1)=1.0 feature(m@-1_&amp;_,)=1.0 feature(f@1)=1.0 feature(,)=1.0  span[30..31], f feature(o@1_&amp;_r@2_&amp;_a@3)=1.0 feature(a@-3_&amp;_m@-2_&amp;_,@-1)=1.0 feature(f_&amp;_o@1_&amp;_r@2)=1.0 feature(m@-2_&amp;_,@-1_&amp;_f)=1.0 feature(f_&amp;_o@1)=1.0 feature(,@-1_&amp;_f)=1.0 feature(o@1)=1.0 feature(f)=1.0  span[32..33], o feature(r@1_&amp;_a@2_&amp;_n@3)=1.0 feature(m@-3_&amp;_,@-2_&amp;_f@-1)=1.0 feature(o_&amp;_r@1_&amp;_a@2)=1.0 feature(,@-2_&amp;_f@-1_&amp;_o)=1.0 feature(o_&amp;_r@1)=1.0 feature(f@-1_&amp;_o)=1.0 feature(r@1)=1.0 feature(o)=1.0  span[33..34], r feature(a@1_&amp;_n@2_&amp;_y@3)=1.0 feature(,@-3_&amp;_f@-2_&amp;_o@-1)=1.0 feature(r_&amp;_a@1_&amp;_n@2)=1.0 feature(f@-2_&amp;_o@-1_&amp;_r)=1.0 feature(r_&amp;_a@1)=1.0 feature(o@-1_&amp;_r)=1.0 feature(a@1)=1.0 feature(r)=1.0  span[34..35], a feature(n@1_&amp;_y@2_&amp;_p@3)=1.0 feature(f@-3_&amp;_o@-2_&amp;_r@-1)=1.0 feature(a_&amp;_n@1_&amp;_y@2)=1.0 feature(o@-2_&amp;_r@-1_&amp;_a)=1.0 feature(a_&amp;_n@1)=1.0 feature(r@-1_&amp;_a)=1.0 feature(n@1)=1.0 feature(a)=1.0  span[36..37], n feature(y@1_&amp;_p@2_&amp;_u@3)=1.0 feature(o@-3_&amp;_r@-2_&amp;_a@-1)=1.0 feature(n_&amp;_y@1_&amp;_p@2)=1.0 feature(r@-2_&amp;_a@-1_&amp;_n)=1.0 feature(n_&amp;_y@1)=1.0 feature(a@-1_&amp;_n)=1.0 feature(y@1)=1.0 feature(n)=1.0  span[37..38], y feature(p@1_&amp;_u@2_&amp;_r@3)=1.0 feature(r@-3_&amp;_a@-2_&amp;_n@-1)=1.0 feature(y_&amp;_p@1_&amp;_u@2)=1.0 feature(a@-2_&amp;_n@-1_&amp;_y)=1.0 feature(y_&amp;_p@1)=1.0 feature(n@-1_&amp;_y)=1.0 feature(p@1)=1.0 feature(y)=1.0  span[38..39], p feature(u@1_&amp;_r@2_&amp;_p@3)=1.0 feature(a@-3_&amp;_n@-2_&amp;_y@-1)=1.0 feature(p_&amp;_u@1_&amp;_r@2)=1.0 feature(n@-2_&amp;_y@-1_&amp;_p)=1.0 feature(p_&amp;_u@1)=1.0 feature(y@-1_&amp;_p)=1.0 feature(u@1)=1.0 feature(p)=1.0  span[40..41], u feature(r@1_&amp;_p@2_&amp;_o@3)=1.0 feature(n@-3_&amp;_y@-2_&amp;_p@-1)=1.0 feature(u_&amp;_r@1_&amp;_p@2)=1.0 feature(y@-2_&amp;_p@-1_&amp;_u)=1.0 feature(u_&amp;_r@1)=1.0 feature(p@-1_&amp;_u)=1.0 feature(r@1)=1.0 feature(u)=1.0  span[41..42], r feature(p@1_&amp;_o@2_&amp;_s@3)=1.0 feature(y@-3_&amp;_p@-2_&amp;_u@-1)=1.0 feature(r_&amp;_p@1_&amp;_o@2)=1.0 feature(p@-2_&amp;_u@-1_&amp;_r)=1.0 feature(r_&amp;_p@1)=1.0 feature(u@-1_&amp;_r)=1.0 feature(p@1)=1.0 feature(r)=1.0  span[42..43], p feature(o@1_&amp;_s@2_&amp;_e@3)=1.0 feature(p@-3_&amp;_u@-2_&amp;_r@-1)=1.0 feature(p_&amp;_o@1_&amp;_s@2)=1.0 feature(u@-2_&amp;_r@-1_&amp;_p)=1.0 feature(p_&amp;_o@1)=1.0 feature(r@-1_&amp;_p)=1.0 feature(o@1)=1.0 feature(p)=1.0  span[43..44], o feature(s@1_&amp;_e@2_&amp;_.@3)=1.0 feature(u@-3_&amp;_r@-2_&amp;_p@-1)=1.0 feature(o_&amp;_s@1_&amp;_e@2)=1.0 feature(r@-2_&amp;_p@-1_&amp;_o)=1.0 feature(o_&amp;_s@1)=1.0 feature(p@-1_&amp;_o)=1.0 feature(s@1)=1.0 feature(o)=1.0  span[44..45], s feature(e@1_&amp;_.@2_&amp;_&lt;END0&gt;@3)=1.0 feature(r@-3_&amp;_p@-2_&amp;_o@-1)=1.0 feature(s_&amp;_e@1_&amp;_.@2)=1.0 feature(p@-2_&amp;_o@-1_&amp;_s)=1.0 feature(s_&amp;_e@1)=1.0 feature(o@-1_&amp;_s)=1.0 feature(e@1)=1.0 feature(s)=1.0  span[45..46], e feature(.@1_&amp;_&lt;END0&gt;@2_&amp;_&lt;END1&gt;@3)=1.0 feature(p@-3_&amp;_o@-2_&amp;_s@-1)=1.0 feature(e_&amp;_.@1_&amp;_&lt;END0&gt;@2)=1.0 feature(o@-2_&amp;_s@-1_&amp;_e)=1.0 feature(e_&amp;_.@1)=1.0 feature(s@-1_&amp;_e)=1.0 feature(.@1)=1.0 feature(e)=1.0  span[46..47], . feature(&lt;END0&gt;@1_&amp;_&lt;END1&gt;@2_&amp;_&lt;END2&gt;@3)=1.0 feature(o@-3_&amp;_s@-2_&amp;_e@-1)=1.0 feature(._&amp;_&lt;END0&gt;@1_&amp;_&lt;END1&gt;@2)=1.0 feature(s@-2_&amp;_e@-1_&amp;_.)=1.0 feature(._&amp;_&lt;END0&gt;@1)=1.0 feature(e@-1_&amp;_.)=1.0 feature(&lt;END0&gt;@1)=1.0 feature(.)=1.0  span[47..48]]
Token#0:t feature(h@1_&amp;_e@2_&amp;_f@3)=1.0 feature(&lt;START2&gt;@-3_&amp;_&lt;START1&gt;@-2_&amp;_&lt;START0&gt;@-1)=1.0 feature(t_&amp;_h@1_&amp;_e@2)=1.0 feature(&lt;START1&gt;@-2_&amp;_&lt;START0&gt;@-1_&amp;_t)=1.0 feature(t_&amp;_h@1)=1.0 feature(&lt;START0&gt;@-1_&amp;_t)=1.0 feature(h@1)=1.0 feature(t)=1.0  span[0..1]
Token#1:h feature(e@1_&amp;_f@2_&amp;_r@3)=1.0 feature(&lt;START1&gt;@-3_&amp;_&lt;START0&gt;@-2_&amp;_t@-1)=1.0 feature(h_&amp;_e@1_&amp;_f@2)=1.0 feature(&lt;START0&gt;@-2_&amp;_t@-1_&amp;_h)=1.0 feature(h_&amp;_e@1)=1.0 feature(t@-1_&amp;_h)=1.0 feature(e@1)=1.0 feature(h)=1.0  span[1..2]
Token#2:e feature(f@1_&amp;_r@2_&amp;_e@3)=1.0 feature(&lt;START0&gt;@-3_&amp;_t@-2_&amp;_h@-1)=1.0 feature(e_&amp;_f@1_&amp;_r@2)=1.0 feature(t@-2_&amp;_h@-1_&amp;_e)=1.0 feature(e_&amp;_f@1)=1.0 feature(h@-1_&amp;_e)=1.0 feature(f@1)=1.0 feature(e)=1.0  span[2..3]
Token#3:f feature(r@1_&amp;_e@2_&amp;_e@3)=1.0 feature(t@-3_&amp;_h@-2_&amp;_e@-1)=1.0 feature(f_&amp;_r@1_&amp;_e@2)=1.0 feature(h@-2_&amp;_e@-1_&amp;_f)=1.0 feature(f_&amp;_r@1)=1.0 feature(e@-1_&amp;_f)=1.0 feature(r@1)=1.0 feature(f)=1.0  span[4..5]
Token#4:r feature(e@1_&amp;_e@2_&amp;_d@3)=1.0 feature(h@-3_&amp;_e@-2_&amp;_f@-1)=1.0 feature(r_&amp;_e@1_&amp;_e@2)=1.0 feature(e@-2_&amp;_f@-1_&amp;_r)=1.0 feature(r_&amp;_e@1)=1.0 feature(f@-1_&amp;_r)=1.0 feature(e@1)=1.0 feature(r)=1.0  span[5..6]
Token#5:e feature(e@1_&amp;_d@2_&amp;_o@3)=1.0 feature(e@-3_&amp;_f@-2_&amp;_r@-1)=1.0 feature(e_&amp;_e@1_&amp;_d@2)=1.0 feature(f@-2_&amp;_r@-1_&amp;_e)=1.0 feature(e_&amp;_e@1)=1.0 feature(r@-1_&amp;_e)=1.0 feature(e@1)=1.0 feature(e)=1.0  span[6..7]
Token#6:e feature(d@1_&amp;_o@2_&amp;_m@3)=1.0 feature(f@-3_&amp;_r@-2_&amp;_e@-1)=1.0 feature(e_&amp;_d@1_&amp;_o@2)=1.0 feature(r@-2_&amp;_e@-1_&amp;_e)=1.0 feature(e_&amp;_d@1)=1.0 feature(e@-1_&amp;_e)=1.0 feature(d@1)=1.0 feature(e)=1.0  span[7..8]
Token#7:d feature(o@1_&amp;_m@2_&amp;_t@3)=1.0 feature(r@-3_&amp;_e@-2_&amp;_e@-1)=1.0 feature(d_&amp;_o@1_&amp;_m@2)=1.0 feature(e@-2_&amp;_e@-1_&amp;_d)=1.0 feature(d_&amp;_o@1)=1.0 feature(e@-1_&amp;_d)=1.0 feature(o@1)=1.0 feature(d)=1.0  span[8..9]
Token#8:o feature(m@1_&amp;_t@2_&amp;_o@3)=1.0 feature(e@-3_&amp;_e@-2_&amp;_d@-1)=1.0 feature(o_&amp;_m@1_&amp;_t@2)=1.0 feature(e@-2_&amp;_d@-1_&amp;_o)=1.0 feature(o_&amp;_m@1)=1.0 feature(d@-1_&amp;_o)=1.0 feature(m@1)=1.0 feature(o)=1.0  span[9..10]
Token#9:m feature(t@1_&amp;_o@2_&amp;_r@3)=1.0 feature(e@-3_&amp;_d@-2_&amp;_o@-1)=1.0 feature(m_&amp;_t@1_&amp;_o@2)=1.0 feature(d@-2_&amp;_o@-1_&amp;_m)=1.0 feature(m_&amp;_t@1)=1.0 feature(o@-1_&amp;_m)=1.0 feature(t@1)=1.0 feature(m)=1.0  span[10..11]
Token#10:t feature(o@1_&amp;_r@2_&amp;_u@3)=1.0 feature(d@-3_&amp;_o@-2_&amp;_m@-1)=1.0 feature(t_&amp;_o@1_&amp;_r@2)=1.0 feature(o@-2_&amp;_m@-1_&amp;_t)=1.0 feature(t_&amp;_o@1)=1.0 feature(m@-1_&amp;_t)=1.0 feature(o@1)=1.0 feature(t)=1.0  span[12..13]
Token#11:o feature(r@1_&amp;_u@2_&amp;_n@3)=1.0 feature(o@-3_&amp;_m@-2_&amp;_t@-1)=1.0 feature(o_&amp;_r@1_&amp;_u@2)=1.0 feature(m@-2_&amp;_t@-1_&amp;_o)=1.0 feature(o_&amp;_r@1)=1.0 feature(t@-1_&amp;_o)=1.0 feature(r@1)=1.0 feature(o)=1.0  span[13..14]
Token#12:r feature(u@1_&amp;_n@2_&amp;_t@3)=1.0 feature(m@-3_&amp;_t@-2_&amp;_o@-1)=1.0 feature(r_&amp;_u@1_&amp;_n@2)=1.0 feature(t@-2_&amp;_o@-1_&amp;_r)=1.0 feature(r_&amp;_u@1)=1.0 feature(o@-1_&amp;_r)=1.0 feature(u@1)=1.0 feature(r)=1.0  span[15..16]
Token#13:u feature(n@1_&amp;_t@2_&amp;_h@3)=1.0 feature(t@-3_&amp;_o@-2_&amp;_r@-1)=1.0 feature(u_&amp;_n@1_&amp;_t@2)=1.0 feature(o@-2_&amp;_r@-1_&amp;_u)=1.0 feature(u_&amp;_n@1)=1.0 feature(r@-1_&amp;_u)=1.0 feature(n@1)=1.0 feature(u)=1.0  span[16..17]
Token#14:n feature(t@1_&amp;_h@2_&amp;_e@3)=1.0 feature(o@-3_&amp;_r@-2_&amp;_u@-1)=1.0 feature(n_&amp;_t@1_&amp;_h@2)=1.0 feature(r@-2_&amp;_u@-1_&amp;_n)=1.0 feature(n_&amp;_t@1)=1.0 feature(u@-1_&amp;_n)=1.0 feature(t@1)=1.0 feature(n)=1.0  span[17..18]
Token#15:t feature(h@1_&amp;_e@2_&amp;_p@3)=1.0 feature(r@-3_&amp;_u@-2_&amp;_n@-1)=1.0 feature(t_&amp;_h@1_&amp;_e@2)=1.0 feature(u@-2_&amp;_n@-1_&amp;_t)=1.0 feature(t_&amp;_h@1)=1.0 feature(n@-1_&amp;_t)=1.0 feature(h@1)=1.0 feature(t)=1.0  span[19..20]
Token#16:h feature(e@1_&amp;_p@2_&amp;_r@3)=1.0 feature(u@-3_&amp;_n@-2_&amp;_t@-1)=1.0 feature(h_&amp;_e@1_&amp;_p@2)=1.0 feature(n@-2_&amp;_t@-1_&amp;_h)=1.0 feature(h_&amp;_e@1)=1.0 feature(t@-1_&amp;_h)=1.0 feature(e@1)=1.0 feature(h)=1.0  span[20..21]
Token#17:e feature(p@1_&amp;_r@2_&amp;_o@3)=1.0 feature(n@-3_&amp;_t@-2_&amp;_h@-1)=1.0 feature(e_&amp;_p@1_&amp;_r@2)=1.0 feature(t@-2_&amp;_h@-1_&amp;_e)=1.0 feature(e_&amp;_p@1)=1.0 feature(h@-1_&amp;_e)=1.0 feature(p@1)=1.0 feature(e)=1.0  span[21..22]
Token#18:p feature(r@1_&amp;_o@2_&amp;_g@3)=1.0 feature(t@-3_&amp;_h@-2_&amp;_e@-1)=1.0 feature(p_&amp;_r@1_&amp;_o@2)=1.0 feature(h@-2_&amp;_e@-1_&amp;_p)=1.0 feature(p_&amp;_r@1)=1.0 feature(e@-1_&amp;_p)=1.0 feature(r@1)=1.0 feature(p)=1.0  span[23..24]
Token#19:r feature(o@1_&amp;_g@2_&amp;_r@3)=1.0 feature(h@-3_&amp;_e@-2_&amp;_p@-1)=1.0 feature(r_&amp;_o@1_&amp;_g@2)=1.0 feature(e@-2_&amp;_p@-1_&amp;_r)=1.0 feature(r_&amp;_o@1)=1.0 feature(p@-1_&amp;_r)=1.0 feature(o@1)=1.0 feature(r)=1.0  span[24..25]
Token#20:o feature(g@1_&amp;_r@2_&amp;_a@3)=1.0 feature(e@-3_&amp;_p@-2_&amp;_r@-1)=1.0 feature(o_&amp;_g@1_&amp;_r@2)=1.0 feature(p@-2_&amp;_r@-1_&amp;_o)=1.0 feature(o_&amp;_g@1)=1.0 feature(r@-1_&amp;_o)=1.0 feature(g@1)=1.0 feature(o)=1.0  span[25..26]
Token#21:g feature(r@1_&amp;_a@2_&amp;_m@3)=1.0 feature(p@-3_&amp;_r@-2_&amp;_o@-1)=1.0 feature(g_&amp;_r@1_&amp;_a@2)=1.0 feature(r@-2_&amp;_o@-1_&amp;_g)=1.0 feature(g_&amp;_r@1)=1.0 feature(o@-1_&amp;_g)=1.0 feature(r@1)=1.0 feature(g)=1.0  span[26..27]
Token#22:r feature(a@1_&amp;_m@2_&amp;_,@3)=1.0 feature(r@-3_&amp;_o@-2_&amp;_g@-1)=1.0 feature(r_&amp;_a@1_&amp;_m@2)=1.0 feature(o@-2_&amp;_g@-1_&amp;_r)=1.0 feature(r_&amp;_a@1)=1.0 feature(g@-1_&amp;_r)=1.0 feature(a@1)=1.0 feature(r)=1.0  span[27..28]
Token#23:a feature(m@1_&amp;_,@2_&amp;_f@3)=1.0 feature(o@-3_&amp;_g@-2_&amp;_r@-1)=1.0 feature(a_&amp;_m@1_&amp;_,@2)=1.0 feature(g@-2_&amp;_r@-1_&amp;_a)=1.0 feature(a_&amp;_m@1)=1.0 feature(r@-1_&amp;_a)=1.0 feature(m@1)=1.0 feature(a)=1.0  span[28..29]
Token#24:m feature(,@1_&amp;_f@2_&amp;_o@3)=1.0 feature(g@-3_&amp;_r@-2_&amp;_a@-1)=1.0 feature(m_&amp;_,@1_&amp;_f@2)=1.0 feature(r@-2_&amp;_a@-1_&amp;_m)=1.0 feature(m_&amp;_,@1)=1.0 feature(a@-1_&amp;_m)=1.0 feature(,@1)=1.0 feature(m)=1.0  span[29..30]
Token#25:, feature(f@1_&amp;_o@2_&amp;_r@3)=1.0 feature(r@-3_&amp;_a@-2_&amp;_m@-1)=1.0 feature(,_&amp;_f@1_&amp;_o@2)=1.0 feature(a@-2_&amp;_m@-1_&amp;_,)=1.0 feature(,_&amp;_f@1)=1.0 feature(m@-1_&amp;_,)=1.0 feature(f@1)=1.0 feature(,)=1.0  span[30..31]
Token#26:f feature(o@1_&amp;_r@2_&amp;_a@3)=1.0 feature(a@-3_&amp;_m@-2_&amp;_,@-1)=1.0 feature(f_&amp;_o@1_&amp;_r@2)=1.0 feature(m@-2_&amp;_,@-1_&amp;_f)=1.0 feature(f_&amp;_o@1)=1.0 feature(,@-1_&amp;_f)=1.0 feature(o@1)=1.0 feature(f)=1.0  span[32..33]
Token#27:o feature(r@1_&amp;_a@2_&amp;_n@3)=1.0 feature(m@-3_&amp;_,@-2_&amp;_f@-1)=1.0 feature(o_&amp;_r@1_&amp;_a@2)=1.0 feature(,@-2_&amp;_f@-1_&amp;_o)=1.0 feature(o_&amp;_r@1)=1.0 feature(f@-1_&amp;_o)=1.0 feature(r@1)=1.0 feature(o)=1.0  span[33..34]
Token#28:r feature(a@1_&amp;_n@2_&amp;_y@3)=1.0 feature(,@-3_&amp;_f@-2_&amp;_o@-1)=1.0 feature(r_&amp;_a@1_&amp;_n@2)=1.0 feature(f@-2_&amp;_o@-1_&amp;_r)=1.0 feature(r_&amp;_a@1)=1.0 feature(o@-1_&amp;_r)=1.0 feature(a@1)=1.0 feature(r)=1.0  span[34..35]
Token#29:a feature(n@1_&amp;_y@2_&amp;_p@3)=1.0 feature(f@-3_&amp;_o@-2_&amp;_r@-1)=1.0 feature(a_&amp;_n@1_&amp;_y@2)=1.0 feature(o@-2_&amp;_r@-1_&amp;_a)=1.0 feature(a_&amp;_n@1)=1.0 feature(r@-1_&amp;_a)=1.0 feature(n@1)=1.0 feature(a)=1.0  span[36..37]
Token#30:n feature(y@1_&amp;_p@2_&amp;_u@3)=1.0 feature(o@-3_&amp;_r@-2_&amp;_a@-1)=1.0 feature(n_&amp;_y@1_&amp;_p@2)=1.0 feature(r@-2_&amp;_a@-1_&amp;_n)=1.0 feature(n_&amp;_y@1)=1.0 feature(a@-1_&amp;_n)=1.0 feature(y@1)=1.0 feature(n)=1.0  span[37..38]
Token#31:y feature(p@1_&amp;_u@2_&amp;_r@3)=1.0 feature(r@-3_&amp;_a@-2_&amp;_n@-1)=1.0 feature(y_&amp;_p@1_&amp;_u@2)=1.0 feature(a@-2_&amp;_n@-1_&amp;_y)=1.0 feature(y_&amp;_p@1)=1.0 feature(n@-1_&amp;_y)=1.0 feature(p@1)=1.0 feature(y)=1.0  span[38..39]
Token#32:p feature(u@1_&amp;_r@2_&amp;_p@3)=1.0 feature(a@-3_&amp;_n@-2_&amp;_y@-1)=1.0 feature(p_&amp;_u@1_&amp;_r@2)=1.0 feature(n@-2_&amp;_y@-1_&amp;_p)=1.0 feature(p_&amp;_u@1)=1.0 feature(y@-1_&amp;_p)=1.0 feature(u@1)=1.0 feature(p)=1.0  span[40..41]
Token#33:u feature(r@1_&amp;_p@2_&amp;_o@3)=1.0 feature(n@-3_&amp;_y@-2_&amp;_p@-1)=1.0 feature(u_&amp;_r@1_&amp;_p@2)=1.0 feature(y@-2_&amp;_p@-1_&amp;_u)=1.0 feature(u_&amp;_r@1)=1.0 feature(p@-1_&amp;_u)=1.0 feature(r@1)=1.0 feature(u)=1.0  span[41..42]
Token#34:r feature(p@1_&amp;_o@2_&amp;_s@3)=1.0 feature(y@-3_&amp;_p@-2_&amp;_u@-1)=1.0 feature(r_&amp;_p@1_&amp;_o@2)=1.0 feature(p@-2_&amp;_u@-1_&amp;_r)=1.0 feature(r_&amp;_p@1)=1.0 feature(u@-1_&amp;_r)=1.0 feature(p@1)=1.0 feature(r)=1.0  span[42..43]
Token#35:p feature(o@1_&amp;_s@2_&amp;_e@3)=1.0 feature(p@-3_&amp;_u@-2_&amp;_r@-1)=1.0 feature(p_&amp;_o@1_&amp;_s@2)=1.0 feature(u@-2_&amp;_r@-1_&amp;_p)=1.0 feature(p_&amp;_o@1)=1.0 feature(r@-1_&amp;_p)=1.0 feature(o@1)=1.0 feature(p)=1.0  span[43..44]
Token#36:o feature(s@1_&amp;_e@2_&amp;_.@3)=1.0 feature(u@-3_&amp;_r@-2_&amp;_p@-1)=1.0 feature(o_&amp;_s@1_&amp;_e@2)=1.0 feature(r@-2_&amp;_p@-1_&amp;_o)=1.0 feature(o_&amp;_s@1)=1.0 feature(p@-1_&amp;_o)=1.0 feature(s@1)=1.0 feature(o)=1.0  span[44..45]
Token#37:s feature(e@1_&amp;_.@2_&amp;_&lt;END0&gt;@3)=1.0 feature(r@-3_&amp;_p@-2_&amp;_o@-1)=1.0 feature(s_&amp;_e@1_&amp;_.@2)=1.0 feature(p@-2_&amp;_o@-1_&amp;_s)=1.0 feature(s_&amp;_e@1)=1.0 feature(o@-1_&amp;_s)=1.0 feature(e@1)=1.0 feature(s)=1.0  span[45..46]
Token#38:e feature(.@1_&amp;_&lt;END0&gt;@2_&amp;_&lt;END1&gt;@3)=1.0 feature(p@-3_&amp;_o@-2_&amp;_s@-1)=1.0 feature(e_&amp;_.@1_&amp;_&lt;END0&gt;@2)=1.0 feature(o@-2_&amp;_s@-1_&amp;_e)=1.0 feature(e_&amp;_.@1)=1.0 feature(s@-1_&amp;_e)=1.0 feature(.@1)=1.0 feature(e)=1.0  span[46..47]
Token#39:. feature(&lt;END0&gt;@1_&amp;_&lt;END1&gt;@2_&amp;_&lt;END2&gt;@3)=1.0 feature(o@-3_&amp;_s@-2_&amp;_e@-1)=1.0 feature(._&amp;_&lt;END0&gt;@1_&amp;_&lt;END1&gt;@2)=1.0 feature(s@-2_&amp;_e@-1_&amp;_.)=1.0 feature(._&amp;_&lt;END0&gt;@1)=1.0 feature(e@-1_&amp;_.)=1.0 feature(&lt;END0&gt;@1)=1.0 feature(.)=1.0  span[47..48]

</actual>junit.framework.ComparisonFailure: expected:&lt;name: array:0
[input: TokenSequence edu.umass.cs.mallet.base.types.TokenSequence@1f6226
Token#0:f feature(r@1_&amp;_e@2_&amp;_e@3)=1.0 feature(&lt;START2&gt;@-3_&amp;_&lt;START1&gt;@-2_&amp;_&lt;START0&gt;@-1)=1.0 feature(f_&amp;_r@1_&amp;_e@2)=1.0 feature(&lt;START1&gt;@-2_&amp;_&lt;START0&gt;@-1_&amp;_f)=1.0 feature(f_&amp;_r@1)=1.0 feature(&lt;START0&gt;@-1_&amp;_f)=1.0 feature(r@1)=1.0 feature(f)=1.0
Token#1:r feature(e@1_&amp;_e@2_&amp;_s@3)=1.0 feature(&lt;START1&gt;@-3_&amp;_&lt;START0&gt;@-2_&amp;_f@-1)=1.0 feature(r_&amp;_e@1_&amp;_e@2)=1.0 feature(&lt;START0&gt;@-2_&amp;_f@-1_&amp;_r)=1.0 feature(r_&amp;_e@1)=1.0 feature(f@-1_&amp;_r)=1.0 feature(e@1)=1.0 feature(r)=1.0
Token#2:e feature(e@1_&amp;_s@2_&amp;_o@3)=1.0 feature(&lt;START0&gt;@-3_&amp;_f@-2_&amp;_r@-1)=1.0 feature(e_&amp;_e@1_&amp;_s@2)=1.0 feature(f@-2_&amp;_r@-1_&amp;_e)=1.0 feature(e_&amp;_e@1)=1.0 feature(r@-1_&amp;_e)=1.0 feature(e@1)=1.0 feature(e)=1.0
Token#3:e feature(s@1_&amp;_o@2_&amp;_f@3)=1.0 feature(f@-3_&amp;_r@-2_&amp;_e@-1)=1.0 feature(e_&amp;_s@1_&amp;_o@2)=1.0 feature(r@-2_&amp;_e@-1_&amp;_e)=1.0 feature(e_&amp;_s@1)=1.0 feature(e@-1_&amp;_e)=1.0 feature(s@1)=1.0 feature(e)=1.0
Token#4:s feature(o@1_&amp;_f@2_&amp;_t@3)=1.0 feature(r@-3_&amp;_e@-2_&amp;_e@-1)=1.0 feature(s_&amp;_o@1_&amp;_f@2)=1.0 feature(e@-2_&amp;_e@-1_&amp;_s)=1.0 feature(s_&amp;_o@1)=1.0 feature(e@-1_&amp;_s)=1.0 feature(o@1)=1.0 feature(s)=1.0
Token#5:o feature(f@1_&amp;_t@2_&amp;_w@3)=1.0 feature(e@-3_&amp;_e@-2_&amp;_s@-1)=1.0 feature(o_&amp;_f@1_&amp;_t@2)=1.0 feature(e@-2_&amp;_s@-1_&amp;_o)=1.0 feature(o_&amp;_f@1)=1.0 feature(s@-1_&amp;_o)=1.0 feature(f@1)=1.0 feature(o)=1.0
Token#6:f feature(t@1_&amp;_w@2_&amp;_a@3)=1.0 feature(e@-3_&amp;_s@-2_&amp;_o@-1)=1.0 feature(f_&amp;_t@1_&amp;_w@2)=1.0 feature(s@-2_&amp;_o@-1_&amp;_f)=1.0 feature(f_&amp;_t@1)=1.0 feature(o@-1_&amp;_f)=1.0 feature(t@1)=1.0 feature(f)=1.0
Token#7:t feature(w@1_&amp;_a@2_&amp;_r@3)=1.0 feature(s@-3_&amp;_o@-2_&amp;_f@-1)=1.0 feature(t_&amp;_w@1_&amp;_a@2)=1.0 feature(o@-2_&amp;_f@-1_&amp;_t)=1.0 feature(t_&amp;_w@1)=1.0 feature(f@-1_&amp;_t)=1.0 feature(w@1)=1.0 feature(t)=1.0
Token#8:w feature(a@1_&amp;_r@2_&amp;_e@3)=1.0 feature(o@-3_&amp;_f@-2_&amp;_t@-1)=1.0 feature(w_&amp;_a@1_&amp;_r@2)=1.0 feature(f@-2_&amp;_t@-1_&amp;_w)=1.0 feature(w_&amp;_a@1)=1.0 feature(t@-1_&amp;_w)=1.0 feature(a@1)=1.0 feature(w)=1.0
Token#9:a feature(r@1_&amp;_e@2_&amp;_i@3)=1.0 feature(f@-3_&amp;_t@-2_&amp;_w@-1)=1.0 feature(a_&amp;_r@1_&amp;_e@2)=1.0 feature(t@-2_&amp;_w@-1_&amp;_a)=1.0 feature(a_&amp;_r@1)=1.0 feature(w@-1_&amp;_a)=1.0 feature(r@1)=1.0 feature(a)=1.0
Token#10:r feature(e@1_&amp;_i@2_&amp;_s@3)=1.0 feature(t@-3_&amp;_w@-2_&amp;_a@-1)=1.0 feature(r_&amp;_e@1_&amp;_i@2)=1.0 feature(w@-2_&amp;_a@-1_&amp;_r)=1.0 feature(r_&amp;_e@1)=1.0 feature(a@-1_&amp;_r)=1.0 feature(e@1)=1.0 feature(r)=1.0
Token#11:e feature(i@1_&amp;_s@2_&amp;_a@3)=1.0 feature(w@-3_&amp;_a@-2_&amp;_r@-1)=1.0 feature(e_&amp;_i@1_&amp;_s@2)=1.0 feature(a@-2_&amp;_r@-1_&amp;_e)=1.0 feature(e_&amp;_i@1)=1.0 feature(r@-1_&amp;_e)=1.0 feature(i@1)=1.0 feature(e)=1.0
Token#12:i feature(s@1_&amp;_a@2_&amp;_m@3)=1.0 feature(a@-3_&amp;_r@-2_&amp;_e@-1)=1.0 feature(i_&amp;_s@1_&amp;_a@2)=1.0 feature(r@-2_&amp;_e@-1_&amp;_i)=1.0 feature(i_&amp;_s@1)=1.0 feature(e@-1_&amp;_i)=1.0 feature(s@1)=1.0 feature(i)=1.0
Token#13:s feature(a@1_&amp;_m@2_&amp;_a@3)=1.0 feature(r@-3_&amp;_e@-2_&amp;_i@-1)=1.0 feature(s_&amp;_a@1_&amp;_m@2)=1.0 feature(e@-2_&amp;_i@-1_&amp;_s)=1.0 feature(s_&amp;_a@1)=1.0 feature(i@-1_&amp;_s)=1.0 feature(a@1)=1.0 feature(s)=1.0
Token#14:a feature(m@1_&amp;_a@2_&amp;_t@3)=1.0 feature(e@-3_&amp;_i@-2_&amp;_s@-1)=1.0 feature(a_&amp;_m@1_&amp;_a@2)=1.0 feature(i@-2_&amp;_s@-1_&amp;_a)=1.0 feature(a_&amp;_m@1)=1.0 feature(s@-1_&amp;_a)=1.0 feature(m@1)=1.0 feature(a)=1.0
Token#15:m feature(a@1_&amp;_t@2_&amp;_t@3)=1.0 feature(i@-3_&amp;_s@-2_&amp;_a@-1)=1.0 feature(m_&amp;_a@1_&amp;_t@2)=1.0 feature(s@-2_&amp;_a@-1_&amp;_m)=1.0 feature(m_&amp;_a@1)=1.0 feature(a@-1_&amp;_m)=1.0 feature(a@1)=1.0 feature(m)=1.0
Token#16:a feature(t@1_&amp;_t@2_&amp;_e@3)=1.0 feature(s@-3_&amp;_a@-2_&amp;_m@-1)=1.0 feature(a_&amp;_t@1_&amp;_t@2)=1.0 feature(a@-2_&amp;_m@-1_&amp;_a)=1.0 feature(a_&amp;_t@1)=1.0 feature(m@-1_&amp;_a)=1.0 feature(t@1)=1.0 feature(a)=1.0
Token#17:t feature(t@1_&amp;_e@2_&amp;_r@3)=1.0 feature(a@-3_&amp;_m@-2_&amp;_a@-1)=1.0 feature(t_&amp;_t@1_&amp;_e@2)=1.0 feature(m@-2_&amp;_a@-1_&amp;_t)=1.0 feature(t_&amp;_t@1)=1.0 feature(a@-1_&amp;_t)=1.0 feature(t@1)=1.0 feature(t)=1.0
Token#18:t feature(e@1_&amp;_r@2_&amp;_o@3)=1.0 feature(m@-3_&amp;_a@-2_&amp;_t@-1)=1.0 feature(t_&amp;_e@1_&amp;_r@2)=1.0 feature(a@-2_&amp;_t@-1_&amp;_t)=1.0 feature(t_&amp;_e@1)=1.0 feature(t@-1_&amp;_t)=1.0 feature(e@1)=1.0 feature(t)=1.0
Token#19:e feature(r@1_&amp;_o@2_&amp;_f@3)=1.0 feature(a@-3_&amp;_t@-2_&amp;_t@-1)=1.0 feature(e_&amp;_r@1_&amp;_o@2)=1.0 feature(t@-2_&amp;_t@-1_&amp;_e)=1.0 feature(e_&amp;_r@1)=1.0 feature(t@-1_&amp;_e)=1.0 feature(r@1)=1.0 feature(e)=1.0
Token#20:r feature(o@1_&amp;_f@2_&amp;_t@3)=1.0 feature(t@-3_&amp;_t@-2_&amp;_e@-1)=1.0 feature(r_&amp;_o@1_&amp;_f@2)=1.0 feature(t@-2_&amp;_e@-1_&amp;_r)=1.0 feature(r_&amp;_o@1)=1.0 feature(e@-1_&amp;_r)=1.0 feature(o@1)=1.0 feature(r)=1.0
Token#21:o feature(f@1_&amp;_t@2_&amp;_h@3)=1.0 feature(t@-3_&amp;_e@-2_&amp;_r@-1)=1.0 feature(o_&amp;_f@1_&amp;_t@2)=1.0 feature(e@-2_&amp;_r@-1_&amp;_o)=1.0 feature(o_&amp;_f@1)=1.0 feature(r@-1_&amp;_o)=1.0 feature(f@1)=1.0 feature(o)=1.0
Token#22:f feature(t@1_&amp;_h@2_&amp;_e@3)=1.0 feature(e@-3_&amp;_r@-2_&amp;_o@-1)=1.0 feature(f_&amp;_t@1_&amp;_h@2)=1.0 feature(r@-2_&amp;_o@-1_&amp;_f)=1.0 feature(f_&amp;_t@1)=1.0 feature(o@-1_&amp;_f)=1.0 feature(t@1)=1.0 feature(f)=1.0
Token#23:t feature(h@1_&amp;_e@2_&amp;_u@3)=1.0 feature(r@-3_&amp;_o@-2_&amp;_f@-1)=1.0 feature(t_&amp;_h@1_&amp;_e@2)=1.0 feature(o@-2_&amp;_f@-1_&amp;_t)=1.0 feature(t_&amp;_h@1)=1.0 feature(f@-1_&amp;_t)=1.0 feature(h@1)=1.0 feature(t)=1.0
Token#24:h feature(e@1_&amp;_u@2_&amp;_s@3)=1.0 feature(o@-3_&amp;_f@-2_&amp;_t@-1)=1.0 feature(h_&amp;_e@1_&amp;_u@2)=1.0 feature(f@-2_&amp;_t@-1_&amp;_h)=1.0 feature(h_&amp;_e@1)=1.0 feature(t@-1_&amp;_h)=1.0 feature(e@1)=1.0 feature(h)=1.0
Token#25:e feature(u@1_&amp;_s@2_&amp;_e@3)=1.0 feature(f@-3_&amp;_t@-2_&amp;_h@-1)=1.0 feature(e_&amp;_u@1_&amp;_s@2)=1.0 feature(t@-2_&amp;_h@-1_&amp;_e)=1.0 feature(e_&amp;_u@1)=1.0 feature(h@-1_&amp;_e)=1.0 feature(u@1)=1.0 feature(e)=1.0
Token#26:u feature(s@1_&amp;_e@2_&amp;_r@3)=1.0 feature(t@-3_&amp;_h@-2_&amp;_e@-1)=1.0 feature(u_&amp;_s@1_&amp;_e@2)=1.0 feature(h@-2_&amp;_e@-1_&amp;_u)=1.0 feature(u_&amp;_s@1)=1.0 feature(e@-1_&amp;_u)=1.0 feature(s@1)=1.0 feature(u)=1.0
Token#27:s feature(e@1_&amp;_r@2_&amp;_s@3)=1.0 feature(h@-3_&amp;_e@-2_&amp;_u@-1)=1.0 feature(s_&amp;_e@1_&amp;_r@2)=1.0 feature(e@-2_&amp;_u@-1_&amp;_s)=1.0 feature(s_&amp;_e@1)=1.0 feature(u@-1_&amp;_s)=1.0 feature(e@1)=1.0 feature(s)=1.0
Token#28:e feature(r@1_&amp;_s@2_&amp;_'@3)=1.0 feature(e@-3_&amp;_u@-2_&amp;_s@-1)=1.0 feature(e_&amp;_r@1_&amp;_s@2)=1.0 feature(u@-2_&amp;_s@-1_&amp;_e)=1.0 feature(e_&amp;_r@1)=1.0 feature(s@-1_&amp;_e)=1.0 feature(r@1)=1.0 feature(e)=1.0
Token#29:r feature(s@1_&amp;_'@2_&amp;_f@3)=1.0 feature(u@-3_&amp;_s@-2_&amp;_e@-1)=1.0 feature(r_&amp;_s@1_&amp;_'@2)=1.0 feature(s@-2_&amp;_e@-1_&amp;_r)=1.0 feature(r_&amp;_s@1)=1.0 feature(e@-1_&amp;_r)=1.0 feature(s@1)=1.0 feature(r)=1.0
Token#30:s feature('@1_&amp;_f@2_&amp;_r@3)=1.0 feature(s@-3_&amp;_e@-2_&amp;_r@-1)=1.0 feature(s_&amp;_'@1_&amp;_f@2)=1.0 feature(e@-2_&amp;_r@-1_&amp;_s)=1.0 feature(s_&amp;_'@1)=1.0 feature(r@-1_&amp;_s)=1.0 feature('@1)=1.0 feature(s)=1.0
Token#31:' feature(f@1_&amp;_r@2_&amp;_e@3)=1.0 feature(e@-3_&amp;_r@-2_&amp;_s@-1)=1.0 feature('_&amp;_f@1_&amp;_r@2)=1.0 feature(r@-2_&amp;_s@-1_&amp;_')=1.0 feature('_&amp;_f@1)=1.0 feature(s@-1_&amp;_')=1.0 feature(f@1)=1.0 feature(')=1.0
Token#32:f feature(r@1_&amp;_e@2_&amp;_e@3)=1.0 feature(r@-3_&amp;_s@-2_&amp;_'@-1)=1.0 feature(f_&amp;_r@1_&amp;_e@2)=1.0 feature(s@-2_&amp;_'@-1_&amp;_f)=1.0 feature(f_&amp;_r@1)=1.0 feature('@-1_&amp;_f)=1.0 feature(r@1)=1.0 feature(f)=1.0
Token#33:r feature(e@1_&amp;_e@2_&amp;_d@3)=1.0 feature(s@-3_&amp;_'@-2_&amp;_f@-1)=1.0 feature(r_&amp;_e@1_&amp;_e@2)=1.0 feature('@-2_&amp;_f@-1_&amp;_r)=1.0 feature(r_&amp;_e@1)=1.0 feature(f@-1_&amp;_r)=1.0 feature(e@1)=1.0 feature(r)=1.0
Token#34:e feature(e@1_&amp;_d@2_&amp;_o@3)=1.0 feature('@-3_&amp;_f@-2_&amp;_r@-1)=1.0 feature(e_&amp;_e@1_&amp;_d@2)=1.0 feature(f@-2_&amp;_r@-1_&amp;_e)=1.0 feature(e_&amp;_e@1)=1.0 feature(r@-1_&amp;_e)=1.0 feature(e@1)=1.0 feature(e)=1.0
Token#35:e feature(d@1_&amp;_o@2_&amp;_m@3)=1.0 feature(f@-3_&amp;_r@-2_&amp;_e@-1)=1.0 feature(e_&amp;_d@1_&amp;_o@2)=1.0 feature(r@-2_&amp;_e@-1_&amp;_e)=1.0 feature(e_&amp;_d@1)=1.0 feature(e@-1_&amp;_e)=1.0 feature(d@1)=1.0 feature(e)=1.0
Token#36:d feature(o@1_&amp;_m@2_&amp;_t@3)=1.0 feature(r@-3_&amp;_e@-2_&amp;_e@-1)=1.0 feature(d_&amp;_o@1_&amp;_m@2)=1.0 feature(e@-2_&amp;_e@-1_&amp;_d)=1.0 feature(d_&amp;_o@1)=1.0 feature(e@-1_&amp;_d)=1.0 feature(o@1)=1.0 feature(d)=1.0
Token#37:o feature(m@1_&amp;_t@2_&amp;_o@3)=1.0 feature(e@-3_&amp;_e@-2_&amp;_d@-1)=1.0 feature(o_&amp;_m@1_&amp;_t@2)=1.0 feature(e@-2_&amp;_d@-1_&amp;_o)=1.0 feature(o_&amp;_m@1)=1.0 feature(d@-1_&amp;_o)=1.0 feature(m@1)=1.0 feature(o)=1.0
Token#38:m feature(t@1_&amp;_o@2_&amp;_r@3)=1.0 feature(e@-3_&amp;_d@-2_&amp;_o@-1)=1.0 feature(m_&amp;_t@1_&amp;_o@2)=1.0 feature(d@-2_&amp;_o@-1_&amp;_m)=1.0 feature(m_&amp;_t@1)=1.0 feature(o@-1_&amp;_m)=1.0 feature(t@1)=1.0 feature(m)=1.0
Token#39:t feature(o@1_&amp;_r@2_&amp;_u@3)=1.0 feature(d@-3_&amp;_o@-2_&amp;_m@-1)=1.0 feature(t_&amp;_o@1_&amp;_r@2)=1.0 feature(o@-2_&amp;_m@-1_&amp;_t)=1.0 feature(t_&amp;_o@1)=1.0 feature(m@-1_&amp;_t)=1.0 feature(o@1)=1.0 feature(t)=1.0
Token#40:o feature(r@1_&amp;_u@2_&amp;_n@3)=1.0 feature(o@-3_&amp;_m@-2_&amp;_t@-1)=1.0 feature(o_&amp;_r@1_&amp;_u@2)=1.0 feature(m@-2_&amp;_t@-1_&amp;_o)=1.0 feature(o_&amp;_r@1)=1.0 feature(t@-1_&amp;_o)=1.0 feature(r@1)=1.0 feature(o)=1.0
Token#41:r feature(u@1_&amp;_n@2_&amp;_,@3)=1.0 feature(m@-3_&amp;_t@-2_&amp;_o@-1)=1.0 feature(r_&amp;_u@1_&amp;_n@2)=1.0 feature(t@-2_&amp;_o@-1_&amp;_r)=1.0 feature(r_&amp;_u@1)=1.0 feature(o@-1_&amp;_r)=1.0 feature(u@1)=1.0 feature(r)=1.0
Token#42:u feature(n@1_&amp;_,@2_&amp;_c@3)=1.0 feature(t@-3_&amp;_o@-2_&amp;_r@-1)=1.0 feature(u_&amp;_n@1_&amp;_,@2)=1.0 feature(o@-2_&amp;_r@-1_&amp;_u)=1.0 feature(u_&amp;_n@1)=1.0 feature(r@-1_&amp;_u)=1.0 feature(n@1)=1.0 feature(u)=1.0
Token#43:n feature(,@1_&amp;_c@2_&amp;_o@3)=1.0 feature(o@-3_&amp;_r@-2_&amp;_u@-1)=1.0 feature(n_&amp;_,@1_&amp;_c@2)=1.0 feature(r@-2_&amp;_u@-1_&amp;_n)=1.0 feature(n_&amp;_,@1)=1.0 feature(u@-1_&amp;_n)=1.0 feature(,@1)=1.0 feature(n)=1.0
Token#44:, feature(c@1_&amp;_o@2_&amp;_p@3)=1.0 feature(r@-3_&amp;_u@-2_&amp;_n@-1)=1.0 feature(,_&amp;_c@1_&amp;_o@2)=1.0 feature(u@-2_&amp;_n@-1_&amp;_,)=1.0 feature(,_&amp;_c@1)=1.0 feature(n@-1_&amp;_,)=1.0 feature(c@1)=1.0 feature(,)=1.0
Token#45:c feature(o@1_&amp;_p@2_&amp;_y@3)=1.0 feature(u@-3_&amp;_n@-2_&amp;_,@-1)=1.0 feature(c_&amp;_o@1_&amp;_p@2)=1.0 feature(n@-2_&amp;_,@-1_&amp;_c)=1.0 feature(c_&amp;_o@1)=1.0 feature(,@-1_&amp;_c)=1.0 feature(o@1)=1.0 feature(c)=1.0
Token#46:o feature(p@1_&amp;_y@2_&amp;_,@3)=1.0 feature(n@-3_&amp;_,@-2_&amp;_c@-1)=1.0 feature(o_&amp;_p@1_&amp;_y@2)=1.0 feature(,@-2_&amp;_c@-1_&amp;_o)=1.0 feature(o_&amp;_p@1)=1.0 feature(c@-1_&amp;_o)=1.0 feature(p@1)=1.0 feature(o)=1.0
Token#47:p feature(y@1_&amp;_,@2_&amp;_d@3)=1.0 feature(,@-3_&amp;_c@-2_&amp;_o@-1)=1.0 feature(p_&amp;_y@1_&amp;_,@2)=1.0 feature(c@-2_&amp;_o@-1_&amp;_p)=1.0 feature(p_&amp;_y@1)=1.0 feature(o@-1_&amp;_p)=1.0 feature(y@1)=1.0 feature(p)=1.0
Token#48:y feature(,@1_&amp;_d@2_&amp;_i@3)=1.0 feature(c@-3_&amp;_o@-2_&amp;_p@-1)=1.0 feature(y_&amp;_,@1_&amp;_d@2)=1.0 feature(o@-2_&amp;_p@-1_&amp;_y)=1.0 feature(y_&amp;_,@1)=1.0 feature(p@-1_&amp;_y)=1.0 feature(,@1)=1.0 feature(y)=1.0
Token#49:, feature(d@1_&amp;_i@2_&amp;_s@3)=1.0 feature(o@-3_&amp;_p@-2_&amp;_y@-1)=1.0 feature(,_&amp;_d@1_&amp;_i@2)=1.0 feature(p@-2_&amp;_y@-1_&amp;_,)=1.0 feature(,_&amp;_d@1)=1.0 feature(y@-1_&amp;_,)=1.0 feature(d@1)=1.0 feature(,)=1.0
Token#50:d feature(i@1_&amp;_s@2_&amp;_t@3)=1.0 feature(p@-3_&amp;_y@-2_&amp;_,@-1)=1.0 feature(d_&amp;_i@1_&amp;_s@2)=1.0 feature(y@-2_&amp;_,@-1_&amp;_d)=1.0 feature(d_&amp;_i@1)=1.0 feature(,@-1_&amp;_d)=1.0 feature(i@1)=1.0 feature(d)=1.0
Token#51:i feature(s@1_&amp;_t@2_&amp;_r@3)=1.0 feature(y@-3_&amp;_,@-2_&amp;_d@-1)=1.0 feature(i_&amp;_s@1_&amp;_t@2)=1.0 feature(,@-2_&amp;_d@-1_&amp;_i)=1.0 feature(i_&amp;_s@1)=1.0 feature(d@-1_&amp;_i)=1.0 feature(s@1)=1.0 feature(i)=1.0
Token#52:s feature(t@1_&amp;_r@2_&amp;_i@3)=1.0 feature(,@-3_&amp;_d@-2_&amp;_i@-1)=1.0 feature(s_&amp;_t@1_&amp;_r@2)=1.0 feature(d@-2_&amp;_i@-1_&amp;_s)=1.0 feature(s_&amp;_t@1)=1.0 feature(i@-1_&amp;_s)=1.0 feature(t@1)=1.0 feature(s)=1.0
Token#53:t feature(r@1_&amp;_i@2_&amp;_b@3)=1.0 feature(d@-3_&amp;_i@-2_&amp;_s@-1)=1.0 feature(t_&amp;_r@1_&amp;_i@2)=1.0 feature(i@-2_&amp;_s@-1_&amp;_t)=1.0 feature(t_&amp;_r@1)=1.0 feature(s@-1_&amp;_t)=1.0 feature(r@1)=1.0 feature(t)=1.0
Token#54:r feature(i@1_&amp;_b@2_&amp;_u@3)=1.0 feature(i@-3_&amp;_s@-2_&amp;_t@-1)=1.0 feature(r_&amp;_i@1_&amp;_b@2)=1.0 feature(s@-2_&amp;_t@-1_&amp;_r)=1.0 feature(r_&amp;_i@1)=1.0 feature(t@-1_&amp;_r)=1.0 feature(i@1)=1.0 feature(r)=1.0
Token#55:i feature(b@1_&amp;_u@2_&amp;_t@3)=1.0 feature(s@-3_&amp;_t@-2_&amp;_r@-1)=1.0 feature(i_&amp;_b@1_&amp;_u@2)=1.0 feature(t@-2_&amp;_r@-1_&amp;_i)=1.0 feature(i_&amp;_b@1)=1.0 feature(r@-1_&amp;_i)=1.0 feature(b@1)=1.0 feature(i)=1.0
Token#56:b feature(u@1_&amp;_t@2_&amp;_e@3)=1.0 feature(t@-3_&amp;_r@-2_&amp;_i@-1)=1.0 feature(b_&amp;_u@1_&amp;_t@2)=1.0 feature(r@-2_&amp;_i@-1_&amp;_b)=1.0 feature(b_&amp;_u@1)=1.0 feature(i@-1_&amp;_b)=1.0 feature(u@1)=1.0 feature(b)=1.0
Token#57:u feature(t@1_&amp;_e@2_&amp;_,@3)=1.0 feature(r@-3_&amp;_i@-2_&amp;_b@-1)=1.0 feature(u_&amp;_t@1_&amp;_e@2)=1.0 feature(i@-2_&amp;_b@-1_&amp;_u)=1.0 feature(u_&amp;_t@1)=1.0 feature(b@-1_&amp;_u)=1.0 feature(t@1)=1.0 feature(u)=1.0
Token#58:t feature(e@1_&amp;_,@2_&amp;_s@3)=1.0 feature(i@-3_&amp;_b@-2_&amp;_u@-1)=1.0 feature(t_&amp;_e@1_&amp;_,@2)=1.0 feature(b@-2_&amp;_u@-1_&amp;_t)=1.0 feature(t_&amp;_e@1)=1.0 feature(u@-1_&amp;_t)=1.0 feature(e@1)=1.0 feature(t)=1.0
Token#59:e feature(,@1_&amp;_s@2_&amp;_t@3)=1.0 feature(b@-3_&amp;_u@-2_&amp;_t@-1)=1.0 feature(e_&amp;_,@1_&amp;_s@2)=1.0 feature(u@-2_&amp;_t@-1_&amp;_e)=1.0 feature(e_&amp;_,@1)=1.0 feature(t@-1_&amp;_e)=1.0 feature(,@1)=1.0 feature(e)=1.0
Token#60:, feature(s@1_&amp;_t@2_&amp;_u@3)=1.0 feature(u@-3_&amp;_t@-2_&amp;_e@-1)=1.0 feature(,_&amp;_s@1_&amp;_t@2)=1.0 feature(t@-2_&amp;_e@-1_&amp;_,)=1.0 feature(,_&amp;_s@1)=1.0 feature(e@-1_&amp;_,)=1.0 feature(s@1)=1.0 feature(,)=1.0
Token#61:s feature(t@1_&amp;_u@2_&amp;_d@3)=1.0 feature(t@-3_&amp;_e@-2_&amp;_,@-1)=1.0 feature(s_&amp;_t@1_&amp;_u@2)=1.0 feature(e@-2_&amp;_,@-1_&amp;_s)=1.0 feature(s_&amp;_t@1)=1.0 feature(,@-1_&amp;_s)=1.0 feature(t@1)=1.0 feature(s)=1.0
Token#62:t feature(u@1_&amp;_d@2_&amp;_y@3)=1.0 feature(e@-3_&amp;_,@-2_&amp;_s@-1)=1.0 feature(t_&amp;_u@1_&amp;_d@2)=1.0 feature(,@-2_&amp;_s@-1_&amp;_t)=1.0 feature(t_&amp;_u@1)=1.0 feature(s@-1_&amp;_t)=1.0 feature(u@1)=1.0 feature(t)=1.0
Token#63:u feature(d@1_&amp;_y@2_&amp;_,@3)=1.0 feature(,@-3_&amp;_s@-2_&amp;_t@-1)=1.0 feature(u_&amp;_d@1_&amp;_y@2)=1.0 feature(s@-2_&amp;_t@-1_&amp;_u)=1.0 feature(u_&amp;_d@1)=1.0 feature(t@-1_&amp;_u)=1.0 feature(d@1)=1.0 feature(u)=1.0
Token#64:d feature(y@1_&amp;_,@2_&amp;_c@3)=1.0 feature(s@-3_&amp;_t@-2_&amp;_u@-1)=1.0 feature(d_&amp;_y@1_&amp;_,@2)=1.0 feature(t@-2_&amp;_u@-1_&amp;_d)=1.0 feature(d_&amp;_y@1)=1.0 feature(u@-1_&amp;_d)=1.0 feature(y@1)=1.0 feature(d)=1.0
Token#65:y feature(,@1_&amp;_c@2_&amp;_h@3)=1.0 feature(t@-3_&amp;_u@-2_&amp;_d@-1)=1.0 feature(y_&amp;_,@1_&amp;_c@2)=1.0 feature(u@-2_&amp;_d@-1_&amp;_y)=1.0 feature(y_&amp;_,@1)=1.0 feature(d@-1_&amp;_y)=1.0 feature(,@1)=1.0 feature(y)=1.0
Token#66:, feature(c@1_&amp;_h@2_&amp;_a@3)=1.0 feature(u@-3_&amp;_d@-2_&amp;_y@-1)=1.0 feature(,_&amp;_c@1_&amp;_h@2)=1.0 feature(d@-2_&amp;_y@-1_&amp;_,)=1.0 feature(,_&amp;_c@1)=1.0 feature(y@-1_&amp;_,)=1.0 feature(c@1)=1.0 feature(,)=1.0
Token#67:c feature(h@1_&amp;_a@2_&amp;_n@3)=1.0 feature(d@-3_&amp;_y@-2_&amp;_,@-1)=1.0 feature(c_&amp;_h@1_&amp;_a@2)=1.0 feature(y@-2_&amp;_,@-1_&amp;_c)=1.0 feature(c_&amp;_h@1)=1.0 feature(,@-1_&amp;_c)=1.0 feature(h@1)=1.0 feature(c)=1.0
Token#68:h feature(a@1_&amp;_n@2_&amp;_g@3)=1.0 feature(y@-3_&amp;_,@-2_&amp;_c@-1)=1.0 feature(h_&amp;_a@1_&amp;_n@2)=1.0 feature(,@-2_&amp;_c@-1_&amp;_h)=1.0 feature(h_&amp;_a@1)=1.0 feature(c@-1_&amp;_h)=1.0 feature(a@1)=1.0 feature(h)=1.0
Token#69:a feature(n@1_&amp;_g@2_&amp;_e@3)=1.0 feature(,@-3_&amp;_c@-2_&amp;_h@-1)=1.0 feature(a_&amp;_n@1_&amp;_g@2)=1.0 feature(c@-2_&amp;_h@-1_&amp;_a)=1.0 feature(a_&amp;_n@1)=1.0 feature(h@-1_&amp;_a)=1.0 feature(n@1)=1.0 feature(a)=1.0
Token#70:n feature(g@1_&amp;_e@2_&amp;_a@3)=1.0 feature(c@-3_&amp;_h@-2_&amp;_a@-1)=1.0 feature(n_&amp;_g@1_&amp;_e@2)=1.0 feature(h@-2_&amp;_a@-1_&amp;_n)=1.0 feature(n_&amp;_g@1)=1.0 feature(a@-1_&amp;_n)=1.0 feature(g@1)=1.0 feature(n)=1.0
Token#71:g feature(e@1_&amp;_a@2_&amp;_n@3)=1.0 feature(h@-3_&amp;_a@-2_&amp;_n@-1)=1.0 feature(g_&amp;_e@1_&amp;_a@2)=1.0 feature(a@-2_&amp;_n@-1_&amp;_g)=1.0 feature(g_&amp;_e@1)=1.0 feature(n@-1_&amp;_g)=1.0 feature(e@1)=1.0 feature(g)=1.0
Token#72:e feature(a@1_&amp;_n@2_&amp;_d@3)=1.0 feature(a@-3_&amp;_n@-2_&amp;_g@-1)=1.0 feature(e_&amp;_a@1_&amp;_n@2)=1.0 feature(n@-2_&amp;_g@-1_&amp;_e)=1.0 feature(e_&amp;_a@1)=1.0 feature(g@-1_&amp;_e)=1.0 feature(a@1)=1.0 feature(e)=1.0
Token#73:a feature(n@1_&amp;_d@2_&amp;_i@3)=1.0 feature(n@-3_&amp;_g@-2_&amp;_e@-1)=1.0 feature(a_&amp;_n@1_&amp;_d@2)=1.0 feature(g@-2_&amp;_e@-1_&amp;_a)=1.0 feature(a_&amp;_n@1)=1.0 feature(e@-1_&amp;_a)=1.0 feature(n@1)=1.0 feature(a)=1.0
Token#74:n feature(d@1_&amp;_i@2_&amp;_m@3)=1.0 feature(g@-3_&amp;_e@-2_&amp;_a@-1)=1.0 feature(n_&amp;_d@1_&amp;_i@2)=1.0 feature(e@-2_&amp;_a@-1_&amp;_n)=1.0 feature(n_&amp;_d@1)=1.0 feature(a@-1_&amp;_n)=1.0 feature(d@1)=1.0 feature(n)=1.0
Token#75:d feature(i@1_&amp;_m@2_&amp;_p@3)=1.0 feature(e@-3_&amp;_a@-2_&amp;_n@-1)=1.0 feature(d_&amp;_i@1_&amp;_m@2)=1.0 feature(a@-2_&amp;_n@-1_&amp;_d)=1.0 feature(d_&amp;_i@1)=1.0 feature(n@-1_&amp;_d)=1.0 feature(i@1)=1.0 feature(d)=1.0
Token#76:i feature(m@1_&amp;_p@2_&amp;_r@3)=1.0 feature(a@-3_&amp;_n@-2_&amp;_d@-1)=1.0 feature(i_&amp;_m@1_&amp;_p@2)=1.0 feature(n@-2_&amp;_d@-1_&amp;_i)=1.0 feature(i_&amp;_m@1)=1.0 feature(d@-1_&amp;_i)=1.0 feature(m@1)=1.0 feature(i)=1.0
Token#77:m feature(p@1_&amp;_r@2_&amp;_o@3)=1.0 feature(n@-3_&amp;_d@-2_&amp;_i@-1)=1.0 feature(m_&amp;_p@1_&amp;_r@2)=1.0 feature(d@-2_&amp;_i@-1_&amp;_m)=1.0 feature(m_&amp;_p@1)=1.0 feature(i@-1_&amp;_m)=1.0 feature(p@1)=1.0 feature(m)=1.0
Token#78:p feature(r@1_&amp;_o@2_&amp;_v@3)=1.0 feature(d@-3_&amp;_i@-2_&amp;_m@-1)=1.0 feature(p_&amp;_r@1_&amp;_o@2)=1.0 feature(i@-2_&amp;_m@-1_&amp;_p)=1.0 feature(p_&amp;_r@1)=1.0 feature(m@-1_&amp;_p)=1.0 feature(r@1)=1.0 feature(p)=1.0
Token#79:r feature(o@1_&amp;_v@2_&amp;_e@3)=1.0 feature(i@-3_&amp;_m@-2_&amp;_p@-1)=1.0 feature(r_&amp;_o@1_&amp;_v@2)=1.0 feature(m@-2_&amp;_p@-1_&amp;_r)=1.0 feature(r_&amp;_o@1)=1.0 feature(p@-1_&amp;_r)=1.0 feature(o@1)=1.0 feature(r)=1.0
Token#80:o feature(v@1_&amp;_e@2_&amp;_t@3)=1.0 feature(m@-3_&amp;_p@-2_&amp;_r@-1)=1.0 feature(o_&amp;_v@1_&amp;_e@2)=1.0 feature(p@-2_&amp;_r@-1_&amp;_o)=1.0 feature(o_&amp;_v@1)=1.0 feature(r@-1_&amp;_o)=1.0 feature(v@1)=1.0 feature(o)=1.0
Token#81:v feature(e@1_&amp;_t@2_&amp;_h@3)=1.0 feature(p@-3_&amp;_r@-2_&amp;_o@-1)=1.0 feature(v_&amp;_e@1_&amp;_t@2)=1.0 feature(r@-2_&amp;_o@-1_&amp;_v)=1.0 feature(v_&amp;_e@1)=1.0 feature(o@-1_&amp;_v)=1.0 feature(e@1)=1.0 feature(v)=1.0
Token#82:e feature(t@1_&amp;_h@2_&amp;_e@3)=1.0 feature(r@-3_&amp;_o@-2_&amp;_v@-1)=1.0 feature(e_&amp;_t@1_&amp;_h@2)=1.0 feature(o@-2_&amp;_v@-1_&amp;_e)=1.0 feature(e_&amp;_t@1)=1.0 feature(v@-1_&amp;_e)=1.0 feature(t@1)=1.0 feature(e)=1.0
Token#83:t feature(h@1_&amp;_e@2_&amp;_s@3)=1.0 feature(o@-3_&amp;_v@-2_&amp;_e@-1)=1.0 feature(t_&amp;_h@1_&amp;_e@2)=1.0 feature(v@-2_&amp;_e@-1_&amp;_t)=1.0 feature(t_&amp;_h@1)=1.0 feature(e@-1_&amp;_t)=1.0 feature(h@1)=1.0 feature(t)=1.0
Token#84:h feature(e@1_&amp;_s@2_&amp;_o@3)=1.0 feature(v@-3_&amp;_e@-2_&amp;_t@-1)=1.0 feature(h_&amp;_e@1_&amp;_s@2)=1.0 feature(e@-2_&amp;_t@-1_&amp;_h)=1.0 feature(h_&amp;_e@1)=1.0 feature(t@-1_&amp;_h)=1.0 feature(e@1)=1.0 feature(h)=1.0
Token#85:e feature(s@1_&amp;_o@2_&amp;_f@3)=1.0 feature(e@-3_&amp;_t@-2_&amp;_h@-1)=1.0 feature(e_&amp;_s@1_&amp;_o@2)=1.0 feature(t@-2_&amp;_h@-1_&amp;_e)=1.0 feature(e_&amp;_s@1)=1.0 feature(h@-1_&amp;_e)=1.0 feature(s@1)=1.0 feature(e)=1.0
Token#86:s feature(o@1_&amp;_f@2_&amp;_t@3)=1.0 feature(t@-3_&amp;_h@-2_&amp;_e@-1)=1.0 feature(s_&amp;_o@1_&amp;_f@2)=1.0 feature(h@-2_&amp;_e@-1_&amp;_s)=1.0 feature(s_&amp;_o@1)=1.0 feature(e@-1_&amp;_s)=1.0 feature(o@1)=1.0 feature(s)=1.0
Token#87:o feature(f@1_&amp;_t@2_&amp;_w@3)=1.0 feature(h@-3_&amp;_e@-2_&amp;_s@-1)=1.0 feature(o_&amp;_f@1_&amp;_t@2)=1.0 feature(e@-2_&amp;_s@-1_&amp;_o)=1.0 feature(o_&amp;_f@1)=1.0 feature(s@-1_&amp;_o)=1.0 feature(f@1)=1.0 feature(o)=1.0
Token#88:f feature(t@1_&amp;_w@2_&amp;_a@3)=1.0 feature(e@-3_&amp;_s@-2_&amp;_o@-1)=1.0 feature(f_&amp;_t@1_&amp;_w@2)=1.0 feature(s@-2_&amp;_o@-1_&amp;_f)=1.0 feature(f_&amp;_t@1)=1.0 feature(o@-1_&amp;_f)=1.0 feature(t@1)=1.0 feature(f)=1.0
Token#89:t feature(w@1_&amp;_a@2_&amp;_r@3)=1.0 feature(s@-3_&amp;_o@-2_&amp;_f@-1)=1.0 feature(t_&amp;_w@1_&amp;_a@2)=1.0 feature(o@-2_&amp;_f@-1_&amp;_t)=1.0 feature(t_&amp;_w@1)=1.0 feature(f@-1_&amp;_t)=1.0 feature(w@1)=1.0 feature(t)=1.0
Token#90:w feature(a@1_&amp;_r@2_&amp;_e@3)=1.0 feature(o@-3_&amp;_f@-2_&amp;_t@-1)=1.0 feature(w_&amp;_a@1_&amp;_r@2)=1.0 feature(f@-2_&amp;_t@-1_&amp;_w)=1.0 feature(w_&amp;_a@1)=1.0 feature(t@-1_&amp;_w)=1.0 feature(a@1)=1.0 feature(w)=1.0
Token#91:a feature(r@1_&amp;_e@2_&amp;_.@3)=1.0 feature(f@-3_&amp;_t@-2_&amp;_w@-1)=1.0 feature(a_&amp;_r@1_&amp;_e@2)=1.0 feature(t@-2_&amp;_w@-1_&amp;_a)=1.0 feature(a_&amp;_r@1)=1.0 feature(w@-1_&amp;_a)=1.0 feature(r@1)=1.0 feature(a)=1.0
Token#92:r feature(e@1_&amp;_.@2_&amp;_m@3)=1.0 feature(t@-3_&amp;_w@-2_&amp;_a@-1)=1.0 feature(r_&amp;_e@1_&amp;_.@2)=1.0 feature(w@-2_&amp;_a@-1_&amp;_r)=1.0 feature(r_&amp;_e@1)=1.0 feature(a@-1_&amp;_r)=1.0 feature(e@1)=1.0 feature(r)=1.0
Token#93:e feature(.@1_&amp;_m@2_&amp;_o@3)=1.0 feature(w@-3_&amp;_a@-2_&amp;_r@-1)=1.0 feature(e_&amp;_.@1_&amp;_m@2)=1.0 feature(a@-2_&amp;_r@-1_&amp;_e)=1.0 feature(e_&amp;_.@1)=1.0 feature(r@-1_&amp;_e)=1.0 feature(.@1)=1.0 feature(e)=1.0
Token#94:. feature(m@1_&amp;_o@2_&amp;_r@3)=1.0 feature(a@-3_&amp;_r@-2_&amp;_e@-1)=1.0 feature(._&amp;_m@1_&amp;_o@2)=1.0 feature(r@-2_&amp;_e@-1_&amp;_.)=1.0 feature(._&amp;_m@1)=1.0 feature(e@-1_&amp;_.)=1.0 feature(m@1)=1.0 feature(.)=1.0
Token#95:m feature(o@1_&amp;_r@2_&amp;_e@3)=1.0 feature(r@-3_&amp;_e@-2_&amp;_.@-1)=1.0 feature(m_&amp;_o@1_&amp;_r@2)=1.0 feature(e@-2_&amp;_.@-1_&amp;_m)=1.0 feature(m_&amp;_o@1)=1.0 feature(.@-1_&amp;_m)=1.0 feature(o@1)=1.0 feature(m)=1.0
Token#96:o feature(r@1_&amp;_e@2_&amp;_p@3)=1.0 feature(e@-3_&amp;_.@-2_&amp;_m@-1)=1.0 feature(o_&amp;_r@1_&amp;_e@2)=1.0 feature(.@-2_&amp;_m@-1_&amp;_o)=1.0 feature(o_&amp;_r@1)=1.0 feature(m@-1_&amp;_o)=1.0 feature(r@1)=1.0 feature(o)=1.0
Token#97:r feature(e@1_&amp;_p@2_&amp;_r@3)=1.0 feature(.@-3_&amp;_m@-2_&amp;_o@-1)=1.0 feature(r_&amp;_e@1_&amp;_p@2)=1.0 feature(m@-2_&amp;_o@-1_&amp;_r)=1.0 feature(r_&amp;_e@1)=1.0 feature(o@-1_&amp;_r)=1.0 feature(e@1)=1.0 feature(r)=1.0
Token#98:e feature(p@1_&amp;_r@2_&amp;_e@3)=1.0 feature(m@-3_&amp;_o@-2_&amp;_r@-1)=1.0 feature(e_&amp;_p@1_&amp;_r@2)=1.0 feature(o@-2_&amp;_r@-1_&amp;_e)=1.0 feature(e_&amp;_p@1)=1.0 feature(r@-1_&amp;_e)=1.0 feature(p@1)=1.0 feature(e)=1.0
Token#99:p feature(r@1_&amp;_e@2_&amp;_c@3)=1.0 feature(o@-3_&amp;_r@-2_&amp;_e@-1)=1.0 feature(p_&amp;_r@1_&amp;_e@2)=1.0 feature(r@-2_&amp;_e@-1_&amp;_p)=1.0 feature(p_&amp;_r@1)=1.0 feature(e@-1_&amp;_p)=1.0 feature(r@1)=1.0 feature(p)=1.0
Token#100:r feature(e@1_&amp;_c@2_&amp;_i@3)=1.0 feature(r@-3_&amp;_e@-2_&amp;_p@-1)=1.0 feature(r_&amp;_e@1_&amp;_c@2)=1.0 feature(e@-2_&amp;_p@-1_&amp;_r)=1.0 feature(r_&amp;_e@1)=1.0 feature(p@-1_&amp;_r)=1.0 feature(e@1)=1.0 feature(r)=1.0
Token#101:e feature(c@1_&amp;_i@2_&amp;_s@3)=1.0 feature(e@-3_&amp;_p@-2_&amp;_r@-1)=1.0 feature(e_&amp;_c@1_&amp;_i@2)=1.0 feature(p@-2_&amp;_r@-1_&amp;_e)=1.0 feature(e_&amp;_c@1)=1.0 feature(r@-1_&amp;_e)=1.0 feature(c@1)=1.0 feature(e)=1.0
Token#102:c feature(i@1_&amp;_s@2_&amp;_e@3)=1.0 feature(p@-3_&amp;_r@-2_&amp;_e@-1)=1.0 feature(c_&amp;_i@1_&amp;_s@2)=1.0 feature(r@-2_&amp;_e@-1_&amp;_c)=1.0 feature(c_&amp;_i@1)=1.0 feature(e@-1_&amp;_c)=1.0 feature(i@1)=1.0 feature(c)=1.0
Token#103:i feature(s@1_&amp;_e@2_&amp;_l@3)=1.0 feature(r@-3_&amp;_e@-2_&amp;_c@-1)=1.0 feature(i_&amp;_s@1_&amp;_e@2)=1.0 feature(e@-2_&amp;_c@-1_&amp;_i)=1.0 feature(i_&amp;_s@1)=1.0 feature(c@-1_&amp;_i)=1.0 feature(s@1)=1.0 feature(i)=1.0
Token#104:s feature(e@1_&amp;_l@2_&amp;_y@3)=1.0 feature(e@-3_&amp;_c@-2_&amp;_i@-1)=1.0 feature(s_&amp;_e@1_&amp;_l@2)=1.0 feature(c@-2_&amp;_i@-1_&amp;_s)=1.0 feature(s_&amp;_e@1)=1.0 feature(i@-1_&amp;_s)=1.0 feature(e@1)=1.0 feature(s)=1.0
Token#105:e feature(l@1_&amp;_y@2_&amp;_,@3)=1.0 feature(c@-3_&amp;_i@-2_&amp;_s@-1)=1.0 feature(e_&amp;_l@1_&amp;_y@2)=1.0 feature(i@-2_&amp;_s@-1_&amp;_e)=1.0 feature(e_&amp;_l@1)=1.0 feature(s@-1_&amp;_e)=1.0 feature(l@1)=1.0 feature(e)=1.0
Token#106:l feature(y@1_&amp;_,@2_&amp;_i@3)=1.0 feature(i@-3_&amp;_s@-2_&amp;_e@-1)=1.0 feature(l_&amp;_y@1_&amp;_,@2)=1.0 feature(s@-2_&amp;_e@-1_&amp;_l)=1.0 feature(l_&amp;_y@1)=1.0 feature(e@-1_&amp;_l)=1.0 feature(y@1)=1.0 feature(l)=1.0
Token#107:y feature(,@1_&amp;_i@2_&amp;_t@3)=1.0 feature(s@-3_&amp;_e@-2_&amp;_l@-1)=1.0 feature(y_&amp;_,@1_&amp;_i@2)=1.0 feature(e@-2_&amp;_l@-1_&amp;_y)=1.0 feature(y_&amp;_,@1)=1.0 feature(l@-1_&amp;_y)=1.0 feature(,@1)=1.0 feature(y)=1.0
Token#108:, feature(i@1_&amp;_t@2_&amp;_r@3)=1.0 feature(e@-3_&amp;_l@-2_&amp;_y@-1)=1.0 feature(,_&amp;_i@1_&amp;_t@2)=1.0 feature(l@-2_&amp;_y@-1_&amp;_,)=1.0 feature(,_&amp;_i@1)=1.0 feature(y@-1_&amp;_,)=1.0 feature(i@1)=1.0 feature(,)=1.0
Token#109:i feature(t@1_&amp;_r@2_&amp;_e@3)=1.0 feature(l@-3_&amp;_y@-2_&amp;_,@-1)=1.0 feature(i_&amp;_t@1_&amp;_r@2)=1.0 feature(y@-2_&amp;_,@-1_&amp;_i)=1.0 feature(i_&amp;_t@1)=1.0 feature(,@-1_&amp;_i)=1.0 feature(t@1)=1.0 feature(i)=1.0
Token#110:t feature(r@1_&amp;_e@2_&amp;_f@3)=1.0 feature(y@-3_&amp;_,@-2_&amp;_i@-1)=1.0 feature(t_&amp;_r@1_&amp;_e@2)=1.0 feature(,@-2_&amp;_i@-1_&amp;_t)=1.0 feature(t_&amp;_r@1)=1.0 feature(i@-1_&amp;_t)=1.0 feature(r@1)=1.0 feature(t)=1.0
Token#111:r feature(e@1_&amp;_f@2_&amp;_e@3)=1.0 feature(,@-3_&amp;_i@-2_&amp;_t@-1)=1.0 feature(r_&amp;_e@1_&amp;_f@2)=1.0 feature(i@-2_&amp;_t@-1_&amp;_r)=1.0 feature(r_&amp;_e@1)=1.0 feature(t@-1_&amp;_r)=1.0 feature(e@1)=1.0 feature(r)=1.0
Token#112:e feature(f@1_&amp;_e@2_&amp;_r@3)=1.0 feature(i@-3_&amp;_t@-2_&amp;_r@-1)=1.0 feature(e_&amp;_f@1_&amp;_e@2)=1.0 feature(t@-2_&amp;_r@-1_&amp;_e)=1.0 feature(e_&amp;_f@1)=1.0 feature(r@-1_&amp;_e)=1.0 feature(f@1)=1.0 feature(e)=1.0
Token#113:f feature(e@1_&amp;_r@2_&amp;_s@3)=1.0 feature(t@-3_&amp;_r@-2_&amp;_e@-1)=1.0 feature(f_&amp;_e@1_&amp;_r@2)=1.0 feature(r@-2_&amp;_e@-1_&amp;_f)=1.0 feature(f_&amp;_e@1)=1.0 feature(e@-1_&amp;_f)=1.0 feature(e@1)=1.0 feature(f)=1.0
Token#114:e feature(r@1_&amp;_s@2_&amp;_t@3)=1.0 feature(r@-3_&amp;_e@-2_&amp;_f@-1)=1.0 feature(e_&amp;_r@1_&amp;_s@2)=1.0 feature(e@-2_&amp;_f@-1_&amp;_e)=1.0 feature(e_&amp;_r@1)=1.0 feature(f@-1_&amp;_e)=1.0 feature(r@1)=1.0 feature(e)=1.0
Token#115:r feature(s@1_&amp;_t@2_&amp;_o@3)=1.0 feature(e@-3_&amp;_f@-2_&amp;_e@-1)=1.0 feature(r_&amp;_s@1_&amp;_t@2)=1.0 feature(f@-2_&amp;_e@-1_&amp;_r)=1.0 feature(r_&amp;_s@1)=1.0 feature(e@-1_&amp;_r)=1.0 feature(s@1)=1.0 feature(r)=1.0
Token#116:s feature(t@1_&amp;_o@2_&amp;_f@3)=1.0 feature(f@-3_&amp;_e@-2_&amp;_r@-1)=1.0 feature(s_&amp;_t@1_&amp;_o@2)=1.0 feature(e@-2_&amp;_r@-1_&amp;_s)=1.0 feature(s_&amp;_t@1)=1.0 feature(r@-1_&amp;_s)=1.0 feature(t@1)=1.0 feature(s)=1.0
Token#117:t feature(o@1_&amp;_f@2_&amp;_o@3)=1.0 feature(e@-3_&amp;_r@-2_&amp;_s@-1)=1.0 feature(t_&amp;_o@1_&amp;_f@2)=1.0 feature(r@-2_&amp;_s@-1_&amp;_t)=1.0 feature(t_&amp;_o@1)=1.0 feature(s@-1_&amp;_t)=1.0 feature(o@1)=1.0 feature(t)=1.0
Token#118:o feature(f@1_&amp;_o@2_&amp;_u@3)=1.0 feature(r@-3_&amp;_s@-2_&amp;_t@-1)=1.0 feature(o_&amp;_f@1_&amp;_o@2)=1.0 feature(s@-2_&amp;_t@-1_&amp;_o)=1.0 feature(o_&amp;_f@1)=1.0 feature(t@-1_&amp;_o)=1.0 feature(f@1)=1.0 feature(o)=1.0
Token#119:f feature(o@1_&amp;_u@2_&amp;_r@3)=1.0 feature(s@-3_&amp;_t@-2_&amp;_o@-1)=1.0 feature(f_&amp;_o@1_&amp;_u@2)=1.0 feature(t@-2_&amp;_o@-1_&amp;_f)=1.0 feature(f_&amp;_o@1)=1.0 feature(o@-1_&amp;_f)=1.0 feature(o@1)=1.0 feature(f)=1.0
Token#120:o feature(u@1_&amp;_r@2_&amp;_k@3)=1.0 feature(t@-3_&amp;_o@-2_&amp;_f@-1)=1.0 feature(o_&amp;_u@1_&amp;_r@2)=1.0 feature(o@-2_&amp;_f@-1_&amp;_o)=1.0 feature(o_&amp;_u@1)=1.0 feature(f@-1_&amp;_o)=1.0 feature(u@1)=1.0 feature(o)=1.0
Token#121:u feature(r@1_&amp;_k@2_&amp;_i@3)=1.0 feature(o@-3_&amp;_f@-2_&amp;_o@-1)=1.0 feature(u_&amp;_r@1_&amp;_k@2)=1.0 feature(f@-2_&amp;_o@-1_&amp;_u)=1.0 feature(u_&amp;_r@1)=1.0 feature(o@-1_&amp;_u)=1.0 feature(r@1)=1.0 feature(u)=1.0
Token#122:r feature(k@1_&amp;_i@2_&amp;_n@3)=1.0 feature(f@-3_&amp;_o@-2_&amp;_u@-1)=1.0 feature(r_&amp;_k@1_&amp;_i@2)=1.0 feature(o@-2_&amp;_u@-1_&amp;_r)=1.0 feature(r_&amp;_k@1)=1.0 feature(u@-1_&amp;_r)=1.0 feature(k@1)=1.0 feature(r)=1.0
Token#123:k feature(i@1_&amp;_n@2_&amp;_d@3)=1.0 feature(o@-3_&amp;_u@-2_&amp;_r@-1)=1.0 feature(k_&amp;_i@1_&amp;_n@2)=1.0 feature(u@-2_&amp;_r@-1_&amp;_k)=1.0 feature(k_&amp;_i@1)=1.0 feature(r@-1_&amp;_k)=1.0 feature(i@1)=1.0 feature(k)=1.0
Token#124:i feature(n@1_&amp;_d@2_&amp;_s@3)=1.0 feature(u@-3_&amp;_r@-2_&amp;_k@-1)=1.0 feature(i_&amp;_n@1_&amp;_d@2)=1.0 feature(r@-2_&amp;_k@-1_&amp;_i)=1.0 feature(i_&amp;_n@1)=1.0 feature(k@-1_&amp;_i)=1.0 feature(n@1)=1.0 feature(i)=1.0
Token#125:n feature(d@1_&amp;_s@2_&amp;_o@3)=1.0 feature(r@-3_&amp;_k@-2_&amp;_i@-1)=1.0 feature(n_&amp;_d@1_&amp;_s@2)=1.0 feature(k@-2_&amp;_i@-1_&amp;_n)=1.0 feature(n_&amp;_d@1)=1.0 feature(i@-1_&amp;_n)=1.0 feature(d@1)=1.0 feature(n)=1.0
Token#126:d feature(s@1_&amp;_o@2_&amp;_f@3)=1.0 feature(k@-3_&amp;_i@-2_&amp;_n@-1)=1.0 feature(d_&amp;_s@1_&amp;_o@2)=1.0 feature(i@-2_&amp;_n@-1_&amp;_d)=1.0 feature(d_&amp;_s@1)=1.0 feature(n@-1_&amp;_d)=1.0 feature(s@1)=1.0 feature(d)=1.0
Token#127:s feature(o@1_&amp;_f@2_&amp;_f@3)=1.0 feature(i@-3_&amp;_n@-2_&amp;_d@-1)=1.0 feature(s_&amp;_o@1_&amp;_f@2)=1.0 feature(n@-2_&amp;_d@-1_&amp;_s)=1.0 feature(s_&amp;_o@1)=1.0 feature(d@-1_&amp;_s)=1.0 feature(o@1)=1.0 feature(s)=1.0
Token#128:o feature(f@1_&amp;_f@2_&amp;_r@3)=1.0 feature(n@-3_&amp;_d@-2_&amp;_s@-1)=1.0 feature(o_&amp;_f@1_&amp;_f@2)=1.0 feature(d@-2_&amp;_s@-1_&amp;_o)=1.0 feature(o_&amp;_f@1)=1.0 feature(s@-1_&amp;_o)=1.0 feature(f@1)=1.0 feature(o)=1.0
Token#129:f feature(f@1_&amp;_r@2_&amp;_e@3)=1.0 feature(d@-3_&amp;_s@-2_&amp;_o@-1)=1.0 feature(f_&amp;_f@1_&amp;_r@2)=1.0 feature(s@-2_&amp;_o@-1_&amp;_f)=1.0 feature(f_&amp;_f@1)=1.0 feature(o@-1_&amp;_f)=1.0 feature(f@1)=1.0 feature(f)=1.0
Token#130:f feature(r@1_&amp;_e@2_&amp;_e@3)=1.0 feature(s@-3_&amp;_o@-2_&amp;_f@-1)=1.0 feature(f_&amp;_r@1_&amp;_e@2)=1.0 feature(o@-2_&amp;_f@-1_&amp;_f)=1.0 feature(f_&amp;_r@1)=1.0 feature(f@-1_&amp;_f)=1.0 feature(r@1)=1.0 feature(f)=1.0
Token#131:r feature(e@1_&amp;_e@2_&amp;_d@3)=1.0 feature(o@-3_&amp;_f@-2_&amp;_f@-1)=1.0 feature(r_&amp;_e@1_&amp;_e@2)=1.0 feature(f@-2_&amp;_f@-1_&amp;_r)=1.0 feature(r_&amp;_e@1)=1.0 feature(f@-1_&amp;_r)=1.0 feature(e@1)=1.0 feature(r)=1.0
Token#132:e feature(e@1_&amp;_d@2_&amp;_o@3)=1.0 feature(f@-3_&amp;_f@-2_&amp;_r@-1)=1.0 feature(e_&amp;_e@1_&amp;_d@2)=1.0 feature(f@-2_&amp;_r@-1_&amp;_e)=1.0 feature(e_&amp;_e@1)=1.0 feature(r@-1_&amp;_e)=1.0 feature(e@1)=1.0 feature(e)=1.0
Token#133:e feature(d@1_&amp;_o@2_&amp;_m@3)=1.0 feature(f@-3_&amp;_r@-2_&amp;_e@-1)=1.0 feature(e_&amp;_d@1_&amp;_o@2)=1.0 feature(r@-2_&amp;_e@-1_&amp;_e)=1.0 feature(e_&amp;_d@1)=1.0 feature(e@-1_&amp;_e)=1.0 feature(d@1)=1.0 feature(e)=1.0
Token#134:d feature(o@1_&amp;_m@2_&amp;_,@3)=1.0 feature(r@-3_&amp;_e@-2_&amp;_e@-1)=1.0 feature(d_&amp;_o@1_&amp;_m@2)=1.0 feature(e@-2_&amp;_e@-1_&amp;_d)=1.0 feature(d_&amp;_o@1)=1.0 feature(e@-1_&amp;_d)=1.0 feature(o@1)=1.0 feature(d)=1.0
Token#135:o feature(m@1_&amp;_,@2_&amp;_f@3)=1.0 feature(e@-3_&amp;_e@-2_&amp;_d@-1)=1.0 feature(o_&amp;_m@1_&amp;_,@2)=1.0 feature(e@-2_&amp;_d@-1_&amp;_o)=1.0 feature(o_&amp;_m@1)=1.0 feature(d@-1_&amp;_o)=1.0 feature(m@1)=1.0 feature(o)=1.0
Token#136:m feature(,@1_&amp;_f@2_&amp;_o@3)=1.0 feature(e@-3_&amp;_d@-2_&amp;_o@-1)=1.0 feature(m_&amp;_,@1_&amp;_f@2)=1.0 feature(d@-2_&amp;_o@-1_&amp;_m)=1.0 feature(m_&amp;_,@1)=1.0 feature(o@-1_&amp;_m)=1.0 feature(,@1)=1.0 feature(m)=1.0
Token#137:, feature(f@1_&amp;_o@2_&amp;_r@3)=1.0 feature(d@-3_&amp;_o@-2_&amp;_m@-1)=1.0 feature(,_&amp;_f@1_&amp;_o@2)=1.0 feature(o@-2_&amp;_m@-1_&amp;_,)=1.0 feature(,_&amp;_f@1)=1.0 feature(m@-1_&amp;_,)=1.0 feature(f@1)=1.0 feature(,)=1.0
Token#138:f feature(o@1_&amp;_r@2_&amp;_t@3)=1.0 feature(o@-3_&amp;_m@-2_&amp;_,@-1)=1.0 feature(f_&amp;_o@1_&amp;_r@2)=1.0 feature(m@-2_&amp;_,@-1_&amp;_f)=1.0 feature(f_&amp;_o@1)=1.0 feature(,@-1_&amp;_f)=1.0 feature(o@1)=1.0 feature(f)=1.0
Token#139:o feature(r@1_&amp;_t@2_&amp;_h@3)=1.0 feature(m@-3_&amp;_,@-2_&amp;_f@-1)=1.0 feature(o_&amp;_r@1_&amp;_t@2)=1.0 feature(,@-2_&amp;_f@-1_&amp;_o)=1.0 feature(o_&amp;_r@1)=1.0 feature(f@-1_&amp;_o)=1.0 feature(r@1)=1.0 feature(o)=1.0
Token#140:r feature(t@1_&amp;_h@2_&amp;_e@3)=1.0 feature(,@-3_&amp;_f@-2_&amp;_o@-1)=1.0 feature(r_&amp;_t@1_&amp;_h@2)=1.0 feature(f@-2_&amp;_o@-1_&amp;_r)=1.0 feature(r_&amp;_t@1)=1.0 feature(o@-1_&amp;_r)=1.0 feature(t@1)=1.0 feature(r)=1.0
Token#141:t feature(h@1_&amp;_e@2_&amp;_u@3)=1.0 feature(f@-3_&amp;_o@-2_&amp;_r@-1)=1.0 feature(t_&amp;_h@1_&amp;_e@2)=1.0 feature(o@-2_&amp;_r@-1_&amp;_t)=1.0 feature(t_&amp;_h@1)=1.0 feature(r@-1_&amp;_t)=1.0 feature(h@1)=1.0 feature(t)=1.0
Token#142:h feature(e@1_&amp;_u@2_&amp;_s@3)=1.0 feature(o@-3_&amp;_r@-2_&amp;_t@-1)=1.0 feature(h_&amp;_e@1_&amp;_u@2)=1.0 feature(r@-2_&amp;_t@-1_&amp;_h)=1.0 feature(h_&amp;_e@1)=1.0 feature(t@-1_&amp;_h)=1.0 feature(e@1)=1.0 feature(h)=1.0
Token#143:e feature(u@1_&amp;_s@2_&amp;_e@3)=1.0 feature(r@-3_&amp;_t@-2_&amp;_h@-1)=1.0 feature(e_&amp;_u@1_&amp;_s@2)=1.0 feature(t@-2_&amp;_h@-1_&amp;_e)=1.0 feature(e_&amp;_u@1)=1.0 feature(h@-1_&amp;_e)=1.0 feature(u@1)=1.0 feature(e)=1.0
Token#144:u feature(s@1_&amp;_e@2_&amp;_r@3)=1.0 feature(t@-3_&amp;_h@-2_&amp;_e@-1)=1.0 feature(u_&amp;_s@1_&amp;_e@2)=1.0 feature(h@-2_&amp;_e@-1_&amp;_u)=1.0 feature(u_&amp;_s@1)=1.0 feature(e@-1_&amp;_u)=1.0 feature(s@1)=1.0 feature(u)=1.0
Token#145:s feature(e@1_&amp;_r@2_&amp;_s@3)=1.0 feature(h@-3_&amp;_e@-2_&amp;_u@-1)=1.0 feature(s_&amp;_e@1_&amp;_r@2)=1.0 feature(e@-2_&amp;_u@-1_&amp;_s)=1.0 feature(s_&amp;_e@1)=1.0 feature(u@-1_&amp;_s)=1.0 feature(e@1)=1.0 feature(s)=1.0
Token#146:e feature(r@1_&amp;_s@2_&amp;_o@3)=1.0 feature(e@-3_&amp;_u@-2_&amp;_s@-1)=1.0 feature(e_&amp;_r@1_&amp;_s@2)=1.0 feature(u@-2_&amp;_s@-1_&amp;_e)=1.0 feature(e_&amp;_r@1)=1.0 feature(s@-1_&amp;_e)=1.0 feature(r@1)=1.0 feature(e)=1.0
Token#147:r feature(s@1_&amp;_o@2_&amp;_f@3)=1.0 feature(u@-3_&amp;_s@-2_&amp;_e@-1)=1.0 feature(r_&amp;_s@1_&amp;_o@2)=1.0 feature(s@-2_&amp;_e@-1_&amp;_r)=1.0 feature(r_&amp;_s@1)=1.0 feature(e@-1_&amp;_r)=1.0 feature(s@1)=1.0 feature(r)=1.0
Token#148:s feature(o@1_&amp;_f@2_&amp;_t@3)=1.0 feature(s@-3_&amp;_e@-2_&amp;_r@-1)=1.0 feature(s_&amp;_o@1_&amp;_f@2)=1.0 feature(e@-2_&amp;_r@-1_&amp;_s)=1.0 feature(s_&amp;_o@1)=1.0 feature(r@-1_&amp;_s)=1.0 feature(o@1)=1.0 feature(s)=1.0
Token#149:o feature(f@1_&amp;_t@2_&amp;_h@3)=1.0 feature(e@-3_&amp;_r@-2_&amp;_s@-1)=1.0 feature(o_&amp;_f@1_&amp;_t@2)=1.0 feature(r@-2_&amp;_s@-1_&amp;_o)=1.0 feature(o_&amp;_f@1)=1.0 feature(s@-1_&amp;_o)=1.0 feature(f@1)=1.0 feature(o)=1.0
Token#150:f feature(t@1_&amp;_h@2_&amp;_e@3)=1.0 feature(r@-3_&amp;_s@-2_&amp;_o@-1)=1.0 feature(f_&amp;_t@1_&amp;_h@2)=1.0 feature(s@-2_&amp;_o@-1_&amp;_f)=1.0 feature(f_&amp;_t@1)=1.0 feature(o@-1_&amp;_f)=1.0 feature(t@1)=1.0 feature(f)=1.0
Token#151:t feature(h@1_&amp;_e@2_&amp;_s@3)=1.0 feature(s@-3_&amp;_o@-2_&amp;_f@-1)=1.0 feature(t_&amp;_h@1_&amp;_e@2)=1.0 feature(o@-2_&amp;_f@-1_&amp;_t)=1.0 feature(t_&amp;_h@1)=1.0 feature(f@-1_&amp;_t)=1.0 feature(h@1)=1.0 feature(t)=1.0
Token#152:h feature(e@1_&amp;_s@2_&amp;_o@3)=1.0 feature(o@-3_&amp;_f@-2_&amp;_t@-1)=1.0 feature(h_&amp;_e@1_&amp;_s@2)=1.0 feature(f@-2_&amp;_t@-1_&amp;_h)=1.0 feature(h_&amp;_e@1)=1.0 feature(t@-1_&amp;_h)=1.0 feature(e@1)=1.0 feature(h)=1.0
Token#153:e feature(s@1_&amp;_o@2_&amp;_f@3)=1.0 feature(f@-3_&amp;_t@-2_&amp;_h@-1)=1.0 feature(e_&amp;_s@1_&amp;_o@2)=1.0 feature(t@-2_&amp;_h@-1_&amp;_e)=1.0 feature(e_&amp;_s@1)=1.0 feature(h@-1_&amp;_e)=1.0 feature(s@1)=1.0 feature(e)=1.0
Token#154:s feature(o@1_&amp;_f@2_&amp;_t@3)=1.0 feature(t@-3_&amp;_h@-2_&amp;_e@-1)=1.0 feature(s_&amp;_o@1_&amp;_f@2)=1.0 feature(h@-2_&amp;_e@-1_&amp;_s)=1.0 feature(s_&amp;_o@1)=1.0 feature(e@-1_&amp;_s)=1.0 feature(o@1)=1.0 feature(s)=1.0
Token#155:o feature(f@1_&amp;_t@2_&amp;_w@3)=1.0 feature(h@-3_&amp;_e@-2_&amp;_s@-1)=1.0 feature(o_&amp;_f@1_&amp;_t@2)=1.0 feature(e@-2_&amp;_s@-1_&amp;_o)=1.0 feature(o_&amp;_f@1)=1.0 feature(s@-1_&amp;_o)=1.0 feature(f@1)=1.0 feature(o)=1.0
Token#156:f feature(t@1_&amp;_w@2_&amp;_a@3)=1.0 feature(e@-3_&amp;_s@-2_&amp;_o@-1)=1.0 feature(f_&amp;_t@1_&amp;_w@2)=1.0 feature(s@-2_&amp;_o@-1_&amp;_f)=1.0 feature(f_&amp;_t@1)=1.0 feature(o@-1_&amp;_f)=1.0 feature(t@1)=1.0 feature(f)=1.0
Token#157:t feature(w@1_&amp;_a@2_&amp;_r@3)=1.0 feature(s@-3_&amp;_o@-2_&amp;_f@-1)=1.0 feature(t_&amp;_w@1_&amp;_a@2)=1.0 feature(o@-2_&amp;_f@-1_&amp;_t)=1.0 feature(t_&amp;_w@1)=1.0 feature(f@-1_&amp;_t)=1.0 feature(w@1)=1.0 feature(t)=1.0
Token#158:w feature(a@1_&amp;_r@2_&amp;_e@3)=1.0 feature(o@-3_&amp;_f@-2_&amp;_t@-1)=1.0 feature(w_&amp;_a@1_&amp;_r@2)=1.0 feature(f@-2_&amp;_t@-1_&amp;_w)=1.0 feature(w_&amp;_a@1)=1.0 feature(t@-1_&amp;_w)=1.0 feature(a@1)=1.0 feature(w)=1.0
Token#159:a feature(r@1_&amp;_e@2_&amp;_.@3)=1.0 feature(f@-3_&amp;_t@-2_&amp;_w@-1)=1.0 feature(a_&amp;_r@1_&amp;_e@2)=1.0 feature(t@-2_&amp;_w@-1_&amp;_a)=1.0 feature(a_&amp;_r@1)=1.0 feature(w@-1_&amp;_a)=1.0 feature(r@1)=1.0 feature(a)=1.0
Token#160:r feature(e@1_&amp;_.@2_&amp;_&lt;END0&gt;@3)=1.0 feature(t@-3_&amp;_w@-2_&amp;_a@-1)=1.0 feature(r_&amp;_e@1_&amp;_.@2)=1.0 feature(w@-2_&amp;_a@-1_&amp;_r)=1.0 feature(r_&amp;_e@1)=1.0 feature(a@-1_&amp;_r)=1.0 feature(e@1)=1.0 feature(r)=1.0
Token#161:e feature(.@1_&amp;_&lt;END0&gt;@2_&amp;_&lt;END1&gt;@3)=1.0 feature(w@-3_&amp;_a@-2_&amp;_r@-1)=1.0 feature(e_&amp;_.@1_&amp;_&lt;END0&gt;@2)=1.0 feature(a@-2_&amp;_r@-1_&amp;_e)=1.0 feature(e_&amp;_.@1)=1.0 feature(r@-1_&amp;_e)=1.0 feature(.@1)=1.0 feature(e)=1.0
Token#162:. feature(&lt;END0&gt;@1_&amp;_&lt;END1&gt;@2_&amp;_&lt;END2&gt;@3)=1.0 feature(a@-3_&amp;_r@-2_&amp;_e@-1)=1.0 feature(._&amp;_&lt;END0&gt;@1_&amp;_&lt;END1&gt;@2)=1.0 feature(r@-2_&amp;_e@-1_&amp;_.)=1.0 feature(._&amp;_&lt;END0&gt;@1)=1.0 feature(e@-1_&amp;_.)=1.0 feature(&lt;END0&gt;@1)=1.0 feature(.)=1.0

target: start (0)
notstart (1)
notstart (1)
notstart (1)
start (0)
notstart (1)
notstart (1)
notstart (1)
notstart (1)
notstart (1)
notstart (1)
notstart (1)
start (0)
notstart (1)
start (0)
start (0)
notstart (1)
notstart (1)
notstart (1)
notstart (1)
notstart (1)
start (0)
notstart (1)
start (0)
notstart (1)
notstart (1)
start (0)
notstart (1)
notstart (1)
notstart (1)
notstart (1)
notstart (1)
start (0)
notstart (1)
notstart (1)
notstart (1)
notstart (1)
notstart (1)
notstart (1)
start (0)
notstart (1)
start (0)
notstart (1)
notstart (1)
notstart (1)
start (0)
notstart (1)
notstart (1)
notstart (1)
notstart (1)
start (0)
notstart (1)
notstart (1)
notstart (1)
notstart (1)
notstart (1)
notstart (1)
notstart (1)
notstart (1)
notstart (1)
notstart (1)
start (0)
notstart (1)
notstart (1)
notstart (1)
notstart (1)
notstart (1)
start (0)
notstart (1)
notstart (1)
notstart (1)
notstart (1)
notstart (1)
start (0)
notstart (1)
notstart (1)
start (0)
notstart (1)
notstart (1)
notstart (1)
notstart (1)
notstart (1)
notstart (1)
start (0)
notstart (1)
notstart (1)
start (0)
notstart (1)
notstart (1)
notstart (1)
notstart (1)
notstart (1)
notstart (1)
notstart (1)
notstart (1)
start (0)
notstart (1)
notstart (1)
notstart (1)
start (0)
notstart (1)
notstart (1)
notstart (1)
notstart (1)
notstart (1)
notstart (1)
notstart (1)
notstart (1)
notstart (1)
start (0)
notstart (1)
start (0)
notstart (1)
notstart (1)
notstart (1)
notstart (1)
notstart (1)
start (0)
notstart (1)
start (0)
notstart (1)
notstart (1)
notstart (1)
start (0)
notstart (1)
notstart (1)
notstart (1)
notstart (1)
start (0)
notstart (1)
start (0)
notstart (1)
notstart (1)
notstart (1)
notstart (1)
notstart (1)
notstart (1)
notstart (1)
start (0)
notstart (1)
notstart (1)
start (0)
notstart (1)
notstart (1)
start (0)
notstart (1)
notstart (1)
notstart (1)
notstart (1)
start (0)
notstart (1)
start (0)
notstart (1)
notstart (1)
start (0)
notstart (1)
notstart (1)
notstart (1)
notstart (1)
notstart (1)
notstart (1)
notstart (1)
notstart (1)

name: array:1
input: TokenSequence edu.umass.cs.mallet.base.types.TokenSequence@58f9d3
Token#0:t feature(h@1_&amp;_e@2_&amp;_f@3)=1.0 feature(&lt;START2&gt;@-3_&amp;_&lt;START1&gt;@-2_&amp;_&lt;START0&gt;@-1)=1.0 feature(t_&amp;_h@1_&amp;_e@2)=1.0 feature(&lt;START1&gt;@-2_&amp;_&lt;START0&gt;@-1_&amp;_t)=1.0 feature(t_&amp;_h@1)=1.0 feature(&lt;START0&gt;@-1_&amp;_t)=1.0 feature(h@1)=1.0 feature(t)=1.0
Token#1:h feature(e@1_&amp;_f@2_&amp;_r@3)=1.0 feature(&lt;START1&gt;@-3_&amp;_&lt;START0&gt;@-2_&amp;_t@-1)=1.0 feature(h_&amp;_e@1_&amp;_f@2)=1.0 feature(&lt;START0&gt;@-2_&amp;_t@-1_&amp;_h)=1.0 feature(h_&amp;_e@1)=1.0 feature(t@-1_&amp;_h)=1.0 feature(e@1)=1.0 feature(h)=1.0
Token#2:e feature(f@1_&amp;_r@2_&amp;_e@3)=1.0 feature(&lt;START0&gt;@-3_&amp;_t@-2_&amp;_h@-1)=1.0 feature(e_&amp;_f@1_&amp;_r@2)=1.0 feature(t@-2_&amp;_h@-1_&amp;_e)=1.0 feature(e_&amp;_f@1)=1.0 feature(h@-1_&amp;_e)=1.0 feature(f@1)=1.0 feature(e)=1.0
Token#3:f feature(r@1_&amp;_e@2_&amp;_e@3)=1.0 feature(t@-3_&amp;_h@-2_&amp;_e@-1)=1.0 feature(f_&amp;_r@1_&amp;_e@2)=1.0 feature(h@-2_&amp;_e@-1_&amp;_f)=1.0 feature(f_&amp;_r@1)=1.0 feature(e@-1_&amp;_f)=1.0 feature(r@1)=1.0 feature(f)=1.0
Token#4:r feature(e@1_&amp;_e@2_&amp;_d@3)=1.0 feature(h@-3_&amp;_e@-2_&amp;_f@-1)=1.0 feature(r_&amp;_e@1_&amp;_e@2)=1.0 feature(e@-2_&amp;_f@-1_&amp;_r)=1.0 feature(r_&amp;_e@1)=1.0 feature(f@-1_&amp;_r)=1.0 feature(e@1)=1.0 feature(r)=1.0
Token#5:e feature(e@1_&amp;_d@2_&amp;_o@3)=1.0 feature(e@-3_&amp;_f@-2_&amp;_r@-1)=1.0 feature(e_&amp;_e@1_&amp;_d@2)=1.0 feature(f@-2_&amp;_r@-1_&amp;_e)=1.0 feature(e_&amp;_e@1)=1.0 feature(r@-1_&amp;_e)=1.0 feature(e@1)=1.0 feature(e)=1.0
Token#6:e feature(d@1_&amp;_o@2_&amp;_m@3)=1.0 feature(f@-3_&amp;_r@-2_&amp;_e@-1)=1.0 feature(e_&amp;_d@1_&amp;_o@2)=1.0 feature(r@-2_&amp;_e@-1_&amp;_e)=1.0 feature(e_&amp;_d@1)=1.0 feature(e@-1_&amp;_e)=1.0 feature(d@1)=1.0 feature(e)=1.0
Token#7:d feature(o@1_&amp;_m@2_&amp;_t@3)=1.0 feature(r@-3_&amp;_e@-2_&amp;_e@-1)=1.0 feature(d_&amp;_o@1_&amp;_m@2)=1.0 feature(e@-2_&amp;_e@-1_&amp;_d)=1.0 feature(d_&amp;_o@1)=1.0 feature(e@-1_&amp;_d)=1.0 feature(o@1)=1.0 feature(d)=1.0
Token#8:o feature(m@1_&amp;_t@2_&amp;_o@3)=1.0 feature(e@-3_&amp;_e@-2_&amp;_d@-1)=1.0 feature(o_&amp;_m@1_&amp;_t@2)=1.0 feature(e@-2_&amp;_d@-1_&amp;_o)=1.0 feature(o_&amp;_m@1)=1.0 feature(d@-1_&amp;_o)=1.0 feature(m@1)=1.0 feature(o)=1.0
Token#9:m feature(t@1_&amp;_o@2_&amp;_r@3)=1.0 feature(e@-3_&amp;_d@-2_&amp;_o@-1)=1.0 feature(m_&amp;_t@1_&amp;_o@2)=1.0 feature(d@-2_&amp;_o@-1_&amp;_m)=1.0 feature(m_&amp;_t@1)=1.0 feature(o@-1_&amp;_m)=1.0 feature(t@1)=1.0 feature(m)=1.0
Token#10:t feature(o@1_&amp;_r@2_&amp;_u@3)=1.0 feature(d@-3_&amp;_o@-2_&amp;_m@-1)=1.0 feature(t_&amp;_o@1_&amp;_r@2)=1.0 feature(o@-2_&amp;_m@-1_&amp;_t)=1.0 feature(t_&amp;_o@1)=1.0 feature(m@-1_&amp;_t)=1.0 feature(o@1)=1.0 feature(t)=1.0
Token#11:o feature(r@1_&amp;_u@2_&amp;_n@3)=1.0 feature(o@-3_&amp;_m@-2_&amp;_t@-1)=1.0 feature(o_&amp;_r@1_&amp;_u@2)=1.0 feature(m@-2_&amp;_t@-1_&amp;_o)=1.0 feature(o_&amp;_r@1)=1.0 feature(t@-1_&amp;_o)=1.0 feature(r@1)=1.0 feature(o)=1.0
Token#12:r feature(u@1_&amp;_n@2_&amp;_t@3)=1.0 feature(m@-3_&amp;_t@-2_&amp;_o@-1)=1.0 feature(r_&amp;_u@1_&amp;_n@2)=1.0 feature(t@-2_&amp;_o@-1_&amp;_r)=1.0 feature(r_&amp;_u@1)=1.0 feature(o@-1_&amp;_r)=1.0 feature(u@1)=1.0 feature(r)=1.0
Token#13:u feature(n@1_&amp;_t@2_&amp;_h@3)=1.0 feature(t@-3_&amp;_o@-2_&amp;_r@-1)=1.0 feature(u_&amp;_n@1_&amp;_t@2)=1.0 feature(o@-2_&amp;_r@-1_&amp;_u)=1.0 feature(u_&amp;_n@1)=1.0 feature(r@-1_&amp;_u)=1.0 feature(n@1)=1.0 feature(u)=1.0
Token#14:n feature(t@1_&amp;_h@2_&amp;_e@3)=1.0 feature(o@-3_&amp;_r@-2_&amp;_u@-1)=1.0 feature(n_&amp;_t@1_&amp;_h@2)=1.0 feature(r@-2_&amp;_u@-1_&amp;_n)=1.0 feature(n_&amp;_t@1)=1.0 feature(u@-1_&amp;_n)=1.0 feature(t@1)=1.0 feature(n)=1.0
Token#15:t feature(h@1_&amp;_e@2_&amp;_p@3)=1.0 feature(r@-3_&amp;_u@-2_&amp;_n@-1)=1.0 feature(t_&amp;_h@1_&amp;_e@2)=1.0 feature(u@-2_&amp;_n@-1_&amp;_t)=1.0 feature(t_&amp;_h@1)=1.0 feature(n@-1_&amp;_t)=1.0 feature(h@1)=1.0 feature(t)=1.0
Token#16:h feature(e@1_&amp;_p@2_&amp;_r@3)=1.0 feature(u@-3_&amp;_n@-2_&amp;_t@-1)=1.0 feature(h_&amp;_e@1_&amp;_p@2)=1.0 feature(n@-2_&amp;_t@-1_&amp;_h)=1.0 feature(h_&amp;_e@1)=1.0 feature(t@-1_&amp;_h)=1.0 feature(e@1)=1.0 feature(h)=1.0
Token#17:e feature(p@1_&amp;_r@2_&amp;_o@3)=1.0 feature(n@-3_&amp;_t@-2_&amp;_h@-1)=1.0 feature(e_&amp;_p@1_&amp;_r@2)=1.0 feature(t@-2_&amp;_h@-1_&amp;_e)=1.0 feature(e_&amp;_p@1)=1.0 feature(h@-1_&amp;_e)=1.0 feature(p@1)=1.0 feature(e)=1.0
Token#18:p feature(r@1_&amp;_o@2_&amp;_g@3)=1.0 feature(t@-3_&amp;_h@-2_&amp;_e@-1)=1.0 feature(p_&amp;_r@1_&amp;_o@2)=1.0 feature(h@-2_&amp;_e@-1_&amp;_p)=1.0 feature(p_&amp;_r@1)=1.0 feature(e@-1_&amp;_p)=1.0 feature(r@1)=1.0 feature(p)=1.0
Token#19:r feature(o@1_&amp;_g@2_&amp;_r@3)=1.0 feature(h@-3_&amp;_e@-2_&amp;_p@-1)=1.0 feature(r_&amp;_o@1_&amp;_g@2)=1.0 feature(e@-2_&amp;_p@-1_&amp;_r)=1.0 feature(r_&amp;_o@1)=1.0 feature(p@-1_&amp;_r)=1.0 feature(o@1)=1.0 feature(r)=1.0
Token#20:o feature(g@1_&amp;_r@2_&amp;_a@3)=1.0 feature(e@-3_&amp;_p@-2_&amp;_r@-1)=1.0 feature(o_&amp;_g@1_&amp;_r@2)=1.0 feature(p@-2_&amp;_r@-1_&amp;_o)=1.0 feature(o_&amp;_g@1)=1.0 feature(r@-1_&amp;_o)=1.0 feature(g@1)=1.0 feature(o)=1.0
Token#21:g feature(r@1_&amp;_a@2_&amp;_m@3)=1.0 feature(p@-3_&amp;_r@-2_&amp;_o@-1)=1.0 feature(g_&amp;_r@1_&amp;_a@2)=1.0 feature(r@-2_&amp;_o@-1_&amp;_g)=1.0 feature(g_&amp;_r@1)=1.0 feature(o@-1_&amp;_g)=1.0 feature(r@1)=1.0 feature(g)=1.0
Token#22:r feature(a@1_&amp;_m@2_&amp;_,@3)=1.0 feature(r@-3_&amp;_o@-2_&amp;_g@-1)=1.0 feature(r_&amp;_a@1_&amp;_m@2)=1.0 feature(o@-2_&amp;_g@-1_&amp;_r)=1.0 feature(r_&amp;_a@1)=1.0 feature(g@-1_&amp;_r)=1.0 feature(a@1)=1.0 feature(r)=1.0
Token#23:a feature(m@1_&amp;_,@2_&amp;_f@3)=1.0 feature(o@-3_&amp;_g@-2_&amp;_r@-1)=1.0 feature(a_&amp;_m@1_&amp;_,@2)=1.0 feature(g@-2_&amp;_r@-1_&amp;_a)=1.0 feature(a_&amp;_m@1)=1.0 feature(r@-1_&amp;_a)=1.0 feature(m@1)=1.0 feature(a)=1.0
Token#24:m feature(,@1_&amp;_f@2_&amp;_o@3)=1.0 feature(g@-3_&amp;_r@-2_&amp;_a@-1)=1.0 feature(m_&amp;_,@1_&amp;_f@2)=1.0 feature(r@-2_&amp;_a@-1_&amp;_m)=1.0 feature(m_&amp;_,@1)=1.0 feature(a@-1_&amp;_m)=1.0 feature(,@1)=1.0 feature(m)=1.0
Token#25:, feature(f@1_&amp;_o@2_&amp;_r@3)=1.0 feature(r@-3_&amp;_a@-2_&amp;_m@-1)=1.0 feature(,_&amp;_f@1_&amp;_o@2)=1.0 feature(a@-2_&amp;_m@-1_&amp;_,)=1.0 feature(,_&amp;_f@1)=1.0 feature(m@-1_&amp;_,)=1.0 feature(f@1)=1.0 feature(,)=1.0
Token#26:f feature(o@1_&amp;_r@2_&amp;_a@3)=1.0 feature(a@-3_&amp;_m@-2_&amp;_,@-1)=1.0 feature(f_&amp;_o@1_&amp;_r@2)=1.0 feature(m@-2_&amp;_,@-1_&amp;_f)=1.0 feature(f_&amp;_o@1)=1.0 feature(,@-1_&amp;_f)=1.0 feature(o@1)=1.0 feature(f)=1.0
Token#27:o feature(r@1_&amp;_a@2_&amp;_n@3)=1.0 feature(m@-3_&amp;_,@-2_&amp;_f@-1)=1.0 feature(o_&amp;_r@1_&amp;_a@2)=1.0 feature(,@-2_&amp;_f@-1_&amp;_o)=1.0 feature(o_&amp;_r@1)=1.0 feature(f@-1_&amp;_o)=1.0 feature(r@1)=1.0 feature(o)=1.0
Token#28:r feature(a@1_&amp;_n@2_&amp;_y@3)=1.0 feature(,@-3_&amp;_f@-2_&amp;_o@-1)=1.0 feature(r_&amp;_a@1_&amp;_n@2)=1.0 feature(f@-2_&amp;_o@-1_&amp;_r)=1.0 feature(r_&amp;_a@1)=1.0 feature(o@-1_&amp;_r)=1.0 feature(a@1)=1.0 feature(r)=1.0
Token#29:a feature(n@1_&amp;_y@2_&amp;_p@3)=1.0 feature(f@-3_&amp;_o@-2_&amp;_r@-1)=1.0 feature(a_&amp;_n@1_&amp;_y@2)=1.0 feature(o@-2_&amp;_r@-1_&amp;_a)=1.0 feature(a_&amp;_n@1)=1.0 feature(r@-1_&amp;_a)=1.0 feature(n@1)=1.0 feature(a)=1.0
Token#30:n feature(y@1_&amp;_p@2_&amp;_u@3)=1.0 feature(o@-3_&amp;_r@-2_&amp;_a@-1)=1.0 feature(n_&amp;_y@1_&amp;_p@2)=1.0 feature(r@-2_&amp;_a@-1_&amp;_n)=1.0 feature(n_&amp;_y@1)=1.0 feature(a@-1_&amp;_n)=1.0 feature(y@1)=1.0 feature(n)=1.0
Token#31:y feature(p@1_&amp;_u@2_&amp;_r@3)=1.0 feature(r@-3_&amp;_a@-2_&amp;_n@-1)=1.0 feature(y_&amp;_p@1_&amp;_u@2)=1.0 feature(a@-2_&amp;_n@-1_&amp;_y)=1.0 feature(y_&amp;_p@1)=1.0 feature(n@-1_&amp;_y)=1.0 feature(p@1)=1.0 feature(y)=1.0
Token#32:p feature(u@1_&amp;_r@2_&amp;_p@3)=1.0 feature(a@-3_&amp;_n@-2_&amp;_y@-1)=1.0 feature(p_&amp;_u@1_&amp;_r@2)=1.0 feature(n@-2_&amp;_y@-1_&amp;_p)=1.0 feature(p_&amp;_u@1)=1.0 feature(y@-1_&amp;_p)=1.0 feature(u@1)=1.0 feature(p)=1.0
Token#33:u feature(r@1_&amp;_p@2_&amp;_o@3)=1.0 feature(n@-3_&amp;_y@-2_&amp;_p@-1)=1.0 feature(u_&amp;_r@1_&amp;_p@2)=1.0 feature(y@-2_&amp;_p@-1_&amp;_u)=1.0 feature(u_&amp;_r@1)=1.0 feature(p@-1_&amp;_u)=1.0 feature(r@1)=1.0 feature(u)=1.0
Token#34:r feature(p@1_&amp;_o@2_&amp;_s@3)=1.0 feature(y@-3_&amp;_p@-2_&amp;_u@-1)=1.0 feature(r_&amp;_p@1_&amp;_o@2)=1.0 feature(p@-2_&amp;_u@-1_&amp;_r)=1.0 feature(r_&amp;_p@1)=1.0 feature(u@-1_&amp;_r)=1.0 feature(p@1)=1.0 feature(r)=1.0
Token#35:p feature(o@1_&amp;_s@2_&amp;_e@3)=1.0 feature(p@-3_&amp;_u@-2_&amp;_r@-1)=1.0 feature(p_&amp;_o@1_&amp;_s@2)=1.0 feature(u@-2_&amp;_r@-1_&amp;_p)=1.0 feature(p_&amp;_o@1)=1.0 feature(r@-1_&amp;_p)=1.0 feature(o@1)=1.0 feature(p)=1.0
Token#36:o feature(s@1_&amp;_e@2_&amp;_.@3)=1.0 feature(u@-3_&amp;_r@-2_&amp;_p@-1)=1.0 feature(o_&amp;_s@1_&amp;_e@2)=1.0 feature(r@-2_&amp;_p@-1_&amp;_o)=1.0 feature(o_&amp;_s@1)=1.0 feature(p@-1_&amp;_o)=1.0 feature(s@1)=1.0 feature(o)=1.0
Token#37:s feature(e@1_&amp;_.@2_&amp;_&lt;END0&gt;@3)=1.0 feature(r@-3_&amp;_p@-2_&amp;_o@-1)=1.0 feature(s_&amp;_e@1_&amp;_.@2)=1.0 feature(p@-2_&amp;_o@-1_&amp;_s)=1.0 feature(s_&amp;_e@1)=1.0 feature(o@-1_&amp;_s)=1.0 feature(e@1)=1.0 feature(s)=1.0
Token#38:e feature(.@1_&amp;_&lt;END0&gt;@2_&amp;_&lt;END1&gt;@3)=1.0 feature(p@-3_&amp;_o@-2_&amp;_s@-1)=1.0 feature(e_&amp;_.@1_&amp;_&lt;END0&gt;@2)=1.0 feature(o@-2_&amp;_s@-1_&amp;_e)=1.0 feature(e_&amp;_.@1)=1.0 feature(s@-1_&amp;_e)=1.0 feature(.@1)=1.0 feature(e)=1.0
Token#39:. feature(&lt;END0&gt;@1_&amp;_&lt;END1&gt;@2_&amp;_&lt;END2&gt;@3)=1.0 feature(o@-3_&amp;_s@-2_&amp;_e@-1)=1.0 feature(._&amp;_&lt;END0&gt;@1_&amp;_&lt;END1&gt;@2)=1.0 feature(s@-2_&amp;_e@-1_&amp;_.)=1.0 feature(._&amp;_&lt;END0&gt;@1)=1.0 feature(e@-1_&amp;_.)=1.0 feature(&lt;END0&gt;@1)=1.0 feature(.)=1.0

target: start (0)
notstart (1)
notstart (1)
start (0)
notstart (1)
notstart (1)
notstart (1)
notstart (1)
notstart (1)
notstart (1)
start (0)
notstart (1)
start (0)
notstart (1)
notstart (1)
start (0)
notstart (1)
notstart (1)
start (0)
notstart (1)
notstart (1)
notstart (1)
notstart (1)
notstart (1)
notstart (1)
notstart (1)
start (0)
notstart (1)
notstart (1)
start (0)
notstart (1)
notstart (1)
start (0)
notstart (1)
notstart (1)
notstart (1)
notstart (1)
notstart (1)
notstart (1)
notstart (1)]

&gt; but was:&lt;name: array:0
[target: 0: start (0)
1: notstart (1)
2: notstart (1)
3: notstart (1)
4: start (0)
5: notstart (1)
6: notstart (1)
7: notstart (1)
8: notstart (1)
9: notstart (1)
10: notstart (1)
11: notstart (1)
12: start (0)
13: notstart (1)
14: start (0)
15: start (0)
16: notstart (1)
17: notstart (1)
18: notstart (1)
19: notstart (1)
20: notstart (1)
21: start (0)
22: notstart (1)
23: start (0)
24: notstart (1)
25: notstart (1)
26: start (0)
27: notstart (1)
28: notstart (1)
29: notstart (1)
30: notstart (1)
31: notstart (1)
32: start (0)
33: notstart (1)
34: notstart (1)
35: notstart (1)
36: notstart (1)
37: notstart (1)
38: notstart (1)
39: start (0)
40: notstart (1)
41: start (0)
42: notstart (1)
43: notstart (1)
44: notstart (1)
45: start (0)
46: notstart (1)
47: notstart (1)
48: notstart (1)
49: notstart (1)
50: start (0)
51: notstart (1)
52: notstart (1)
53: notstart (1)
54: notstart (1)
55: notstart (1)
56: notstart (1)
57: notstart (1)
58: notstart (1)
59: notstart (1)
60: notstart (1)
61: start (0)
62: notstart (1)
63: notstart (1)
64: notstart (1)
65: notstart (1)
66: notstart (1)
67: start (0)
68: notstart (1)
69: notstart (1)
70: notstart (1)
71: notstart (1)
72: notstart (1)
73: start (0)
74: notstart (1)
75: notstart (1)
76: start (0)
77: notstart (1)
78: notstart (1)
79: notstart (1)
80: notstart (1)
81: notstart (1)
82: notstart (1)
83: start (0)
84: notstart (1)
85: notstart (1)
86: start (0)
87: notstart (1)
88: notstart (1)
89: notstart (1)
90: notstart (1)
91: notstart (1)
92: notstart (1)
93: notstart (1)
94: notstart (1)
95: start (0)
96: notstart (1)
97: notstart (1)
98: notstart (1)
99: start (0)
100: notstart (1)
101: notstart (1)
102: notstart (1)
103: notstart (1)
104: notstart (1)
105: notstart (1)
106: notstart (1)
107: notstart (1)
108: notstart (1)
109: start (0)
110: notstart (1)
111: start (0)
112: notstart (1)
113: notstart (1)
114: notstart (1)
115: notstart (1)
116: notstart (1)
117: start (0)
118: notstart (1)
119: start (0)
120: notstart (1)
121: notstart (1)
122: notstart (1)
123: start (0)
124: notstart (1)
125: notstart (1)
126: notstart (1)
127: notstart (1)
128: start (0)
129: notstart (1)
130: start (0)
131: notstart (1)
132: notstart (1)
133: notstart (1)
134: notstart (1)
135: notstart (1)
136: notstart (1)
137: notstart (1)
138: start (0)
139: notstart (1)
140: notstart (1)
141: start (0)
142: notstart (1)
143: notstart (1)
144: start (0)
145: notstart (1)
146: notstart (1)
147: notstart (1)
148: notstart (1)
149: start (0)
150: notstart (1)
151: start (0)
152: notstart (1)
153: notstart (1)
154: start (0)
155: notstart (1)
156: notstart (1)
157: notstart (1)
158: notstart (1)
159: notstart (1)
160: notstart (1)
161: notstart (1)
162: notstart (1)

input: TokenSequence [f feature(r@1_&amp;_e@2_&amp;_e@3)=1.0 feature(&lt;START2&gt;@-3_&amp;_&lt;START1&gt;@-2_&amp;_&lt;START0&gt;@-1)=1.0 feature(f_&amp;_r@1_&amp;_e@2)=1.0 feature(&lt;START1&gt;@-2_&amp;_&lt;START0&gt;@-1_&amp;_f)=1.0 feature(f_&amp;_r@1)=1.0 feature(&lt;START0&gt;@-1_&amp;_f)=1.0 feature(r@1)=1.0 feature(f)=1.0  span[0..1], r feature(e@1_&amp;_e@2_&amp;_s@3)=1.0 feature(&lt;START1&gt;@-3_&amp;_&lt;START0&gt;@-2_&amp;_f@-1)=1.0 feature(r_&amp;_e@1_&amp;_e@2)=1.0 feature(&lt;START0&gt;@-2_&amp;_f@-1_&amp;_r)=1.0 feature(r_&amp;_e@1)=1.0 feature(f@-1_&amp;_r)=1.0 feature(e@1)=1.0 feature(r)=1.0  span[1..2], e feature(e@1_&amp;_s@2_&amp;_o@3)=1.0 feature(&lt;START0&gt;@-3_&amp;_f@-2_&amp;_r@-1)=1.0 feature(e_&amp;_e@1_&amp;_s@2)=1.0 feature(f@-2_&amp;_r@-1_&amp;_e)=1.0 feature(e_&amp;_e@1)=1.0 feature(r@-1_&amp;_e)=1.0 feature(e@1)=1.0 feature(e)=1.0  span[2..3], e feature(s@1_&amp;_o@2_&amp;_f@3)=1.0 feature(f@-3_&amp;_r@-2_&amp;_e@-1)=1.0 feature(e_&amp;_s@1_&amp;_o@2)=1.0 feature(r@-2_&amp;_e@-1_&amp;_e)=1.0 feature(e_&amp;_s@1)=1.0 feature(e@-1_&amp;_e)=1.0 feature(s@1)=1.0 feature(e)=1.0  span[3..4], s feature(o@1_&amp;_f@2_&amp;_t@3)=1.0 feature(r@-3_&amp;_e@-2_&amp;_e@-1)=1.0 feature(s_&amp;_o@1_&amp;_f@2)=1.0 feature(e@-2_&amp;_e@-1_&amp;_s)=1.0 feature(s_&amp;_o@1)=1.0 feature(e@-1_&amp;_s)=1.0 feature(o@1)=1.0 feature(s)=1.0  span[5..6], o feature(f@1_&amp;_t@2_&amp;_w@3)=1.0 feature(e@-3_&amp;_e@-2_&amp;_s@-1)=1.0 feature(o_&amp;_f@1_&amp;_t@2)=1.0 feature(e@-2_&amp;_s@-1_&amp;_o)=1.0 feature(o_&amp;_f@1)=1.0 feature(s@-1_&amp;_o)=1.0 feature(f@1)=1.0 feature(o)=1.0  span[6..7], f feature(t@1_&amp;_w@2_&amp;_a@3)=1.0 feature(e@-3_&amp;_s@-2_&amp;_o@-1)=1.0 feature(f_&amp;_t@1_&amp;_w@2)=1.0 feature(s@-2_&amp;_o@-1_&amp;_f)=1.0 feature(f_&amp;_t@1)=1.0 feature(o@-1_&amp;_f)=1.0 feature(t@1)=1.0 feature(f)=1.0  span[7..8], t feature(w@1_&amp;_a@2_&amp;_r@3)=1.0 feature(s@-3_&amp;_o@-2_&amp;_f@-1)=1.0 feature(t_&amp;_w@1_&amp;_a@2)=1.0 feature(o@-2_&amp;_f@-1_&amp;_t)=1.0 feature(t_&amp;_w@1)=1.0 feature(f@-1_&amp;_t)=1.0 feature(w@1)=1.0 feature(t)=1.0  span[8..9], w feature(a@1_&amp;_r@2_&amp;_e@3)=1.0 feature(o@-3_&amp;_f@-2_&amp;_t@-1)=1.0 feature(w_&amp;_a@1_&amp;_r@2)=1.0 feature(f@-2_&amp;_t@-1_&amp;_w)=1.0 feature(w_&amp;_a@1)=1.0 feature(t@-1_&amp;_w)=1.0 feature(a@1)=1.0 feature(w)=1.0  span[9..10], a feature(r@1_&amp;_e@2_&amp;_i@3)=1.0 feature(f@-3_&amp;_t@-2_&amp;_w@-1)=1.0 feature(a_&amp;_r@1_&amp;_e@2)=1.0 feature(t@-2_&amp;_w@-1_&amp;_a)=1.0 feature(a_&amp;_r@1)=1.0 feature(w@-1_&amp;_a)=1.0 feature(r@1)=1.0 feature(a)=1.0  span[10..11], r feature(e@1_&amp;_i@2_&amp;_s@3)=1.0 feature(t@-3_&amp;_w@-2_&amp;_a@-1)=1.0 feature(r_&amp;_e@1_&amp;_i@2)=1.0 feature(w@-2_&amp;_a@-1_&amp;_r)=1.0 feature(r_&amp;_e@1)=1.0 feature(a@-1_&amp;_r)=1.0 feature(e@1)=1.0 feature(r)=1.0  span[11..12], e feature(i@1_&amp;_s@2_&amp;_a@3)=1.0 feature(w@-3_&amp;_a@-2_&amp;_r@-1)=1.0 feature(e_&amp;_i@1_&amp;_s@2)=1.0 feature(a@-2_&amp;_r@-1_&amp;_e)=1.0 feature(e_&amp;_i@1)=1.0 feature(r@-1_&amp;_e)=1.0 feature(i@1)=1.0 feature(e)=1.0  span[12..13], i feature(s@1_&amp;_a@2_&amp;_m@3)=1.0 feature(a@-3_&amp;_r@-2_&amp;_e@-1)=1.0 feature(i_&amp;_s@1_&amp;_a@2)=1.0 feature(r@-2_&amp;_e@-1_&amp;_i)=1.0 feature(i_&amp;_s@1)=1.0 feature(e@-1_&amp;_i)=1.0 feature(s@1)=1.0 feature(i)=1.0  span[14..15], s feature(a@1_&amp;_m@2_&amp;_a@3)=1.0 feature(r@-3_&amp;_e@-2_&amp;_i@-1)=1.0 feature(s_&amp;_a@1_&amp;_m@2)=1.0 feature(e@-2_&amp;_i@-1_&amp;_s)=1.0 feature(s_&amp;_a@1)=1.0 feature(i@-1_&amp;_s)=1.0 feature(a@1)=1.0 feature(s)=1.0  span[15..16], a feature(m@1_&amp;_a@2_&amp;_t@3)=1.0 feature(e@-3_&amp;_i@-2_&amp;_s@-1)=1.0 feature(a_&amp;_m@1_&amp;_a@2)=1.0 feature(i@-2_&amp;_s@-1_&amp;_a)=1.0 feature(a_&amp;_m@1)=1.0 feature(s@-1_&amp;_a)=1.0 feature(m@1)=1.0 feature(a)=1.0  span[17..18], m feature(a@1_&amp;_t@2_&amp;_t@3)=1.0 feature(i@-3_&amp;_s@-2_&amp;_a@-1)=1.0 feature(m_&amp;_a@1_&amp;_t@2)=1.0 feature(s@-2_&amp;_a@-1_&amp;_m)=1.0 feature(m_&amp;_a@1)=1.0 feature(a@-1_&amp;_m)=1.0 feature(a@1)=1.0 feature(m)=1.0  span[19..20], a feature(t@1_&amp;_t@2_&amp;_e@3)=1.0 feature(s@-3_&amp;_a@-2_&amp;_m@-1)=1.0 feature(a_&amp;_t@1_&amp;_t@2)=1.0 feature(a@-2_&amp;_m@-1_&amp;_a)=1.0 feature(a_&amp;_t@1)=1.0 feature(m@-1_&amp;_a)=1.0 feature(t@1)=1.0 feature(a)=1.0  span[20..21], t feature(t@1_&amp;_e@2_&amp;_r@3)=1.0 feature(a@-3_&amp;_m@-2_&amp;_a@-1)=1.0 feature(t_&amp;_t@1_&amp;_e@2)=1.0 feature(m@-2_&amp;_a@-1_&amp;_t)=1.0 feature(t_&amp;_t@1)=1.0 feature(a@-1_&amp;_t)=1.0 feature(t@1)=1.0 feature(t)=1.0  span[21..22], t feature(e@1_&amp;_r@2_&amp;_o@3)=1.0 feature(m@-3_&amp;_a@-2_&amp;_t@-1)=1.0 feature(t_&amp;_e@1_&amp;_r@2)=1.0 feature(a@-2_&amp;_t@-1_&amp;_t)=1.0 feature(t_&amp;_e@1)=1.0 feature(t@-1_&amp;_t)=1.0 feature(e@1)=1.0 feature(t)=1.0  span[22..23], e feature(r@1_&amp;_o@2_&amp;_f@3)=1.0 feature(a@-3_&amp;_t@-2_&amp;_t@-1)=1.0 feature(e_&amp;_r@1_&amp;_o@2)=1.0 feature(t@-2_&amp;_t@-1_&amp;_e)=1.0 feature(e_&amp;_r@1)=1.0 feature(t@-1_&amp;_e)=1.0 feature(r@1)=1.0 feature(e)=1.0  span[23..24], r feature(o@1_&amp;_f@2_&amp;_t@3)=1.0 feature(t@-3_&amp;_t@-2_&amp;_e@-1)=1.0 feature(r_&amp;_o@1_&amp;_f@2)=1.0 feature(t@-2_&amp;_e@-1_&amp;_r)=1.0 feature(r_&amp;_o@1)=1.0 feature(e@-1_&amp;_r)=1.0 feature(o@1)=1.0 feature(r)=1.0  span[24..25], o feature(f@1_&amp;_t@2_&amp;_h@3)=1.0 feature(t@-3_&amp;_e@-2_&amp;_r@-1)=1.0 feature(o_&amp;_f@1_&amp;_t@2)=1.0 feature(e@-2_&amp;_r@-1_&amp;_o)=1.0 feature(o_&amp;_f@1)=1.0 feature(r@-1_&amp;_o)=1.0 feature(f@1)=1.0 feature(o)=1.0  span[26..27], f feature(t@1_&amp;_h@2_&amp;_e@3)=1.0 feature(e@-3_&amp;_r@-2_&amp;_o@-1)=1.0 feature(f_&amp;_t@1_&amp;_h@2)=1.0 feature(r@-2_&amp;_o@-1_&amp;_f)=1.0 feature(f_&amp;_t@1)=1.0 feature(o@-1_&amp;_f)=1.0 feature(t@1)=1.0 feature(f)=1.0  span[27..28], t feature(h@1_&amp;_e@2_&amp;_u@3)=1.0 feature(r@-3_&amp;_o@-2_&amp;_f@-1)=1.0 feature(t_&amp;_h@1_&amp;_e@2)=1.0 feature(o@-2_&amp;_f@-1_&amp;_t)=1.0 feature(t_&amp;_h@1)=1.0 feature(f@-1_&amp;_t)=1.0 feature(h@1)=1.0 feature(t)=1.0  span[29..30], h feature(e@1_&amp;_u@2_&amp;_s@3)=1.0 feature(o@-3_&amp;_f@-2_&amp;_t@-1)=1.0 feature(h_&amp;_e@1_&amp;_u@2)=1.0 feature(f@-2_&amp;_t@-1_&amp;_h)=1.0 feature(h_&amp;_e@1)=1.0 feature(t@-1_&amp;_h)=1.0 feature(e@1)=1.0 feature(h)=1.0  span[30..31], e feature(u@1_&amp;_s@2_&amp;_e@3)=1.0 feature(f@-3_&amp;_t@-2_&amp;_h@-1)=1.0 feature(e_&amp;_u@1_&amp;_s@2)=1.0 feature(t@-2_&amp;_h@-1_&amp;_e)=1.0 feature(e_&amp;_u@1)=1.0 feature(h@-1_&amp;_e)=1.0 feature(u@1)=1.0 feature(e)=1.0  span[31..32], u feature(s@1_&amp;_e@2_&amp;_r@3)=1.0 feature(t@-3_&amp;_h@-2_&amp;_e@-1)=1.0 feature(u_&amp;_s@1_&amp;_e@2)=1.0 feature(h@-2_&amp;_e@-1_&amp;_u)=1.0 feature(u_&amp;_s@1)=1.0 feature(e@-1_&amp;_u)=1.0 feature(s@1)=1.0 feature(u)=1.0  span[33..34], s feature(e@1_&amp;_r@2_&amp;_s@3)=1.0 feature(h@-3_&amp;_e@-2_&amp;_u@-1)=1.0 feature(s_&amp;_e@1_&amp;_r@2)=1.0 feature(e@-2_&amp;_u@-1_&amp;_s)=1.0 feature(s_&amp;_e@1)=1.0 feature(u@-1_&amp;_s)=1.0 feature(e@1)=1.0 feature(s)=1.0  span[34..35], e feature(r@1_&amp;_s@2_&amp;_'@3)=1.0 feature(e@-3_&amp;_u@-2_&amp;_s@-1)=1.0 feature(e_&amp;_r@1_&amp;_s@2)=1.0 feature(u@-2_&amp;_s@-1_&amp;_e)=1.0 feature(e_&amp;_r@1)=1.0 feature(s@-1_&amp;_e)=1.0 feature(r@1)=1.0 feature(e)=1.0  span[35..36], r feature(s@1_&amp;_'@2_&amp;_f@3)=1.0 feature(u@-3_&amp;_s@-2_&amp;_e@-1)=1.0 feature(r_&amp;_s@1_&amp;_'@2)=1.0 feature(s@-2_&amp;_e@-1_&amp;_r)=1.0 feature(r_&amp;_s@1)=1.0 feature(e@-1_&amp;_r)=1.0 feature(s@1)=1.0 feature(r)=1.0  span[36..37], s feature('@1_&amp;_f@2_&amp;_r@3)=1.0 feature(s@-3_&amp;_e@-2_&amp;_r@-1)=1.0 feature(s_&amp;_'@1_&amp;_f@2)=1.0 feature(e@-2_&amp;_r@-1_&amp;_s)=1.0 feature(s_&amp;_'@1)=1.0 feature(r@-1_&amp;_s)=1.0 feature('@1)=1.0 feature(s)=1.0  span[37..38], ' feature(f@1_&amp;_r@2_&amp;_e@3)=1.0 feature(e@-3_&amp;_r@-2_&amp;_s@-1)=1.0 feature('_&amp;_f@1_&amp;_r@2)=1.0 feature(r@-2_&amp;_s@-1_&amp;_')=1.0 feature('_&amp;_f@1)=1.0 feature(s@-1_&amp;_')=1.0 feature(f@1)=1.0 feature(')=1.0  span[38..39], f feature(r@1_&amp;_e@2_&amp;_e@3)=1.0 feature(r@-3_&amp;_s@-2_&amp;_'@-1)=1.0 feature(f_&amp;_r@1_&amp;_e@2)=1.0 feature(s@-2_&amp;_'@-1_&amp;_f)=1.0 feature(f_&amp;_r@1)=1.0 feature('@-1_&amp;_f)=1.0 feature(r@1)=1.0 feature(f)=1.0  span[40..41], r feature(e@1_&amp;_e@2_&amp;_d@3)=1.0 feature(s@-3_&amp;_'@-2_&amp;_f@-1)=1.0 feature(r_&amp;_e@1_&amp;_e@2)=1.0 feature('@-2_&amp;_f@-1_&amp;_r)=1.0 feature(r_&amp;_e@1)=1.0 feature(f@-1_&amp;_r)=1.0 feature(e@1)=1.0 feature(r)=1.0  span[41..42], e feature(e@1_&amp;_d@2_&amp;_o@3)=1.0 feature('@-3_&amp;_f@-2_&amp;_r@-1)=1.0 feature(e_&amp;_e@1_&amp;_d@2)=1.0 feature(f@-2_&amp;_r@-1_&amp;_e)=1.0 feature(e_&amp;_e@1)=1.0 feature(r@-1_&amp;_e)=1.0 feature(e@1)=1.0 feature(e)=1.0  span[42..43], e feature(d@1_&amp;_o@2_&amp;_m@3)=1.0 feature(f@-3_&amp;_r@-2_&amp;_e@-1)=1.0 feature(e_&amp;_d@1_&amp;_o@2)=1.0 feature(r@-2_&amp;_e@-1_&amp;_e)=1.0 feature(e_&amp;_d@1)=1.0 feature(e@-1_&amp;_e)=1.0 feature(d@1)=1.0 feature(e)=1.0  span[43..44], d feature(o@1_&amp;_m@2_&amp;_t@3)=1.0 feature(r@-3_&amp;_e@-2_&amp;_e@-1)=1.0 feature(d_&amp;_o@1_&amp;_m@2)=1.0 feature(e@-2_&amp;_e@-1_&amp;_d)=1.0 feature(d_&amp;_o@1)=1.0 feature(e@-1_&amp;_d)=1.0 feature(o@1)=1.0 feature(d)=1.0  span[44..45], o feature(m@1_&amp;_t@2_&amp;_o@3)=1.0 feature(e@-3_&amp;_e@-2_&amp;_d@-1)=1.0 feature(o_&amp;_m@1_&amp;_t@2)=1.0 feature(e@-2_&amp;_d@-1_&amp;_o)=1.0 feature(o_&amp;_m@1)=1.0 feature(d@-1_&amp;_o)=1.0 feature(m@1)=1.0 feature(o)=1.0  span[45..46], m feature(t@1_&amp;_o@2_&amp;_r@3)=1.0 feature(e@-3_&amp;_d@-2_&amp;_o@-1)=1.0 feature(m_&amp;_t@1_&amp;_o@2)=1.0 feature(d@-2_&amp;_o@-1_&amp;_m)=1.0 feature(m_&amp;_t@1)=1.0 feature(o@-1_&amp;_m)=1.0 feature(t@1)=1.0 feature(m)=1.0  span[46..47], t feature(o@1_&amp;_r@2_&amp;_u@3)=1.0 feature(d@-3_&amp;_o@-2_&amp;_m@-1)=1.0 feature(t_&amp;_o@1_&amp;_r@2)=1.0 feature(o@-2_&amp;_m@-1_&amp;_t)=1.0 feature(t_&amp;_o@1)=1.0 feature(m@-1_&amp;_t)=1.0 feature(o@1)=1.0 feature(t)=1.0  span[48..49], o feature(r@1_&amp;_u@2_&amp;_n@3)=1.0 feature(o@-3_&amp;_m@-2_&amp;_t@-1)=1.0 feature(o_&amp;_r@1_&amp;_u@2)=1.0 feature(m@-2_&amp;_t@-1_&amp;_o)=1.0 feature(o_&amp;_r@1)=1.0 feature(t@-1_&amp;_o)=1.0 feature(r@1)=1.0 feature(o)=1.0  span[49..50], r feature(u@1_&amp;_n@2_&amp;_,@3)=1.0 feature(m@-3_&amp;_t@-2_&amp;_o@-1)=1.0 feature(r_&amp;_u@1_&amp;_n@2)=1.0 feature(t@-2_&amp;_o@-1_&amp;_r)=1.0 feature(r_&amp;_u@1)=1.0 feature(o@-1_&amp;_r)=1.0 feature(u@1)=1.0 feature(r)=1.0  span[51..52], u feature(n@1_&amp;_,@2_&amp;_c@3)=1.0 feature(t@-3_&amp;_o@-2_&amp;_r@-1)=1.0 feature(u_&amp;_n@1_&amp;_,@2)=1.0 feature(o@-2_&amp;_r@-1_&amp;_u)=1.0 feature(u_&amp;_n@1)=1.0 feature(r@-1_&amp;_u)=1.0 feature(n@1)=1.0 feature(u)=1.0  span[52..53], n feature(,@1_&amp;_c@2_&amp;_o@3)=1.0 feature(o@-3_&amp;_r@-2_&amp;_u@-1)=1.0 feature(n_&amp;_,@1_&amp;_c@2)=1.0 feature(r@-2_&amp;_u@-1_&amp;_n)=1.0 feature(n_&amp;_,@1)=1.0 feature(u@-1_&amp;_n)=1.0 feature(,@1)=1.0 feature(n)=1.0  span[53..54], , feature(c@1_&amp;_o@2_&amp;_p@3)=1.0 feature(r@-3_&amp;_u@-2_&amp;_n@-1)=1.0 feature(,_&amp;_c@1_&amp;_o@2)=1.0 feature(u@-2_&amp;_n@-1_&amp;_,)=1.0 feature(,_&amp;_c@1)=1.0 feature(n@-1_&amp;_,)=1.0 feature(c@1)=1.0 feature(,)=1.0  span[54..55], c feature(o@1_&amp;_p@2_&amp;_y@3)=1.0 feature(u@-3_&amp;_n@-2_&amp;_,@-1)=1.0 feature(c_&amp;_o@1_&amp;_p@2)=1.0 feature(n@-2_&amp;_,@-1_&amp;_c)=1.0 feature(c_&amp;_o@1)=1.0 feature(,@-1_&amp;_c)=1.0 feature(o@1)=1.0 feature(c)=1.0  span[56..57], o feature(p@1_&amp;_y@2_&amp;_,@3)=1.0 feature(n@-3_&amp;_,@-2_&amp;_c@-1)=1.0 feature(o_&amp;_p@1_&amp;_y@2)=1.0 feature(,@-2_&amp;_c@-1_&amp;_o)=1.0 feature(o_&amp;_p@1)=1.0 feature(c@-1_&amp;_o)=1.0 feature(p@1)=1.0 feature(o)=1.0  span[57..58], p feature(y@1_&amp;_,@2_&amp;_d@3)=1.0 feature(,@-3_&amp;_c@-2_&amp;_o@-1)=1.0 feature(p_&amp;_y@1_&amp;_,@2)=1.0 feature(c@-2_&amp;_o@-1_&amp;_p)=1.0 feature(p_&amp;_y@1)=1.0 feature(o@-1_&amp;_p)=1.0 feature(y@1)=1.0 feature(p)=1.0  span[58..59], y feature(,@1_&amp;_d@2_&amp;_i@3)=1.0 feature(c@-3_&amp;_o@-2_&amp;_p@-1)=1.0 feature(y_&amp;_,@1_&amp;_d@2)=1.0 feature(o@-2_&amp;_p@-1_&amp;_y)=1.0 feature(y_&amp;_,@1)=1.0 feature(p@-1_&amp;_y)=1.0 feature(,@1)=1.0 feature(y)=1.0  span[59..60], , feature(d@1_&amp;_i@2_&amp;_s@3)=1.0 feature(o@-3_&amp;_p@-2_&amp;_y@-1)=1.0 feature(,_&amp;_d@1_&amp;_i@2)=1.0 feature(p@-2_&amp;_y@-1_&amp;_,)=1.0 feature(,_&amp;_d@1)=1.0 feature(y@-1_&amp;_,)=1.0 feature(d@1)=1.0 feature(,)=1.0  span[60..61], d feature(i@1_&amp;_s@2_&amp;_t@3)=1.0 feature(p@-3_&amp;_y@-2_&amp;_,@-1)=1.0 feature(d_&amp;_i@1_&amp;_s@2)=1.0 feature(y@-2_&amp;_,@-1_&amp;_d)=1.0 feature(d_&amp;_i@1)=1.0 feature(,@-1_&amp;_d)=1.0 feature(i@1)=1.0 feature(d)=1.0  span[62..63], i feature(s@1_&amp;_t@2_&amp;_r@3)=1.0 feature(y@-3_&amp;_,@-2_&amp;_d@-1)=1.0 feature(i_&amp;_s@1_&amp;_t@2)=1.0 feature(,@-2_&amp;_d@-1_&amp;_i)=1.0 feature(i_&amp;_s@1)=1.0 feature(d@-1_&amp;_i)=1.0 feature(s@1)=1.0 feature(i)=1.0  span[63..64], s feature(t@1_&amp;_r@2_&amp;_i@3)=1.0 feature(,@-3_&amp;_d@-2_&amp;_i@-1)=1.0 feature(s_&amp;_t@1_&amp;_r@2)=1.0 feature(d@-2_&amp;_i@-1_&amp;_s)=1.0 feature(s_&amp;_t@1)=1.0 feature(i@-1_&amp;_s)=1.0 feature(t@1)=1.0 feature(s)=1.0  span[64..65], t feature(r@1_&amp;_i@2_&amp;_b@3)=1.0 feature(d@-3_&amp;_i@-2_&amp;_s@-1)=1.0 feature(t_&amp;_r@1_&amp;_i@2)=1.0 feature(i@-2_&amp;_s@-1_&amp;_t)=1.0 feature(t_&amp;_r@1)=1.0 feature(s@-1_&amp;_t)=1.0 feature(r@1)=1.0 feature(t)=1.0  span[65..66], r feature(i@1_&amp;_b@2_&amp;_u@3)=1.0 feature(i@-3_&amp;_s@-2_&amp;_t@-1)=1.0 feature(r_&amp;_i@1_&amp;_b@2)=1.0 feature(s@-2_&amp;_t@-1_&amp;_r)=1.0 feature(r_&amp;_i@1)=1.0 feature(t@-1_&amp;_r)=1.0 feature(i@1)=1.0 feature(r)=1.0  span[66..67], i feature(b@1_&amp;_u@2_&amp;_t@3)=1.0 feature(s@-3_&amp;_t@-2_&amp;_r@-1)=1.0 feature(i_&amp;_b@1_&amp;_u@2)=1.0 feature(t@-2_&amp;_r@-1_&amp;_i)=1.0 feature(i_&amp;_b@1)=1.0 feature(r@-1_&amp;_i)=1.0 feature(b@1)=1.0 feature(i)=1.0  span[67..68], b feature(u@1_&amp;_t@2_&amp;_e@3)=1.0 feature(t@-3_&amp;_r@-2_&amp;_i@-1)=1.0 feature(b_&amp;_u@1_&amp;_t@2)=1.0 feature(r@-2_&amp;_i@-1_&amp;_b)=1.0 feature(b_&amp;_u@1)=1.0 feature(i@-1_&amp;_b)=1.0 feature(u@1)=1.0 feature(b)=1.0  span[68..69], u feature(t@1_&amp;_e@2_&amp;_,@3)=1.0 feature(r@-3_&amp;_i@-2_&amp;_b@-1)=1.0 feature(u_&amp;_t@1_&amp;_e@2)=1.0 feature(i@-2_&amp;_b@-1_&amp;_u)=1.0 feature(u_&amp;_t@1)=1.0 feature(b@-1_&amp;_u)=1.0 feature(t@1)=1.0 feature(u)=1.0  span[69..70], t feature(e@1_&amp;_,@2_&amp;_s@3)=1.0 feature(i@-3_&amp;_b@-2_&amp;_u@-1)=1.0 feature(t_&amp;_e@1_&amp;_,@2)=1.0 feature(b@-2_&amp;_u@-1_&amp;_t)=1.0 feature(t_&amp;_e@1)=1.0 feature(u@-1_&amp;_t)=1.0 feature(e@1)=1.0 feature(t)=1.0  span[70..71], e feature(,@1_&amp;_s@2_&amp;_t@3)=1.0 feature(b@-3_&amp;_u@-2_&amp;_t@-1)=1.0 feature(e_&amp;_,@1_&amp;_s@2)=1.0 feature(u@-2_&amp;_t@-1_&amp;_e)=1.0 feature(e_&amp;_,@1)=1.0 feature(t@-1_&amp;_e)=1.0 feature(,@1)=1.0 feature(e)=1.0  span[71..72], , feature(s@1_&amp;_t@2_&amp;_u@3)=1.0 feature(u@-3_&amp;_t@-2_&amp;_e@-1)=1.0 feature(,_&amp;_s@1_&amp;_t@2)=1.0 feature(t@-2_&amp;_e@-1_&amp;_,)=1.0 feature(,_&amp;_s@1)=1.0 feature(e@-1_&amp;_,)=1.0 feature(s@1)=1.0 feature(,)=1.0  span[72..73], s feature(t@1_&amp;_u@2_&amp;_d@3)=1.0 feature(t@-3_&amp;_e@-2_&amp;_,@-1)=1.0 feature(s_&amp;_t@1_&amp;_u@2)=1.0 feature(e@-2_&amp;_,@-1_&amp;_s)=1.0 feature(s_&amp;_t@1)=1.0 feature(,@-1_&amp;_s)=1.0 feature(t@1)=1.0 feature(s)=1.0  span[74..75], t feature(u@1_&amp;_d@2_&amp;_y@3)=1.0 feature(e@-3_&amp;_,@-2_&amp;_s@-1)=1.0 feature(t_&amp;_u@1_&amp;_d@2)=1.0 feature(,@-2_&amp;_s@-1_&amp;_t)=1.0 feature(t_&amp;_u@1)=1.0 feature(s@-1_&amp;_t)=1.0 feature(u@1)=1.0 feature(t)=1.0  span[75..76], u feature(d@1_&amp;_y@2_&amp;_,@3)=1.0 feature(,@-3_&amp;_s@-2_&amp;_t@-1)=1.0 feature(u_&amp;_d@1_&amp;_y@2)=1.0 feature(s@-2_&amp;_t@-1_&amp;_u)=1.0 feature(u_&amp;_d@1)=1.0 feature(t@-1_&amp;_u)=1.0 feature(d@1)=1.0 feature(u)=1.0  span[76..77], d feature(y@1_&amp;_,@2_&amp;_c@3)=1.0 feature(s@-3_&amp;_t@-2_&amp;_u@-1)=1.0 feature(d_&amp;_y@1_&amp;_,@2)=1.0 feature(t@-2_&amp;_u@-1_&amp;_d)=1.0 feature(d_&amp;_y@1)=1.0 feature(u@-1_&amp;_d)=1.0 feature(y@1)=1.0 feature(d)=1.0  span[77..78], y feature(,@1_&amp;_c@2_&amp;_h@3)=1.0 feature(t@-3_&amp;_u@-2_&amp;_d@-1)=1.0 feature(y_&amp;_,@1_&amp;_c@2)=1.0 feature(u@-2_&amp;_d@-1_&amp;_y)=1.0 feature(y_&amp;_,@1)=1.0 feature(d@-1_&amp;_y)=1.0 feature(,@1)=1.0 feature(y)=1.0  span[78..79], , feature(c@1_&amp;_h@2_&amp;_a@3)=1.0 feature(u@-3_&amp;_d@-2_&amp;_y@-1)=1.0 feature(,_&amp;_c@1_&amp;_h@2)=1.0 feature(d@-2_&amp;_y@-1_&amp;_,)=1.0 feature(,_&amp;_c@1)=1.0 feature(y@-1_&amp;_,)=1.0 feature(c@1)=1.0 feature(,)=1.0  span[79..80], c feature(h@1_&amp;_a@2_&amp;_n@3)=1.0 feature(d@-3_&amp;_y@-2_&amp;_,@-1)=1.0 feature(c_&amp;_h@1_&amp;_a@2)=1.0 feature(y@-2_&amp;_,@-1_&amp;_c)=1.0 feature(c_&amp;_h@1)=1.0 feature(,@-1_&amp;_c)=1.0 feature(h@1)=1.0 feature(c)=1.0  span[81..82], h feature(a@1_&amp;_n@2_&amp;_g@3)=1.0 feature(y@-3_&amp;_,@-2_&amp;_c@-1)=1.0 feature(h_&amp;_a@1_&amp;_n@2)=1.0 feature(,@-2_&amp;_c@-1_&amp;_h)=1.0 feature(h_&amp;_a@1)=1.0 feature(c@-1_&amp;_h)=1.0 feature(a@1)=1.0 feature(h)=1.0  span[82..83], a feature(n@1_&amp;_g@2_&amp;_e@3)=1.0 feature(,@-3_&amp;_c@-2_&amp;_h@-1)=1.0 feature(a_&amp;_n@1_&amp;_g@2)=1.0 feature(c@-2_&amp;_h@-1_&amp;_a)=1.0 feature(a_&amp;_n@1)=1.0 feature(h@-1_&amp;_a)=1.0 feature(n@1)=1.0 feature(a)=1.0  span[83..84], n feature(g@1_&amp;_e@2_&amp;_a@3)=1.0 feature(c@-3_&amp;_h@-2_&amp;_a@-1)=1.0 feature(n_&amp;_g@1_&amp;_e@2)=1.0 feature(h@-2_&amp;_a@-1_&amp;_n)=1.0 feature(n_&amp;_g@1)=1.0 feature(a@-1_&amp;_n)=1.0 feature(g@1)=1.0 feature(n)=1.0  span[84..85], g feature(e@1_&amp;_a@2_&amp;_n@3)=1.0 feature(h@-3_&amp;_a@-2_&amp;_n@-1)=1.0 feature(g_&amp;_e@1_&amp;_a@2)=1.0 feature(a@-2_&amp;_n@-1_&amp;_g)=1.0 feature(g_&amp;_e@1)=1.0 feature(n@-1_&amp;_g)=1.0 feature(e@1)=1.0 feature(g)=1.0  span[85..86], e feature(a@1_&amp;_n@2_&amp;_d@3)=1.0 feature(a@-3_&amp;_n@-2_&amp;_g@-1)=1.0 feature(e_&amp;_a@1_&amp;_n@2)=1.0 feature(n@-2_&amp;_g@-1_&amp;_e)=1.0 feature(e_&amp;_a@1)=1.0 feature(g@-1_&amp;_e)=1.0 feature(a@1)=1.0 feature(e)=1.0  span[86..87], a feature(n@1_&amp;_d@2_&amp;_i@3)=1.0 feature(n@-3_&amp;_g@-2_&amp;_e@-1)=1.0 feature(a_&amp;_n@1_&amp;_d@2)=1.0 feature(g@-2_&amp;_e@-1_&amp;_a)=1.0 feature(a_&amp;_n@1)=1.0 feature(e@-1_&amp;_a)=1.0 feature(n@1)=1.0 feature(a)=1.0  span[88..89], n feature(d@1_&amp;_i@2_&amp;_m@3)=1.0 feature(g@-3_&amp;_e@-2_&amp;_a@-1)=1.0 feature(n_&amp;_d@1_&amp;_i@2)=1.0 feature(e@-2_&amp;_a@-1_&amp;_n)=1.0 feature(n_&amp;_d@1)=1.0 feature(a@-1_&amp;_n)=1.0 feature(d@1)=1.0 feature(n)=1.0  span[89..90], d feature(i@1_&amp;_m@2_&amp;_p@3)=1.0 feature(e@-3_&amp;_a@-2_&amp;_n@-1)=1.0 feature(d_&amp;_i@1_&amp;_m@2)=1.0 feature(a@-2_&amp;_n@-1_&amp;_d)=1.0 feature(d_&amp;_i@1)=1.0 feature(n@-1_&amp;_d)=1.0 feature(i@1)=1.0 feature(d)=1.0  span[90..91], i feature(m@1_&amp;_p@2_&amp;_r@3)=1.0 feature(a@-3_&amp;_n@-2_&amp;_d@-1)=1.0 feature(i_&amp;_m@1_&amp;_p@2)=1.0 feature(n@-2_&amp;_d@-1_&amp;_i)=1.0 feature(i_&amp;_m@1)=1.0 feature(d@-1_&amp;_i)=1.0 feature(m@1)=1.0 feature(i)=1.0  span[92..93], m feature(p@1_&amp;_r@2_&amp;_o@3)=1.0 feature(n@-3_&amp;_d@-2_&amp;_i@-1)=1.0 feature(m_&amp;_p@1_&amp;_r@2)=1.0 feature(d@-2_&amp;_i@-1_&amp;_m)=1.0 feature(m_&amp;_p@1)=1.0 feature(i@-1_&amp;_m)=1.0 feature(p@1)=1.0 feature(m)=1.0  span[93..94], p feature(r@1_&amp;_o@2_&amp;_v@3)=1.0 feature(d@-3_&amp;_i@-2_&amp;_m@-1)=1.0 feature(p_&amp;_r@1_&amp;_o@2)=1.0 feature(i@-2_&amp;_m@-1_&amp;_p)=1.0 feature(p_&amp;_r@1)=1.0 feature(m@-1_&amp;_p)=1.0 feature(r@1)=1.0 feature(p)=1.0  span[94..95], r feature(o@1_&amp;_v@2_&amp;_e@3)=1.0 feature(i@-3_&amp;_m@-2_&amp;_p@-1)=1.0 feature(r_&amp;_o@1_&amp;_v@2)=1.0 feature(m@-2_&amp;_p@-1_&amp;_r)=1.0 feature(r_&amp;_o@1)=1.0 feature(p@-1_&amp;_r)=1.0 feature(o@1)=1.0 feature(r)=1.0  span[95..96], o feature(v@1_&amp;_e@2_&amp;_t@3)=1.0 feature(m@-3_&amp;_p@-2_&amp;_r@-1)=1.0 feature(o_&amp;_v@1_&amp;_e@2)=1.0 feature(p@-2_&amp;_r@-1_&amp;_o)=1.0 feature(o_&amp;_v@1)=1.0 feature(r@-1_&amp;_o)=1.0 feature(v@1)=1.0 feature(o)=1.0  span[96..97], v feature(e@1_&amp;_t@2_&amp;_h@3)=1.0 feature(p@-3_&amp;_r@-2_&amp;_o@-1)=1.0 feature(v_&amp;_e@1_&amp;_t@2)=1.0 feature(r@-2_&amp;_o@-1_&amp;_v)=1.0 feature(v_&amp;_e@1)=1.0 feature(o@-1_&amp;_v)=1.0 feature(e@1)=1.0 feature(v)=1.0  span[97..98], e feature(t@1_&amp;_h@2_&amp;_e@3)=1.0 feature(r@-3_&amp;_o@-2_&amp;_v@-1)=1.0 feature(e_&amp;_t@1_&amp;_h@2)=1.0 feature(o@-2_&amp;_v@-1_&amp;_e)=1.0 feature(e_&amp;_t@1)=1.0 feature(v@-1_&amp;_e)=1.0 feature(t@1)=1.0 feature(e)=1.0  span[98..99], t feature(h@1_&amp;_e@2_&amp;_s@3)=1.0 feature(o@-3_&amp;_v@-2_&amp;_e@-1)=1.0 feature(t_&amp;_h@1_&amp;_e@2)=1.0 feature(v@-2_&amp;_e@-1_&amp;_t)=1.0 feature(t_&amp;_h@1)=1.0 feature(e@-1_&amp;_t)=1.0 feature(h@1)=1.0 feature(t)=1.0  span[100..101], h feature(e@1_&amp;_s@2_&amp;_o@3)=1.0 feature(v@-3_&amp;_e@-2_&amp;_t@-1)=1.0 feature(h_&amp;_e@1_&amp;_s@2)=1.0 feature(e@-2_&amp;_t@-1_&amp;_h)=1.0 feature(h_&amp;_e@1)=1.0 feature(t@-1_&amp;_h)=1.0 feature(e@1)=1.0 feature(h)=1.0  span[101..102], e feature(s@1_&amp;_o@2_&amp;_f@3)=1.0 feature(e@-3_&amp;_t@-2_&amp;_h@-1)=1.0 feature(e_&amp;_s@1_&amp;_o@2)=1.0 feature(t@-2_&amp;_h@-1_&amp;_e)=1.0 feature(e_&amp;_s@1)=1.0 feature(h@-1_&amp;_e)=1.0 feature(s@1)=1.0 feature(e)=1.0  span[102..103], s feature(o@1_&amp;_f@2_&amp;_t@3)=1.0 feature(t@-3_&amp;_h@-2_&amp;_e@-1)=1.0 feature(s_&amp;_o@1_&amp;_f@2)=1.0 feature(h@-2_&amp;_e@-1_&amp;_s)=1.0 feature(s_&amp;_o@1)=1.0 feature(e@-1_&amp;_s)=1.0 feature(o@1)=1.0 feature(s)=1.0  span[104..105], o feature(f@1_&amp;_t@2_&amp;_w@3)=1.0 feature(h@-3_&amp;_e@-2_&amp;_s@-1)=1.0 feature(o_&amp;_f@1_&amp;_t@2)=1.0 feature(e@-2_&amp;_s@-1_&amp;_o)=1.0 feature(o_&amp;_f@1)=1.0 feature(s@-1_&amp;_o)=1.0 feature(f@1)=1.0 feature(o)=1.0  span[105..106], f feature(t@1_&amp;_w@2_&amp;_a@3)=1.0 feature(e@-3_&amp;_s@-2_&amp;_o@-1)=1.0 feature(f_&amp;_t@1_&amp;_w@2)=1.0 feature(s@-2_&amp;_o@-1_&amp;_f)=1.0 feature(f_&amp;_t@1)=1.0 feature(o@-1_&amp;_f)=1.0 feature(t@1)=1.0 feature(f)=1.0  span[106..107], t feature(w@1_&amp;_a@2_&amp;_r@3)=1.0 feature(s@-3_&amp;_o@-2_&amp;_f@-1)=1.0 feature(t_&amp;_w@1_&amp;_a@2)=1.0 feature(o@-2_&amp;_f@-1_&amp;_t)=1.0 feature(t_&amp;_w@1)=1.0 feature(f@-1_&amp;_t)=1.0 feature(w@1)=1.0 feature(t)=1.0  span[107..108], w feature(a@1_&amp;_r@2_&amp;_e@3)=1.0 feature(o@-3_&amp;_f@-2_&amp;_t@-1)=1.0 feature(w_&amp;_a@1_&amp;_r@2)=1.0 feature(f@-2_&amp;_t@-1_&amp;_w)=1.0 feature(w_&amp;_a@1)=1.0 feature(t@-1_&amp;_w)=1.0 feature(a@1)=1.0 feature(w)=1.0  span[108..109], a feature(r@1_&amp;_e@2_&amp;_.@3)=1.0 feature(f@-3_&amp;_t@-2_&amp;_w@-1)=1.0 feature(a_&amp;_r@1_&amp;_e@2)=1.0 feature(t@-2_&amp;_w@-1_&amp;_a)=1.0 feature(a_&amp;_r@1)=1.0 feature(w@-1_&amp;_a)=1.0 feature(r@1)=1.0 feature(a)=1.0  span[109..110], r feature(e@1_&amp;_.@2_&amp;_m@3)=1.0 feature(t@-3_&amp;_w@-2_&amp;_a@-1)=1.0 feature(r_&amp;_e@1_&amp;_.@2)=1.0 feature(w@-2_&amp;_a@-1_&amp;_r)=1.0 feature(r_&amp;_e@1)=1.0 feature(a@-1_&amp;_r)=1.0 feature(e@1)=1.0 feature(r)=1.0  span[110..111], e feature(.@1_&amp;_m@2_&amp;_o@3)=1.0 feature(w@-3_&amp;_a@-2_&amp;_r@-1)=1.0 feature(e_&amp;_.@1_&amp;_m@2)=1.0 feature(a@-2_&amp;_r@-1_&amp;_e)=1.0 feature(e_&amp;_.@1)=1.0 feature(r@-1_&amp;_e)=1.0 feature(.@1)=1.0 feature(e)=1.0  span[111..112], . feature(m@1_&amp;_o@2_&amp;_r@3)=1.0 feature(a@-3_&amp;_r@-2_&amp;_e@-1)=1.0 feature(._&amp;_m@1_&amp;_o@2)=1.0 feature(r@-2_&amp;_e@-1_&amp;_.)=1.0 feature(._&amp;_m@1)=1.0 feature(e@-1_&amp;_.)=1.0 feature(m@1)=1.0 feature(.)=1.0  span[112..113], m feature(o@1_&amp;_r@2_&amp;_e@3)=1.0 feature(r@-3_&amp;_e@-2_&amp;_.@-1)=1.0 feature(m_&amp;_o@1_&amp;_r@2)=1.0 feature(e@-2_&amp;_.@-1_&amp;_m)=1.0 feature(m_&amp;_o@1)=1.0 feature(.@-1_&amp;_m)=1.0 feature(o@1)=1.0 feature(m)=1.0  span[114..115], o feature(r@1_&amp;_e@2_&amp;_p@3)=1.0 feature(e@-3_&amp;_.@-2_&amp;_m@-1)=1.0 feature(o_&amp;_r@1_&amp;_e@2)=1.0 feature(.@-2_&amp;_m@-1_&amp;_o)=1.0 feature(o_&amp;_r@1)=1.0 feature(m@-1_&amp;_o)=1.0 feature(r@1)=1.0 feature(o)=1.0  span[115..116], r feature(e@1_&amp;_p@2_&amp;_r@3)=1.0 feature(.@-3_&amp;_m@-2_&amp;_o@-1)=1.0 feature(r_&amp;_e@1_&amp;_p@2)=1.0 feature(m@-2_&amp;_o@-1_&amp;_r)=1.0 feature(r_&amp;_e@1)=1.0 feature(o@-1_&amp;_r)=1.0 feature(e@1)=1.0 feature(r)=1.0  span[116..117], e feature(p@1_&amp;_r@2_&amp;_e@3)=1.0 feature(m@-3_&amp;_o@-2_&amp;_r@-1)=1.0 feature(e_&amp;_p@1_&amp;_r@2)=1.0 feature(o@-2_&amp;_r@-1_&amp;_e)=1.0 feature(e_&amp;_p@1)=1.0 feature(r@-1_&amp;_e)=1.0 feature(p@1)=1.0 feature(e)=1.0  span[117..118], p feature(r@1_&amp;_e@2_&amp;_c@3)=1.0 feature(o@-3_&amp;_r@-2_&amp;_e@-1)=1.0 feature(p_&amp;_r@1_&amp;_e@2)=1.0 feature(r@-2_&amp;_e@-1_&amp;_p)=1.0 feature(p_&amp;_r@1)=1.0 feature(e@-1_&amp;_p)=1.0 feature(r@1)=1.0 feature(p)=1.0  span[119..120], r feature(e@1_&amp;_c@2_&amp;_i@3)=1.0 feature(r@-3_&amp;_e@-2_&amp;_p@-1)=1.0 feature(r_&amp;_e@1_&amp;_c@2)=1.0 feature(e@-2_&amp;_p@-1_&amp;_r)=1.0 feature(r_&amp;_e@1)=1.0 feature(p@-1_&amp;_r)=1.0 feature(e@1)=1.0 feature(r)=1.0  span[120..121], e feature(c@1_&amp;_i@2_&amp;_s@3)=1.0 feature(e@-3_&amp;_p@-2_&amp;_r@-1)=1.0 feature(e_&amp;_c@1_&amp;_i@2)=1.0 feature(p@-2_&amp;_r@-1_&amp;_e)=1.0 feature(e_&amp;_c@1)=1.0 feature(r@-1_&amp;_e)=1.0 feature(c@1)=1.0 feature(e)=1.0  span[121..122], c feature(i@1_&amp;_s@2_&amp;_e@3)=1.0 feature(p@-3_&amp;_r@-2_&amp;_e@-1)=1.0 feature(c_&amp;_i@1_&amp;_s@2)=1.0 feature(r@-2_&amp;_e@-1_&amp;_c)=1.0 feature(c_&amp;_i@1)=1.0 feature(e@-1_&amp;_c)=1.0 feature(i@1)=1.0 feature(c)=1.0  span[122..123], i feature(s@1_&amp;_e@2_&amp;_l@3)=1.0 feature(r@-3_&amp;_e@-2_&amp;_c@-1)=1.0 feature(i_&amp;_s@1_&amp;_e@2)=1.0 feature(e@-2_&amp;_c@-1_&amp;_i)=1.0 feature(i_&amp;_s@1)=1.0 feature(c@-1_&amp;_i)=1.0 feature(s@1)=1.0 feature(i)=1.0  span[123..124], s feature(e@1_&amp;_l@2_&amp;_y@3)=1.0 feature(e@-3_&amp;_c@-2_&amp;_i@-1)=1.0 feature(s_&amp;_e@1_&amp;_l@2)=1.0 feature(c@-2_&amp;_i@-1_&amp;_s)=1.0 feature(s_&amp;_e@1)=1.0 feature(i@-1_&amp;_s)=1.0 feature(e@1)=1.0 feature(s)=1.0  span[124..125], e feature(l@1_&amp;_y@2_&amp;_,@3)=1.0 feature(c@-3_&amp;_i@-2_&amp;_s@-1)=1.0 feature(e_&amp;_l@1_&amp;_y@2)=1.0 feature(i@-2_&amp;_s@-1_&amp;_e)=1.0 feature(e_&amp;_l@1)=1.0 feature(s@-1_&amp;_e)=1.0 feature(l@1)=1.0 feature(e)=1.0  span[125..126], l feature(y@1_&amp;_,@2_&amp;_i@3)=1.0 feature(i@-3_&amp;_s@-2_&amp;_e@-1)=1.0 feature(l_&amp;_y@1_&amp;_,@2)=1.0 feature(s@-2_&amp;_e@-1_&amp;_l)=1.0 feature(l_&amp;_y@1)=1.0 feature(e@-1_&amp;_l)=1.0 feature(y@1)=1.0 feature(l)=1.0  span[126..127], y feature(,@1_&amp;_i@2_&amp;_t@3)=1.0 feature(s@-3_&amp;_e@-2_&amp;_l@-1)=1.0 feature(y_&amp;_,@1_&amp;_i@2)=1.0 feature(e@-2_&amp;_l@-1_&amp;_y)=1.0 feature(y_&amp;_,@1)=1.0 feature(l@-1_&amp;_y)=1.0 feature(,@1)=1.0 feature(y)=1.0  span[127..128], , feature(i@1_&amp;_t@2_&amp;_r@3)=1.0 feature(e@-3_&amp;_l@-2_&amp;_y@-1)=1.0 feature(,_&amp;_i@1_&amp;_t@2)=1.0 feature(l@-2_&amp;_y@-1_&amp;_,)=1.0 feature(,_&amp;_i@1)=1.0 feature(y@-1_&amp;_,)=1.0 feature(i@1)=1.0 feature(,)=1.0  span[128..129], i feature(t@1_&amp;_r@2_&amp;_e@3)=1.0 feature(l@-3_&amp;_y@-2_&amp;_,@-1)=1.0 feature(i_&amp;_t@1_&amp;_r@2)=1.0 feature(y@-2_&amp;_,@-1_&amp;_i)=1.0 feature(i_&amp;_t@1)=1.0 feature(,@-1_&amp;_i)=1.0 feature(t@1)=1.0 feature(i)=1.0  span[130..131], t feature(r@1_&amp;_e@2_&amp;_f@3)=1.0 feature(y@-3_&amp;_,@-2_&amp;_i@-1)=1.0 feature(t_&amp;_r@1_&amp;_e@2)=1.0 feature(,@-2_&amp;_i@-1_&amp;_t)=1.0 feature(t_&amp;_r@1)=1.0 feature(i@-1_&amp;_t)=1.0 feature(r@1)=1.0 feature(t)=1.0  span[131..132], r feature(e@1_&amp;_f@2_&amp;_e@3)=1.0 feature(,@-3_&amp;_i@-2_&amp;_t@-1)=1.0 feature(r_&amp;_e@1_&amp;_f@2)=1.0 feature(i@-2_&amp;_t@-1_&amp;_r)=1.0 feature(r_&amp;_e@1)=1.0 feature(t@-1_&amp;_r)=1.0 feature(e@1)=1.0 feature(r)=1.0  span[133..134], e feature(f@1_&amp;_e@2_&amp;_r@3)=1.0 feature(i@-3_&amp;_t@-2_&amp;_r@-1)=1.0 feature(e_&amp;_f@1_&amp;_e@2)=1.0 feature(t@-2_&amp;_r@-1_&amp;_e)=1.0 feature(e_&amp;_f@1)=1.0 feature(r@-1_&amp;_e)=1.0 feature(f@1)=1.0 feature(e)=1.0  span[134..135], f feature(e@1_&amp;_r@2_&amp;_s@3)=1.0 feature(t@-3_&amp;_r@-2_&amp;_e@-1)=1.0 feature(f_&amp;_e@1_&amp;_r@2)=1.0 feature(r@-2_&amp;_e@-1_&amp;_f)=1.0 feature(f_&amp;_e@1)=1.0 feature(e@-1_&amp;_f)=1.0 feature(e@1)=1.0 feature(f)=1.0  span[135..136], e feature(r@1_&amp;_s@2_&amp;_t@3)=1.0 feature(r@-3_&amp;_e@-2_&amp;_f@-1)=1.0 feature(e_&amp;_r@1_&amp;_s@2)=1.0 feature(e@-2_&amp;_f@-1_&amp;_e)=1.0 feature(e_&amp;_r@1)=1.0 feature(f@-1_&amp;_e)=1.0 feature(r@1)=1.0 feature(e)=1.0  span[136..137], r feature(s@1_&amp;_t@2_&amp;_o@3)=1.0 feature(e@-3_&amp;_f@-2_&amp;_e@-1)=1.0 feature(r_&amp;_s@1_&amp;_t@2)=1.0 feature(f@-2_&amp;_e@-1_&amp;_r)=1.0 feature(r_&amp;_s@1)=1.0 feature(e@-1_&amp;_r)=1.0 feature(s@1)=1.0 feature(r)=1.0  span[137..138], s feature(t@1_&amp;_o@2_&amp;_f@3)=1.0 feature(f@-3_&amp;_e@-2_&amp;_r@-1)=1.0 feature(s_&amp;_t@1_&amp;_o@2)=1.0 feature(e@-2_&amp;_r@-1_&amp;_s)=1.0 feature(s_&amp;_t@1)=1.0 feature(r@-1_&amp;_s)=1.0 feature(t@1)=1.0 feature(s)=1.0  span[138..139], t feature(o@1_&amp;_f@2_&amp;_o@3)=1.0 feature(e@-3_&amp;_r@-2_&amp;_s@-1)=1.0 feature(t_&amp;_o@1_&amp;_f@2)=1.0 feature(r@-2_&amp;_s@-1_&amp;_t)=1.0 feature(t_&amp;_o@1)=1.0 feature(s@-1_&amp;_t)=1.0 feature(o@1)=1.0 feature(t)=1.0  span[140..141], o feature(f@1_&amp;_o@2_&amp;_u@3)=1.0 feature(r@-3_&amp;_s@-2_&amp;_t@-1)=1.0 feature(o_&amp;_f@1_&amp;_o@2)=1.0 feature(s@-2_&amp;_t@-1_&amp;_o)=1.0 feature(o_&amp;_f@1)=1.0 feature(t@-1_&amp;_o)=1.0 feature(f@1)=1.0 feature(o)=1.0  span[141..142], f feature(o@1_&amp;_u@2_&amp;_r@3)=1.0 feature(s@-3_&amp;_t@-2_&amp;_o@-1)=1.0 feature(f_&amp;_o@1_&amp;_u@2)=1.0 feature(t@-2_&amp;_o@-1_&amp;_f)=1.0 feature(f_&amp;_o@1)=1.0 feature(o@-1_&amp;_f)=1.0 feature(o@1)=1.0 feature(f)=1.0  span[143..144], o feature(u@1_&amp;_r@2_&amp;_k@3)=1.0 feature(t@-3_&amp;_o@-2_&amp;_f@-1)=1.0 feature(o_&amp;_u@1_&amp;_r@2)=1.0 feature(o@-2_&amp;_f@-1_&amp;_o)=1.0 feature(o_&amp;_u@1)=1.0 feature(f@-1_&amp;_o)=1.0 feature(u@1)=1.0 feature(o)=1.0  span[144..145], u feature(r@1_&amp;_k@2_&amp;_i@3)=1.0 feature(o@-3_&amp;_f@-2_&amp;_o@-1)=1.0 feature(u_&amp;_r@1_&amp;_k@2)=1.0 feature(f@-2_&amp;_o@-1_&amp;_u)=1.0 feature(u_&amp;_r@1)=1.0 feature(o@-1_&amp;_u)=1.0 feature(r@1)=1.0 feature(u)=1.0  span[145..146], r feature(k@1_&amp;_i@2_&amp;_n@3)=1.0 feature(f@-3_&amp;_o@-2_&amp;_u@-1)=1.0 feature(r_&amp;_k@1_&amp;_i@2)=1.0 feature(o@-2_&amp;_u@-1_&amp;_r)=1.0 feature(r_&amp;_k@1)=1.0 feature(u@-1_&amp;_r)=1.0 feature(k@1)=1.0 feature(r)=1.0  span[146..147], k feature(i@1_&amp;_n@2_&amp;_d@3)=1.0 feature(o@-3_&amp;_u@-2_&amp;_r@-1)=1.0 feature(k_&amp;_i@1_&amp;_n@2)=1.0 feature(u@-2_&amp;_r@-1_&amp;_k)=1.0 feature(k_&amp;_i@1)=1.0 feature(r@-1_&amp;_k)=1.0 feature(i@1)=1.0 feature(k)=1.0  span[148..149], i feature(n@1_&amp;_d@2_&amp;_s@3)=1.0 feature(u@-3_&amp;_r@-2_&amp;_k@-1)=1.0 feature(i_&amp;_n@1_&amp;_d@2)=1.0 feature(r@-2_&amp;_k@-1_&amp;_i)=1.0 feature(i_&amp;_n@1)=1.0 feature(k@-1_&amp;_i)=1.0 feature(n@1)=1.0 feature(i)=1.0  span[149..150], n feature(d@1_&amp;_s@2_&amp;_o@3)=1.0 feature(r@-3_&amp;_k@-2_&amp;_i@-1)=1.0 feature(n_&amp;_d@1_&amp;_s@2)=1.0 feature(k@-2_&amp;_i@-1_&amp;_n)=1.0 feature(n_&amp;_d@1)=1.0 feature(i@-1_&amp;_n)=1.0 feature(d@1)=1.0 feature(n)=1.0  span[150..151], d feature(s@1_&amp;_o@2_&amp;_f@3)=1.0 feature(k@-3_&amp;_i@-2_&amp;_n@-1)=1.0 feature(d_&amp;_s@1_&amp;_o@2)=1.0 feature(i@-2_&amp;_n@-1_&amp;_d)=1.0 feature(d_&amp;_s@1)=1.0 feature(n@-1_&amp;_d)=1.0 feature(s@1)=1.0 feature(d)=1.0  span[151..152], s feature(o@1_&amp;_f@2_&amp;_f@3)=1.0 feature(i@-3_&amp;_n@-2_&amp;_d@-1)=1.0 feature(s_&amp;_o@1_&amp;_f@2)=1.0 feature(n@-2_&amp;_d@-1_&amp;_s)=1.0 feature(s_&amp;_o@1)=1.0 feature(d@-1_&amp;_s)=1.0 feature(o@1)=1.0 feature(s)=1.0  span[152..153], o feature(f@1_&amp;_f@2_&amp;_r@3)=1.0 feature(n@-3_&amp;_d@-2_&amp;_s@-1)=1.0 feature(o_&amp;_f@1_&amp;_f@2)=1.0 feature(d@-2_&amp;_s@-1_&amp;_o)=1.0 feature(o_&amp;_f@1)=1.0 feature(s@-1_&amp;_o)=1.0 feature(f@1)=1.0 feature(o)=1.0  span[154..155], f feature(f@1_&amp;_r@2_&amp;_e@3)=1.0 feature(d@-3_&amp;_s@-2_&amp;_o@-1)=1.0 feature(f_&amp;_f@1_&amp;_r@2)=1.0 feature(s@-2_&amp;_o@-1_&amp;_f)=1.0 feature(f_&amp;_f@1)=1.0 feature(o@-1_&amp;_f)=1.0 feature(f@1)=1.0 feature(f)=1.0  span[155..156], f feature(r@1_&amp;_e@2_&amp;_e@3)=1.0 feature(s@-3_&amp;_o@-2_&amp;_f@-1)=1.0 feature(f_&amp;_r@1_&amp;_e@2)=1.0 feature(o@-2_&amp;_f@-1_&amp;_f)=1.0 feature(f_&amp;_r@1)=1.0 feature(f@-1_&amp;_f)=1.0 feature(r@1)=1.0 feature(f)=1.0  span[157..158], r feature(e@1_&amp;_e@2_&amp;_d@3)=1.0 feature(o@-3_&amp;_f@-2_&amp;_f@-1)=1.0 feature(r_&amp;_e@1_&amp;_e@2)=1.0 feature(f@-2_&amp;_f@-1_&amp;_r)=1.0 feature(r_&amp;_e@1)=1.0 feature(f@-1_&amp;_r)=1.0 feature(e@1)=1.0 feature(r)=1.0  span[158..159], e feature(e@1_&amp;_d@2_&amp;_o@3)=1.0 feature(f@-3_&amp;_f@-2_&amp;_r@-1)=1.0 feature(e_&amp;_e@1_&amp;_d@2)=1.0 feature(f@-2_&amp;_r@-1_&amp;_e)=1.0 feature(e_&amp;_e@1)=1.0 feature(r@-1_&amp;_e)=1.0 feature(e@1)=1.0 feature(e)=1.0  span[159..160], e feature(d@1_&amp;_o@2_&amp;_m@3)=1.0 feature(f@-3_&amp;_r@-2_&amp;_e@-1)=1.0 feature(e_&amp;_d@1_&amp;_o@2)=1.0 feature(r@-2_&amp;_e@-1_&amp;_e)=1.0 feature(e_&amp;_d@1)=1.0 feature(e@-1_&amp;_e)=1.0 feature(d@1)=1.0 feature(e)=1.0  span[160..161], d feature(o@1_&amp;_m@2_&amp;_,@3)=1.0 feature(r@-3_&amp;_e@-2_&amp;_e@-1)=1.0 feature(d_&amp;_o@1_&amp;_m@2)=1.0 feature(e@-2_&amp;_e@-1_&amp;_d)=1.0 feature(d_&amp;_o@1)=1.0 feature(e@-1_&amp;_d)=1.0 feature(o@1)=1.0 feature(d)=1.0  span[161..162], o feature(m@1_&amp;_,@2_&amp;_f@3)=1.0 feature(e@-3_&amp;_e@-2_&amp;_d@-1)=1.0 feature(o_&amp;_m@1_&amp;_,@2)=1.0 feature(e@-2_&amp;_d@-1_&amp;_o)=1.0 feature(o_&amp;_m@1)=1.0 feature(d@-1_&amp;_o)=1.0 feature(m@1)=1.0 feature(o)=1.0  span[162..163], m feature(,@1_&amp;_f@2_&amp;_o@3)=1.0 feature(e@-3_&amp;_d@-2_&amp;_o@-1)=1.0 feature(m_&amp;_,@1_&amp;_f@2)=1.0 feature(d@-2_&amp;_o@-1_&amp;_m)=1.0 feature(m_&amp;_,@1)=1.0 feature(o@-1_&amp;_m)=1.0 feature(,@1)=1.0 feature(m)=1.0  span[163..164], , feature(f@1_&amp;_o@2_&amp;_r@3)=1.0 feature(d@-3_&amp;_o@-2_&amp;_m@-1)=1.0 feature(,_&amp;_f@1_&amp;_o@2)=1.0 feature(o@-2_&amp;_m@-1_&amp;_,)=1.0 feature(,_&amp;_f@1)=1.0 feature(m@-1_&amp;_,)=1.0 feature(f@1)=1.0 feature(,)=1.0  span[164..165], f feature(o@1_&amp;_r@2_&amp;_t@3)=1.0 feature(o@-3_&amp;_m@-2_&amp;_,@-1)=1.0 feature(f_&amp;_o@1_&amp;_r@2)=1.0 feature(m@-2_&amp;_,@-1_&amp;_f)=1.0 feature(f_&amp;_o@1)=1.0 feature(,@-1_&amp;_f)=1.0 feature(o@1)=1.0 feature(f)=1.0  span[166..167], o feature(r@1_&amp;_t@2_&amp;_h@3)=1.0 feature(m@-3_&amp;_,@-2_&amp;_f@-1)=1.0 feature(o_&amp;_r@1_&amp;_t@2)=1.0 feature(,@-2_&amp;_f@-1_&amp;_o)=1.0 feature(o_&amp;_r@1)=1.0 feature(f@-1_&amp;_o)=1.0 feature(r@1)=1.0 feature(o)=1.0  span[167..168], r feature(t@1_&amp;_h@2_&amp;_e@3)=1.0 feature(,@-3_&amp;_f@-2_&amp;_o@-1)=1.0 feature(r_&amp;_t@1_&amp;_h@2)=1.0 feature(f@-2_&amp;_o@-1_&amp;_r)=1.0 feature(r_&amp;_t@1)=1.0 feature(o@-1_&amp;_r)=1.0 feature(t@1)=1.0 feature(r)=1.0  span[168..169], t feature(h@1_&amp;_e@2_&amp;_u@3)=1.0 feature(f@-3_&amp;_o@-2_&amp;_r@-1)=1.0 feature(t_&amp;_h@1_&amp;_e@2)=1.0 feature(o@-2_&amp;_r@-1_&amp;_t)=1.0 feature(t_&amp;_h@1)=1.0 feature(r@-1_&amp;_t)=1.0 feature(h@1)=1.0 feature(t)=1.0  span[170..171], h feature(e@1_&amp;_u@2_&amp;_s@3)=1.0 feature(o@-3_&amp;_r@-2_&amp;_t@-1)=1.0 feature(h_&amp;_e@1_&amp;_u@2)=1.0 feature(r@-2_&amp;_t@-1_&amp;_h)=1.0 feature(h_&amp;_e@1)=1.0 feature(t@-1_&amp;_h)=1.0 feature(e@1)=1.0 feature(h)=1.0  span[171..172], e feature(u@1_&amp;_s@2_&amp;_e@3)=1.0 feature(r@-3_&amp;_t@-2_&amp;_h@-1)=1.0 feature(e_&amp;_u@1_&amp;_s@2)=1.0 feature(t@-2_&amp;_h@-1_&amp;_e)=1.0 feature(e_&amp;_u@1)=1.0 feature(h@-1_&amp;_e)=1.0 feature(u@1)=1.0 feature(e)=1.0  span[172..173], u feature(s@1_&amp;_e@2_&amp;_r@3)=1.0 feature(t@-3_&amp;_h@-2_&amp;_e@-1)=1.0 feature(u_&amp;_s@1_&amp;_e@2)=1.0 feature(h@-2_&amp;_e@-1_&amp;_u)=1.0 feature(u_&amp;_s@1)=1.0 feature(e@-1_&amp;_u)=1.0 feature(s@1)=1.0 feature(u)=1.0  span[174..175], s feature(e@1_&amp;_r@2_&amp;_s@3)=1.0 feature(h@-3_&amp;_e@-2_&amp;_u@-1)=1.0 feature(s_&amp;_e@1_&amp;_r@2)=1.0 feature(e@-2_&amp;_u@-1_&amp;_s)=1.0 feature(s_&amp;_e@1)=1.0 feature(u@-1_&amp;_s)=1.0 feature(e@1)=1.0 feature(s)=1.0  span[175..176], e feature(r@1_&amp;_s@2_&amp;_o@3)=1.0 feature(e@-3_&amp;_u@-2_&amp;_s@-1)=1.0 feature(e_&amp;_r@1_&amp;_s@2)=1.0 feature(u@-2_&amp;_s@-1_&amp;_e)=1.0 feature(e_&amp;_r@1)=1.0 feature(s@-1_&amp;_e)=1.0 feature(r@1)=1.0 feature(e)=1.0  span[176..177], r feature(s@1_&amp;_o@2_&amp;_f@3)=1.0 feature(u@-3_&amp;_s@-2_&amp;_e@-1)=1.0 feature(r_&amp;_s@1_&amp;_o@2)=1.0 feature(s@-2_&amp;_e@-1_&amp;_r)=1.0 feature(r_&amp;_s@1)=1.0 feature(e@-1_&amp;_r)=1.0 feature(s@1)=1.0 feature(r)=1.0  span[177..178], s feature(o@1_&amp;_f@2_&amp;_t@3)=1.0 feature(s@-3_&amp;_e@-2_&amp;_r@-1)=1.0 feature(s_&amp;_o@1_&amp;_f@2)=1.0 feature(e@-2_&amp;_r@-1_&amp;_s)=1.0 feature(s_&amp;_o@1)=1.0 feature(r@-1_&amp;_s)=1.0 feature(o@1)=1.0 feature(s)=1.0  span[178..179], o feature(f@1_&amp;_t@2_&amp;_h@3)=1.0 feature(e@-3_&amp;_r@-2_&amp;_s@-1)=1.0 feature(o_&amp;_f@1_&amp;_t@2)=1.0 feature(r@-2_&amp;_s@-1_&amp;_o)=1.0 feature(o_&amp;_f@1)=1.0 feature(s@-1_&amp;_o)=1.0 feature(f@1)=1.0 feature(o)=1.0  span[180..181], f feature(t@1_&amp;_h@2_&amp;_e@3)=1.0 feature(r@-3_&amp;_s@-2_&amp;_o@-1)=1.0 feature(f_&amp;_t@1_&amp;_h@2)=1.0 feature(s@-2_&amp;_o@-1_&amp;_f)=1.0 feature(f_&amp;_t@1)=1.0 feature(o@-1_&amp;_f)=1.0 feature(t@1)=1.0 feature(f)=1.0  span[181..182], t feature(h@1_&amp;_e@2_&amp;_s@3)=1.0 feature(s@-3_&amp;_o@-2_&amp;_f@-1)=1.0 feature(t_&amp;_h@1_&amp;_e@2)=1.0 feature(o@-2_&amp;_f@-1_&amp;_t)=1.0 feature(t_&amp;_h@1)=1.0 feature(f@-1_&amp;_t)=1.0 feature(h@1)=1.0 feature(t)=1.0  span[183..184], h feature(e@1_&amp;_s@2_&amp;_o@3)=1.0 feature(o@-3_&amp;_f@-2_&amp;_t@-1)=1.0 feature(h_&amp;_e@1_&amp;_s@2)=1.0 feature(f@-2_&amp;_t@-1_&amp;_h)=1.0 feature(h_&amp;_e@1)=1.0 feature(t@-1_&amp;_h)=1.0 feature(e@1)=1.0 feature(h)=1.0  span[184..185], e feature(s@1_&amp;_o@2_&amp;_f@3)=1.0 feature(f@-3_&amp;_t@-2_&amp;_h@-1)=1.0 feature(e_&amp;_s@1_&amp;_o@2)=1.0 feature(t@-2_&amp;_h@-1_&amp;_e)=1.0 feature(e_&amp;_s@1)=1.0 feature(h@-1_&amp;_e)=1.0 feature(s@1)=1.0 feature(e)=1.0  span[185..186], s feature(o@1_&amp;_f@2_&amp;_t@3)=1.0 feature(t@-3_&amp;_h@-2_&amp;_e@-1)=1.0 feature(s_&amp;_o@1_&amp;_f@2)=1.0 feature(h@-2_&amp;_e@-1_&amp;_s)=1.0 feature(s_&amp;_o@1)=1.0 feature(e@-1_&amp;_s)=1.0 feature(o@1)=1.0 feature(s)=1.0  span[187..188], o feature(f@1_&amp;_t@2_&amp;_w@3)=1.0 feature(h@-3_&amp;_e@-2_&amp;_s@-1)=1.0 feature(o_&amp;_f@1_&amp;_t@2)=1.0 feature(e@-2_&amp;_s@-1_&amp;_o)=1.0 feature(o_&amp;_f@1)=1.0 feature(s@-1_&amp;_o)=1.0 feature(f@1)=1.0 feature(o)=1.0  span[188..189], f feature(t@1_&amp;_w@2_&amp;_a@3)=1.0 feature(e@-3_&amp;_s@-2_&amp;_o@-1)=1.0 feature(f_&amp;_t@1_&amp;_w@2)=1.0 feature(s@-2_&amp;_o@-1_&amp;_f)=1.0 feature(f_&amp;_t@1)=1.0 feature(o@-1_&amp;_f)=1.0 feature(t@1)=1.0 feature(f)=1.0  span[189..190], t feature(w@1_&amp;_a@2_&amp;_r@3)=1.0 feature(s@-3_&amp;_o@-2_&amp;_f@-1)=1.0 feature(t_&amp;_w@1_&amp;_a@2)=1.0 feature(o@-2_&amp;_f@-1_&amp;_t)=1.0 feature(t_&amp;_w@1)=1.0 feature(f@-1_&amp;_t)=1.0 feature(w@1)=1.0 feature(t)=1.0  span[190..191], w feature(a@1_&amp;_r@2_&amp;_e@3)=1.0 feature(o@-3_&amp;_f@-2_&amp;_t@-1)=1.0 feature(w_&amp;_a@1_&amp;_r@2)=1.0 feature(f@-2_&amp;_t@-1_&amp;_w)=1.0 feature(w_&amp;_a@1)=1.0 feature(t@-1_&amp;_w)=1.0 feature(a@1)=1.0 feature(w)=1.0  span[191..192], a feature(r@1_&amp;_e@2_&amp;_.@3)=1.0 feature(f@-3_&amp;_t@-2_&amp;_w@-1)=1.0 feature(a_&amp;_r@1_&amp;_e@2)=1.0 feature(t@-2_&amp;_w@-1_&amp;_a)=1.0 feature(a_&amp;_r@1)=1.0 feature(w@-1_&amp;_a)=1.0 feature(r@1)=1.0 feature(a)=1.0  span[192..193], r feature(e@1_&amp;_.@2_&amp;_&lt;END0&gt;@3)=1.0 feature(t@-3_&amp;_w@-2_&amp;_a@-1)=1.0 feature(r_&amp;_e@1_&amp;_.@2)=1.0 feature(w@-2_&amp;_a@-1_&amp;_r)=1.0 feature(r_&amp;_e@1)=1.0 feature(a@-1_&amp;_r)=1.0 feature(e@1)=1.0 feature(r)=1.0  span[193..194], e feature(.@1_&amp;_&lt;END0&gt;@2_&amp;_&lt;END1&gt;@3)=1.0 feature(w@-3_&amp;_a@-2_&amp;_r@-1)=1.0 feature(e_&amp;_.@1_&amp;_&lt;END0&gt;@2)=1.0 feature(a@-2_&amp;_r@-1_&amp;_e)=1.0 feature(e_&amp;_.@1)=1.0 feature(r@-1_&amp;_e)=1.0 feature(.@1)=1.0 feature(e)=1.0  span[194..195], . feature(&lt;END0&gt;@1_&amp;_&lt;END1&gt;@2_&amp;_&lt;END2&gt;@3)=1.0 feature(a@-3_&amp;_r@-2_&amp;_e@-1)=1.0 feature(._&amp;_&lt;END0&gt;@1_&amp;_&lt;END1&gt;@2)=1.0 feature(r@-2_&amp;_e@-1_&amp;_.)=1.0 feature(._&amp;_&lt;END0&gt;@1)=1.0 feature(e@-1_&amp;_.)=1.0 feature(&lt;END0&gt;@1)=1.0 feature(.)=1.0  span[195..196]]
Token#0:f feature(r@1_&amp;_e@2_&amp;_e@3)=1.0 feature(&lt;START2&gt;@-3_&amp;_&lt;START1&gt;@-2_&amp;_&lt;START0&gt;@-1)=1.0 feature(f_&amp;_r@1_&amp;_e@2)=1.0 feature(&lt;START1&gt;@-2_&amp;_&lt;START0&gt;@-1_&amp;_f)=1.0 feature(f_&amp;_r@1)=1.0 feature(&lt;START0&gt;@-1_&amp;_f)=1.0 feature(r@1)=1.0 feature(f)=1.0  span[0..1]
Token#1:r feature(e@1_&amp;_e@2_&amp;_s@3)=1.0 feature(&lt;START1&gt;@-3_&amp;_&lt;START0&gt;@-2_&amp;_f@-1)=1.0 feature(r_&amp;_e@1_&amp;_e@2)=1.0 feature(&lt;START0&gt;@-2_&amp;_f@-1_&amp;_r)=1.0 feature(r_&amp;_e@1)=1.0 feature(f@-1_&amp;_r)=1.0 feature(e@1)=1.0 feature(r)=1.0  span[1..2]
Token#2:e feature(e@1_&amp;_s@2_&amp;_o@3)=1.0 feature(&lt;START0&gt;@-3_&amp;_f@-2_&amp;_r@-1)=1.0 feature(e_&amp;_e@1_&amp;_s@2)=1.0 feature(f@-2_&amp;_r@-1_&amp;_e)=1.0 feature(e_&amp;_e@1)=1.0 feature(r@-1_&amp;_e)=1.0 feature(e@1)=1.0 feature(e)=1.0  span[2..3]
Token#3:e feature(s@1_&amp;_o@2_&amp;_f@3)=1.0 feature(f@-3_&amp;_r@-2_&amp;_e@-1)=1.0 feature(e_&amp;_s@1_&amp;_o@2)=1.0 feature(r@-2_&amp;_e@-1_&amp;_e)=1.0 feature(e_&amp;_s@1)=1.0 feature(e@-1_&amp;_e)=1.0 feature(s@1)=1.0 feature(e)=1.0  span[3..4]
Token#4:s feature(o@1_&amp;_f@2_&amp;_t@3)=1.0 feature(r@-3_&amp;_e@-2_&amp;_e@-1)=1.0 feature(s_&amp;_o@1_&amp;_f@2)=1.0 feature(e@-2_&amp;_e@-1_&amp;_s)=1.0 feature(s_&amp;_o@1)=1.0 feature(e@-1_&amp;_s)=1.0 feature(o@1)=1.0 feature(s)=1.0  span[5..6]
Token#5:o feature(f@1_&amp;_t@2_&amp;_w@3)=1.0 feature(e@-3_&amp;_e@-2_&amp;_s@-1)=1.0 feature(o_&amp;_f@1_&amp;_t@2)=1.0 feature(e@-2_&amp;_s@-1_&amp;_o)=1.0 feature(o_&amp;_f@1)=1.0 feature(s@-1_&amp;_o)=1.0 feature(f@1)=1.0 feature(o)=1.0  span[6..7]
Token#6:f feature(t@1_&amp;_w@2_&amp;_a@3)=1.0 feature(e@-3_&amp;_s@-2_&amp;_o@-1)=1.0 feature(f_&amp;_t@1_&amp;_w@2)=1.0 feature(s@-2_&amp;_o@-1_&amp;_f)=1.0 feature(f_&amp;_t@1)=1.0 feature(o@-1_&amp;_f)=1.0 feature(t@1)=1.0 feature(f)=1.0  span[7..8]
Token#7:t feature(w@1_&amp;_a@2_&amp;_r@3)=1.0 feature(s@-3_&amp;_o@-2_&amp;_f@-1)=1.0 feature(t_&amp;_w@1_&amp;_a@2)=1.0 feature(o@-2_&amp;_f@-1_&amp;_t)=1.0 feature(t_&amp;_w@1)=1.0 feature(f@-1_&amp;_t)=1.0 feature(w@1)=1.0 feature(t)=1.0  span[8..9]
Token#8:w feature(a@1_&amp;_r@2_&amp;_e@3)=1.0 feature(o@-3_&amp;_f@-2_&amp;_t@-1)=1.0 feature(w_&amp;_a@1_&amp;_r@2)=1.0 feature(f@-2_&amp;_t@-1_&amp;_w)=1.0 feature(w_&amp;_a@1)=1.0 feature(t@-1_&amp;_w)=1.0 feature(a@1)=1.0 feature(w)=1.0  span[9..10]
Token#9:a feature(r@1_&amp;_e@2_&amp;_i@3)=1.0 feature(f@-3_&amp;_t@-2_&amp;_w@-1)=1.0 feature(a_&amp;_r@1_&amp;_e@2)=1.0 feature(t@-2_&amp;_w@-1_&amp;_a)=1.0 feature(a_&amp;_r@1)=1.0 feature(w@-1_&amp;_a)=1.0 feature(r@1)=1.0 feature(a)=1.0  span[10..11]
Token#10:r feature(e@1_&amp;_i@2_&amp;_s@3)=1.0 feature(t@-3_&amp;_w@-2_&amp;_a@-1)=1.0 feature(r_&amp;_e@1_&amp;_i@2)=1.0 feature(w@-2_&amp;_a@-1_&amp;_r)=1.0 feature(r_&amp;_e@1)=1.0 feature(a@-1_&amp;_r)=1.0 feature(e@1)=1.0 feature(r)=1.0  span[11..12]
Token#11:e feature(i@1_&amp;_s@2_&amp;_a@3)=1.0 feature(w@-3_&amp;_a@-2_&amp;_r@-1)=1.0 feature(e_&amp;_i@1_&amp;_s@2)=1.0 feature(a@-2_&amp;_r@-1_&amp;_e)=1.0 feature(e_&amp;_i@1)=1.0 feature(r@-1_&amp;_e)=1.0 feature(i@1)=1.0 feature(e)=1.0  span[12..13]
Token#12:i feature(s@1_&amp;_a@2_&amp;_m@3)=1.0 feature(a@-3_&amp;_r@-2_&amp;_e@-1)=1.0 feature(i_&amp;_s@1_&amp;_a@2)=1.0 feature(r@-2_&amp;_e@-1_&amp;_i)=1.0 feature(i_&amp;_s@1)=1.0 feature(e@-1_&amp;_i)=1.0 feature(s@1)=1.0 feature(i)=1.0  span[14..15]
Token#13:s feature(a@1_&amp;_m@2_&amp;_a@3)=1.0 feature(r@-3_&amp;_e@-2_&amp;_i@-1)=1.0 feature(s_&amp;_a@1_&amp;_m@2)=1.0 feature(e@-2_&amp;_i@-1_&amp;_s)=1.0 feature(s_&amp;_a@1)=1.0 feature(i@-1_&amp;_s)=1.0 feature(a@1)=1.0 feature(s)=1.0  span[15..16]
Token#14:a feature(m@1_&amp;_a@2_&amp;_t@3)=1.0 feature(e@-3_&amp;_i@-2_&amp;_s@-1)=1.0 feature(a_&amp;_m@1_&amp;_a@2)=1.0 feature(i@-2_&amp;_s@-1_&amp;_a)=1.0 feature(a_&amp;_m@1)=1.0 feature(s@-1_&amp;_a)=1.0 feature(m@1)=1.0 feature(a)=1.0  span[17..18]
Token#15:m feature(a@1_&amp;_t@2_&amp;_t@3)=1.0 feature(i@-3_&amp;_s@-2_&amp;_a@-1)=1.0 feature(m_&amp;_a@1_&amp;_t@2)=1.0 feature(s@-2_&amp;_a@-1_&amp;_m)=1.0 feature(m_&amp;_a@1)=1.0 feature(a@-1_&amp;_m)=1.0 feature(a@1)=1.0 feature(m)=1.0  span[19..20]
Token#16:a feature(t@1_&amp;_t@2_&amp;_e@3)=1.0 feature(s@-3_&amp;_a@-2_&amp;_m@-1)=1.0 feature(a_&amp;_t@1_&amp;_t@2)=1.0 feature(a@-2_&amp;_m@-1_&amp;_a)=1.0 feature(a_&amp;_t@1)=1.0 feature(m@-1_&amp;_a)=1.0 feature(t@1)=1.0 feature(a)=1.0  span[20..21]
Token#17:t feature(t@1_&amp;_e@2_&amp;_r@3)=1.0 feature(a@-3_&amp;_m@-2_&amp;_a@-1)=1.0 feature(t_&amp;_t@1_&amp;_e@2)=1.0 feature(m@-2_&amp;_a@-1_&amp;_t)=1.0 feature(t_&amp;_t@1)=1.0 feature(a@-1_&amp;_t)=1.0 feature(t@1)=1.0 feature(t)=1.0  span[21..22]
Token#18:t feature(e@1_&amp;_r@2_&amp;_o@3)=1.0 feature(m@-3_&amp;_a@-2_&amp;_t@-1)=1.0 feature(t_&amp;_e@1_&amp;_r@2)=1.0 feature(a@-2_&amp;_t@-1_&amp;_t)=1.0 feature(t_&amp;_e@1)=1.0 feature(t@-1_&amp;_t)=1.0 feature(e@1)=1.0 feature(t)=1.0  span[22..23]
Token#19:e feature(r@1_&amp;_o@2_&amp;_f@3)=1.0 feature(a@-3_&amp;_t@-2_&amp;_t@-1)=1.0 feature(e_&amp;_r@1_&amp;_o@2)=1.0 feature(t@-2_&amp;_t@-1_&amp;_e)=1.0 feature(e_&amp;_r@1)=1.0 feature(t@-1_&amp;_e)=1.0 feature(r@1)=1.0 feature(e)=1.0  span[23..24]
Token#20:r feature(o@1_&amp;_f@2_&amp;_t@3)=1.0 feature(t@-3_&amp;_t@-2_&amp;_e@-1)=1.0 feature(r_&amp;_o@1_&amp;_f@2)=1.0 feature(t@-2_&amp;_e@-1_&amp;_r)=1.0 feature(r_&amp;_o@1)=1.0 feature(e@-1_&amp;_r)=1.0 feature(o@1)=1.0 feature(r)=1.0  span[24..25]
Token#21:o feature(f@1_&amp;_t@2_&amp;_h@3)=1.0 feature(t@-3_&amp;_e@-2_&amp;_r@-1)=1.0 feature(o_&amp;_f@1_&amp;_t@2)=1.0 feature(e@-2_&amp;_r@-1_&amp;_o)=1.0 feature(o_&amp;_f@1)=1.0 feature(r@-1_&amp;_o)=1.0 feature(f@1)=1.0 feature(o)=1.0  span[26..27]
Token#22:f feature(t@1_&amp;_h@2_&amp;_e@3)=1.0 feature(e@-3_&amp;_r@-2_&amp;_o@-1)=1.0 feature(f_&amp;_t@1_&amp;_h@2)=1.0 feature(r@-2_&amp;_o@-1_&amp;_f)=1.0 feature(f_&amp;_t@1)=1.0 feature(o@-1_&amp;_f)=1.0 feature(t@1)=1.0 feature(f)=1.0  span[27..28]
Token#23:t feature(h@1_&amp;_e@2_&amp;_u@3)=1.0 feature(r@-3_&amp;_o@-2_&amp;_f@-1)=1.0 feature(t_&amp;_h@1_&amp;_e@2)=1.0 feature(o@-2_&amp;_f@-1_&amp;_t)=1.0 feature(t_&amp;_h@1)=1.0 feature(f@-1_&amp;_t)=1.0 feature(h@1)=1.0 feature(t)=1.0  span[29..30]
Token#24:h feature(e@1_&amp;_u@2_&amp;_s@3)=1.0 feature(o@-3_&amp;_f@-2_&amp;_t@-1)=1.0 feature(h_&amp;_e@1_&amp;_u@2)=1.0 feature(f@-2_&amp;_t@-1_&amp;_h)=1.0 feature(h_&amp;_e@1)=1.0 feature(t@-1_&amp;_h)=1.0 feature(e@1)=1.0 feature(h)=1.0  span[30..31]
Token#25:e feature(u@1_&amp;_s@2_&amp;_e@3)=1.0 feature(f@-3_&amp;_t@-2_&amp;_h@-1)=1.0 feature(e_&amp;_u@1_&amp;_s@2)=1.0 feature(t@-2_&amp;_h@-1_&amp;_e)=1.0 feature(e_&amp;_u@1)=1.0 feature(h@-1_&amp;_e)=1.0 feature(u@1)=1.0 feature(e)=1.0  span[31..32]
Token#26:u feature(s@1_&amp;_e@2_&amp;_r@3)=1.0 feature(t@-3_&amp;_h@-2_&amp;_e@-1)=1.0 feature(u_&amp;_s@1_&amp;_e@2)=1.0 feature(h@-2_&amp;_e@-1_&amp;_u)=1.0 feature(u_&amp;_s@1)=1.0 feature(e@-1_&amp;_u)=1.0 feature(s@1)=1.0 feature(u)=1.0  span[33..34]
Token#27:s feature(e@1_&amp;_r@2_&amp;_s@3)=1.0 feature(h@-3_&amp;_e@-2_&amp;_u@-1)=1.0 feature(s_&amp;_e@1_&amp;_r@2)=1.0 feature(e@-2_&amp;_u@-1_&amp;_s)=1.0 feature(s_&amp;_e@1)=1.0 feature(u@-1_&amp;_s)=1.0 feature(e@1)=1.0 feature(s)=1.0  span[34..35]
Token#28:e feature(r@1_&amp;_s@2_&amp;_'@3)=1.0 feature(e@-3_&amp;_u@-2_&amp;_s@-1)=1.0 feature(e_&amp;_r@1_&amp;_s@2)=1.0 feature(u@-2_&amp;_s@-1_&amp;_e)=1.0 feature(e_&amp;_r@1)=1.0 feature(s@-1_&amp;_e)=1.0 feature(r@1)=1.0 feature(e)=1.0  span[35..36]
Token#29:r feature(s@1_&amp;_'@2_&amp;_f@3)=1.0 feature(u@-3_&amp;_s@-2_&amp;_e@-1)=1.0 feature(r_&amp;_s@1_&amp;_'@2)=1.0 feature(s@-2_&amp;_e@-1_&amp;_r)=1.0 feature(r_&amp;_s@1)=1.0 feature(e@-1_&amp;_r)=1.0 feature(s@1)=1.0 feature(r)=1.0  span[36..37]
Token#30:s feature('@1_&amp;_f@2_&amp;_r@3)=1.0 feature(s@-3_&amp;_e@-2_&amp;_r@-1)=1.0 feature(s_&amp;_'@1_&amp;_f@2)=1.0 feature(e@-2_&amp;_r@-1_&amp;_s)=1.0 feature(s_&amp;_'@1)=1.0 feature(r@-1_&amp;_s)=1.0 feature('@1)=1.0 feature(s)=1.0  span[37..38]
Token#31:' feature(f@1_&amp;_r@2_&amp;_e@3)=1.0 feature(e@-3_&amp;_r@-2_&amp;_s@-1)=1.0 feature('_&amp;_f@1_&amp;_r@2)=1.0 feature(r@-2_&amp;_s@-1_&amp;_')=1.0 feature('_&amp;_f@1)=1.0 feature(s@-1_&amp;_')=1.0 feature(f@1)=1.0 feature(')=1.0  span[38..39]
Token#32:f feature(r@1_&amp;_e@2_&amp;_e@3)=1.0 feature(r@-3_&amp;_s@-2_&amp;_'@-1)=1.0 feature(f_&amp;_r@1_&amp;_e@2)=1.0 feature(s@-2_&amp;_'@-1_&amp;_f)=1.0 feature(f_&amp;_r@1)=1.0 feature('@-1_&amp;_f)=1.0 feature(r@1)=1.0 feature(f)=1.0  span[40..41]
Token#33:r feature(e@1_&amp;_e@2_&amp;_d@3)=1.0 feature(s@-3_&amp;_'@-2_&amp;_f@-1)=1.0 feature(r_&amp;_e@1_&amp;_e@2)=1.0 feature('@-2_&amp;_f@-1_&amp;_r)=1.0 feature(r_&amp;_e@1)=1.0 feature(f@-1_&amp;_r)=1.0 feature(e@1)=1.0 feature(r)=1.0  span[41..42]
Token#34:e feature(e@1_&amp;_d@2_&amp;_o@3)=1.0 feature('@-3_&amp;_f@-2_&amp;_r@-1)=1.0 feature(e_&amp;_e@1_&amp;_d@2)=1.0 feature(f@-2_&amp;_r@-1_&amp;_e)=1.0 feature(e_&amp;_e@1)=1.0 feature(r@-1_&amp;_e)=1.0 feature(e@1)=1.0 feature(e)=1.0  span[42..43]
Token#35:e feature(d@1_&amp;_o@2_&amp;_m@3)=1.0 feature(f@-3_&amp;_r@-2_&amp;_e@-1)=1.0 feature(e_&amp;_d@1_&amp;_o@2)=1.0 feature(r@-2_&amp;_e@-1_&amp;_e)=1.0 feature(e_&amp;_d@1)=1.0 feature(e@-1_&amp;_e)=1.0 feature(d@1)=1.0 feature(e)=1.0  span[43..44]
Token#36:d feature(o@1_&amp;_m@2_&amp;_t@3)=1.0 feature(r@-3_&amp;_e@-2_&amp;_e@-1)=1.0 feature(d_&amp;_o@1_&amp;_m@2)=1.0 feature(e@-2_&amp;_e@-1_&amp;_d)=1.0 feature(d_&amp;_o@1)=1.0 feature(e@-1_&amp;_d)=1.0 feature(o@1)=1.0 feature(d)=1.0  span[44..45]
Token#37:o feature(m@1_&amp;_t@2_&amp;_o@3)=1.0 feature(e@-3_&amp;_e@-2_&amp;_d@-1)=1.0 feature(o_&amp;_m@1_&amp;_t@2)=1.0 feature(e@-2_&amp;_d@-1_&amp;_o)=1.0 feature(o_&amp;_m@1)=1.0 feature(d@-1_&amp;_o)=1.0 feature(m@1)=1.0 feature(o)=1.0  span[45..46]
Token#38:m feature(t@1_&amp;_o@2_&amp;_r@3)=1.0 feature(e@-3_&amp;_d@-2_&amp;_o@-1)=1.0 feature(m_&amp;_t@1_&amp;_o@2)=1.0 feature(d@-2_&amp;_o@-1_&amp;_m)=1.0 feature(m_&amp;_t@1)=1.0 feature(o@-1_&amp;_m)=1.0 feature(t@1)=1.0 feature(m)=1.0  span[46..47]
Token#39:t feature(o@1_&amp;_r@2_&amp;_u@3)=1.0 feature(d@-3_&amp;_o@-2_&amp;_m@-1)=1.0 feature(t_&amp;_o@1_&amp;_r@2)=1.0 feature(o@-2_&amp;_m@-1_&amp;_t)=1.0 feature(t_&amp;_o@1)=1.0 feature(m@-1_&amp;_t)=1.0 feature(o@1)=1.0 feature(t)=1.0  span[48..49]
Token#40:o feature(r@1_&amp;_u@2_&amp;_n@3)=1.0 feature(o@-3_&amp;_m@-2_&amp;_t@-1)=1.0 feature(o_&amp;_r@1_&amp;_u@2)=1.0 feature(m@-2_&amp;_t@-1_&amp;_o)=1.0 feature(o_&amp;_r@1)=1.0 feature(t@-1_&amp;_o)=1.0 feature(r@1)=1.0 feature(o)=1.0  span[49..50]
Token#41:r feature(u@1_&amp;_n@2_&amp;_,@3)=1.0 feature(m@-3_&amp;_t@-2_&amp;_o@-1)=1.0 feature(r_&amp;_u@1_&amp;_n@2)=1.0 feature(t@-2_&amp;_o@-1_&amp;_r)=1.0 feature(r_&amp;_u@1)=1.0 feature(o@-1_&amp;_r)=1.0 feature(u@1)=1.0 feature(r)=1.0  span[51..52]
Token#42:u feature(n@1_&amp;_,@2_&amp;_c@3)=1.0 feature(t@-3_&amp;_o@-2_&amp;_r@-1)=1.0 feature(u_&amp;_n@1_&amp;_,@2)=1.0 feature(o@-2_&amp;_r@-1_&amp;_u)=1.0 feature(u_&amp;_n@1)=1.0 feature(r@-1_&amp;_u)=1.0 feature(n@1)=1.0 feature(u)=1.0  span[52..53]
Token#43:n feature(,@1_&amp;_c@2_&amp;_o@3)=1.0 feature(o@-3_&amp;_r@-2_&amp;_u@-1)=1.0 feature(n_&amp;_,@1_&amp;_c@2)=1.0 feature(r@-2_&amp;_u@-1_&amp;_n)=1.0 feature(n_&amp;_,@1)=1.0 feature(u@-1_&amp;_n)=1.0 feature(,@1)=1.0 feature(n)=1.0  span[53..54]
Token#44:, feature(c@1_&amp;_o@2_&amp;_p@3)=1.0 feature(r@-3_&amp;_u@-2_&amp;_n@-1)=1.0 feature(,_&amp;_c@1_&amp;_o@2)=1.0 feature(u@-2_&amp;_n@-1_&amp;_,)=1.0 feature(,_&amp;_c@1)=1.0 feature(n@-1_&amp;_,)=1.0 feature(c@1)=1.0 feature(,)=1.0  span[54..55]
Token#45:c feature(o@1_&amp;_p@2_&amp;_y@3)=1.0 feature(u@-3_&amp;_n@-2_&amp;_,@-1)=1.0 feature(c_&amp;_o@1_&amp;_p@2)=1.0 feature(n@-2_&amp;_,@-1_&amp;_c)=1.0 feature(c_&amp;_o@1)=1.0 feature(,@-1_&amp;_c)=1.0 feature(o@1)=1.0 feature(c)=1.0  span[56..57]
Token#46:o feature(p@1_&amp;_y@2_&amp;_,@3)=1.0 feature(n@-3_&amp;_,@-2_&amp;_c@-1)=1.0 feature(o_&amp;_p@1_&amp;_y@2)=1.0 feature(,@-2_&amp;_c@-1_&amp;_o)=1.0 feature(o_&amp;_p@1)=1.0 feature(c@-1_&amp;_o)=1.0 feature(p@1)=1.0 feature(o)=1.0  span[57..58]
Token#47:p feature(y@1_&amp;_,@2_&amp;_d@3)=1.0 feature(,@-3_&amp;_c@-2_&amp;_o@-1)=1.0 feature(p_&amp;_y@1_&amp;_,@2)=1.0 feature(c@-2_&amp;_o@-1_&amp;_p)=1.0 feature(p_&amp;_y@1)=1.0 feature(o@-1_&amp;_p)=1.0 feature(y@1)=1.0 feature(p)=1.0  span[58..59]
Token#48:y feature(,@1_&amp;_d@2_&amp;_i@3)=1.0 feature(c@-3_&amp;_o@-2_&amp;_p@-1)=1.0 feature(y_&amp;_,@1_&amp;_d@2)=1.0 feature(o@-2_&amp;_p@-1_&amp;_y)=1.0 feature(y_&amp;_,@1)=1.0 feature(p@-1_&amp;_y)=1.0 feature(,@1)=1.0 feature(y)=1.0  span[59..60]
Token#49:, feature(d@1_&amp;_i@2_&amp;_s@3)=1.0 feature(o@-3_&amp;_p@-2_&amp;_y@-1)=1.0 feature(,_&amp;_d@1_&amp;_i@2)=1.0 feature(p@-2_&amp;_y@-1_&amp;_,)=1.0 feature(,_&amp;_d@1)=1.0 feature(y@-1_&amp;_,)=1.0 feature(d@1)=1.0 feature(,)=1.0  span[60..61]
Token#50:d feature(i@1_&amp;_s@2_&amp;_t@3)=1.0 feature(p@-3_&amp;_y@-2_&amp;_,@-1)=1.0 feature(d_&amp;_i@1_&amp;_s@2)=1.0 feature(y@-2_&amp;_,@-1_&amp;_d)=1.0 feature(d_&amp;_i@1)=1.0 feature(,@-1_&amp;_d)=1.0 feature(i@1)=1.0 feature(d)=1.0  span[62..63]
Token#51:i feature(s@1_&amp;_t@2_&amp;_r@3)=1.0 feature(y@-3_&amp;_,@-2_&amp;_d@-1)=1.0 feature(i_&amp;_s@1_&amp;_t@2)=1.0 feature(,@-2_&amp;_d@-1_&amp;_i)=1.0 feature(i_&amp;_s@1)=1.0 feature(d@-1_&amp;_i)=1.0 feature(s@1)=1.0 feature(i)=1.0  span[63..64]
Token#52:s feature(t@1_&amp;_r@2_&amp;_i@3)=1.0 feature(,@-3_&amp;_d@-2_&amp;_i@-1)=1.0 feature(s_&amp;_t@1_&amp;_r@2)=1.0 feature(d@-2_&amp;_i@-1_&amp;_s)=1.0 feature(s_&amp;_t@1)=1.0 feature(i@-1_&amp;_s)=1.0 feature(t@1)=1.0 feature(s)=1.0  span[64..65]
Token#53:t feature(r@1_&amp;_i@2_&amp;_b@3)=1.0 feature(d@-3_&amp;_i@-2_&amp;_s@-1)=1.0 feature(t_&amp;_r@1_&amp;_i@2)=1.0 feature(i@-2_&amp;_s@-1_&amp;_t)=1.0 feature(t_&amp;_r@1)=1.0 feature(s@-1_&amp;_t)=1.0 feature(r@1)=1.0 feature(t)=1.0  span[65..66]
Token#54:r feature(i@1_&amp;_b@2_&amp;_u@3)=1.0 feature(i@-3_&amp;_s@-2_&amp;_t@-1)=1.0 feature(r_&amp;_i@1_&amp;_b@2)=1.0 feature(s@-2_&amp;_t@-1_&amp;_r)=1.0 feature(r_&amp;_i@1)=1.0 feature(t@-1_&amp;_r)=1.0 feature(i@1)=1.0 feature(r)=1.0  span[66..67]
Token#55:i feature(b@1_&amp;_u@2_&amp;_t@3)=1.0 feature(s@-3_&amp;_t@-2_&amp;_r@-1)=1.0 feature(i_&amp;_b@1_&amp;_u@2)=1.0 feature(t@-2_&amp;_r@-1_&amp;_i)=1.0 feature(i_&amp;_b@1)=1.0 feature(r@-1_&amp;_i)=1.0 feature(b@1)=1.0 feature(i)=1.0  span[67..68]
Token#56:b feature(u@1_&amp;_t@2_&amp;_e@3)=1.0 feature(t@-3_&amp;_r@-2_&amp;_i@-1)=1.0 feature(b_&amp;_u@1_&amp;_t@2)=1.0 feature(r@-2_&amp;_i@-1_&amp;_b)=1.0 feature(b_&amp;_u@1)=1.0 feature(i@-1_&amp;_b)=1.0 feature(u@1)=1.0 feature(b)=1.0  span[68..69]
Token#57:u feature(t@1_&amp;_e@2_&amp;_,@3)=1.0 feature(r@-3_&amp;_i@-2_&amp;_b@-1)=1.0 feature(u_&amp;_t@1_&amp;_e@2)=1.0 feature(i@-2_&amp;_b@-1_&amp;_u)=1.0 feature(u_&amp;_t@1)=1.0 feature(b@-1_&amp;_u)=1.0 feature(t@1)=1.0 feature(u)=1.0  span[69..70]
Token#58:t feature(e@1_&amp;_,@2_&amp;_s@3)=1.0 feature(i@-3_&amp;_b@-2_&amp;_u@-1)=1.0 feature(t_&amp;_e@1_&amp;_,@2)=1.0 feature(b@-2_&amp;_u@-1_&amp;_t)=1.0 feature(t_&amp;_e@1)=1.0 feature(u@-1_&amp;_t)=1.0 feature(e@1)=1.0 feature(t)=1.0  span[70..71]
Token#59:e feature(,@1_&amp;_s@2_&amp;_t@3)=1.0 feature(b@-3_&amp;_u@-2_&amp;_t@-1)=1.0 feature(e_&amp;_,@1_&amp;_s@2)=1.0 feature(u@-2_&amp;_t@-1_&amp;_e)=1.0 feature(e_&amp;_,@1)=1.0 feature(t@-1_&amp;_e)=1.0 feature(,@1)=1.0 feature(e)=1.0  span[71..72]
Token#60:, feature(s@1_&amp;_t@2_&amp;_u@3)=1.0 feature(u@-3_&amp;_t@-2_&amp;_e@-1)=1.0 feature(,_&amp;_s@1_&amp;_t@2)=1.0 feature(t@-2_&amp;_e@-1_&amp;_,)=1.0 feature(,_&amp;_s@1)=1.0 feature(e@-1_&amp;_,)=1.0 feature(s@1)=1.0 feature(,)=1.0  span[72..73]
Token#61:s feature(t@1_&amp;_u@2_&amp;_d@3)=1.0 feature(t@-3_&amp;_e@-2_&amp;_,@-1)=1.0 feature(s_&amp;_t@1_&amp;_u@2)=1.0 feature(e@-2_&amp;_,@-1_&amp;_s)=1.0 feature(s_&amp;_t@1)=1.0 feature(,@-1_&amp;_s)=1.0 feature(t@1)=1.0 feature(s)=1.0  span[74..75]
Token#62:t feature(u@1_&amp;_d@2_&amp;_y@3)=1.0 feature(e@-3_&amp;_,@-2_&amp;_s@-1)=1.0 feature(t_&amp;_u@1_&amp;_d@2)=1.0 feature(,@-2_&amp;_s@-1_&amp;_t)=1.0 feature(t_&amp;_u@1)=1.0 feature(s@-1_&amp;_t)=1.0 feature(u@1)=1.0 feature(t)=1.0  span[75..76]
Token#63:u feature(d@1_&amp;_y@2_&amp;_,@3)=1.0 feature(,@-3_&amp;_s@-2_&amp;_t@-1)=1.0 feature(u_&amp;_d@1_&amp;_y@2)=1.0 feature(s@-2_&amp;_t@-1_&amp;_u)=1.0 feature(u_&amp;_d@1)=1.0 feature(t@-1_&amp;_u)=1.0 feature(d@1)=1.0 feature(u)=1.0  span[76..77]
Token#64:d feature(y@1_&amp;_,@2_&amp;_c@3)=1.0 feature(s@-3_&amp;_t@-2_&amp;_u@-1)=1.0 feature(d_&amp;_y@1_&amp;_,@2)=1.0 feature(t@-2_&amp;_u@-1_&amp;_d)=1.0 feature(d_&amp;_y@1)=1.0 feature(u@-1_&amp;_d)=1.0 feature(y@1)=1.0 feature(d)=1.0  span[77..78]
Token#65:y feature(,@1_&amp;_c@2_&amp;_h@3)=1.0 feature(t@-3_&amp;_u@-2_&amp;_d@-1)=1.0 feature(y_&amp;_,@1_&amp;_c@2)=1.0 feature(u@-2_&amp;_d@-1_&amp;_y)=1.0 feature(y_&amp;_,@1)=1.0 feature(d@-1_&amp;_y)=1.0 feature(,@1)=1.0 feature(y)=1.0  span[78..79]
Token#66:, feature(c@1_&amp;_h@2_&amp;_a@3)=1.0 feature(u@-3_&amp;_d@-2_&amp;_y@-1)=1.0 feature(,_&amp;_c@1_&amp;_h@2)=1.0 feature(d@-2_&amp;_y@-1_&amp;_,)=1.0 feature(,_&amp;_c@1)=1.0 feature(y@-1_&amp;_,)=1.0 feature(c@1)=1.0 feature(,)=1.0  span[79..80]
Token#67:c feature(h@1_&amp;_a@2_&amp;_n@3)=1.0 feature(d@-3_&amp;_y@-2_&amp;_,@-1)=1.0 feature(c_&amp;_h@1_&amp;_a@2)=1.0 feature(y@-2_&amp;_,@-1_&amp;_c)=1.0 feature(c_&amp;_h@1)=1.0 feature(,@-1_&amp;_c)=1.0 feature(h@1)=1.0 feature(c)=1.0  span[81..82]
Token#68:h feature(a@1_&amp;_n@2_&amp;_g@3)=1.0 feature(y@-3_&amp;_,@-2_&amp;_c@-1)=1.0 feature(h_&amp;_a@1_&amp;_n@2)=1.0 feature(,@-2_&amp;_c@-1_&amp;_h)=1.0 feature(h_&amp;_a@1)=1.0 feature(c@-1_&amp;_h)=1.0 feature(a@1)=1.0 feature(h)=1.0  span[82..83]
Token#69:a feature(n@1_&amp;_g@2_&amp;_e@3)=1.0 feature(,@-3_&amp;_c@-2_&amp;_h@-1)=1.0 feature(a_&amp;_n@1_&amp;_g@2)=1.0 feature(c@-2_&amp;_h@-1_&amp;_a)=1.0 feature(a_&amp;_n@1)=1.0 feature(h@-1_&amp;_a)=1.0 feature(n@1)=1.0 feature(a)=1.0  span[83..84]
Token#70:n feature(g@1_&amp;_e@2_&amp;_a@3)=1.0 feature(c@-3_&amp;_h@-2_&amp;_a@-1)=1.0 feature(n_&amp;_g@1_&amp;_e@2)=1.0 feature(h@-2_&amp;_a@-1_&amp;_n)=1.0 feature(n_&amp;_g@1)=1.0 feature(a@-1_&amp;_n)=1.0 feature(g@1)=1.0 feature(n)=1.0  span[84..85]
Token#71:g feature(e@1_&amp;_a@2_&amp;_n@3)=1.0 feature(h@-3_&amp;_a@-2_&amp;_n@-1)=1.0 feature(g_&amp;_e@1_&amp;_a@2)=1.0 feature(a@-2_&amp;_n@-1_&amp;_g)=1.0 feature(g_&amp;_e@1)=1.0 feature(n@-1_&amp;_g)=1.0 feature(e@1)=1.0 feature(g)=1.0  span[85..86]
Token#72:e feature(a@1_&amp;_n@2_&amp;_d@3)=1.0 feature(a@-3_&amp;_n@-2_&amp;_g@-1)=1.0 feature(e_&amp;_a@1_&amp;_n@2)=1.0 feature(n@-2_&amp;_g@-1_&amp;_e)=1.0 feature(e_&amp;_a@1)=1.0 feature(g@-1_&amp;_e)=1.0 feature(a@1)=1.0 feature(e)=1.0  span[86..87]
Token#73:a feature(n@1_&amp;_d@2_&amp;_i@3)=1.0 feature(n@-3_&amp;_g@-2_&amp;_e@-1)=1.0 feature(a_&amp;_n@1_&amp;_d@2)=1.0 feature(g@-2_&amp;_e@-1_&amp;_a)=1.0 feature(a_&amp;_n@1)=1.0 feature(e@-1_&amp;_a)=1.0 feature(n@1)=1.0 feature(a)=1.0  span[88..89]
Token#74:n feature(d@1_&amp;_i@2_&amp;_m@3)=1.0 feature(g@-3_&amp;_e@-2_&amp;_a@-1)=1.0 feature(n_&amp;_d@1_&amp;_i@2)=1.0 feature(e@-2_&amp;_a@-1_&amp;_n)=1.0 feature(n_&amp;_d@1)=1.0 feature(a@-1_&amp;_n)=1.0 feature(d@1)=1.0 feature(n)=1.0  span[89..90]
Token#75:d feature(i@1_&amp;_m@2_&amp;_p@3)=1.0 feature(e@-3_&amp;_a@-2_&amp;_n@-1)=1.0 feature(d_&amp;_i@1_&amp;_m@2)=1.0 feature(a@-2_&amp;_n@-1_&amp;_d)=1.0 feature(d_&amp;_i@1)=1.0 feature(n@-1_&amp;_d)=1.0 feature(i@1)=1.0 feature(d)=1.0  span[90..91]
Token#76:i feature(m@1_&amp;_p@2_&amp;_r@3)=1.0 feature(a@-3_&amp;_n@-2_&amp;_d@-1)=1.0 feature(i_&amp;_m@1_&amp;_p@2)=1.0 feature(n@-2_&amp;_d@-1_&amp;_i)=1.0 feature(i_&amp;_m@1)=1.0 feature(d@-1_&amp;_i)=1.0 feature(m@1)=1.0 feature(i)=1.0  span[92..93]
Token#77:m feature(p@1_&amp;_r@2_&amp;_o@3)=1.0 feature(n@-3_&amp;_d@-2_&amp;_i@-1)=1.0 feature(m_&amp;_p@1_&amp;_r@2)=1.0 feature(d@-2_&amp;_i@-1_&amp;_m)=1.0 feature(m_&amp;_p@1)=1.0 feature(i@-1_&amp;_m)=1.0 feature(p@1)=1.0 feature(m)=1.0  span[93..94]
Token#78:p feature(r@1_&amp;_o@2_&amp;_v@3)=1.0 feature(d@-3_&amp;_i@-2_&amp;_m@-1)=1.0 feature(p_&amp;_r@1_&amp;_o@2)=1.0 feature(i@-2_&amp;_m@-1_&amp;_p)=1.0 feature(p_&amp;_r@1)=1.0 feature(m@-1_&amp;_p)=1.0 feature(r@1)=1.0 feature(p)=1.0  span[94..95]
Token#79:r feature(o@1_&amp;_v@2_&amp;_e@3)=1.0 feature(i@-3_&amp;_m@-2_&amp;_p@-1)=1.0 feature(r_&amp;_o@1_&amp;_v@2)=1.0 feature(m@-2_&amp;_p@-1_&amp;_r)=1.0 feature(r_&amp;_o@1)=1.0 feature(p@-1_&amp;_r)=1.0 feature(o@1)=1.0 feature(r)=1.0  span[95..96]
Token#80:o feature(v@1_&amp;_e@2_&amp;_t@3)=1.0 feature(m@-3_&amp;_p@-2_&amp;_r@-1)=1.0 feature(o_&amp;_v@1_&amp;_e@2)=1.0 feature(p@-2_&amp;_r@-1_&amp;_o)=1.0 feature(o_&amp;_v@1)=1.0 feature(r@-1_&amp;_o)=1.0 feature(v@1)=1.0 feature(o)=1.0  span[96..97]
Token#81:v feature(e@1_&amp;_t@2_&amp;_h@3)=1.0 feature(p@-3_&amp;_r@-2_&amp;_o@-1)=1.0 feature(v_&amp;_e@1_&amp;_t@2)=1.0 feature(r@-2_&amp;_o@-1_&amp;_v)=1.0 feature(v_&amp;_e@1)=1.0 feature(o@-1_&amp;_v)=1.0 feature(e@1)=1.0 feature(v)=1.0  span[97..98]
Token#82:e feature(t@1_&amp;_h@2_&amp;_e@3)=1.0 feature(r@-3_&amp;_o@-2_&amp;_v@-1)=1.0 feature(e_&amp;_t@1_&amp;_h@2)=1.0 feature(o@-2_&amp;_v@-1_&amp;_e)=1.0 feature(e_&amp;_t@1)=1.0 feature(v@-1_&amp;_e)=1.0 feature(t@1)=1.0 feature(e)=1.0  span[98..99]
Token#83:t feature(h@1_&amp;_e@2_&amp;_s@3)=1.0 feature(o@-3_&amp;_v@-2_&amp;_e@-1)=1.0 feature(t_&amp;_h@1_&amp;_e@2)=1.0 feature(v@-2_&amp;_e@-1_&amp;_t)=1.0 feature(t_&amp;_h@1)=1.0 feature(e@-1_&amp;_t)=1.0 feature(h@1)=1.0 feature(t)=1.0  span[100..101]
Token#84:h feature(e@1_&amp;_s@2_&amp;_o@3)=1.0 feature(v@-3_&amp;_e@-2_&amp;_t@-1)=1.0 feature(h_&amp;_e@1_&amp;_s@2)=1.0 feature(e@-2_&amp;_t@-1_&amp;_h)=1.0 feature(h_&amp;_e@1)=1.0 feature(t@-1_&amp;_h)=1.0 feature(e@1)=1.0 feature(h)=1.0  span[101..102]
Token#85:e feature(s@1_&amp;_o@2_&amp;_f@3)=1.0 feature(e@-3_&amp;_t@-2_&amp;_h@-1)=1.0 feature(e_&amp;_s@1_&amp;_o@2)=1.0 feature(t@-2_&amp;_h@-1_&amp;_e)=1.0 feature(e_&amp;_s@1)=1.0 feature(h@-1_&amp;_e)=1.0 feature(s@1)=1.0 feature(e)=1.0  span[102..103]
Token#86:s feature(o@1_&amp;_f@2_&amp;_t@3)=1.0 feature(t@-3_&amp;_h@-2_&amp;_e@-1)=1.0 feature(s_&amp;_o@1_&amp;_f@2)=1.0 feature(h@-2_&amp;_e@-1_&amp;_s)=1.0 feature(s_&amp;_o@1)=1.0 feature(e@-1_&amp;_s)=1.0 feature(o@1)=1.0 feature(s)=1.0  span[104..105]
Token#87:o feature(f@1_&amp;_t@2_&amp;_w@3)=1.0 feature(h@-3_&amp;_e@-2_&amp;_s@-1)=1.0 feature(o_&amp;_f@1_&amp;_t@2)=1.0 feature(e@-2_&amp;_s@-1_&amp;_o)=1.0 feature(o_&amp;_f@1)=1.0 feature(s@-1_&amp;_o)=1.0 feature(f@1)=1.0 feature(o)=1.0  span[105..106]
Token#88:f feature(t@1_&amp;_w@2_&amp;_a@3)=1.0 feature(e@-3_&amp;_s@-2_&amp;_o@-1)=1.0 feature(f_&amp;_t@1_&amp;_w@2)=1.0 feature(s@-2_&amp;_o@-1_&amp;_f)=1.0 feature(f_&amp;_t@1)=1.0 feature(o@-1_&amp;_f)=1.0 feature(t@1)=1.0 feature(f)=1.0  span[106..107]
Token#89:t feature(w@1_&amp;_a@2_&amp;_r@3)=1.0 feature(s@-3_&amp;_o@-2_&amp;_f@-1)=1.0 feature(t_&amp;_w@1_&amp;_a@2)=1.0 feature(o@-2_&amp;_f@-1_&amp;_t)=1.0 feature(t_&amp;_w@1)=1.0 feature(f@-1_&amp;_t)=1.0 feature(w@1)=1.0 feature(t)=1.0  span[107..108]
Token#90:w feature(a@1_&amp;_r@2_&amp;_e@3)=1.0 feature(o@-3_&amp;_f@-2_&amp;_t@-1)=1.0 feature(w_&amp;_a@1_&amp;_r@2)=1.0 feature(f@-2_&amp;_t@-1_&amp;_w)=1.0 feature(w_&amp;_a@1)=1.0 feature(t@-1_&amp;_w)=1.0 feature(a@1)=1.0 feature(w)=1.0  span[108..109]
Token#91:a feature(r@1_&amp;_e@2_&amp;_.@3)=1.0 feature(f@-3_&amp;_t@-2_&amp;_w@-1)=1.0 feature(a_&amp;_r@1_&amp;_e@2)=1.0 feature(t@-2_&amp;_w@-1_&amp;_a)=1.0 feature(a_&amp;_r@1)=1.0 feature(w@-1_&amp;_a)=1.0 feature(r@1)=1.0 feature(a)=1.0  span[109..110]
Token#92:r feature(e@1_&amp;_.@2_&amp;_m@3)=1.0 feature(t@-3_&amp;_w@-2_&amp;_a@-1)=1.0 feature(r_&amp;_e@1_&amp;_.@2)=1.0 feature(w@-2_&amp;_a@-1_&amp;_r)=1.0 feature(r_&amp;_e@1)=1.0 feature(a@-1_&amp;_r)=1.0 feature(e@1)=1.0 feature(r)=1.0  span[110..111]
Token#93:e feature(.@1_&amp;_m@2_&amp;_o@3)=1.0 feature(w@-3_&amp;_a@-2_&amp;_r@-1)=1.0 feature(e_&amp;_.@1_&amp;_m@2)=1.0 feature(a@-2_&amp;_r@-1_&amp;_e)=1.0 feature(e_&amp;_.@1)=1.0 feature(r@-1_&amp;_e)=1.0 feature(.@1)=1.0 feature(e)=1.0  span[111..112]
Token#94:. feature(m@1_&amp;_o@2_&amp;_r@3)=1.0 feature(a@-3_&amp;_r@-2_&amp;_e@-1)=1.0 feature(._&amp;_m@1_&amp;_o@2)=1.0 feature(r@-2_&amp;_e@-1_&amp;_.)=1.0 feature(._&amp;_m@1)=1.0 feature(e@-1_&amp;_.)=1.0 feature(m@1)=1.0 feature(.)=1.0  span[112..113]
Token#95:m feature(o@1_&amp;_r@2_&amp;_e@3)=1.0 feature(r@-3_&amp;_e@-2_&amp;_.@-1)=1.0 feature(m_&amp;_o@1_&amp;_r@2)=1.0 feature(e@-2_&amp;_.@-1_&amp;_m)=1.0 feature(m_&amp;_o@1)=1.0 feature(.@-1_&amp;_m)=1.0 feature(o@1)=1.0 feature(m)=1.0  span[114..115]
Token#96:o feature(r@1_&amp;_e@2_&amp;_p@3)=1.0 feature(e@-3_&amp;_.@-2_&amp;_m@-1)=1.0 feature(o_&amp;_r@1_&amp;_e@2)=1.0 feature(.@-2_&amp;_m@-1_&amp;_o)=1.0 feature(o_&amp;_r@1)=1.0 feature(m@-1_&amp;_o)=1.0 feature(r@1)=1.0 feature(o)=1.0  span[115..116]
Token#97:r feature(e@1_&amp;_p@2_&amp;_r@3)=1.0 feature(.@-3_&amp;_m@-2_&amp;_o@-1)=1.0 feature(r_&amp;_e@1_&amp;_p@2)=1.0 feature(m@-2_&amp;_o@-1_&amp;_r)=1.0 feature(r_&amp;_e@1)=1.0 feature(o@-1_&amp;_r)=1.0 feature(e@1)=1.0 feature(r)=1.0  span[116..117]
Token#98:e feature(p@1_&amp;_r@2_&amp;_e@3)=1.0 feature(m@-3_&amp;_o@-2_&amp;_r@-1)=1.0 feature(e_&amp;_p@1_&amp;_r@2)=1.0 feature(o@-2_&amp;_r@-1_&amp;_e)=1.0 feature(e_&amp;_p@1)=1.0 feature(r@-1_&amp;_e)=1.0 feature(p@1)=1.0 feature(e)=1.0  span[117..118]
Token#99:p feature(r@1_&amp;_e@2_&amp;_c@3)=1.0 feature(o@-3_&amp;_r@-2_&amp;_e@-1)=1.0 feature(p_&amp;_r@1_&amp;_e@2)=1.0 feature(r@-2_&amp;_e@-1_&amp;_p)=1.0 feature(p_&amp;_r@1)=1.0 feature(e@-1_&amp;_p)=1.0 feature(r@1)=1.0 feature(p)=1.0  span[119..120]
Token#100:r feature(e@1_&amp;_c@2_&amp;_i@3)=1.0 feature(r@-3_&amp;_e@-2_&amp;_p@-1)=1.0 feature(r_&amp;_e@1_&amp;_c@2)=1.0 feature(e@-2_&amp;_p@-1_&amp;_r)=1.0 feature(r_&amp;_e@1)=1.0 feature(p@-1_&amp;_r)=1.0 feature(e@1)=1.0 feature(r)=1.0  span[120..121]
Token#101:e feature(c@1_&amp;_i@2_&amp;_s@3)=1.0 feature(e@-3_&amp;_p@-2_&amp;_r@-1)=1.0 feature(e_&amp;_c@1_&amp;_i@2)=1.0 feature(p@-2_&amp;_r@-1_&amp;_e)=1.0 feature(e_&amp;_c@1)=1.0 feature(r@-1_&amp;_e)=1.0 feature(c@1)=1.0 feature(e)=1.0  span[121..122]
Token#102:c feature(i@1_&amp;_s@2_&amp;_e@3)=1.0 feature(p@-3_&amp;_r@-2_&amp;_e@-1)=1.0 feature(c_&amp;_i@1_&amp;_s@2)=1.0 feature(r@-2_&amp;_e@-1_&amp;_c)=1.0 feature(c_&amp;_i@1)=1.0 feature(e@-1_&amp;_c)=1.0 feature(i@1)=1.0 feature(c)=1.0  span[122..123]
Token#103:i feature(s@1_&amp;_e@2_&amp;_l@3)=1.0 feature(r@-3_&amp;_e@-2_&amp;_c@-1)=1.0 feature(i_&amp;_s@1_&amp;_e@2)=1.0 feature(e@-2_&amp;_c@-1_&amp;_i)=1.0 feature(i_&amp;_s@1)=1.0 feature(c@-1_&amp;_i)=1.0 feature(s@1)=1.0 feature(i)=1.0  span[123..124]
Token#104:s feature(e@1_&amp;_l@2_&amp;_y@3)=1.0 feature(e@-3_&amp;_c@-2_&amp;_i@-1)=1.0 feature(s_&amp;_e@1_&amp;_l@2)=1.0 feature(c@-2_&amp;_i@-1_&amp;_s)=1.0 feature(s_&amp;_e@1)=1.0 feature(i@-1_&amp;_s)=1.0 feature(e@1)=1.0 feature(s)=1.0  span[124..125]
Token#105:e feature(l@1_&amp;_y@2_&amp;_,@3)=1.0 feature(c@-3_&amp;_i@-2_&amp;_s@-1)=1.0 feature(e_&amp;_l@1_&amp;_y@2)=1.0 feature(i@-2_&amp;_s@-1_&amp;_e)=1.0 feature(e_&amp;_l@1)=1.0 feature(s@-1_&amp;_e)=1.0 feature(l@1)=1.0 feature(e)=1.0  span[125..126]
Token#106:l feature(y@1_&amp;_,@2_&amp;_i@3)=1.0 feature(i@-3_&amp;_s@-2_&amp;_e@-1)=1.0 feature(l_&amp;_y@1_&amp;_,@2)=1.0 feature(s@-2_&amp;_e@-1_&amp;_l)=1.0 feature(l_&amp;_y@1)=1.0 feature(e@-1_&amp;_l)=1.0 feature(y@1)=1.0 feature(l)=1.0  span[126..127]
Token#107:y feature(,@1_&amp;_i@2_&amp;_t@3)=1.0 feature(s@-3_&amp;_e@-2_&amp;_l@-1)=1.0 feature(y_&amp;_,@1_&amp;_i@2)=1.0 feature(e@-2_&amp;_l@-1_&amp;_y)=1.0 feature(y_&amp;_,@1)=1.0 feature(l@-1_&amp;_y)=1.0 feature(,@1)=1.0 feature(y)=1.0  span[127..128]
Token#108:, feature(i@1_&amp;_t@2_&amp;_r@3)=1.0 feature(e@-3_&amp;_l@-2_&amp;_y@-1)=1.0 feature(,_&amp;_i@1_&amp;_t@2)=1.0 feature(l@-2_&amp;_y@-1_&amp;_,)=1.0 feature(,_&amp;_i@1)=1.0 feature(y@-1_&amp;_,)=1.0 feature(i@1)=1.0 feature(,)=1.0  span[128..129]
Token#109:i feature(t@1_&amp;_r@2_&amp;_e@3)=1.0 feature(l@-3_&amp;_y@-2_&amp;_,@-1)=1.0 feature(i_&amp;_t@1_&amp;_r@2)=1.0 feature(y@-2_&amp;_,@-1_&amp;_i)=1.0 feature(i_&amp;_t@1)=1.0 feature(,@-1_&amp;_i)=1.0 feature(t@1)=1.0 feature(i)=1.0  span[130..131]
Token#110:t feature(r@1_&amp;_e@2_&amp;_f@3)=1.0 feature(y@-3_&amp;_,@-2_&amp;_i@-1)=1.0 feature(t_&amp;_r@1_&amp;_e@2)=1.0 feature(,@-2_&amp;_i@-1_&amp;_t)=1.0 feature(t_&amp;_r@1)=1.0 feature(i@-1_&amp;_t)=1.0 feature(r@1)=1.0 feature(t)=1.0  span[131..132]
Token#111:r feature(e@1_&amp;_f@2_&amp;_e@3)=1.0 feature(,@-3_&amp;_i@-2_&amp;_t@-1)=1.0 feature(r_&amp;_e@1_&amp;_f@2)=1.0 feature(i@-2_&amp;_t@-1_&amp;_r)=1.0 feature(r_&amp;_e@1)=1.0 feature(t@-1_&amp;_r)=1.0 feature(e@1)=1.0 feature(r)=1.0  span[133..134]
Token#112:e feature(f@1_&amp;_e@2_&amp;_r@3)=1.0 feature(i@-3_&amp;_t@-2_&amp;_r@-1)=1.0 feature(e_&amp;_f@1_&amp;_e@2)=1.0 feature(t@-2_&amp;_r@-1_&amp;_e)=1.0 feature(e_&amp;_f@1)=1.0 feature(r@-1_&amp;_e)=1.0 feature(f@1)=1.0 feature(e)=1.0  span[134..135]
Token#113:f feature(e@1_&amp;_r@2_&amp;_s@3)=1.0 feature(t@-3_&amp;_r@-2_&amp;_e@-1)=1.0 feature(f_&amp;_e@1_&amp;_r@2)=1.0 feature(r@-2_&amp;_e@-1_&amp;_f)=1.0 feature(f_&amp;_e@1)=1.0 feature(e@-1_&amp;_f)=1.0 feature(e@1)=1.0 feature(f)=1.0  span[135..136]
Token#114:e feature(r@1_&amp;_s@2_&amp;_t@3)=1.0 feature(r@-3_&amp;_e@-2_&amp;_f@-1)=1.0 feature(e_&amp;_r@1_&amp;_s@2)=1.0 feature(e@-2_&amp;_f@-1_&amp;_e)=1.0 feature(e_&amp;_r@1)=1.0 feature(f@-1_&amp;_e)=1.0 feature(r@1)=1.0 feature(e)=1.0  span[136..137]
Token#115:r feature(s@1_&amp;_t@2_&amp;_o@3)=1.0 feature(e@-3_&amp;_f@-2_&amp;_e@-1)=1.0 feature(r_&amp;_s@1_&amp;_t@2)=1.0 feature(f@-2_&amp;_e@-1_&amp;_r)=1.0 feature(r_&amp;_s@1)=1.0 feature(e@-1_&amp;_r)=1.0 feature(s@1)=1.0 feature(r)=1.0  span[137..138]
Token#116:s feature(t@1_&amp;_o@2_&amp;_f@3)=1.0 feature(f@-3_&amp;_e@-2_&amp;_r@-1)=1.0 feature(s_&amp;_t@1_&amp;_o@2)=1.0 feature(e@-2_&amp;_r@-1_&amp;_s)=1.0 feature(s_&amp;_t@1)=1.0 feature(r@-1_&amp;_s)=1.0 feature(t@1)=1.0 feature(s)=1.0  span[138..139]
Token#117:t feature(o@1_&amp;_f@2_&amp;_o@3)=1.0 feature(e@-3_&amp;_r@-2_&amp;_s@-1)=1.0 feature(t_&amp;_o@1_&amp;_f@2)=1.0 feature(r@-2_&amp;_s@-1_&amp;_t)=1.0 feature(t_&amp;_o@1)=1.0 feature(s@-1_&amp;_t)=1.0 feature(o@1)=1.0 feature(t)=1.0  span[140..141]
Token#118:o feature(f@1_&amp;_o@2_&amp;_u@3)=1.0 feature(r@-3_&amp;_s@-2_&amp;_t@-1)=1.0 feature(o_&amp;_f@1_&amp;_o@2)=1.0 feature(s@-2_&amp;_t@-1_&amp;_o)=1.0 feature(o_&amp;_f@1)=1.0 feature(t@-1_&amp;_o)=1.0 feature(f@1)=1.0 feature(o)=1.0  span[141..142]
Token#119:f feature(o@1_&amp;_u@2_&amp;_r@3)=1.0 feature(s@-3_&amp;_t@-2_&amp;_o@-1)=1.0 feature(f_&amp;_o@1_&amp;_u@2)=1.0 feature(t@-2_&amp;_o@-1_&amp;_f)=1.0 feature(f_&amp;_o@1)=1.0 feature(o@-1_&amp;_f)=1.0 feature(o@1)=1.0 feature(f)=1.0  span[143..144]
Token#120:o feature(u@1_&amp;_r@2_&amp;_k@3)=1.0 feature(t@-3_&amp;_o@-2_&amp;_f@-1)=1.0 feature(o_&amp;_u@1_&amp;_r@2)=1.0 feature(o@-2_&amp;_f@-1_&amp;_o)=1.0 feature(o_&amp;_u@1)=1.0 feature(f@-1_&amp;_o)=1.0 feature(u@1)=1.0 feature(o)=1.0  span[144..145]
Token#121:u feature(r@1_&amp;_k@2_&amp;_i@3)=1.0 feature(o@-3_&amp;_f@-2_&amp;_o@-1)=1.0 feature(u_&amp;_r@1_&amp;_k@2)=1.0 feature(f@-2_&amp;_o@-1_&amp;_u)=1.0 feature(u_&amp;_r@1)=1.0 feature(o@-1_&amp;_u)=1.0 feature(r@1)=1.0 feature(u)=1.0  span[145..146]
Token#122:r feature(k@1_&amp;_i@2_&amp;_n@3)=1.0 feature(f@-3_&amp;_o@-2_&amp;_u@-1)=1.0 feature(r_&amp;_k@1_&amp;_i@2)=1.0 feature(o@-2_&amp;_u@-1_&amp;_r)=1.0 feature(r_&amp;_k@1)=1.0 feature(u@-1_&amp;_r)=1.0 feature(k@1)=1.0 feature(r)=1.0  span[146..147]
Token#123:k feature(i@1_&amp;_n@2_&amp;_d@3)=1.0 feature(o@-3_&amp;_u@-2_&amp;_r@-1)=1.0 feature(k_&amp;_i@1_&amp;_n@2)=1.0 feature(u@-2_&amp;_r@-1_&amp;_k)=1.0 feature(k_&amp;_i@1)=1.0 feature(r@-1_&amp;_k)=1.0 feature(i@1)=1.0 feature(k)=1.0  span[148..149]
Token#124:i feature(n@1_&amp;_d@2_&amp;_s@3)=1.0 feature(u@-3_&amp;_r@-2_&amp;_k@-1)=1.0 feature(i_&amp;_n@1_&amp;_d@2)=1.0 feature(r@-2_&amp;_k@-1_&amp;_i)=1.0 feature(i_&amp;_n@1)=1.0 feature(k@-1_&amp;_i)=1.0 feature(n@1)=1.0 feature(i)=1.0  span[149..150]
Token#125:n feature(d@1_&amp;_s@2_&amp;_o@3)=1.0 feature(r@-3_&amp;_k@-2_&amp;_i@-1)=1.0 feature(n_&amp;_d@1_&amp;_s@2)=1.0 feature(k@-2_&amp;_i@-1_&amp;_n)=1.0 feature(n_&amp;_d@1)=1.0 feature(i@-1_&amp;_n)=1.0 feature(d@1)=1.0 feature(n)=1.0  span[150..151]
Token#126:d feature(s@1_&amp;_o@2_&amp;_f@3)=1.0 feature(k@-3_&amp;_i@-2_&amp;_n@-1)=1.0 feature(d_&amp;_s@1_&amp;_o@2)=1.0 feature(i@-2_&amp;_n@-1_&amp;_d)=1.0 feature(d_&amp;_s@1)=1.0 feature(n@-1_&amp;_d)=1.0 feature(s@1)=1.0 feature(d)=1.0  span[151..152]
Token#127:s feature(o@1_&amp;_f@2_&amp;_f@3)=1.0 feature(i@-3_&amp;_n@-2_&amp;_d@-1)=1.0 feature(s_&amp;_o@1_&amp;_f@2)=1.0 feature(n@-2_&amp;_d@-1_&amp;_s)=1.0 feature(s_&amp;_o@1)=1.0 feature(d@-1_&amp;_s)=1.0 feature(o@1)=1.0 feature(s)=1.0  span[152..153]
Token#128:o feature(f@1_&amp;_f@2_&amp;_r@3)=1.0 feature(n@-3_&amp;_d@-2_&amp;_s@-1)=1.0 feature(o_&amp;_f@1_&amp;_f@2)=1.0 feature(d@-2_&amp;_s@-1_&amp;_o)=1.0 feature(o_&amp;_f@1)=1.0 feature(s@-1_&amp;_o)=1.0 feature(f@1)=1.0 feature(o)=1.0  span[154..155]
Token#129:f feature(f@1_&amp;_r@2_&amp;_e@3)=1.0 feature(d@-3_&amp;_s@-2_&amp;_o@-1)=1.0 feature(f_&amp;_f@1_&amp;_r@2)=1.0 feature(s@-2_&amp;_o@-1_&amp;_f)=1.0 feature(f_&amp;_f@1)=1.0 feature(o@-1_&amp;_f)=1.0 feature(f@1)=1.0 feature(f)=1.0  span[155..156]
Token#130:f feature(r@1_&amp;_e@2_&amp;_e@3)=1.0 feature(s@-3_&amp;_o@-2_&amp;_f@-1)=1.0 feature(f_&amp;_r@1_&amp;_e@2)=1.0 feature(o@-2_&amp;_f@-1_&amp;_f)=1.0 feature(f_&amp;_r@1)=1.0 feature(f@-1_&amp;_f)=1.0 feature(r@1)=1.0 feature(f)=1.0  span[157..158]
Token#131:r feature(e@1_&amp;_e@2_&amp;_d@3)=1.0 feature(o@-3_&amp;_f@-2_&amp;_f@-1)=1.0 feature(r_&amp;_e@1_&amp;_e@2)=1.0 feature(f@-2_&amp;_f@-1_&amp;_r)=1.0 feature(r_&amp;_e@1)=1.0 feature(f@-1_&amp;_r)=1.0 feature(e@1)=1.0 feature(r)=1.0  span[158..159]
Token#132:e feature(e@1_&amp;_d@2_&amp;_o@3)=1.0 feature(f@-3_&amp;_f@-2_&amp;_r@-1)=1.0 feature(e_&amp;_e@1_&amp;_d@2)=1.0 feature(f@-2_&amp;_r@-1_&amp;_e)=1.0 feature(e_&amp;_e@1)=1.0 feature(r@-1_&amp;_e)=1.0 feature(e@1)=1.0 feature(e)=1.0  span[159..160]
Token#133:e feature(d@1_&amp;_o@2_&amp;_m@3)=1.0 feature(f@-3_&amp;_r@-2_&amp;_e@-1)=1.0 feature(e_&amp;_d@1_&amp;_o@2)=1.0 feature(r@-2_&amp;_e@-1_&amp;_e)=1.0 feature(e_&amp;_d@1)=1.0 feature(e@-1_&amp;_e)=1.0 feature(d@1)=1.0 feature(e)=1.0  span[160..161]
Token#134:d feature(o@1_&amp;_m@2_&amp;_,@3)=1.0 feature(r@-3_&amp;_e@-2_&amp;_e@-1)=1.0 feature(d_&amp;_o@1_&amp;_m@2)=1.0 feature(e@-2_&amp;_e@-1_&amp;_d)=1.0 feature(d_&amp;_o@1)=1.0 feature(e@-1_&amp;_d)=1.0 feature(o@1)=1.0 feature(d)=1.0  span[161..162]
Token#135:o feature(m@1_&amp;_,@2_&amp;_f@3)=1.0 feature(e@-3_&amp;_e@-2_&amp;_d@-1)=1.0 feature(o_&amp;_m@1_&amp;_,@2)=1.0 feature(e@-2_&amp;_d@-1_&amp;_o)=1.0 feature(o_&amp;_m@1)=1.0 feature(d@-1_&amp;_o)=1.0 feature(m@1)=1.0 feature(o)=1.0  span[162..163]
Token#136:m feature(,@1_&amp;_f@2_&amp;_o@3)=1.0 feature(e@-3_&amp;_d@-2_&amp;_o@-1)=1.0 feature(m_&amp;_,@1_&amp;_f@2)=1.0 feature(d@-2_&amp;_o@-1_&amp;_m)=1.0 feature(m_&amp;_,@1)=1.0 feature(o@-1_&amp;_m)=1.0 feature(,@1)=1.0 feature(m)=1.0  span[163..164]
Token#137:, feature(f@1_&amp;_o@2_&amp;_r@3)=1.0 feature(d@-3_&amp;_o@-2_&amp;_m@-1)=1.0 feature(,_&amp;_f@1_&amp;_o@2)=1.0 feature(o@-2_&amp;_m@-1_&amp;_,)=1.0 feature(,_&amp;_f@1)=1.0 feature(m@-1_&amp;_,)=1.0 feature(f@1)=1.0 feature(,)=1.0  span[164..165]
Token#138:f feature(o@1_&amp;_r@2_&amp;_t@3)=1.0 feature(o@-3_&amp;_m@-2_&amp;_,@-1)=1.0 feature(f_&amp;_o@1_&amp;_r@2)=1.0 feature(m@-2_&amp;_,@-1_&amp;_f)=1.0 feature(f_&amp;_o@1)=1.0 feature(,@-1_&amp;_f)=1.0 feature(o@1)=1.0 feature(f)=1.0  span[166..167]
Token#139:o feature(r@1_&amp;_t@2_&amp;_h@3)=1.0 feature(m@-3_&amp;_,@-2_&amp;_f@-1)=1.0 feature(o_&amp;_r@1_&amp;_t@2)=1.0 feature(,@-2_&amp;_f@-1_&amp;_o)=1.0 feature(o_&amp;_r@1)=1.0 feature(f@-1_&amp;_o)=1.0 feature(r@1)=1.0 feature(o)=1.0  span[167..168]
Token#140:r feature(t@1_&amp;_h@2_&amp;_e@3)=1.0 feature(,@-3_&amp;_f@-2_&amp;_o@-1)=1.0 feature(r_&amp;_t@1_&amp;_h@2)=1.0 feature(f@-2_&amp;_o@-1_&amp;_r)=1.0 feature(r_&amp;_t@1)=1.0 feature(o@-1_&amp;_r)=1.0 feature(t@1)=1.0 feature(r)=1.0  span[168..169]
Token#141:t feature(h@1_&amp;_e@2_&amp;_u@3)=1.0 feature(f@-3_&amp;_o@-2_&amp;_r@-1)=1.0 feature(t_&amp;_h@1_&amp;_e@2)=1.0 feature(o@-2_&amp;_r@-1_&amp;_t)=1.0 feature(t_&amp;_h@1)=1.0 feature(r@-1_&amp;_t)=1.0 feature(h@1)=1.0 feature(t)=1.0  span[170..171]
Token#142:h feature(e@1_&amp;_u@2_&amp;_s@3)=1.0 feature(o@-3_&amp;_r@-2_&amp;_t@-1)=1.0 feature(h_&amp;_e@1_&amp;_u@2)=1.0 feature(r@-2_&amp;_t@-1_&amp;_h)=1.0 feature(h_&amp;_e@1)=1.0 feature(t@-1_&amp;_h)=1.0 feature(e@1)=1.0 feature(h)=1.0  span[171..172]
Token#143:e feature(u@1_&amp;_s@2_&amp;_e@3)=1.0 feature(r@-3_&amp;_t@-2_&amp;_h@-1)=1.0 feature(e_&amp;_u@1_&amp;_s@2)=1.0 feature(t@-2_&amp;_h@-1_&amp;_e)=1.0 feature(e_&amp;_u@1)=1.0 feature(h@-1_&amp;_e)=1.0 feature(u@1)=1.0 feature(e)=1.0  span[172..173]
Token#144:u feature(s@1_&amp;_e@2_&amp;_r@3)=1.0 feature(t@-3_&amp;_h@-2_&amp;_e@-1)=1.0 feature(u_&amp;_s@1_&amp;_e@2)=1.0 feature(h@-2_&amp;_e@-1_&amp;_u)=1.0 feature(u_&amp;_s@1)=1.0 feature(e@-1_&amp;_u)=1.0 feature(s@1)=1.0 feature(u)=1.0  span[174..175]
Token#145:s feature(e@1_&amp;_r@2_&amp;_s@3)=1.0 feature(h@-3_&amp;_e@-2_&amp;_u@-1)=1.0 feature(s_&amp;_e@1_&amp;_r@2)=1.0 feature(e@-2_&amp;_u@-1_&amp;_s)=1.0 feature(s_&amp;_e@1)=1.0 feature(u@-1_&amp;_s)=1.0 feature(e@1)=1.0 feature(s)=1.0  span[175..176]
Token#146:e feature(r@1_&amp;_s@2_&amp;_o@3)=1.0 feature(e@-3_&amp;_u@-2_&amp;_s@-1)=1.0 feature(e_&amp;_r@1_&amp;_s@2)=1.0 feature(u@-2_&amp;_s@-1_&amp;_e)=1.0 feature(e_&amp;_r@1)=1.0 feature(s@-1_&amp;_e)=1.0 feature(r@1)=1.0 feature(e)=1.0  span[176..177]
Token#147:r feature(s@1_&amp;_o@2_&amp;_f@3)=1.0 feature(u@-3_&amp;_s@-2_&amp;_e@-1)=1.0 feature(r_&amp;_s@1_&amp;_o@2)=1.0 feature(s@-2_&amp;_e@-1_&amp;_r)=1.0 feature(r_&amp;_s@1)=1.0 feature(e@-1_&amp;_r)=1.0 feature(s@1)=1.0 feature(r)=1.0  span[177..178]
Token#148:s feature(o@1_&amp;_f@2_&amp;_t@3)=1.0 feature(s@-3_&amp;_e@-2_&amp;_r@-1)=1.0 feature(s_&amp;_o@1_&amp;_f@2)=1.0 feature(e@-2_&amp;_r@-1_&amp;_s)=1.0 feature(s_&amp;_o@1)=1.0 feature(r@-1_&amp;_s)=1.0 feature(o@1)=1.0 feature(s)=1.0  span[178..179]
Token#149:o feature(f@1_&amp;_t@2_&amp;_h@3)=1.0 feature(e@-3_&amp;_r@-2_&amp;_s@-1)=1.0 feature(o_&amp;_f@1_&amp;_t@2)=1.0 feature(r@-2_&amp;_s@-1_&amp;_o)=1.0 feature(o_&amp;_f@1)=1.0 feature(s@-1_&amp;_o)=1.0 feature(f@1)=1.0 feature(o)=1.0  span[180..181]
Token#150:f feature(t@1_&amp;_h@2_&amp;_e@3)=1.0 feature(r@-3_&amp;_s@-2_&amp;_o@-1)=1.0 feature(f_&amp;_t@1_&amp;_h@2)=1.0 feature(s@-2_&amp;_o@-1_&amp;_f)=1.0 feature(f_&amp;_t@1)=1.0 feature(o@-1_&amp;_f)=1.0 feature(t@1)=1.0 feature(f)=1.0  span[181..182]
Token#151:t feature(h@1_&amp;_e@2_&amp;_s@3)=1.0 feature(s@-3_&amp;_o@-2_&amp;_f@-1)=1.0 feature(t_&amp;_h@1_&amp;_e@2)=1.0 feature(o@-2_&amp;_f@-1_&amp;_t)=1.0 feature(t_&amp;_h@1)=1.0 feature(f@-1_&amp;_t)=1.0 feature(h@1)=1.0 feature(t)=1.0  span[183..184]
Token#152:h feature(e@1_&amp;_s@2_&amp;_o@3)=1.0 feature(o@-3_&amp;_f@-2_&amp;_t@-1)=1.0 feature(h_&amp;_e@1_&amp;_s@2)=1.0 feature(f@-2_&amp;_t@-1_&amp;_h)=1.0 feature(h_&amp;_e@1)=1.0 feature(t@-1_&amp;_h)=1.0 feature(e@1)=1.0 feature(h)=1.0  span[184..185]
Token#153:e feature(s@1_&amp;_o@2_&amp;_f@3)=1.0 feature(f@-3_&amp;_t@-2_&amp;_h@-1)=1.0 feature(e_&amp;_s@1_&amp;_o@2)=1.0 feature(t@-2_&amp;_h@-1_&amp;_e)=1.0 feature(e_&amp;_s@1)=1.0 feature(h@-1_&amp;_e)=1.0 feature(s@1)=1.0 feature(e)=1.0  span[185..186]
Token#154:s feature(o@1_&amp;_f@2_&amp;_t@3)=1.0 feature(t@-3_&amp;_h@-2_&amp;_e@-1)=1.0 feature(s_&amp;_o@1_&amp;_f@2)=1.0 feature(h@-2_&amp;_e@-1_&amp;_s)=1.0 feature(s_&amp;_o@1)=1.0 feature(e@-1_&amp;_s)=1.0 feature(o@1)=1.0 feature(s)=1.0  span[187..188]
Token#155:o feature(f@1_&amp;_t@2_&amp;_w@3)=1.0 feature(h@-3_&amp;_e@-2_&amp;_s@-1)=1.0 feature(o_&amp;_f@1_&amp;_t@2)=1.0 feature(e@-2_&amp;_s@-1_&amp;_o)=1.0 feature(o_&amp;_f@1)=1.0 feature(s@-1_&amp;_o)=1.0 feature(f@1)=1.0 feature(o)=1.0  span[188..189]
Token#156:f feature(t@1_&amp;_w@2_&amp;_a@3)=1.0 feature(e@-3_&amp;_s@-2_&amp;_o@-1)=1.0 feature(f_&amp;_t@1_&amp;_w@2)=1.0 feature(s@-2_&amp;_o@-1_&amp;_f)=1.0 feature(f_&amp;_t@1)=1.0 feature(o@-1_&amp;_f)=1.0 feature(t@1)=1.0 feature(f)=1.0  span[189..190]
Token#157:t feature(w@1_&amp;_a@2_&amp;_r@3)=1.0 feature(s@-3_&amp;_o@-2_&amp;_f@-1)=1.0 feature(t_&amp;_w@1_&amp;_a@2)=1.0 feature(o@-2_&amp;_f@-1_&amp;_t)=1.0 feature(t_&amp;_w@1)=1.0 feature(f@-1_&amp;_t)=1.0 feature(w@1)=1.0 feature(t)=1.0  span[190..191]
Token#158:w feature(a@1_&amp;_r@2_&amp;_e@3)=1.0 feature(o@-3_&amp;_f@-2_&amp;_t@-1)=1.0 feature(w_&amp;_a@1_&amp;_r@2)=1.0 feature(f@-2_&amp;_t@-1_&amp;_w)=1.0 feature(w_&amp;_a@1)=1.0 feature(t@-1_&amp;_w)=1.0 feature(a@1)=1.0 feature(w)=1.0  span[191..192]
Token#159:a feature(r@1_&amp;_e@2_&amp;_.@3)=1.0 feature(f@-3_&amp;_t@-2_&amp;_w@-1)=1.0 feature(a_&amp;_r@1_&amp;_e@2)=1.0 feature(t@-2_&amp;_w@-1_&amp;_a)=1.0 feature(a_&amp;_r@1)=1.0 feature(w@-1_&amp;_a)=1.0 feature(r@1)=1.0 feature(a)=1.0  span[192..193]
Token#160:r feature(e@1_&amp;_.@2_&amp;_&lt;END0&gt;@3)=1.0 feature(t@-3_&amp;_w@-2_&amp;_a@-1)=1.0 feature(r_&amp;_e@1_&amp;_.@2)=1.0 feature(w@-2_&amp;_a@-1_&amp;_r)=1.0 feature(r_&amp;_e@1)=1.0 feature(a@-1_&amp;_r)=1.0 feature(e@1)=1.0 feature(r)=1.0  span[193..194]
Token#161:e feature(.@1_&amp;_&lt;END0&gt;@2_&amp;_&lt;END1&gt;@3)=1.0 feature(w@-3_&amp;_a@-2_&amp;_r@-1)=1.0 feature(e_&amp;_.@1_&amp;_&lt;END0&gt;@2)=1.0 feature(a@-2_&amp;_r@-1_&amp;_e)=1.0 feature(e_&amp;_.@1)=1.0 feature(r@-1_&amp;_e)=1.0 feature(.@1)=1.0 feature(e)=1.0  span[194..195]
Token#162:. feature(&lt;END0&gt;@1_&amp;_&lt;END1&gt;@2_&amp;_&lt;END2&gt;@3)=1.0 feature(a@-3_&amp;_r@-2_&amp;_e@-1)=1.0 feature(._&amp;_&lt;END0&gt;@1_&amp;_&lt;END1&gt;@2)=1.0 feature(r@-2_&amp;_e@-1_&amp;_.)=1.0 feature(._&amp;_&lt;END0&gt;@1)=1.0 feature(e@-1_&amp;_.)=1.0 feature(&lt;END0&gt;@1)=1.0 feature(.)=1.0  span[195..196]

name: array:1
target: 0: start (0)
1: notstart (1)
2: notstart (1)
3: start (0)
4: notstart (1)
5: notstart (1)
6: notstart (1)
7: notstart (1)
8: notstart (1)
9: notstart (1)
10: start (0)
11: notstart (1)
12: start (0)
13: notstart (1)
14: notstart (1)
15: start (0)
16: notstart (1)
17: notstart (1)
18: start (0)
19: notstart (1)
20: notstart (1)
21: notstart (1)
22: notstart (1)
23: notstart (1)
24: notstart (1)
25: notstart (1)
26: start (0)
27: notstart (1)
28: notstart (1)
29: start (0)
30: notstart (1)
31: notstart (1)
32: start (0)
33: notstart (1)
34: notstart (1)
35: notstart (1)
36: notstart (1)
37: notstart (1)
38: notstart (1)
39: notstart (1)

input: TokenSequence [t feature(h@1_&amp;_e@2_&amp;_f@3)=1.0 feature(&lt;START2&gt;@-3_&amp;_&lt;START1&gt;@-2_&amp;_&lt;START0&gt;@-1)=1.0 feature(t_&amp;_h@1_&amp;_e@2)=1.0 feature(&lt;START1&gt;@-2_&amp;_&lt;START0&gt;@-1_&amp;_t)=1.0 feature(t_&amp;_h@1)=1.0 feature(&lt;START0&gt;@-1_&amp;_t)=1.0 feature(h@1)=1.0 feature(t)=1.0  span[0..1], h feature(e@1_&amp;_f@2_&amp;_r@3)=1.0 feature(&lt;START1&gt;@-3_&amp;_&lt;START0&gt;@-2_&amp;_t@-1)=1.0 feature(h_&amp;_e@1_&amp;_f@2)=1.0 feature(&lt;START0&gt;@-2_&amp;_t@-1_&amp;_h)=1.0 feature(h_&amp;_e@1)=1.0 feature(t@-1_&amp;_h)=1.0 feature(e@1)=1.0 feature(h)=1.0  span[1..2], e feature(f@1_&amp;_r@2_&amp;_e@3)=1.0 feature(&lt;START0&gt;@-3_&amp;_t@-2_&amp;_h@-1)=1.0 feature(e_&amp;_f@1_&amp;_r@2)=1.0 feature(t@-2_&amp;_h@-1_&amp;_e)=1.0 feature(e_&amp;_f@1)=1.0 feature(h@-1_&amp;_e)=1.0 feature(f@1)=1.0 feature(e)=1.0  span[2..3], f feature(r@1_&amp;_e@2_&amp;_e@3)=1.0 feature(t@-3_&amp;_h@-2_&amp;_e@-1)=1.0 feature(f_&amp;_r@1_&amp;_e@2)=1.0 feature(h@-2_&amp;_e@-1_&amp;_f)=1.0 feature(f_&amp;_r@1)=1.0 feature(e@-1_&amp;_f)=1.0 feature(r@1)=1.0 feature(f)=1.0  span[4..5], r feature(e@1_&amp;_e@2_&amp;_d@3)=1.0 feature(h@-3_&amp;_e@-2_&amp;_f@-1)=1.0 feature(r_&amp;_e@1_&amp;_e@2)=1.0 feature(e@-2_&amp;_f@-1_&amp;_r)=1.0 feature(r_&amp;_e@1)=1.0 feature(f@-1_&amp;_r)=1.0 feature(e@1)=1.0 feature(r)=1.0  span[5..6], e feature(e@1_&amp;_d@2_&amp;_o@3)=1.0 feature(e@-3_&amp;_f@-2_&amp;_r@-1)=1.0 feature(e_&amp;_e@1_&amp;_d@2)=1.0 feature(f@-2_&amp;_r@-1_&amp;_e)=1.0 feature(e_&amp;_e@1)=1.0 feature(r@-1_&amp;_e)=1.0 feature(e@1)=1.0 feature(e)=1.0  span[6..7], e feature(d@1_&amp;_o@2_&amp;_m@3)=1.0 feature(f@-3_&amp;_r@-2_&amp;_e@-1)=1.0 feature(e_&amp;_d@1_&amp;_o@2)=1.0 feature(r@-2_&amp;_e@-1_&amp;_e)=1.0 feature(e_&amp;_d@1)=1.0 feature(e@-1_&amp;_e)=1.0 feature(d@1)=1.0 feature(e)=1.0  span[7..8], d feature(o@1_&amp;_m@2_&amp;_t@3)=1.0 feature(r@-3_&amp;_e@-2_&amp;_e@-1)=1.0 feature(d_&amp;_o@1_&amp;_m@2)=1.0 feature(e@-2_&amp;_e@-1_&amp;_d)=1.0 feature(d_&amp;_o@1)=1.0 feature(e@-1_&amp;_d)=1.0 feature(o@1)=1.0 feature(d)=1.0  span[8..9], o feature(m@1_&amp;_t@2_&amp;_o@3)=1.0 feature(e@-3_&amp;_e@-2_&amp;_d@-1)=1.0 feature(o_&amp;_m@1_&amp;_t@2)=1.0 feature(e@-2_&amp;_d@-1_&amp;_o)=1.0 feature(o_&amp;_m@1)=1.0 feature(d@-1_&amp;_o)=1.0 feature(m@1)=1.0 feature(o)=1.0  span[9..10], m feature(t@1_&amp;_o@2_&amp;_r@3)=1.0 feature(e@-3_&amp;_d@-2_&amp;_o@-1)=1.0 feature(m_&amp;_t@1_&amp;_o@2)=1.0 feature(d@-2_&amp;_o@-1_&amp;_m)=1.0 feature(m_&amp;_t@1)=1.0 feature(o@-1_&amp;_m)=1.0 feature(t@1)=1.0 feature(m)=1.0  span[10..11], t feature(o@1_&amp;_r@2_&amp;_u@3)=1.0 feature(d@-3_&amp;_o@-2_&amp;_m@-1)=1.0 feature(t_&amp;_o@1_&amp;_r@2)=1.0 feature(o@-2_&amp;_m@-1_&amp;_t)=1.0 feature(t_&amp;_o@1)=1.0 feature(m@-1_&amp;_t)=1.0 feature(o@1)=1.0 feature(t)=1.0  span[12..13], o feature(r@1_&amp;_u@2_&amp;_n@3)=1.0 feature(o@-3_&amp;_m@-2_&amp;_t@-1)=1.0 feature(o_&amp;_r@1_&amp;_u@2)=1.0 feature(m@-2_&amp;_t@-1_&amp;_o)=1.0 feature(o_&amp;_r@1)=1.0 feature(t@-1_&amp;_o)=1.0 feature(r@1)=1.0 feature(o)=1.0  span[13..14], r feature(u@1_&amp;_n@2_&amp;_t@3)=1.0 feature(m@-3_&amp;_t@-2_&amp;_o@-1)=1.0 feature(r_&amp;_u@1_&amp;_n@2)=1.0 feature(t@-2_&amp;_o@-1_&amp;_r)=1.0 feature(r_&amp;_u@1)=1.0 feature(o@-1_&amp;_r)=1.0 feature(u@1)=1.0 feature(r)=1.0  span[15..16], u feature(n@1_&amp;_t@2_&amp;_h@3)=1.0 feature(t@-3_&amp;_o@-2_&amp;_r@-1)=1.0 feature(u_&amp;_n@1_&amp;_t@2)=1.0 feature(o@-2_&amp;_r@-1_&amp;_u)=1.0 feature(u_&amp;_n@1)=1.0 feature(r@-1_&amp;_u)=1.0 feature(n@1)=1.0 feature(u)=1.0  span[16..17], n feature(t@1_&amp;_h@2_&amp;_e@3)=1.0 feature(o@-3_&amp;_r@-2_&amp;_u@-1)=1.0 feature(n_&amp;_t@1_&amp;_h@2)=1.0 feature(r@-2_&amp;_u@-1_&amp;_n)=1.0 feature(n_&amp;_t@1)=1.0 feature(u@-1_&amp;_n)=1.0 feature(t@1)=1.0 feature(n)=1.0  span[17..18], t feature(h@1_&amp;_e@2_&amp;_p@3)=1.0 feature(r@-3_&amp;_u@-2_&amp;_n@-1)=1.0 feature(t_&amp;_h@1_&amp;_e@2)=1.0 feature(u@-2_&amp;_n@-1_&amp;_t)=1.0 feature(t_&amp;_h@1)=1.0 feature(n@-1_&amp;_t)=1.0 feature(h@1)=1.0 feature(t)=1.0  span[19..20], h feature(e@1_&amp;_p@2_&amp;_r@3)=1.0 feature(u@-3_&amp;_n@-2_&amp;_t@-1)=1.0 feature(h_&amp;_e@1_&amp;_p@2)=1.0 feature(n@-2_&amp;_t@-1_&amp;_h)=1.0 feature(h_&amp;_e@1)=1.0 feature(t@-1_&amp;_h)=1.0 feature(e@1)=1.0 feature(h)=1.0  span[20..21], e feature(p@1_&amp;_r@2_&amp;_o@3)=1.0 feature(n@-3_&amp;_t@-2_&amp;_h@-1)=1.0 feature(e_&amp;_p@1_&amp;_r@2)=1.0 feature(t@-2_&amp;_h@-1_&amp;_e)=1.0 feature(e_&amp;_p@1)=1.0 feature(h@-1_&amp;_e)=1.0 feature(p@1)=1.0 feature(e)=1.0  span[21..22], p feature(r@1_&amp;_o@2_&amp;_g@3)=1.0 feature(t@-3_&amp;_h@-2_&amp;_e@-1)=1.0 feature(p_&amp;_r@1_&amp;_o@2)=1.0 feature(h@-2_&amp;_e@-1_&amp;_p)=1.0 feature(p_&amp;_r@1)=1.0 feature(e@-1_&amp;_p)=1.0 feature(r@1)=1.0 feature(p)=1.0  span[23..24], r feature(o@1_&amp;_g@2_&amp;_r@3)=1.0 feature(h@-3_&amp;_e@-2_&amp;_p@-1)=1.0 feature(r_&amp;_o@1_&amp;_g@2)=1.0 feature(e@-2_&amp;_p@-1_&amp;_r)=1.0 feature(r_&amp;_o@1)=1.0 feature(p@-1_&amp;_r)=1.0 feature(o@1)=1.0 feature(r)=1.0  span[24..25], o feature(g@1_&amp;_r@2_&amp;_a@3)=1.0 feature(e@-3_&amp;_p@-2_&amp;_r@-1)=1.0 feature(o_&amp;_g@1_&amp;_r@2)=1.0 feature(p@-2_&amp;_r@-1_&amp;_o)=1.0 feature(o_&amp;_g@1)=1.0 feature(r@-1_&amp;_o)=1.0 feature(g@1)=1.0 feature(o)=1.0  span[25..26], g feature(r@1_&amp;_a@2_&amp;_m@3)=1.0 feature(p@-3_&amp;_r@-2_&amp;_o@-1)=1.0 feature(g_&amp;_r@1_&amp;_a@2)=1.0 feature(r@-2_&amp;_o@-1_&amp;_g)=1.0 feature(g_&amp;_r@1)=1.0 feature(o@-1_&amp;_g)=1.0 feature(r@1)=1.0 feature(g)=1.0  span[26..27], r feature(a@1_&amp;_m@2_&amp;_,@3)=1.0 feature(r@-3_&amp;_o@-2_&amp;_g@-1)=1.0 feature(r_&amp;_a@1_&amp;_m@2)=1.0 feature(o@-2_&amp;_g@-1_&amp;_r)=1.0 feature(r_&amp;_a@1)=1.0 feature(g@-1_&amp;_r)=1.0 feature(a@1)=1.0 feature(r)=1.0  span[27..28], a feature(m@1_&amp;_,@2_&amp;_f@3)=1.0 feature(o@-3_&amp;_g@-2_&amp;_r@-1)=1.0 feature(a_&amp;_m@1_&amp;_,@2)=1.0 feature(g@-2_&amp;_r@-1_&amp;_a)=1.0 feature(a_&amp;_m@1)=1.0 feature(r@-1_&amp;_a)=1.0 feature(m@1)=1.0 feature(a)=1.0  span[28..29], m feature(,@1_&amp;_f@2_&amp;_o@3)=1.0 feature(g@-3_&amp;_r@-2_&amp;_a@-1)=1.0 feature(m_&amp;_,@1_&amp;_f@2)=1.0 feature(r@-2_&amp;_a@-1_&amp;_m)=1.0 feature(m_&amp;_,@1)=1.0 feature(a@-1_&amp;_m)=1.0 feature(,@1)=1.0 feature(m)=1.0  span[29..30], , feature(f@1_&amp;_o@2_&amp;_r@3)=1.0 feature(r@-3_&amp;_a@-2_&amp;_m@-1)=1.0 feature(,_&amp;_f@1_&amp;_o@2)=1.0 feature(a@-2_&amp;_m@-1_&amp;_,)=1.0 feature(,_&amp;_f@1)=1.0 feature(m@-1_&amp;_,)=1.0 feature(f@1)=1.0 feature(,)=1.0  span[30..31], f feature(o@1_&amp;_r@2_&amp;_a@3)=1.0 feature(a@-3_&amp;_m@-2_&amp;_,@-1)=1.0 feature(f_&amp;_o@1_&amp;_r@2)=1.0 feature(m@-2_&amp;_,@-1_&amp;_f)=1.0 feature(f_&amp;_o@1)=1.0 feature(,@-1_&amp;_f)=1.0 feature(o@1)=1.0 feature(f)=1.0  span[32..33], o feature(r@1_&amp;_a@2_&amp;_n@3)=1.0 feature(m@-3_&amp;_,@-2_&amp;_f@-1)=1.0 feature(o_&amp;_r@1_&amp;_a@2)=1.0 feature(,@-2_&amp;_f@-1_&amp;_o)=1.0 feature(o_&amp;_r@1)=1.0 feature(f@-1_&amp;_o)=1.0 feature(r@1)=1.0 feature(o)=1.0  span[33..34], r feature(a@1_&amp;_n@2_&amp;_y@3)=1.0 feature(,@-3_&amp;_f@-2_&amp;_o@-1)=1.0 feature(r_&amp;_a@1_&amp;_n@2)=1.0 feature(f@-2_&amp;_o@-1_&amp;_r)=1.0 feature(r_&amp;_a@1)=1.0 feature(o@-1_&amp;_r)=1.0 feature(a@1)=1.0 feature(r)=1.0  span[34..35], a feature(n@1_&amp;_y@2_&amp;_p@3)=1.0 feature(f@-3_&amp;_o@-2_&amp;_r@-1)=1.0 feature(a_&amp;_n@1_&amp;_y@2)=1.0 feature(o@-2_&amp;_r@-1_&amp;_a)=1.0 feature(a_&amp;_n@1)=1.0 feature(r@-1_&amp;_a)=1.0 feature(n@1)=1.0 feature(a)=1.0  span[36..37], n feature(y@1_&amp;_p@2_&amp;_u@3)=1.0 feature(o@-3_&amp;_r@-2_&amp;_a@-1)=1.0 feature(n_&amp;_y@1_&amp;_p@2)=1.0 feature(r@-2_&amp;_a@-1_&amp;_n)=1.0 feature(n_&amp;_y@1)=1.0 feature(a@-1_&amp;_n)=1.0 feature(y@1)=1.0 feature(n)=1.0  span[37..38], y feature(p@1_&amp;_u@2_&amp;_r@3)=1.0 feature(r@-3_&amp;_a@-2_&amp;_n@-1)=1.0 feature(y_&amp;_p@1_&amp;_u@2)=1.0 feature(a@-2_&amp;_n@-1_&amp;_y)=1.0 feature(y_&amp;_p@1)=1.0 feature(n@-1_&amp;_y)=1.0 feature(p@1)=1.0 feature(y)=1.0  span[38..39], p feature(u@1_&amp;_r@2_&amp;_p@3)=1.0 feature(a@-3_&amp;_n@-2_&amp;_y@-1)=1.0 feature(p_&amp;_u@1_&amp;_r@2)=1.0 feature(n@-2_&amp;_y@-1_&amp;_p)=1.0 feature(p_&amp;_u@1)=1.0 feature(y@-1_&amp;_p)=1.0 feature(u@1)=1.0 feature(p)=1.0  span[40..41], u feature(r@1_&amp;_p@2_&amp;_o@3)=1.0 feature(n@-3_&amp;_y@-2_&amp;_p@-1)=1.0 feature(u_&amp;_r@1_&amp;_p@2)=1.0 feature(y@-2_&amp;_p@-1_&amp;_u)=1.0 feature(u_&amp;_r@1)=1.0 feature(p@-1_&amp;_u)=1.0 feature(r@1)=1.0 feature(u)=1.0  span[41..42], r feature(p@1_&amp;_o@2_&amp;_s@3)=1.0 feature(y@-3_&amp;_p@-2_&amp;_u@-1)=1.0 feature(r_&amp;_p@1_&amp;_o@2)=1.0 feature(p@-2_&amp;_u@-1_&amp;_r)=1.0 feature(r_&amp;_p@1)=1.0 feature(u@-1_&amp;_r)=1.0 feature(p@1)=1.0 feature(r)=1.0  span[42..43], p feature(o@1_&amp;_s@2_&amp;_e@3)=1.0 feature(p@-3_&amp;_u@-2_&amp;_r@-1)=1.0 feature(p_&amp;_o@1_&amp;_s@2)=1.0 feature(u@-2_&amp;_r@-1_&amp;_p)=1.0 feature(p_&amp;_o@1)=1.0 feature(r@-1_&amp;_p)=1.0 feature(o@1)=1.0 feature(p)=1.0  span[43..44], o feature(s@1_&amp;_e@2_&amp;_.@3)=1.0 feature(u@-3_&amp;_r@-2_&amp;_p@-1)=1.0 feature(o_&amp;_s@1_&amp;_e@2)=1.0 feature(r@-2_&amp;_p@-1_&amp;_o)=1.0 feature(o_&amp;_s@1)=1.0 feature(p@-1_&amp;_o)=1.0 feature(s@1)=1.0 feature(o)=1.0  span[44..45], s feature(e@1_&amp;_.@2_&amp;_&lt;END0&gt;@3)=1.0 feature(r@-3_&amp;_p@-2_&amp;_o@-1)=1.0 feature(s_&amp;_e@1_&amp;_.@2)=1.0 feature(p@-2_&amp;_o@-1_&amp;_s)=1.0 feature(s_&amp;_e@1)=1.0 feature(o@-1_&amp;_s)=1.0 feature(e@1)=1.0 feature(s)=1.0  span[45..46], e feature(.@1_&amp;_&lt;END0&gt;@2_&amp;_&lt;END1&gt;@3)=1.0 feature(p@-3_&amp;_o@-2_&amp;_s@-1)=1.0 feature(e_&amp;_.@1_&amp;_&lt;END0&gt;@2)=1.0 feature(o@-2_&amp;_s@-1_&amp;_e)=1.0 feature(e_&amp;_.@1)=1.0 feature(s@-1_&amp;_e)=1.0 feature(.@1)=1.0 feature(e)=1.0  span[46..47], . feature(&lt;END0&gt;@1_&amp;_&lt;END1&gt;@2_&amp;_&lt;END2&gt;@3)=1.0 feature(o@-3_&amp;_s@-2_&amp;_e@-1)=1.0 feature(._&amp;_&lt;END0&gt;@1_&amp;_&lt;END1&gt;@2)=1.0 feature(s@-2_&amp;_e@-1_&amp;_.)=1.0 feature(._&amp;_&lt;END0&gt;@1)=1.0 feature(e@-1_&amp;_.)=1.0 feature(&lt;END0&gt;@1)=1.0 feature(.)=1.0  span[47..48]]
Token#0:t feature(h@1_&amp;_e@2_&amp;_f@3)=1.0 feature(&lt;START2&gt;@-3_&amp;_&lt;START1&gt;@-2_&amp;_&lt;START0&gt;@-1)=1.0 feature(t_&amp;_h@1_&amp;_e@2)=1.0 feature(&lt;START1&gt;@-2_&amp;_&lt;START0&gt;@-1_&amp;_t)=1.0 feature(t_&amp;_h@1)=1.0 feature(&lt;START0&gt;@-1_&amp;_t)=1.0 feature(h@1)=1.0 feature(t)=1.0  span[0..1]
Token#1:h feature(e@1_&amp;_f@2_&amp;_r@3)=1.0 feature(&lt;START1&gt;@-3_&amp;_&lt;START0&gt;@-2_&amp;_t@-1)=1.0 feature(h_&amp;_e@1_&amp;_f@2)=1.0 feature(&lt;START0&gt;@-2_&amp;_t@-1_&amp;_h)=1.0 feature(h_&amp;_e@1)=1.0 feature(t@-1_&amp;_h)=1.0 feature(e@1)=1.0 feature(h)=1.0  span[1..2]
Token#2:e feature(f@1_&amp;_r@2_&amp;_e@3)=1.0 feature(&lt;START0&gt;@-3_&amp;_t@-2_&amp;_h@-1)=1.0 feature(e_&amp;_f@1_&amp;_r@2)=1.0 feature(t@-2_&amp;_h@-1_&amp;_e)=1.0 feature(e_&amp;_f@1)=1.0 feature(h@-1_&amp;_e)=1.0 feature(f@1)=1.0 feature(e)=1.0  span[2..3]
Token#3:f feature(r@1_&amp;_e@2_&amp;_e@3)=1.0 feature(t@-3_&amp;_h@-2_&amp;_e@-1)=1.0 feature(f_&amp;_r@1_&amp;_e@2)=1.0 feature(h@-2_&amp;_e@-1_&amp;_f)=1.0 feature(f_&amp;_r@1)=1.0 feature(e@-1_&amp;_f)=1.0 feature(r@1)=1.0 feature(f)=1.0  span[4..5]
Token#4:r feature(e@1_&amp;_e@2_&amp;_d@3)=1.0 feature(h@-3_&amp;_e@-2_&amp;_f@-1)=1.0 feature(r_&amp;_e@1_&amp;_e@2)=1.0 feature(e@-2_&amp;_f@-1_&amp;_r)=1.0 feature(r_&amp;_e@1)=1.0 feature(f@-1_&amp;_r)=1.0 feature(e@1)=1.0 feature(r)=1.0  span[5..6]
Token#5:e feature(e@1_&amp;_d@2_&amp;_o@3)=1.0 feature(e@-3_&amp;_f@-2_&amp;_r@-1)=1.0 feature(e_&amp;_e@1_&amp;_d@2)=1.0 feature(f@-2_&amp;_r@-1_&amp;_e)=1.0 feature(e_&amp;_e@1)=1.0 feature(r@-1_&amp;_e)=1.0 feature(e@1)=1.0 feature(e)=1.0  span[6..7]
Token#6:e feature(d@1_&amp;_o@2_&amp;_m@3)=1.0 feature(f@-3_&amp;_r@-2_&amp;_e@-1)=1.0 feature(e_&amp;_d@1_&amp;_o@2)=1.0 feature(r@-2_&amp;_e@-1_&amp;_e)=1.0 feature(e_&amp;_d@1)=1.0 feature(e@-1_&amp;_e)=1.0 feature(d@1)=1.0 feature(e)=1.0  span[7..8]
Token#7:d feature(o@1_&amp;_m@2_&amp;_t@3)=1.0 feature(r@-3_&amp;_e@-2_&amp;_e@-1)=1.0 feature(d_&amp;_o@1_&amp;_m@2)=1.0 feature(e@-2_&amp;_e@-1_&amp;_d)=1.0 feature(d_&amp;_o@1)=1.0 feature(e@-1_&amp;_d)=1.0 feature(o@1)=1.0 feature(d)=1.0  span[8..9]
Token#8:o feature(m@1_&amp;_t@2_&amp;_o@3)=1.0 feature(e@-3_&amp;_e@-2_&amp;_d@-1)=1.0 feature(o_&amp;_m@1_&amp;_t@2)=1.0 feature(e@-2_&amp;_d@-1_&amp;_o)=1.0 feature(o_&amp;_m@1)=1.0 feature(d@-1_&amp;_o)=1.0 feature(m@1)=1.0 feature(o)=1.0  span[9..10]
Token#9:m feature(t@1_&amp;_o@2_&amp;_r@3)=1.0 feature(e@-3_&amp;_d@-2_&amp;_o@-1)=1.0 feature(m_&amp;_t@1_&amp;_o@2)=1.0 feature(d@-2_&amp;_o@-1_&amp;_m)=1.0 feature(m_&amp;_t@1)=1.0 feature(o@-1_&amp;_m)=1.0 feature(t@1)=1.0 feature(m)=1.0  span[10..11]
Token#10:t feature(o@1_&amp;_r@2_&amp;_u@3)=1.0 feature(d@-3_&amp;_o@-2_&amp;_m@-1)=1.0 feature(t_&amp;_o@1_&amp;_r@2)=1.0 feature(o@-2_&amp;_m@-1_&amp;_t)=1.0 feature(t_&amp;_o@1)=1.0 feature(m@-1_&amp;_t)=1.0 feature(o@1)=1.0 feature(t)=1.0  span[12..13]
Token#11:o feature(r@1_&amp;_u@2_&amp;_n@3)=1.0 feature(o@-3_&amp;_m@-2_&amp;_t@-1)=1.0 feature(o_&amp;_r@1_&amp;_u@2)=1.0 feature(m@-2_&amp;_t@-1_&amp;_o)=1.0 feature(o_&amp;_r@1)=1.0 feature(t@-1_&amp;_o)=1.0 feature(r@1)=1.0 feature(o)=1.0  span[13..14]
Token#12:r feature(u@1_&amp;_n@2_&amp;_t@3)=1.0 feature(m@-3_&amp;_t@-2_&amp;_o@-1)=1.0 feature(r_&amp;_u@1_&amp;_n@2)=1.0 feature(t@-2_&amp;_o@-1_&amp;_r)=1.0 feature(r_&amp;_u@1)=1.0 feature(o@-1_&amp;_r)=1.0 feature(u@1)=1.0 feature(r)=1.0  span[15..16]
Token#13:u feature(n@1_&amp;_t@2_&amp;_h@3)=1.0 feature(t@-3_&amp;_o@-2_&amp;_r@-1)=1.0 feature(u_&amp;_n@1_&amp;_t@2)=1.0 feature(o@-2_&amp;_r@-1_&amp;_u)=1.0 feature(u_&amp;_n@1)=1.0 feature(r@-1_&amp;_u)=1.0 feature(n@1)=1.0 feature(u)=1.0  span[16..17]
Token#14:n feature(t@1_&amp;_h@2_&amp;_e@3)=1.0 feature(o@-3_&amp;_r@-2_&amp;_u@-1)=1.0 feature(n_&amp;_t@1_&amp;_h@2)=1.0 feature(r@-2_&amp;_u@-1_&amp;_n)=1.0 feature(n_&amp;_t@1)=1.0 feature(u@-1_&amp;_n)=1.0 feature(t@1)=1.0 feature(n)=1.0  span[17..18]
Token#15:t feature(h@1_&amp;_e@2_&amp;_p@3)=1.0 feature(r@-3_&amp;_u@-2_&amp;_n@-1)=1.0 feature(t_&amp;_h@1_&amp;_e@2)=1.0 feature(u@-2_&amp;_n@-1_&amp;_t)=1.0 feature(t_&amp;_h@1)=1.0 feature(n@-1_&amp;_t)=1.0 feature(h@1)=1.0 feature(t)=1.0  span[19..20]
Token#16:h feature(e@1_&amp;_p@2_&amp;_r@3)=1.0 feature(u@-3_&amp;_n@-2_&amp;_t@-1)=1.0 feature(h_&amp;_e@1_&amp;_p@2)=1.0 feature(n@-2_&amp;_t@-1_&amp;_h)=1.0 feature(h_&amp;_e@1)=1.0 feature(t@-1_&amp;_h)=1.0 feature(e@1)=1.0 feature(h)=1.0  span[20..21]
Token#17:e feature(p@1_&amp;_r@2_&amp;_o@3)=1.0 feature(n@-3_&amp;_t@-2_&amp;_h@-1)=1.0 feature(e_&amp;_p@1_&amp;_r@2)=1.0 feature(t@-2_&amp;_h@-1_&amp;_e)=1.0 feature(e_&amp;_p@1)=1.0 feature(h@-1_&amp;_e)=1.0 feature(p@1)=1.0 feature(e)=1.0  span[21..22]
Token#18:p feature(r@1_&amp;_o@2_&amp;_g@3)=1.0 feature(t@-3_&amp;_h@-2_&amp;_e@-1)=1.0 feature(p_&amp;_r@1_&amp;_o@2)=1.0 feature(h@-2_&amp;_e@-1_&amp;_p)=1.0 feature(p_&amp;_r@1)=1.0 feature(e@-1_&amp;_p)=1.0 feature(r@1)=1.0 feature(p)=1.0  span[23..24]
Token#19:r feature(o@1_&amp;_g@2_&amp;_r@3)=1.0 feature(h@-3_&amp;_e@-2_&amp;_p@-1)=1.0 feature(r_&amp;_o@1_&amp;_g@2)=1.0 feature(e@-2_&amp;_p@-1_&amp;_r)=1.0 feature(r_&amp;_o@1)=1.0 feature(p@-1_&amp;_r)=1.0 feature(o@1)=1.0 feature(r)=1.0  span[24..25]
Token#20:o feature(g@1_&amp;_r@2_&amp;_a@3)=1.0 feature(e@-3_&amp;_p@-2_&amp;_r@-1)=1.0 feature(o_&amp;_g@1_&amp;_r@2)=1.0 feature(p@-2_&amp;_r@-1_&amp;_o)=1.0 feature(o_&amp;_g@1)=1.0 feature(r@-1_&amp;_o)=1.0 feature(g@1)=1.0 feature(o)=1.0  span[25..26]
Token#21:g feature(r@1_&amp;_a@2_&amp;_m@3)=1.0 feature(p@-3_&amp;_r@-2_&amp;_o@-1)=1.0 feature(g_&amp;_r@1_&amp;_a@2)=1.0 feature(r@-2_&amp;_o@-1_&amp;_g)=1.0 feature(g_&amp;_r@1)=1.0 feature(o@-1_&amp;_g)=1.0 feature(r@1)=1.0 feature(g)=1.0  span[26..27]
Token#22:r feature(a@1_&amp;_m@2_&amp;_,@3)=1.0 feature(r@-3_&amp;_o@-2_&amp;_g@-1)=1.0 feature(r_&amp;_a@1_&amp;_m@2)=1.0 feature(o@-2_&amp;_g@-1_&amp;_r)=1.0 feature(r_&amp;_a@1)=1.0 feature(g@-1_&amp;_r)=1.0 feature(a@1)=1.0 feature(r)=1.0  span[27..28]
Token#23:a feature(m@1_&amp;_,@2_&amp;_f@3)=1.0 feature(o@-3_&amp;_g@-2_&amp;_r@-1)=1.0 feature(a_&amp;_m@1_&amp;_,@2)=1.0 feature(g@-2_&amp;_r@-1_&amp;_a)=1.0 feature(a_&amp;_m@1)=1.0 feature(r@-1_&amp;_a)=1.0 feature(m@1)=1.0 feature(a)=1.0  span[28..29]
Token#24:m feature(,@1_&amp;_f@2_&amp;_o@3)=1.0 feature(g@-3_&amp;_r@-2_&amp;_a@-1)=1.0 feature(m_&amp;_,@1_&amp;_f@2)=1.0 feature(r@-2_&amp;_a@-1_&amp;_m)=1.0 feature(m_&amp;_,@1)=1.0 feature(a@-1_&amp;_m)=1.0 feature(,@1)=1.0 feature(m)=1.0  span[29..30]
Token#25:, feature(f@1_&amp;_o@2_&amp;_r@3)=1.0 feature(r@-3_&amp;_a@-2_&amp;_m@-1)=1.0 feature(,_&amp;_f@1_&amp;_o@2)=1.0 feature(a@-2_&amp;_m@-1_&amp;_,)=1.0 feature(,_&amp;_f@1)=1.0 feature(m@-1_&amp;_,)=1.0 feature(f@1)=1.0 feature(,)=1.0  span[30..31]
Token#26:f feature(o@1_&amp;_r@2_&amp;_a@3)=1.0 feature(a@-3_&amp;_m@-2_&amp;_,@-1)=1.0 feature(f_&amp;_o@1_&amp;_r@2)=1.0 feature(m@-2_&amp;_,@-1_&amp;_f)=1.0 feature(f_&amp;_o@1)=1.0 feature(,@-1_&amp;_f)=1.0 feature(o@1)=1.0 feature(f)=1.0  span[32..33]
Token#27:o feature(r@1_&amp;_a@2_&amp;_n@3)=1.0 feature(m@-3_&amp;_,@-2_&amp;_f@-1)=1.0 feature(o_&amp;_r@1_&amp;_a@2)=1.0 feature(,@-2_&amp;_f@-1_&amp;_o)=1.0 feature(o_&amp;_r@1)=1.0 feature(f@-1_&amp;_o)=1.0 feature(r@1)=1.0 feature(o)=1.0  span[33..34]
Token#28:r feature(a@1_&amp;_n@2_&amp;_y@3)=1.0 feature(,@-3_&amp;_f@-2_&amp;_o@-1)=1.0 feature(r_&amp;_a@1_&amp;_n@2)=1.0 feature(f@-2_&amp;_o@-1_&amp;_r)=1.0 feature(r_&amp;_a@1)=1.0 feature(o@-1_&amp;_r)=1.0 feature(a@1)=1.0 feature(r)=1.0  span[34..35]
Token#29:a feature(n@1_&amp;_y@2_&amp;_p@3)=1.0 feature(f@-3_&amp;_o@-2_&amp;_r@-1)=1.0 feature(a_&amp;_n@1_&amp;_y@2)=1.0 feature(o@-2_&amp;_r@-1_&amp;_a)=1.0 feature(a_&amp;_n@1)=1.0 feature(r@-1_&amp;_a)=1.0 feature(n@1)=1.0 feature(a)=1.0  span[36..37]
Token#30:n feature(y@1_&amp;_p@2_&amp;_u@3)=1.0 feature(o@-3_&amp;_r@-2_&amp;_a@-1)=1.0 feature(n_&amp;_y@1_&amp;_p@2)=1.0 feature(r@-2_&amp;_a@-1_&amp;_n)=1.0 feature(n_&amp;_y@1)=1.0 feature(a@-1_&amp;_n)=1.0 feature(y@1)=1.0 feature(n)=1.0  span[37..38]
Token#31:y feature(p@1_&amp;_u@2_&amp;_r@3)=1.0 feature(r@-3_&amp;_a@-2_&amp;_n@-1)=1.0 feature(y_&amp;_p@1_&amp;_u@2)=1.0 feature(a@-2_&amp;_n@-1_&amp;_y)=1.0 feature(y_&amp;_p@1)=1.0 feature(n@-1_&amp;_y)=1.0 feature(p@1)=1.0 feature(y)=1.0  span[38..39]
Token#32:p feature(u@1_&amp;_r@2_&amp;_p@3)=1.0 feature(a@-3_&amp;_n@-2_&amp;_y@-1)=1.0 feature(p_&amp;_u@1_&amp;_r@2)=1.0 feature(n@-2_&amp;_y@-1_&amp;_p)=1.0 feature(p_&amp;_u@1)=1.0 feature(y@-1_&amp;_p)=1.0 feature(u@1)=1.0 feature(p)=1.0  span[40..41]
Token#33:u feature(r@1_&amp;_p@2_&amp;_o@3)=1.0 feature(n@-3_&amp;_y@-2_&amp;_p@-1)=1.0 feature(u_&amp;_r@1_&amp;_p@2)=1.0 feature(y@-2_&amp;_p@-1_&amp;_u)=1.0 feature(u_&amp;_r@1)=1.0 feature(p@-1_&amp;_u)=1.0 feature(r@1)=1.0 feature(u)=1.0  span[41..42]
Token#34:r feature(p@1_&amp;_o@2_&amp;_s@3)=1.0 feature(y@-3_&amp;_p@-2_&amp;_u@-1)=1.0 feature(r_&amp;_p@1_&amp;_o@2)=1.0 feature(p@-2_&amp;_u@-1_&amp;_r)=1.0 feature(r_&amp;_p@1)=1.0 feature(u@-1_&amp;_r)=1.0 feature(p@1)=1.0 feature(r)=1.0  span[42..43]
Token#35:p feature(o@1_&amp;_s@2_&amp;_e@3)=1.0 feature(p@-3_&amp;_u@-2_&amp;_r@-1)=1.0 feature(p_&amp;_o@1_&amp;_s@2)=1.0 feature(u@-2_&amp;_r@-1_&amp;_p)=1.0 feature(p_&amp;_o@1)=1.0 feature(r@-1_&amp;_p)=1.0 feature(o@1)=1.0 feature(p)=1.0  span[43..44]
Token#36:o feature(s@1_&amp;_e@2_&amp;_.@3)=1.0 feature(u@-3_&amp;_r@-2_&amp;_p@-1)=1.0 feature(o_&amp;_s@1_&amp;_e@2)=1.0 feature(r@-2_&amp;_p@-1_&amp;_o)=1.0 feature(o_&amp;_s@1)=1.0 feature(p@-1_&amp;_o)=1.0 feature(s@1)=1.0 feature(o)=1.0  span[44..45]
Token#37:s feature(e@1_&amp;_.@2_&amp;_&lt;END0&gt;@3)=1.0 feature(r@-3_&amp;_p@-2_&amp;_o@-1)=1.0 feature(s_&amp;_e@1_&amp;_.@2)=1.0 feature(p@-2_&amp;_o@-1_&amp;_s)=1.0 feature(s_&amp;_e@1)=1.0 feature(o@-1_&amp;_s)=1.0 feature(e@1)=1.0 feature(s)=1.0  span[45..46]
Token#38:e feature(.@1_&amp;_&lt;END0&gt;@2_&amp;_&lt;END1&gt;@3)=1.0 feature(p@-3_&amp;_o@-2_&amp;_s@-1)=1.0 feature(e_&amp;_.@1_&amp;_&lt;END0&gt;@2)=1.0 feature(o@-2_&amp;_s@-1_&amp;_e)=1.0 feature(e_&amp;_.@1)=1.0 feature(s@-1_&amp;_e)=1.0 feature(.@1)=1.0 feature(e)=1.0  span[46..47]
Token#39:. feature(&lt;END0&gt;@1_&amp;_&lt;END1&gt;@2_&amp;_&lt;END2&gt;@3)=1.0 feature(o@-3_&amp;_s@-2_&amp;_e@-1)=1.0 feature(._&amp;_&lt;END0&gt;@1_&amp;_&lt;END1&gt;@2)=1.0 feature(s@-2_&amp;_e@-1_&amp;_.)=1.0 feature(._&amp;_&lt;END0&gt;@1)=1.0 feature(e@-1_&amp;_.)=1.0 feature(&lt;END0&gt;@1)=1.0 feature(.)=1.0  span[47..48]]

&gt;
	at junit.framework.Assert.assertEquals(Assert.java:85)
	at junit.framework.Assert.assertEquals(Assert.java:91)
	at cc.mallet.pipe.tests.TestSpacePipe.testSpacePipe(TestSpacePipe.java:65)
	at sun.reflect.NativeMethodAccessorImpl.invoke0(Native Method)
	at sun.reflect.NativeMethodAccessorImpl.invoke(NativeMethodAccessorImpl.java:57)
	at sun.reflect.DelegatingMethodAccessorImpl.invoke(DelegatingMethodAccessorImpl.java:43)
	at java.lang.reflect.Method.invoke(Method.java:606)
	at junit.framework.TestCase.runTest(TestCase.java:168)
	at junit.framework.TestCase.runBare(TestCase.java:134)
	at junit.framework.TestResult$1.protect(TestResult.java:110)
	at junit.framework.TestResult.runProtected(TestResult.java:128)
	at junit.framework.TestResult.run(TestResult.java:113)
	at junit.framework.TestCase.run(TestCase.java:124)
	at junit.framework.TestSuite.runTest(TestSuite.java:243)
	at junit.framework.TestSuite.run(TestSuite.java:238)
	at org.junit.internal.runners.JUnit38ClassRunner.run(JUnit38ClassRunner.java:83)
	at org.eclipse.jdt.internal.junit4.runner.JUnit4TestReference.run(JUnit4TestReference.java:86)
	at org.eclipse.jdt.internal.junit.runner.TestExecution.run(TestExecution.java:38)
	at org.eclipse.jdt.internal.junit.runner.RemoteTestRunner.runTests(RemoteTestRunner.java:459)
	at org.eclipse.jdt.internal.junit.runner.RemoteTestRunner.runTests(RemoteTestRunner.java:675)
	at org.eclipse.jdt.internal.junit.runner.RemoteTestRunner.run(RemoteTestRunner.java:382)
	at org.eclipse.jdt.internal.junit.runner.RemoteTestRunner.main(RemoteTestRunner.java:192)

</failure>
    </testcase>
  </testsuite>
  <testsuite name="cc.mallet.extract.test.TestDocumentExtraction" time="0.013">
    <testcase name="testToXml" classname="cc.mallet.extract.test.TestDocumentExtraction" time="0.008">
      <failure>
        <expected>&lt;?xml version="1.0" encoding="UTF-8"?&gt;&#13;
&lt;doc&gt;the &lt;ANIMAL&gt;quick brown fox &lt;/ANIMAL&gt;&lt;VERB&gt;leapt &lt;/VERB&gt;over the &lt;ANIMAL&gt;lazy dog&lt;/ANIMAL&gt;&lt;/doc&gt;&#13;
</expected>
        <actual>&lt;?xml version="1.0" encoding="UTF-8"?&gt;&#13;
&lt;doc&gt;the &lt;ANIMAL&gt;quick brown fox&lt;/ANIMAL&gt; &lt;VERB&gt;leapt&lt;/VERB&gt; over the &lt;ANIMAL&gt;lazy dog&lt;/ANIMAL&gt;&lt;/doc&gt;&#13;
</actual>junit.framework.ComparisonFailure: expected:&lt;...IMAL&gt;quick brown fox[ &lt;/ANIMAL&gt;&lt;VERB&gt;leapt &lt;/VERB&gt;]over the &lt;ANIMAL&gt;laz...&gt; but was:&lt;...IMAL&gt;quick brown fox[&lt;/ANIMAL&gt; &lt;VERB&gt;leapt&lt;/VERB&gt; ]over the &lt;ANIMAL&gt;laz...&gt;
	at junit.framework.Assert.assertEquals(Assert.java:85)
	at junit.framework.Assert.assertEquals(Assert.java:91)
	at cc.mallet.extract.test.TestDocumentExtraction.testToXml(TestDocumentExtraction.java:53)
	at sun.reflect.NativeMethodAccessorImpl.invoke0(Native Method)
	at sun.reflect.NativeMethodAccessorImpl.invoke(NativeMethodAccessorImpl.java:57)
	at sun.reflect.DelegatingMethodAccessorImpl.invoke(DelegatingMethodAccessorImpl.java:43)
	at java.lang.reflect.Method.invoke(Method.java:606)
	at junit.framework.TestCase.runTest(TestCase.java:168)
	at junit.framework.TestCase.runBare(TestCase.java:134)
	at junit.framework.TestResult$1.protect(TestResult.java:110)
	at junit.framework.TestResult.runProtected(TestResult.java:128)
	at junit.framework.TestResult.run(TestResult.java:113)
	at junit.framework.TestCase.run(TestCase.java:124)
	at junit.framework.TestSuite.runTest(TestSuite.java:243)
	at junit.framework.TestSuite.run(TestSuite.java:238)
	at org.junit.internal.runners.JUnit38ClassRunner.run(JUnit38ClassRunner.java:83)
	at org.eclipse.jdt.internal.junit4.runner.JUnit4TestReference.run(JUnit4TestReference.java:86)
	at org.eclipse.jdt.internal.junit.runner.TestExecution.run(TestExecution.java:38)
	at org.eclipse.jdt.internal.junit.runner.RemoteTestRunner.runTests(RemoteTestRunner.java:459)
	at org.eclipse.jdt.internal.junit.runner.RemoteTestRunner.runTests(RemoteTestRunner.java:675)
	at org.eclipse.jdt.internal.junit.runner.RemoteTestRunner.run(RemoteTestRunner.java:382)
	at org.eclipse.jdt.internal.junit.runner.RemoteTestRunner.main(RemoteTestRunner.java:192)

</failure>
    </testcase>
    <testcase name="testToXmlBIO" classname="cc.mallet.extract.test.TestDocumentExtraction" time="0.001">
      <failure>
        <expected>&lt;?xml version="1.0" encoding="UTF-8"?&gt;&#13;
&lt;doc&gt;the &lt;ANIMAL&gt;quick brown &lt;/ANIMAL&gt;&lt;ANIMAL&gt;fox &lt;/ANIMAL&gt;&lt;VERB&gt;leapt over &lt;/VERB&gt;the &lt;ANIMAL&gt;lazy dog&lt;/ANIMAL&gt;&lt;/doc&gt;&#13;
</expected>
        <actual>&lt;?xml version="1.0" encoding="UTF-8"?&gt;&#13;
&lt;doc&gt;the &lt;ANIMAL&gt;quick brown&lt;/ANIMAL&gt; &lt;ANIMAL&gt;fox&lt;/ANIMAL&gt; &lt;VERB&gt;leapt over&lt;/VERB&gt; the &lt;ANIMAL&gt;lazy dog&lt;/ANIMAL&gt;&lt;/doc&gt;&#13;
</actual>junit.framework.ComparisonFailure: expected:&lt;... &lt;ANIMAL&gt;quick brown[ &lt;/ANIMAL&gt;&lt;ANIMAL&gt;fox &lt;/ANIMAL&gt;&lt;VERB&gt;leapt over &lt;/VERB&gt;]the &lt;ANIMAL&gt;lazy dog...&gt; but was:&lt;... &lt;ANIMAL&gt;quick brown[&lt;/ANIMAL&gt; &lt;ANIMAL&gt;fox&lt;/ANIMAL&gt; &lt;VERB&gt;leapt over&lt;/VERB&gt; ]the &lt;ANIMAL&gt;lazy dog...&gt;
	at junit.framework.Assert.assertEquals(Assert.java:85)
	at junit.framework.Assert.assertEquals(Assert.java:91)
	at cc.mallet.extract.test.TestDocumentExtraction.testToXmlBIO(TestDocumentExtraction.java:72)
	at sun.reflect.NativeMethodAccessorImpl.invoke0(Native Method)
	at sun.reflect.NativeMethodAccessorImpl.invoke(NativeMethodAccessorImpl.java:57)
	at sun.reflect.DelegatingMethodAccessorImpl.invoke(DelegatingMethodAccessorImpl.java:43)
	at java.lang.reflect.Method.invoke(Method.java:606)
	at junit.framework.TestCase.runTest(TestCase.java:168)
	at junit.framework.TestCase.runBare(TestCase.java:134)
	at junit.framework.TestResult$1.protect(TestResult.java:110)
	at junit.framework.TestResult.runProtected(TestResult.java:128)
	at junit.framework.TestResult.run(TestResult.java:113)
	at junit.framework.TestCase.run(TestCase.java:124)
	at junit.framework.TestSuite.runTest(TestSuite.java:243)
	at junit.framework.TestSuite.run(TestSuite.java:238)
	at org.junit.internal.runners.JUnit38ClassRunner.run(JUnit38ClassRunner.java:83)
	at org.eclipse.jdt.internal.junit4.runner.JUnit4TestReference.run(JUnit4TestReference.java:86)
	at org.eclipse.jdt.internal.junit.runner.TestExecution.run(TestExecution.java:38)
	at org.eclipse.jdt.internal.junit.runner.RemoteTestRunner.runTests(RemoteTestRunner.java:459)
	at org.eclipse.jdt.internal.junit.runner.RemoteTestRunner.runTests(RemoteTestRunner.java:675)
	at org.eclipse.jdt.internal.junit.runner.RemoteTestRunner.run(RemoteTestRunner.java:382)
	at org.eclipse.jdt.internal.junit.runner.RemoteTestRunner.main(RemoteTestRunner.java:192)

</failure>
    </testcase>
    <testcase name="testNestedToXML" classname="cc.mallet.extract.test.TestDocumentExtraction" time="0.002">
      <failure>
        <expected>&lt;?xml version="1.0" encoding="UTF-8"?&gt;&#13;
&lt;doc&gt;the &lt;ANIMAL&gt;quick brown &lt;MAMMAL&gt;fox &lt;/MAMMAL&gt;&lt;/ANIMAL&gt;&lt;VERB&gt;leapt &lt;/VERB&gt;over &lt;ANIMAL&gt;the &lt;ADJ&gt;lazy &lt;/ADJ&gt;dog&lt;/ANIMAL&gt;&lt;/doc&gt;&#13;
</expected>
        <actual>&lt;?xml version="1.0" encoding="UTF-8"?&gt;&#13;
&lt;doc&gt;the &lt;ANIMAL&gt;quick brown &lt;MAMMAL&gt;fox&lt;/MAMMAL&gt;&lt;/ANIMAL&gt; &lt;VERB&gt;leapt&lt;/VERB&gt; over &lt;ANIMAL&gt;the &lt;ADJ&gt;lazy&lt;/ADJ&gt; dog&lt;/ANIMAL&gt;&lt;/doc&gt;&#13;
</actual>junit.framework.ComparisonFailure: expected:&lt;...ck brown &lt;MAMMAL&gt;fox[ &lt;/MAMMAL&gt;&lt;/ANIMAL&gt;&lt;VERB&gt;leapt &lt;/VERB&gt;over &lt;ANIMAL&gt;the &lt;ADJ&gt;lazy &lt;/ADJ&gt;]dog&lt;/ANIMAL&gt;&lt;/doc&gt;&#13;
&gt; but was:&lt;...ck brown &lt;MAMMAL&gt;fox[&lt;/MAMMAL&gt;&lt;/ANIMAL&gt; &lt;VERB&gt;leapt&lt;/VERB&gt; over &lt;ANIMAL&gt;the &lt;ADJ&gt;lazy&lt;/ADJ&gt; ]dog&lt;/ANIMAL&gt;&lt;/doc&gt;&#13;
&gt;
	at junit.framework.Assert.assertEquals(Assert.java:85)
	at junit.framework.Assert.assertEquals(Assert.java:91)
	at cc.mallet.extract.test.TestDocumentExtraction.testNestedToXML(TestDocumentExtraction.java:100)
	at sun.reflect.NativeMethodAccessorImpl.invoke0(Native Method)
	at sun.reflect.NativeMethodAccessorImpl.invoke(NativeMethodAccessorImpl.java:57)
	at sun.reflect.DelegatingMethodAccessorImpl.invoke(DelegatingMethodAccessorImpl.java:43)
	at java.lang.reflect.Method.invoke(Method.java:606)
	at junit.framework.TestCase.runTest(TestCase.java:168)
	at junit.framework.TestCase.runBare(TestCase.java:134)
	at junit.framework.TestResult$1.protect(TestResult.java:110)
	at junit.framework.TestResult.runProtected(TestResult.java:128)
	at junit.framework.TestResult.run(TestResult.java:113)
	at junit.framework.TestCase.run(TestCase.java:124)
	at junit.framework.TestSuite.runTest(TestSuite.java:243)
	at junit.framework.TestSuite.run(TestSuite.java:238)
	at org.junit.internal.runners.JUnit38ClassRunner.run(JUnit38ClassRunner.java:83)
	at org.eclipse.jdt.internal.junit4.runner.JUnit4TestReference.run(JUnit4TestReference.java:86)
	at org.eclipse.jdt.internal.junit.runner.TestExecution.run(TestExecution.java:38)
	at org.eclipse.jdt.internal.junit.runner.RemoteTestRunner.runTests(RemoteTestRunner.java:459)
	at org.eclipse.jdt.internal.junit.runner.RemoteTestRunner.runTests(RemoteTestRunner.java:675)
	at org.eclipse.jdt.internal.junit.runner.RemoteTestRunner.run(RemoteTestRunner.java:382)
	at org.eclipse.jdt.internal.junit.runner.RemoteTestRunner.main(RemoteTestRunner.java:192)

</failure>
    </testcase>
    <testcase name="testNestedXMLTokenizationFilter" classname="cc.mallet.extract.test.TestDocumentExtraction" time="0.002">
      <failure>
        <expected>&lt;?xml version="1.0" encoding="UTF-8"?&gt;&#13;
&lt;doc&gt;the &lt;ANIMAL&gt;quick brown &lt;MAMMAL&gt;fox &lt;/MAMMAL&gt;&lt;/ANIMAL&gt;&lt;VERB&gt;leapt &lt;/VERB&gt;over &lt;ANIMAL&gt;the &lt;ADJ&gt;lazy &lt;MAMMAL&gt;dog&lt;/MAMMAL&gt;&lt;/ADJ&gt;&lt;/ANIMAL&gt;&lt;/doc&gt;&#13;
</expected>
        <actual>&lt;?xml version="1.0" encoding="UTF-8"?&gt;&#13;
&lt;doc&gt;the &lt;ANIMAL&gt;quick brown &lt;MAMMAL&gt;fox&lt;/MAMMAL&gt;&lt;/ANIMAL&gt; &lt;VERB&gt;leapt&lt;/VERB&gt; over &lt;ANIMAL&gt;the &lt;ADJ&gt;lazy &lt;MAMMAL&gt;dog&lt;/MAMMAL&gt;&lt;/ADJ&gt;&lt;/ANIMAL&gt;&lt;/doc&gt;&#13;
</actual>junit.framework.ComparisonFailure: expected:&lt;...ck brown &lt;MAMMAL&gt;fox[ &lt;/MAMMAL&gt;&lt;/ANIMAL&gt;&lt;VERB&gt;leapt &lt;/VERB&gt;]over &lt;ANIMAL&gt;the &lt;AD...&gt; but was:&lt;...ck brown &lt;MAMMAL&gt;fox[&lt;/MAMMAL&gt;&lt;/ANIMAL&gt; &lt;VERB&gt;leapt&lt;/VERB&gt; ]over &lt;ANIMAL&gt;the &lt;AD...&gt;
	at junit.framework.Assert.assertEquals(Assert.java:85)
	at junit.framework.Assert.assertEquals(Assert.java:91)
	at cc.mallet.extract.test.TestDocumentExtraction.testNestedXMLTokenizationFilter(TestDocumentExtraction.java:123)
	at sun.reflect.NativeMethodAccessorImpl.invoke0(Native Method)
	at sun.reflect.NativeMethodAccessorImpl.invoke(NativeMethodAccessorImpl.java:57)
	at sun.reflect.DelegatingMethodAccessorImpl.invoke(DelegatingMethodAccessorImpl.java:43)
	at java.lang.reflect.Method.invoke(Method.java:606)
	at junit.framework.TestCase.runTest(TestCase.java:168)
	at junit.framework.TestCase.runBare(TestCase.java:134)
	at junit.framework.TestResult$1.protect(TestResult.java:110)
	at junit.framework.TestResult.runProtected(TestResult.java:128)
	at junit.framework.TestResult.run(TestResult.java:113)
	at junit.framework.TestCase.run(TestCase.java:124)
	at junit.framework.TestSuite.runTest(TestSuite.java:243)
	at junit.framework.TestSuite.run(TestSuite.java:238)
	at org.junit.internal.runners.JUnit38ClassRunner.run(JUnit38ClassRunner.java:83)
	at org.eclipse.jdt.internal.junit4.runner.JUnit4TestReference.run(JUnit4TestReference.java:86)
	at org.eclipse.jdt.internal.junit.runner.TestExecution.run(TestExecution.java:38)
	at org.eclipse.jdt.internal.junit.runner.RemoteTestRunner.runTests(RemoteTestRunner.java:459)
	at org.eclipse.jdt.internal.junit.runner.RemoteTestRunner.runTests(RemoteTestRunner.java:675)
	at org.eclipse.jdt.internal.junit.runner.RemoteTestRunner.run(RemoteTestRunner.java:382)
	at org.eclipse.jdt.internal.junit.runner.RemoteTestRunner.main(RemoteTestRunner.java:192)

</failure>
    </testcase>
  </testsuite>
  <testsuite name="cc.mallet.fst.tests.TestCRF" time="93.168">
    <testcase name="testGetSetParameters" classname="cc.mallet.fst.tests.TestCRF" time="0.002"/>
    <testcase name="testPrint" classname="cc.mallet.fst.tests.TestCRF" time="0.003"/>
    <testcase name="testSumLogProb" classname="cc.mallet.fst.tests.TestCRF" time="0.0"/>
    <testcase name="testSumLattice" classname="cc.mallet.fst.tests.TestCRF" time="0.0"/>
    <testcase name="testMaxLattice" classname="cc.mallet.fst.tests.TestCRF" time="0.002"/>
    <testcase name="testCost" classname="cc.mallet.fst.tests.TestCRF" time="0.167">
      <failure>junit.framework.AssertionFailedError: Value should be 35770 but is-335344.0
	at junit.framework.Assert.fail(Assert.java:50)
	at junit.framework.Assert.assertTrue(Assert.java:20)
	at cc.mallet.fst.tests.TestCRF.doTestCost(TestCRF.java:368)
	at cc.mallet.fst.tests.TestCRF.testCost(TestCRF.java:374)
	at sun.reflect.NativeMethodAccessorImpl.invoke0(Native Method)
	at sun.reflect.NativeMethodAccessorImpl.invoke(NativeMethodAccessorImpl.java:57)
	at sun.reflect.DelegatingMethodAccessorImpl.invoke(DelegatingMethodAccessorImpl.java:43)
	at java.lang.reflect.Method.invoke(Method.java:606)
	at junit.framework.TestCase.runTest(TestCase.java:168)
	at junit.framework.TestCase.runBare(TestCase.java:134)
	at junit.framework.TestResult$1.protect(TestResult.java:110)
	at junit.framework.TestResult.runProtected(TestResult.java:128)
	at junit.framework.TestResult.run(TestResult.java:113)
	at junit.framework.TestCase.run(TestCase.java:124)
	at junit.framework.TestSuite.runTest(TestSuite.java:243)
	at junit.framework.TestSuite.run(TestSuite.java:238)
	at org.junit.internal.runners.JUnit38ClassRunner.run(JUnit38ClassRunner.java:83)
	at org.eclipse.jdt.internal.junit4.runner.JUnit4TestReference.run(JUnit4TestReference.java:86)
	at org.eclipse.jdt.internal.junit.runner.TestExecution.run(TestExecution.java:38)
	at org.eclipse.jdt.internal.junit.runner.RemoteTestRunner.runTests(RemoteTestRunner.java:459)
	at org.eclipse.jdt.internal.junit.runner.RemoteTestRunner.runTests(RemoteTestRunner.java:675)
	at org.eclipse.jdt.internal.junit.runner.RemoteTestRunner.run(RemoteTestRunner.java:382)
	at org.eclipse.jdt.internal.junit.runner.RemoteTestRunner.main(RemoteTestRunner.java:192)

</failure>
    </testcase>
    <testcase name="testCostSerialized" classname="cc.mallet.fst.tests.TestCRF" time="0.065">
      <failure>junit.framework.AssertionFailedError: Value should be 35770 but is-335344.0
	at junit.framework.Assert.fail(Assert.java:50)
	at junit.framework.Assert.assertTrue(Assert.java:20)
	at cc.mallet.fst.tests.TestCRF.doTestCost(TestCRF.java:368)
	at cc.mallet.fst.tests.TestCRF.testCostSerialized(TestCRF.java:378)
	at sun.reflect.NativeMethodAccessorImpl.invoke0(Native Method)
	at sun.reflect.NativeMethodAccessorImpl.invoke(NativeMethodAccessorImpl.java:57)
	at sun.reflect.DelegatingMethodAccessorImpl.invoke(DelegatingMethodAccessorImpl.java:43)
	at java.lang.reflect.Method.invoke(Method.java:606)
	at junit.framework.TestCase.runTest(TestCase.java:168)
	at junit.framework.TestCase.runBare(TestCase.java:134)
	at junit.framework.TestResult$1.protect(TestResult.java:110)
	at junit.framework.TestResult.runProtected(TestResult.java:128)
	at junit.framework.TestResult.run(TestResult.java:113)
	at junit.framework.TestCase.run(TestCase.java:124)
	at junit.framework.TestSuite.runTest(TestSuite.java:243)
	at junit.framework.TestSuite.run(TestSuite.java:238)
	at org.junit.internal.runners.JUnit38ClassRunner.run(JUnit38ClassRunner.java:83)
	at org.eclipse.jdt.internal.junit4.runner.JUnit4TestReference.run(JUnit4TestReference.java:86)
	at org.eclipse.jdt.internal.junit.runner.TestExecution.run(TestExecution.java:38)
	at org.eclipse.jdt.internal.junit.runner.RemoteTestRunner.runTests(RemoteTestRunner.java:459)
	at org.eclipse.jdt.internal.junit.runner.RemoteTestRunner.runTests(RemoteTestRunner.java:675)
	at org.eclipse.jdt.internal.junit.runner.RemoteTestRunner.run(RemoteTestRunner.java:382)
	at org.eclipse.jdt.internal.junit.runner.RemoteTestRunner.main(RemoteTestRunner.java:192)

</failure>
    </testcase>
    <testcase name="testValueGradient" classname="cc.mallet.fst.tests.TestCRF" time="5.943"/>
    <testcase name="testTrain" classname="cc.mallet.fst.tests.TestCRF" time="0.371"/>
    <testcase name="testAddOrderNStates" classname="cc.mallet.fst.tests.TestCRF" time="1.651">
      <failure>junit.framework.AssertionFailedError: expected:&lt;-167.2234457483949&gt; but was:&lt;-363.62387563108734&gt;
	at junit.framework.Assert.fail(Assert.java:50)
	at junit.framework.Assert.failNotEquals(Assert.java:287)
	at junit.framework.Assert.assertEquals(Assert.java:102)
	at junit.framework.Assert.assertEquals(Assert.java:109)
	at cc.mallet.fst.tests.TestCRF.testAddOrderNStates(TestCRF.java:669)
	at sun.reflect.NativeMethodAccessorImpl.invoke0(Native Method)
	at sun.reflect.NativeMethodAccessorImpl.invoke(NativeMethodAccessorImpl.java:57)
	at sun.reflect.DelegatingMethodAccessorImpl.invoke(DelegatingMethodAccessorImpl.java:43)
	at java.lang.reflect.Method.invoke(Method.java:606)
	at junit.framework.TestCase.runTest(TestCase.java:168)
	at junit.framework.TestCase.runBare(TestCase.java:134)
	at junit.framework.TestResult$1.protect(TestResult.java:110)
	at junit.framework.TestResult.runProtected(TestResult.java:128)
	at junit.framework.TestResult.run(TestResult.java:113)
	at junit.framework.TestCase.run(TestCase.java:124)
	at junit.framework.TestSuite.runTest(TestSuite.java:243)
	at junit.framework.TestSuite.run(TestSuite.java:238)
	at org.junit.internal.runners.JUnit38ClassRunner.run(JUnit38ClassRunner.java:83)
	at org.eclipse.jdt.internal.junit4.runner.JUnit4TestReference.run(JUnit4TestReference.java:86)
	at org.eclipse.jdt.internal.junit.runner.TestExecution.run(TestExecution.java:38)
	at org.eclipse.jdt.internal.junit.runner.RemoteTestRunner.runTests(RemoteTestRunner.java:459)
	at org.eclipse.jdt.internal.junit.runner.RemoteTestRunner.runTests(RemoteTestRunner.java:675)
	at org.eclipse.jdt.internal.junit.runner.RemoteTestRunner.run(RemoteTestRunner.java:382)
	at org.eclipse.jdt.internal.junit.runner.RemoteTestRunner.main(RemoteTestRunner.java:192)

</failure>
    </testcase>
    <testcase name="testFrozenWeights" classname="cc.mallet.fst.tests.TestCRF" time="0.695"/>
    <testcase name="testDenseTrain" classname="cc.mallet.fst.tests.TestCRF" time="0.177"/>
    <testcase name="testTrainStochasticGradient" classname="cc.mallet.fst.tests.TestCRF" time="3.861"/>
    <testcase name="testSumLatticeImplementations" classname="cc.mallet.fst.tests.TestCRF" time="78.879"/>
    <testcase name="testSerialization" classname="cc.mallet.fst.tests.TestCRF" time="0.152"/>
    <testcase name="testDenseSerialization" classname="cc.mallet.fst.tests.TestCRF" time="0.182"/>
    <testcase name="testTokenAccuracy" classname="cc.mallet.fst.tests.TestCRF" time="0.269">
      <failure>junit.framework.AssertionFailedError: expected:&lt;0.9409&gt; but was:&lt;0.9101497504159733&gt;
	at junit.framework.Assert.fail(Assert.java:50)
	at junit.framework.Assert.failNotEquals(Assert.java:287)
	at junit.framework.Assert.assertEquals(Assert.java:102)
	at junit.framework.Assert.assertEquals(Assert.java:109)
	at cc.mallet.fst.tests.TestCRF.testTokenAccuracy(TestCRF.java:869)
	at sun.reflect.NativeMethodAccessorImpl.invoke0(Native Method)
	at sun.reflect.NativeMethodAccessorImpl.invoke(NativeMethodAccessorImpl.java:57)
	at sun.reflect.DelegatingMethodAccessorImpl.invoke(DelegatingMethodAccessorImpl.java:43)
	at java.lang.reflect.Method.invoke(Method.java:606)
	at junit.framework.TestCase.runTest(TestCase.java:168)
	at junit.framework.TestCase.runBare(TestCase.java:134)
	at junit.framework.TestResult$1.protect(TestResult.java:110)
	at junit.framework.TestResult.runProtected(TestResult.java:128)
	at junit.framework.TestResult.run(TestResult.java:113)
	at junit.framework.TestCase.run(TestCase.java:124)
	at junit.framework.TestSuite.runTest(TestSuite.java:243)
	at junit.framework.TestSuite.run(TestSuite.java:238)
	at org.junit.internal.runners.JUnit38ClassRunner.run(JUnit38ClassRunner.java:83)
	at org.eclipse.jdt.internal.junit4.runner.JUnit4TestReference.run(JUnit4TestReference.java:86)
	at org.eclipse.jdt.internal.junit.runner.TestExecution.run(TestExecution.java:38)
	at org.eclipse.jdt.internal.junit.runner.RemoteTestRunner.runTests(RemoteTestRunner.java:459)
	at org.eclipse.jdt.internal.junit.runner.RemoteTestRunner.runTests(RemoteTestRunner.java:675)
	at org.eclipse.jdt.internal.junit.runner.RemoteTestRunner.run(RemoteTestRunner.java:382)
	at org.eclipse.jdt.internal.junit.runner.RemoteTestRunner.main(RemoteTestRunner.java:192)

</failure>
    </testcase>
    <testcase name="testCopyStatesAndWeights" classname="cc.mallet.fst.tests.TestCRF" time="0.001"/>
    <testcase name="testStartState" classname="cc.mallet.fst.tests.TestCRF" time="0.003"/>
    <testcase name="testDenseFeatureSelection" classname="cc.mallet.fst.tests.TestCRF" time="0.106"/>
    <testcase name="testXis" classname="cc.mallet.fst.tests.TestCRF" time="0.213"/>
    <testcase name="testIncrement" classname="cc.mallet.fst.tests.TestCRF" time="0.0"/>
    <testcase name="testStateAddWeights" classname="cc.mallet.fst.tests.TestCRF" time="0.421"/>
  </testsuite>
  <testsuite name="cc.mallet.classify.tests.TestNaiveBayes" time="0.011">
    <testcase name="testRandomTrained" classname="cc.mallet.classify.tests.TestNaiveBayes" time="0.003"/>
    <testcase name="testNonTrained" classname="cc.mallet.classify.tests.TestNaiveBayes" time="0.0"/>
    <testcase name="testStringTrained" classname="cc.mallet.classify.tests.TestNaiveBayes" time="0.0"/>
    <testcase name="testIncrementallyTrainedGrowingAlphabets" classname="cc.mallet.classify.tests.TestNaiveBayes" time="0.003"/>
    <testcase name="testIncrementallyTrained" classname="cc.mallet.classify.tests.TestNaiveBayes" time="0.002"/>
    <testcase name="testEmptyStringBug" classname="cc.mallet.classify.tests.TestNaiveBayes" time="0.002"/>
  </testsuite>
  <testsuite name="cc.mallet.grmm.test.TestListVarSet" time="0.609">
    <testcase name="testEqualsHashCode" classname="cc.mallet.grmm.test.TestListVarSet" time="0.0"/>
    <testcase name="testAddAllOrdering" classname="cc.mallet.grmm.test.TestListVarSet" time="0.006"/>
    <testcase name="testAddAllOrdering2" classname="cc.mallet.grmm.test.TestListVarSet" time="0.008"/>
    <testcase name="testAddAllOrdering3" classname="cc.mallet.grmm.test.TestListVarSet" time="0.011"/>
    <testcase name="testSerialization" classname="cc.mallet.grmm.test.TestListVarSet" time="0.502">
      <failure>junit.framework.AssertionFailedError
	at junit.framework.Assert.fail(Assert.java:48)
	at junit.framework.Assert.assertTrue(Assert.java:20)
	at junit.framework.Assert.assertTrue(Assert.java:27)
	at cc.mallet.grmm.test.TestListVarSet.testSerialization(TestListVarSet.java:119)
	at sun.reflect.NativeMethodAccessorImpl.invoke0(Native Method)
	at sun.reflect.NativeMethodAccessorImpl.invoke(NativeMethodAccessorImpl.java:57)
	at sun.reflect.DelegatingMethodAccessorImpl.invoke(DelegatingMethodAccessorImpl.java:43)
	at java.lang.reflect.Method.invoke(Method.java:606)
	at junit.framework.TestCase.runTest(TestCase.java:168)
	at junit.framework.TestCase.runBare(TestCase.java:134)
	at junit.framework.TestResult$1.protect(TestResult.java:110)
	at junit.framework.TestResult.runProtected(TestResult.java:128)
	at junit.framework.TestResult.run(TestResult.java:113)
	at junit.framework.TestCase.run(TestCase.java:124)
	at junit.framework.TestSuite.runTest(TestSuite.java:243)
	at junit.framework.TestSuite.run(TestSuite.java:238)
	at org.junit.internal.runners.JUnit38ClassRunner.run(JUnit38ClassRunner.java:83)
	at org.eclipse.jdt.internal.junit4.runner.JUnit4TestReference.run(JUnit4TestReference.java:86)
	at org.eclipse.jdt.internal.junit.runner.TestExecution.run(TestExecution.java:38)
	at org.eclipse.jdt.internal.junit.runner.RemoteTestRunner.runTests(RemoteTestRunner.java:459)
	at org.eclipse.jdt.internal.junit.runner.RemoteTestRunner.runTests(RemoteTestRunner.java:675)
	at org.eclipse.jdt.internal.junit.runner.RemoteTestRunner.run(RemoteTestRunner.java:382)
	at org.eclipse.jdt.internal.junit.runner.RemoteTestRunner.main(RemoteTestRunner.java:192)

</failure>
    </testcase>
    <testcase name="testHashCodeByHashVarSet" classname="cc.mallet.grmm.test.TestListVarSet" time="0.0"/>
    <testcase name="testEquals" classname="cc.mallet.grmm.test.TestListVarSet" time="0.0"/>
    <testcase name="testContains" classname="cc.mallet.grmm.test.TestListVarSet" time="0.0"/>
    <testcase name="testIntersectionOrdering" classname="cc.mallet.grmm.test.TestListVarSet" time="0.029"/>
    <testcase name="testIntersectionOrderingToHash" classname="cc.mallet.grmm.test.TestListVarSet" time="0.024"/>
    <testcase name="testIntersectionOrderingToBit" classname="cc.mallet.grmm.test.TestListVarSet" time="0.029"/>
  </testsuite>
  <testsuite name="cc.mallet.types.tests.TestToken" time="0.001">
    <testcase name="testOne" classname="cc.mallet.types.tests.TestToken" time="0.0"/>
    <testcase name="testTwo" classname="cc.mallet.types.tests.TestToken" time="0.001"/>
  </testsuite>
  <testsuite name="cc.mallet.classify.tests.TestClassifiers" time="0.038">
    <testcase name="testRandomTrained" classname="cc.mallet.classify.tests.TestClassifiers" time="0.054"/>
    <testcase name="testNewFeatures" classname="cc.mallet.classify.tests.TestClassifiers" time="0.01"/>
  </testsuite>
  <testsuite name="cc.mallet.types.tests.TestMatrixn" time="0.002">
    <testcase name="testIndexing1d" classname="cc.mallet.types.tests.TestMatrixn" time="0.0"/>
    <testcase name="testIndexing2d" classname="cc.mallet.types.tests.TestMatrixn" time="0.0"/>
    <testcase name="testIndexing3d" classname="cc.mallet.types.tests.TestMatrixn" time="0.0"/>
    <testcase name="testMatrixnSerializable" classname="cc.mallet.types.tests.TestMatrixn" time="0.002"/>
  </testsuite>
  <testsuite name="cc.mallet.grmm.test.TestNormalFactor" time="0.204">
    <testcase name="testSample" classname="cc.mallet.grmm.test.TestNormalFactor" time="0.204">
      <failure>junit.framework.AssertionFailedError: expected:&lt;1.4142135623730951&gt; but was:&lt;2.0603227425388737&gt;
	at junit.framework.Assert.fail(Assert.java:50)
	at junit.framework.Assert.failNotEquals(Assert.java:287)
	at junit.framework.Assert.assertEquals(Assert.java:102)
	at junit.framework.Assert.assertEquals(Assert.java:109)
	at cc.mallet.grmm.test.TestNormalFactor.checkMeanStd(TestNormalFactor.java:61)
	at cc.mallet.grmm.test.TestNormalFactor.testSample(TestNormalFactor.java:51)
	at sun.reflect.NativeMethodAccessorImpl.invoke0(Native Method)
	at sun.reflect.NativeMethodAccessorImpl.invoke(NativeMethodAccessorImpl.java:57)
	at sun.reflect.DelegatingMethodAccessorImpl.invoke(DelegatingMethodAccessorImpl.java:43)
	at java.lang.reflect.Method.invoke(Method.java:606)
	at junit.framework.TestCase.runTest(TestCase.java:168)
	at junit.framework.TestCase.runBare(TestCase.java:134)
	at junit.framework.TestResult$1.protect(TestResult.java:110)
	at junit.framework.TestResult.runProtected(TestResult.java:128)
	at junit.framework.TestResult.run(TestResult.java:113)
	at junit.framework.TestCase.run(TestCase.java:124)
	at junit.framework.TestSuite.runTest(TestSuite.java:243)
	at junit.framework.TestSuite.run(TestSuite.java:238)
	at org.junit.internal.runners.JUnit38ClassRunner.run(JUnit38ClassRunner.java:83)
	at org.eclipse.jdt.internal.junit4.runner.JUnit4TestReference.run(JUnit4TestReference.java:86)
	at org.eclipse.jdt.internal.junit.runner.TestExecution.run(TestExecution.java:38)
	at org.eclipse.jdt.internal.junit.runner.RemoteTestRunner.runTests(RemoteTestRunner.java:459)
	at org.eclipse.jdt.internal.junit.runner.RemoteTestRunner.runTests(RemoteTestRunner.java:675)
	at org.eclipse.jdt.internal.junit.runner.RemoteTestRunner.run(RemoteTestRunner.java:382)
	at org.eclipse.jdt.internal.junit.runner.RemoteTestRunner.main(RemoteTestRunner.java:192)

</failure>
    </testcase>
  </testsuite>
  <testsuite name="cc.mallet.types.tests.TestMatrix" time="0.001">
    <testcase name="testTimesEquals" classname="cc.mallet.types.tests.TestMatrix" time="0.001"/>
  </testsuite>
  <testsuite name="cc.mallet.types.tests.TestRankedFeatureVector" time="0.0">
    <testcase name="testSetRankOrder" classname="cc.mallet.types.tests.TestRankedFeatureVector" time="0.0"/>
  </testsuite>
  <testsuite name="cc.mallet.types.tests.TestLabelsSequence" time="0.003">
    <testcase name="testSerializable" classname="cc.mallet.types.tests.TestLabelsSequence" time="0.003"/>
  </testsuite>
  <testsuite name="cc.mallet.fst.tests.TestFeatureTransducer" time="0.004">
    <testcase name="testIncrement" classname="cc.mallet.fst.tests.TestFeatureTransducer" time="0.002">
      <failure>junit.framework.AssertionFailedError
	at junit.framework.Assert.fail(Assert.java:48)
	at junit.framework.Assert.assertTrue(Assert.java:20)
	at junit.framework.Assert.assertTrue(Assert.java:27)
	at cc.mallet.fst.tests.TestFeatureTransducer.testIncrement(TestFeatureTransducer.java:124)
	at sun.reflect.NativeMethodAccessorImpl.invoke0(Native Method)
	at sun.reflect.NativeMethodAccessorImpl.invoke(NativeMethodAccessorImpl.java:57)
	at sun.reflect.DelegatingMethodAccessorImpl.invoke(DelegatingMethodAccessorImpl.java:43)
	at java.lang.reflect.Method.invoke(Method.java:606)
	at junit.framework.TestCase.runTest(TestCase.java:168)
	at junit.framework.TestCase.runBare(TestCase.java:134)
	at junit.framework.TestResult$1.protect(TestResult.java:110)
	at junit.framework.TestResult.runProtected(TestResult.java:128)
	at junit.framework.TestResult.run(TestResult.java:113)
	at junit.framework.TestCase.run(TestCase.java:124)
	at junit.framework.TestSuite.runTest(TestSuite.java:243)
	at junit.framework.TestSuite.run(TestSuite.java:238)
	at org.junit.internal.runners.JUnit38ClassRunner.run(JUnit38ClassRunner.java:83)
	at org.eclipse.jdt.internal.junit4.runner.JUnit4TestReference.run(JUnit4TestReference.java:86)
	at org.eclipse.jdt.internal.junit.runner.TestExecution.run(TestExecution.java:38)
	at org.eclipse.jdt.internal.junit.runner.RemoteTestRunner.runTests(RemoteTestRunner.java:459)
	at org.eclipse.jdt.internal.junit.runner.RemoteTestRunner.runTests(RemoteTestRunner.java:675)
	at org.eclipse.jdt.internal.junit.runner.RemoteTestRunner.run(RemoteTestRunner.java:382)
	at org.eclipse.jdt.internal.junit.runner.RemoteTestRunner.main(RemoteTestRunner.java:192)

</failure>
    </testcase>
    <testcase name="testInitialState" classname="cc.mallet.fst.tests.TestFeatureTransducer" time="0.001">
      <failure>junit.framework.AssertionFailedError
	at junit.framework.Assert.fail(Assert.java:48)
	at junit.framework.Assert.assertTrue(Assert.java:20)
	at junit.framework.Assert.assertTrue(Assert.java:27)
	at cc.mallet.fst.tests.TestFeatureTransducer.testInitialState(TestFeatureTransducer.java:86)
	at sun.reflect.NativeMethodAccessorImpl.invoke0(Native Method)
	at sun.reflect.NativeMethodAccessorImpl.invoke(NativeMethodAccessorImpl.java:57)
	at sun.reflect.DelegatingMethodAccessorImpl.invoke(DelegatingMethodAccessorImpl.java:43)
	at java.lang.reflect.Method.invoke(Method.java:606)
	at junit.framework.TestCase.runTest(TestCase.java:168)
	at junit.framework.TestCase.runBare(TestCase.java:134)
	at junit.framework.TestResult$1.protect(TestResult.java:110)
	at junit.framework.TestResult.runProtected(TestResult.java:128)
	at junit.framework.TestResult.run(TestResult.java:113)
	at junit.framework.TestCase.run(TestCase.java:124)
	at junit.framework.TestSuite.runTest(TestSuite.java:243)
	at junit.framework.TestSuite.run(TestSuite.java:238)
	at org.junit.internal.runners.JUnit38ClassRunner.run(JUnit38ClassRunner.java:83)
	at org.eclipse.jdt.internal.junit4.runner.JUnit4TestReference.run(JUnit4TestReference.java:86)
	at org.eclipse.jdt.internal.junit.runner.TestExecution.run(TestExecution.java:38)
	at org.eclipse.jdt.internal.junit.runner.RemoteTestRunner.runTests(RemoteTestRunner.java:459)
	at org.eclipse.jdt.internal.junit.runner.RemoteTestRunner.runTests(RemoteTestRunner.java:675)
	at org.eclipse.jdt.internal.junit.runner.RemoteTestRunner.run(RemoteTestRunner.java:382)
	at org.eclipse.jdt.internal.junit.runner.RemoteTestRunner.main(RemoteTestRunner.java:192)

</failure>
    </testcase>
    <testcase name="testForwardBackward" classname="cc.mallet.fst.tests.TestFeatureTransducer" time="0.0"/>
    <testcase name="testViterbi" classname="cc.mallet.fst.tests.TestFeatureTransducer" time="0.001">
      <failure>junit.framework.AssertionFailedError
	at junit.framework.Assert.fail(Assert.java:48)
	at junit.framework.Assert.assertTrue(Assert.java:20)
	at junit.framework.Assert.assertTrue(Assert.java:27)
	at cc.mallet.fst.tests.TestFeatureTransducer.testViterbi(TestFeatureTransducer.java:100)
	at sun.reflect.NativeMethodAccessorImpl.invoke0(Native Method)
	at sun.reflect.NativeMethodAccessorImpl.invoke(NativeMethodAccessorImpl.java:57)
	at sun.reflect.DelegatingMethodAccessorImpl.invoke(DelegatingMethodAccessorImpl.java:43)
	at java.lang.reflect.Method.invoke(Method.java:606)
	at junit.framework.TestCase.runTest(TestCase.java:168)
	at junit.framework.TestCase.runBare(TestCase.java:134)
	at junit.framework.TestResult$1.protect(TestResult.java:110)
	at junit.framework.TestResult.runProtected(TestResult.java:128)
	at junit.framework.TestResult.run(TestResult.java:113)
	at junit.framework.TestCase.run(TestCase.java:124)
	at junit.framework.TestSuite.runTest(TestSuite.java:243)
	at junit.framework.TestSuite.run(TestSuite.java:238)
	at org.junit.internal.runners.JUnit38ClassRunner.run(JUnit38ClassRunner.java:83)
	at org.eclipse.jdt.internal.junit4.runner.JUnit4TestReference.run(JUnit4TestReference.java:86)
	at org.eclipse.jdt.internal.junit.runner.TestExecution.run(TestExecution.java:38)
	at org.eclipse.jdt.internal.junit.runner.RemoteTestRunner.runTests(RemoteTestRunner.java:459)
	at org.eclipse.jdt.internal.junit.runner.RemoteTestRunner.runTests(RemoteTestRunner.java:675)
	at org.eclipse.jdt.internal.junit.runner.RemoteTestRunner.run(RemoteTestRunner.java:382)
	at org.eclipse.jdt.internal.junit.runner.RemoteTestRunner.main(RemoteTestRunner.java:192)

</failure>
    </testcase>
    <testcase name="testEstimate" classname="cc.mallet.fst.tests.TestFeatureTransducer" time="0.0"/>
  </testsuite>
  <testsuite name="cc.mallet.grmm.test.TestRandomGraphs" time="1.283">
    <testcase name="testAttractiveGraphs" classname="cc.mallet.grmm.test.TestRandomGraphs" time="0.404"/>
    <testcase name="testRepulsiveGraphs" classname="cc.mallet.grmm.test.TestRandomGraphs" time="0.207"/>
    <testcase name="testFrustratedGraphs" classname="cc.mallet.grmm.test.TestRandomGraphs" time="0.223"/>
    <testcase name="testFrustratedIsGrid" classname="cc.mallet.grmm.test.TestRandomGraphs" time="0.435"/>
    <testcase name="testUniformGrid" classname="cc.mallet.grmm.test.TestRandomGraphs" time="0.012"/>
    <testcase name="testUniformGridWithObservations" classname="cc.mallet.grmm.test.TestRandomGraphs" time="0.002"/>
  </testsuite>
  <testsuite name="cc.mallet.optimize.tests.TestOptimizer" time="0.004">
    <testcase name="testGradientAscent" classname="cc.mallet.optimize.tests.TestOptimizer" time="0.001"/>
    <testcase name="testLinearLBFGS" classname="cc.mallet.optimize.tests.TestOptimizer" time="0.0"/>
    <testcase name="testOrthantWiseLBFGSWithoutL1" classname="cc.mallet.optimize.tests.TestOptimizer" time="0.001"/>
    <testcase name="testOrthantWiseLBFGSWithL1" classname="cc.mallet.optimize.tests.TestOptimizer" time="0.001"/>
    <testcase name="testConjugateGradient" classname="cc.mallet.optimize.tests.TestOptimizer" time="0.001"/>
  </testsuite>
  <testsuite name="cc.mallet.grmm.test.TestFactorGraph" time="0.64">
    <testcase name="testValue" classname="cc.mallet.grmm.test.TestFactorGraph" time="0.001"/>
    <testcase name="testMarginalize" classname="cc.mallet.grmm.test.TestFactorGraph" time="0.0"/>
    <testcase name="testSum" classname="cc.mallet.grmm.test.TestFactorGraph" time="0.001"/>
    <testcase name="testMultiplyBy" classname="cc.mallet.grmm.test.TestFactorGraph" time="0.0"/>
    <testcase name="testNumVariables" classname="cc.mallet.grmm.test.TestFactorGraph" time="0.0"/>
    <testcase name="testMultiply" classname="cc.mallet.grmm.test.TestFactorGraph" time="0.0"/>
    <testcase name="testNormalize" classname="cc.mallet.grmm.test.TestFactorGraph" time="0.0"/>
    <testcase name="testLogNormalize" classname="cc.mallet.grmm.test.TestFactorGraph" time="0.001"/>
    <testcase name="testEmbeddedFactorGraph" classname="cc.mallet.grmm.test.TestFactorGraph" time="0.0"/>
    <testcase name="testAsTable" classname="cc.mallet.grmm.test.TestFactorGraph" time="0.0"/>
    <testcase name="testTableTimesFg" classname="cc.mallet.grmm.test.TestFactorGraph" time="0.001"/>
    <testcase name="testLogTableTimesFg" classname="cc.mallet.grmm.test.TestFactorGraph" time="0.0"/>
    <testcase name="testRemove" classname="cc.mallet.grmm.test.TestFactorGraph" time="0.001"/>
    <testcase name="testRedundantDomains" classname="cc.mallet.grmm.test.TestFactorGraph" time="0.0"/>
    <testcase name="testContinousSample" classname="cc.mallet.grmm.test.TestFactorGraph" time="0.001">
      <error>java.lang.RuntimeException: Error reading line:
x1 x2 ~ BinaryPair sigma
	at cc.mallet.grmm.util.ModelReader.readModel(ModelReader.java:89)
	at cc.mallet.grmm.test.TestFactorGraph.testContinousSample(TestFactorGraph.java:273)
	at sun.reflect.NativeMethodAccessorImpl.invoke0(Native Method)
	at sun.reflect.NativeMethodAccessorImpl.invoke(NativeMethodAccessorImpl.java:57)
	at sun.reflect.DelegatingMethodAccessorImpl.invoke(DelegatingMethodAccessorImpl.java:43)
	at java.lang.reflect.Method.invoke(Method.java:606)
	at junit.framework.TestCase.runTest(TestCase.java:168)
	at junit.framework.TestCase.runBare(TestCase.java:134)
	at junit.framework.TestResult$1.protect(TestResult.java:110)
	at junit.framework.TestResult.runProtected(TestResult.java:128)
	at junit.framework.TestResult.run(TestResult.java:113)
	at junit.framework.TestCase.run(TestCase.java:124)
	at junit.framework.TestSuite.runTest(TestSuite.java:243)
	at junit.framework.TestSuite.run(TestSuite.java:238)
	at org.junit.internal.runners.JUnit38ClassRunner.run(JUnit38ClassRunner.java:83)
	at org.eclipse.jdt.internal.junit4.runner.JUnit4TestReference.run(JUnit4TestReference.java:86)
	at org.eclipse.jdt.internal.junit.runner.TestExecution.run(TestExecution.java:38)
	at org.eclipse.jdt.internal.junit.runner.RemoteTestRunner.runTests(RemoteTestRunner.java:459)
	at org.eclipse.jdt.internal.junit.runner.RemoteTestRunner.runTests(RemoteTestRunner.java:675)
	at org.eclipse.jdt.internal.junit.runner.RemoteTestRunner.run(RemoteTestRunner.java:382)
	at org.eclipse.jdt.internal.junit.runner.RemoteTestRunner.main(RemoteTestRunner.java:192)
Caused by: java.lang.RuntimeException: Invalid argments for factor class cc.mallet.grmm.types.BoltzmannPairFactor
Args were:
x1 x2 sigma 
class cc.mallet.grmm.types.Variable class cc.mallet.grmm.types.Variable class cc.mallet.grmm.types.Variable 

	at cc.mallet.grmm.util.ModelReader.findCtor(ModelReader.java:191)
	at cc.mallet.grmm.util.ModelReader.constructFactor(ModelReader.java:154)
	at cc.mallet.grmm.util.ModelReader.factorFromLine(ModelReader.java:137)
	at cc.mallet.grmm.util.ModelReader.readModel(ModelReader.java:85)
	... 20 more

</error>
    </testcase>
    <testcase name="testContinousSample2" classname="cc.mallet.grmm.test.TestFactorGraph" time="0.001">
      <error>java.lang.RuntimeException: Error reading line:
x1 x2 ~ BinaryPair sigma
	at cc.mallet.grmm.util.ModelReader.readModel(ModelReader.java:89)
	at cc.mallet.grmm.test.TestFactorGraph.testContinousSample2(TestFactorGraph.java:301)
	at sun.reflect.NativeMethodAccessorImpl.invoke0(Native Method)
	at sun.reflect.NativeMethodAccessorImpl.invoke(NativeMethodAccessorImpl.java:57)
	at sun.reflect.DelegatingMethodAccessorImpl.invoke(DelegatingMethodAccessorImpl.java:43)
	at java.lang.reflect.Method.invoke(Method.java:606)
	at junit.framework.TestCase.runTest(TestCase.java:168)
	at junit.framework.TestCase.runBare(TestCase.java:134)
	at junit.framework.TestResult$1.protect(TestResult.java:110)
	at junit.framework.TestResult.runProtected(TestResult.java:128)
	at junit.framework.TestResult.run(TestResult.java:113)
	at junit.framework.TestCase.run(TestCase.java:124)
	at junit.framework.TestSuite.runTest(TestSuite.java:243)
	at junit.framework.TestSuite.run(TestSuite.java:238)
	at org.junit.internal.runners.JUnit38ClassRunner.run(JUnit38ClassRunner.java:83)
	at org.eclipse.jdt.internal.junit4.runner.JUnit4TestReference.run(JUnit4TestReference.java:86)
	at org.eclipse.jdt.internal.junit.runner.TestExecution.run(TestExecution.java:38)
	at org.eclipse.jdt.internal.junit.runner.RemoteTestRunner.runTests(RemoteTestRunner.java:459)
	at org.eclipse.jdt.internal.junit.runner.RemoteTestRunner.runTests(RemoteTestRunner.java:675)
	at org.eclipse.jdt.internal.junit.runner.RemoteTestRunner.run(RemoteTestRunner.java:382)
	at org.eclipse.jdt.internal.junit.runner.RemoteTestRunner.main(RemoteTestRunner.java:192)
Caused by: java.lang.RuntimeException: Invalid argments for factor class cc.mallet.grmm.types.BoltzmannPairFactor
Args were:
x1 x2 sigma 
class cc.mallet.grmm.types.Variable class cc.mallet.grmm.types.Variable class cc.mallet.grmm.types.Variable 

	at cc.mallet.grmm.util.ModelReader.findCtor(ModelReader.java:191)
	at cc.mallet.grmm.util.ModelReader.constructFactor(ModelReader.java:154)
	at cc.mallet.grmm.util.ModelReader.factorFromLine(ModelReader.java:137)
	at cc.mallet.grmm.util.ModelReader.readModel(ModelReader.java:85)
	... 20 more

</error>
    </testcase>
    <testcase name="testAllFactorsOf" classname="cc.mallet.grmm.test.TestFactorGraph" time="0.001">
      <error>java.lang.RuntimeException: Error reading line:
x1 x2 ~ BinaryPair sigma
	at cc.mallet.grmm.util.ModelReader.readModel(ModelReader.java:89)
	at cc.mallet.grmm.test.TestFactorGraph.testAllFactorsOf(TestFactorGraph.java:325)
	at sun.reflect.NativeMethodAccessorImpl.invoke0(Native Method)
	at sun.reflect.NativeMethodAccessorImpl.invoke(NativeMethodAccessorImpl.java:57)
	at sun.reflect.DelegatingMethodAccessorImpl.invoke(DelegatingMethodAccessorImpl.java:43)
	at java.lang.reflect.Method.invoke(Method.java:606)
	at junit.framework.TestCase.runTest(TestCase.java:168)
	at junit.framework.TestCase.runBare(TestCase.java:134)
	at junit.framework.TestResult$1.protect(TestResult.java:110)
	at junit.framework.TestResult.runProtected(TestResult.java:128)
	at junit.framework.TestResult.run(TestResult.java:113)
	at junit.framework.TestCase.run(TestCase.java:124)
	at junit.framework.TestSuite.runTest(TestSuite.java:243)
	at junit.framework.TestSuite.run(TestSuite.java:238)
	at org.junit.internal.runners.JUnit38ClassRunner.run(JUnit38ClassRunner.java:83)
	at org.eclipse.jdt.internal.junit4.runner.JUnit4TestReference.run(JUnit4TestReference.java:86)
	at org.eclipse.jdt.internal.junit.runner.TestExecution.run(TestExecution.java:38)
	at org.eclipse.jdt.internal.junit.runner.RemoteTestRunner.runTests(RemoteTestRunner.java:459)
	at org.eclipse.jdt.internal.junit.runner.RemoteTestRunner.runTests(RemoteTestRunner.java:675)
	at org.eclipse.jdt.internal.junit.runner.RemoteTestRunner.run(RemoteTestRunner.java:382)
	at org.eclipse.jdt.internal.junit.runner.RemoteTestRunner.main(RemoteTestRunner.java:192)
Caused by: java.lang.RuntimeException: Invalid argments for factor class cc.mallet.grmm.types.BoltzmannPairFactor
Args were:
x1 x2 sigma 
class cc.mallet.grmm.types.Variable class cc.mallet.grmm.types.Variable class cc.mallet.grmm.types.Variable 

	at cc.mallet.grmm.util.ModelReader.findCtor(ModelReader.java:191)
	at cc.mallet.grmm.util.ModelReader.constructFactor(ModelReader.java:154)
	at cc.mallet.grmm.util.ModelReader.factorFromLine(ModelReader.java:137)
	at cc.mallet.grmm.util.ModelReader.readModel(ModelReader.java:85)
	... 20 more

</error>
    </testcase>
    <testcase name="testAllFactorsOf2" classname="cc.mallet.grmm.test.TestFactorGraph" time="0.0"/>
    <testcase name="testAsTable2" classname="cc.mallet.grmm.test.TestFactorGraph" time="0.001"/>
    <testcase name="testClear" classname="cc.mallet.grmm.test.TestFactorGraph" time="0.0"/>
    <testcase name="testCacheExpanding" classname="cc.mallet.grmm.test.TestFactorGraph" time="0.631">
      <failure>junit.framework.AssertionFailedError
	at junit.framework.Assert.fail(Assert.java:48)
	at junit.framework.Assert.assertTrue(Assert.java:20)
	at junit.framework.Assert.assertTrue(Assert.java:27)
	at cc.mallet.grmm.test.TestFactorGraph.testCacheExpanding(TestFactorGraph.java:418)
	at sun.reflect.NativeMethodAccessorImpl.invoke0(Native Method)
	at sun.reflect.NativeMethodAccessorImpl.invoke(NativeMethodAccessorImpl.java:57)
	at sun.reflect.DelegatingMethodAccessorImpl.invoke(DelegatingMethodAccessorImpl.java:43)
	at java.lang.reflect.Method.invoke(Method.java:606)
	at junit.framework.TestCase.runTest(TestCase.java:168)
	at junit.framework.TestCase.runBare(TestCase.java:134)
	at junit.framework.TestResult$1.protect(TestResult.java:110)
	at junit.framework.TestResult.runProtected(TestResult.java:128)
	at junit.framework.TestResult.run(TestResult.java:113)
	at junit.framework.TestCase.run(TestCase.java:124)
	at junit.framework.TestSuite.runTest(TestSuite.java:243)
	at junit.framework.TestSuite.run(TestSuite.java:238)
	at org.junit.internal.runners.JUnit38ClassRunner.run(JUnit38ClassRunner.java:83)
	at org.eclipse.jdt.internal.junit4.runner.JUnit4TestReference.run(JUnit4TestReference.java:86)
	at org.eclipse.jdt.internal.junit.runner.TestExecution.run(TestExecution.java:38)
	at org.eclipse.jdt.internal.junit.runner.RemoteTestRunner.runTests(RemoteTestRunner.java:459)
	at org.eclipse.jdt.internal.junit.runner.RemoteTestRunner.runTests(RemoteTestRunner.java:675)
	at org.eclipse.jdt.internal.junit.runner.RemoteTestRunner.run(RemoteTestRunner.java:382)
	at org.eclipse.jdt.internal.junit.runner.RemoteTestRunner.main(RemoteTestRunner.java:192)

</failure>
    </testcase>
  </testsuite>
  <testsuite name="cc.mallet.classify.tests.TestMaxEntTrainer" time="0.006">
    <testcase name="testSetGetParameters" classname="cc.mallet.classify.tests.TestMaxEntTrainer" time="0.001"/>
    <testcase name="testRandomMaximizable" classname="cc.mallet.classify.tests.TestMaxEntTrainer" time="0.002"/>
    <testcase name="testTrainedMaximizable" classname="cc.mallet.classify.tests.TestMaxEntTrainer" time="0.003"/>
  </testsuite>
  <testsuite name="cc.mallet.types.tests.TestFeatureVector" time="0.001">
    <testcase name="testDuplicateValueFromFeatureSequence" classname="cc.mallet.types.tests.TestFeatureVector" time="0.0"/>
    <testcase name="testSingleValueFromFeatureSequence" classname="cc.mallet.types.tests.TestFeatureVector" time="0.0"/>
    <testcase name="testSizeFromFeatureSequence" classname="cc.mallet.types.tests.TestFeatureVector" time="0.001"/>
  </testsuite>
  <testsuite name="cc.mallet.grmm.test.TestAssignment" time="0.449">
    <testcase name="testSetValue" classname="cc.mallet.grmm.test.TestAssignment" time="0.0"/>
    <testcase name="testMarginalize" classname="cc.mallet.grmm.test.TestAssignment" time="0.0"/>
    <testcase name="testMarginalizeOut" classname="cc.mallet.grmm.test.TestAssignment" time="0.0"/>
    <testcase name="testSerialization" classname="cc.mallet.grmm.test.TestAssignment" time="0.446"/>
    <testcase name="testScale" classname="cc.mallet.grmm.test.TestAssignment" time="0.0"/>
    <testcase name="testScaleMarginalize" classname="cc.mallet.grmm.test.TestAssignment" time="0.0"/>
    <testcase name="testUnion" classname="cc.mallet.grmm.test.TestAssignment" time="0.0"/>
    <testcase name="testMultiRow" classname="cc.mallet.grmm.test.TestAssignment" time="0.0"/>
    <testcase name="testSetRow" classname="cc.mallet.grmm.test.TestAssignment" time="0.001"/>
    <testcase name="testSetRowFromAssn" classname="cc.mallet.grmm.test.TestAssignment" time="0.0"/>
    <testcase name="testSetValueDup" classname="cc.mallet.grmm.test.TestAssignment" time="0.0"/>
    <testcase name="testSetValueExpand" classname="cc.mallet.grmm.test.TestAssignment" time="0.0"/>
    <testcase name="testAddRowMixed" classname="cc.mallet.grmm.test.TestAssignment" time="0.0"/>
    <testcase name="testAsTable" classname="cc.mallet.grmm.test.TestAssignment" time="0.0"/>
    <testcase name="testSimple" classname="cc.mallet.grmm.test.TestAssignment" time="0.002"/>
  </testsuite>
  <testsuite name="cc.mallet.grmm.test.TestInference" time="17.188">
    <testcase name="testSerializable" classname="cc.mallet.grmm.test.TestInference" time="0.291"/>
    <testcase name="testSumLogProb" classname="cc.mallet.grmm.test.TestInference" time="0.014"/>
    <testcase name="testUniformJoint" classname="cc.mallet.grmm.test.TestInference" time="0.016"/>
    <testcase name="testJointConsistent" classname="cc.mallet.grmm.test.TestInference" time="0.017"/>
    <testcase name="testFactorizedJoint" classname="cc.mallet.grmm.test.TestInference" time="0.637"/>
    <testcase name="testMarginals" classname="cc.mallet.grmm.test.TestInference" time="15.097"/>
    <testcase name="testQuery" classname="cc.mallet.grmm.test.TestInference" time="0.028"/>
    <testcase name="testJtConsistency" classname="cc.mallet.grmm.test.TestInference" time="0.013"/>
    <testcase name="testTrp" classname="cc.mallet.grmm.test.TestInference" time="0.01"/>
    <testcase name="testTrpJoint" classname="cc.mallet.grmm.test.TestInference" time="0.005"/>
    <testcase name="testTrpNonDestructivity" classname="cc.mallet.grmm.test.TestInference" time="0.005"/>
    <testcase name="testTrpReuse" classname="cc.mallet.grmm.test.TestInference" time="0.035"/>
    <testcase name="testTrpTreeList" classname="cc.mallet.grmm.test.TestInference" time="0.05">
      <failure>junit.framework.AssertionFailedError: 
[TableFactor : (C V0)]
0  0.6932270916334662
1  0.30677290836653387
 Sum = 1.0

[TableFactor : (C V0)]
0  0.5507048658481126
1  0.44929513415188715
 Sum = 0.9999999999999998

	at junit.framework.Assert.fail(Assert.java:50)
	at junit.framework.Assert.assertTrue(Assert.java:20)
	at cc.mallet.grmm.test.TestInference.compareMarginals(TestInference.java:1275)
	at cc.mallet.grmm.test.TestInference.testTrpTreeList(TestInference.java:963)
	at sun.reflect.NativeMethodAccessorImpl.invoke0(Native Method)
	at sun.reflect.NativeMethodAccessorImpl.invoke(NativeMethodAccessorImpl.java:57)
	at sun.reflect.DelegatingMethodAccessorImpl.invoke(DelegatingMethodAccessorImpl.java:43)
	at java.lang.reflect.Method.invoke(Method.java:606)
	at junit.framework.TestCase.runTest(TestCase.java:168)
	at junit.framework.TestCase.runBare(TestCase.java:134)
	at junit.framework.TestResult$1.protect(TestResult.java:110)
	at junit.framework.TestResult.runProtected(TestResult.java:128)
	at junit.framework.TestResult.run(TestResult.java:113)
	at junit.framework.TestCase.run(TestCase.java:124)
	at junit.framework.TestSuite.runTest(TestSuite.java:243)
	at junit.framework.TestSuite.run(TestSuite.java:238)
	at org.junit.internal.runners.JUnit38ClassRunner.run(JUnit38ClassRunner.java:83)
	at org.eclipse.jdt.internal.junit4.runner.JUnit4TestReference.run(JUnit4TestReference.java:86)
	at org.eclipse.jdt.internal.junit.runner.TestExecution.run(TestExecution.java:38)
	at org.eclipse.jdt.internal.junit.runner.RemoteTestRunner.runTests(RemoteTestRunner.java:459)
	at org.eclipse.jdt.internal.junit.runner.RemoteTestRunner.runTests(RemoteTestRunner.java:675)
	at org.eclipse.jdt.internal.junit.runner.RemoteTestRunner.run(RemoteTestRunner.java:382)
	at org.eclipse.jdt.internal.junit.runner.RemoteTestRunner.main(RemoteTestRunner.java:192)

</failure>
    </testcase>
    <testcase name="testUndirectedIndices" classname="cc.mallet.grmm.test.TestInference" time="0.006"/>
    <testcase name="testTrpViterbiEquiv" classname="cc.mallet.grmm.test.TestInference" time="0.007"/>
    <testcase name="testTrpOnTrees" classname="cc.mallet.grmm.test.TestInference" time="0.007"/>
    <testcase name="testTrpViterbiEquiv2" classname="cc.mallet.grmm.test.TestInference" time="0.007"/>
    <testcase name="testTreeViterbi" classname="cc.mallet.grmm.test.TestInference" time="0.006"/>
    <testcase name="testJtViterbi" classname="cc.mallet.grmm.test.TestInference" time="0.019"/>
    <testcase name="testMaxMarginals" classname="cc.mallet.grmm.test.TestInference" time="0.042"/>
    <testcase name="testBeliefPropagation" classname="cc.mallet.grmm.test.TestInference" time="0.007"/>
    <testcase name="testBpJoint" classname="cc.mallet.grmm.test.TestInference" time="0.063"/>
    <testcase name="testDirectedJt" classname="cc.mallet.grmm.test.TestInference" time="0.007"/>
    <testcase name="testLogMarginalize" classname="cc.mallet.grmm.test.TestInference" time="0.022"/>
    <testcase name="testInfiniteCost" classname="cc.mallet.grmm.test.TestInference" time="0.014"/>
    <testcase name="testJtCaching" classname="cc.mallet.grmm.test.TestInference" time="0.03"/>
    <testcase name="testFindVariable" classname="cc.mallet.grmm.test.TestInference" time="0.009"/>
    <testcase name="testDefaultLookupMarginal" classname="cc.mallet.grmm.test.TestInference" time="0.009"/>
    <testcase name="testDisconnectedModel" classname="cc.mallet.grmm.test.TestInference" time="0.009"/>
    <testcase name="testDestructiveAssignment" classname="cc.mallet.grmm.test.TestInference" time="0.005"/>
    <testcase name="testLoopyConvergence" classname="cc.mallet.grmm.test.TestInference" time="0.01"/>
    <testcase name="testSingletonGraph" classname="cc.mallet.grmm.test.TestInference" time="0.004"/>
    <testcase name="testLoopyCaching" classname="cc.mallet.grmm.test.TestInference" time="0.021"/>
    <testcase name="testJunctionTreeConnectedFromRoot" classname="cc.mallet.grmm.test.TestInference" time="0.005"/>
    <testcase name="testBpLargeModels" classname="cc.mallet.grmm.test.TestInference" time="0.258"/>
    <testcase name="testTrpLargeModels" classname="cc.mallet.grmm.test.TestInference" time="0.394"/>
    <testcase name="testJtConstant" classname="cc.mallet.grmm.test.TestInference" time="0.003">
      <error>java.lang.RuntimeException: Error reading line:
x00 ~ Unary u
	at cc.mallet.grmm.util.ModelReader.readModel(ModelReader.java:89)
	at cc.mallet.grmm.test.TestInference.testJtConstant(TestInference.java:1751)
	at sun.reflect.NativeMethodAccessorImpl.invoke0(Native Method)
	at sun.reflect.NativeMethodAccessorImpl.invoke(NativeMethodAccessorImpl.java:57)
	at sun.reflect.DelegatingMethodAccessorImpl.invoke(DelegatingMethodAccessorImpl.java:43)
	at java.lang.reflect.Method.invoke(Method.java:606)
	at junit.framework.TestCase.runTest(TestCase.java:168)
	at junit.framework.TestCase.runBare(TestCase.java:134)
	at junit.framework.TestResult$1.protect(TestResult.java:110)
	at junit.framework.TestResult.runProtected(TestResult.java:128)
	at junit.framework.TestResult.run(TestResult.java:113)
	at junit.framework.TestCase.run(TestCase.java:124)
	at junit.framework.TestSuite.runTest(TestSuite.java:243)
	at junit.framework.TestSuite.run(TestSuite.java:238)
	at org.junit.internal.runners.JUnit38ClassRunner.run(JUnit38ClassRunner.java:83)
	at org.eclipse.jdt.internal.junit4.runner.JUnit4TestReference.run(JUnit4TestReference.java:86)
	at org.eclipse.jdt.internal.junit.runner.TestExecution.run(TestExecution.java:38)
	at org.eclipse.jdt.internal.junit.runner.RemoteTestRunner.runTests(RemoteTestRunner.java:459)
	at org.eclipse.jdt.internal.junit.runner.RemoteTestRunner.runTests(RemoteTestRunner.java:675)
	at org.eclipse.jdt.internal.junit.runner.RemoteTestRunner.run(RemoteTestRunner.java:382)
	at org.eclipse.jdt.internal.junit.runner.RemoteTestRunner.main(RemoteTestRunner.java:192)
Caused by: java.lang.RuntimeException: Invalid argments for factor class cc.mallet.grmm.types.BoltzmannUnaryFactor
Args were:
x00 u 
class cc.mallet.grmm.types.Variable class cc.mallet.grmm.types.Variable 

	at cc.mallet.grmm.util.ModelReader.findCtor(ModelReader.java:191)
	at cc.mallet.grmm.util.ModelReader.constructFactor(ModelReader.java:154)
	at cc.mallet.grmm.util.ModelReader.factorFromLine(ModelReader.java:137)
	at cc.mallet.grmm.util.ModelReader.readModel(ModelReader.java:85)
	... 20 more

</error>
    </testcase>
    <testcase name="testMultiply" classname="cc.mallet.grmm.test.TestInference" time="0.003"/>
    <testcase name="testLogNormalize" classname="cc.mallet.grmm.test.TestInference" time="0.003"/>
  </testsuite>
  <testsuite name="cc.mallet.types.tests.TestLabelVector" time="0.0">
    <testcase name="testValue" classname="cc.mallet.types.tests.TestLabelVector" time="0.0"/>
    <testcase name="testGetBestLabel" classname="cc.mallet.types.tests.TestLabelVector" time="0.0"/>
    <testcase name="testGetLabelAtRank" classname="cc.mallet.types.tests.TestLabelVector" time="0.0"/>
  </testsuite>
  <testsuite name="cc.mallet.grmm.test.TestTRP" time="0.003">
    <testcase name="testEarlyStopping" classname="cc.mallet.grmm.test.TestTRP" time="0.003"/>
  </testsuite>
  <testsuite name="cc.mallet.util.tests.TestPropertyList" time="0.001">
    <testcase name="testOne" classname="cc.mallet.util.tests.TestPropertyList" time="0.001"/>
  </testsuite>
  <testsuite name="cc.mallet.grmm.test.TestLogTableFactor" time="0.004">
    <testcase name="testPlusEquals" classname="cc.mallet.grmm.test.TestLogTableFactor" time="0.0"/>
    <testcase name="testTblTblPlusEquals" classname="cc.mallet.grmm.test.TestLogTableFactor" time="0.0"/>
    <testcase name="testOneVarSlice" classname="cc.mallet.grmm.test.TestLogTableFactor" time="0.0"/>
    <testcase name="testTwoVarSlice" classname="cc.mallet.grmm.test.TestLogTableFactor" time="0.0"/>
    <testcase name="testMultiVarSlice" classname="cc.mallet.grmm.test.TestLogTableFactor" time="0.001"/>
    <testcase name="testLogSample" classname="cc.mallet.grmm.test.TestLogTableFactor" time="0.0"/>
    <testcase name="testTimesTableFactor" classname="cc.mallet.grmm.test.TestLogTableFactor" time="0.0"/>
    <testcase name="testMultiplyByLogSpace" classname="cc.mallet.grmm.test.TestLogTableFactor" time="0.0"/>
    <testcase name="testDivideByLogSpace" classname="cc.mallet.grmm.test.TestLogTableFactor" time="0.0"/>
    <testcase name="testEntropyLogSpace" classname="cc.mallet.grmm.test.TestLogTableFactor" time="0.0"/>
    <testcase name="testExtractMaxLogSpace" classname="cc.mallet.grmm.test.TestLogTableFactor" time="0.0"/>
    <testcase name="testLogValue" classname="cc.mallet.grmm.test.TestLogTableFactor" time="0.001"/>
    <testcase name="testSparseValueAndLogValue" classname="cc.mallet.grmm.test.TestLogTableFactor" time="0.001"/>
    <testcase name="testSparseMultiplyLogSpace" classname="cc.mallet.grmm.test.TestLogTableFactor" time="0.0">
      <failure>junit.framework.AssertionFailedError: Tast failed! Expected: [LogTableFactor : (C VAR59185 VAR59186)] Actual: [LogTableFactor : (C VAR59185 VAR59186)]
	at junit.framework.Assert.fail(Assert.java:50)
	at junit.framework.Assert.assertTrue(Assert.java:20)
	at cc.mallet.grmm.test.TestLogTableFactor.testSparseMultiplyLogSpace(TestLogTableFactor.java:306)
	at sun.reflect.NativeMethodAccessorImpl.invoke0(Native Method)
	at sun.reflect.NativeMethodAccessorImpl.invoke(NativeMethodAccessorImpl.java:57)
	at sun.reflect.DelegatingMethodAccessorImpl.invoke(DelegatingMethodAccessorImpl.java:43)
	at java.lang.reflect.Method.invoke(Method.java:606)
	at junit.framework.TestCase.runTest(TestCase.java:168)
	at junit.framework.TestCase.runBare(TestCase.java:134)
	at junit.framework.TestResult$1.protect(TestResult.java:110)
	at junit.framework.TestResult.runProtected(TestResult.java:128)
	at junit.framework.TestResult.run(TestResult.java:113)
	at junit.framework.TestCase.run(TestCase.java:124)
	at junit.framework.TestSuite.runTest(TestSuite.java:243)
	at junit.framework.TestSuite.run(TestSuite.java:238)
	at org.junit.internal.runners.JUnit38ClassRunner.run(JUnit38ClassRunner.java:83)
	at org.eclipse.jdt.internal.junit4.runner.JUnit4TestReference.run(JUnit4TestReference.java:86)
	at org.eclipse.jdt.internal.junit.runner.TestExecution.run(TestExecution.java:38)
	at org.eclipse.jdt.internal.junit.runner.RemoteTestRunner.runTests(RemoteTestRunner.java:459)
	at org.eclipse.jdt.internal.junit.runner.RemoteTestRunner.runTests(RemoteTestRunner.java:675)
	at org.eclipse.jdt.internal.junit.runner.RemoteTestRunner.run(RemoteTestRunner.java:382)
	at org.eclipse.jdt.internal.junit.runner.RemoteTestRunner.main(RemoteTestRunner.java:192)

</failure>
    </testcase>
    <testcase name="testSparseDivideLogSpace" classname="cc.mallet.grmm.test.TestLogTableFactor" time="0.0">
      <failure>junit.framework.AssertionFailedError: Tast failed! Expected: [LogTableFactor : (C VAR59187 VAR59188)] Actual: [LogTableFactor : (C VAR59187 VAR59188)]
	at junit.framework.Assert.fail(Assert.java:50)
	at junit.framework.Assert.assertTrue(Assert.java:20)
	at cc.mallet.grmm.test.TestLogTableFactor.testSparseDivideLogSpace(TestLogTableFactor.java:328)
	at sun.reflect.NativeMethodAccessorImpl.invoke0(Native Method)
	at sun.reflect.NativeMethodAccessorImpl.invoke(NativeMethodAccessorImpl.java:57)
	at sun.reflect.DelegatingMethodAccessorImpl.invoke(DelegatingMethodAccessorImpl.java:43)
	at java.lang.reflect.Method.invoke(Method.java:606)
	at junit.framework.TestCase.runTest(TestCase.java:168)
	at junit.framework.TestCase.runBare(TestCase.java:134)
	at junit.framework.TestResult$1.protect(TestResult.java:110)
	at junit.framework.TestResult.runProtected(TestResult.java:128)
	at junit.framework.TestResult.run(TestResult.java:113)
	at junit.framework.TestCase.run(TestCase.java:124)
	at junit.framework.TestSuite.runTest(TestSuite.java:243)
	at junit.framework.TestSuite.run(TestSuite.java:238)
	at org.junit.internal.runners.JUnit38ClassRunner.run(JUnit38ClassRunner.java:83)
	at org.eclipse.jdt.internal.junit4.runner.JUnit4TestReference.run(JUnit4TestReference.java:86)
	at org.eclipse.jdt.internal.junit.runner.TestExecution.run(TestExecution.java:38)
	at org.eclipse.jdt.internal.junit.runner.RemoteTestRunner.runTests(RemoteTestRunner.java:459)
	at org.eclipse.jdt.internal.junit.runner.RemoteTestRunner.runTests(RemoteTestRunner.java:675)
	at org.eclipse.jdt.internal.junit.runner.RemoteTestRunner.run(RemoteTestRunner.java:382)
	at org.eclipse.jdt.internal.junit.runner.RemoteTestRunner.main(RemoteTestRunner.java:192)

</failure>
    </testcase>
    <testcase name="testSparseMarginalizeLogSpace" classname="cc.mallet.grmm.test.TestLogTableFactor" time="0.001"/>
    <testcase name="testRecenter" classname="cc.mallet.grmm.test.TestLogTableFactor" time="0.0"/>
    <testcase name="testRecenter2" classname="cc.mallet.grmm.test.TestLogTableFactor" time="0.0"/>
  </testsuite>
  <testsuite name="cc.mallet.types.tests.TestMultinomial" time="0.0">
    <testcase name="testMultinomial" classname="cc.mallet.types.tests.TestMultinomial" time="0.0"/>
    <testcase name="testEstimating" classname="cc.mallet.types.tests.TestMultinomial" time="0.0"/>
  </testsuite>
  <testsuite name="cc.mallet.pipe.tests.TestRainbowStyle" time="0.001">
    <testcase name="testThree" classname="cc.mallet.pipe.tests.TestRainbowStyle" time="0.001">
      <error>java.lang.IllegalArgumentException: /home/matthies/eclipse_workspace/JULIE/git/jcore-dependencies/jcore-mallet-2.0.9/foo/bar is not a directory.
	at cc.mallet.pipe.iterator.FileIterator.&lt;init&gt;(FileIterator.java:108)
	at cc.mallet.pipe.iterator.FileIterator.&lt;init&gt;(FileIterator.java:134)
	at cc.mallet.pipe.iterator.FileIterator.&lt;init&gt;(FileIterator.java:178)
	at cc.mallet.pipe.tests.TestRainbowStyle.testThree(TestRainbowStyle.java:45)
	at sun.reflect.NativeMethodAccessorImpl.invoke0(Native Method)
	at sun.reflect.NativeMethodAccessorImpl.invoke(NativeMethodAccessorImpl.java:57)
	at sun.reflect.DelegatingMethodAccessorImpl.invoke(DelegatingMethodAccessorImpl.java:43)
	at java.lang.reflect.Method.invoke(Method.java:606)
	at junit.framework.TestCase.runTest(TestCase.java:168)
	at junit.framework.TestCase.runBare(TestCase.java:134)
	at junit.framework.TestResult$1.protect(TestResult.java:110)
	at junit.framework.TestResult.runProtected(TestResult.java:128)
	at junit.framework.TestResult.run(TestResult.java:113)
	at junit.framework.TestCase.run(TestCase.java:124)
	at junit.framework.TestSuite.runTest(TestSuite.java:243)
	at junit.framework.TestSuite.run(TestSuite.java:238)
	at org.junit.internal.runners.JUnit38ClassRunner.run(JUnit38ClassRunner.java:83)
	at org.eclipse.jdt.internal.junit4.runner.JUnit4TestReference.run(JUnit4TestReference.java:86)
	at org.eclipse.jdt.internal.junit.runner.TestExecution.run(TestExecution.java:38)
	at org.eclipse.jdt.internal.junit.runner.RemoteTestRunner.runTests(RemoteTestRunner.java:459)
	at org.eclipse.jdt.internal.junit.runner.RemoteTestRunner.runTests(RemoteTestRunner.java:675)
	at org.eclipse.jdt.internal.junit.runner.RemoteTestRunner.run(RemoteTestRunner.java:382)
	at org.eclipse.jdt.internal.junit.runner.RemoteTestRunner.main(RemoteTestRunner.java:192)

</error>
    </testcase>
  </testsuite>
  <testsuite name="cc.mallet.pipe.tests.TestIterators" time="0.001">
    <testcase name="testParenGroupIterator" classname="cc.mallet.pipe.tests.TestIterators" time="0.001"/>
  </testsuite>
  <testsuite name="cc.mallet.types.tests.TestLabelAlphabet" time="0.001">
    <testcase name="testReadResolve" classname="cc.mallet.types.tests.TestLabelAlphabet" time="0.001">
      <failure>junit.framework.AssertionFailedError
	at junit.framework.Assert.fail(Assert.java:48)
	at junit.framework.Assert.assertTrue(Assert.java:20)
	at junit.framework.Assert.assertTrue(Assert.java:27)
	at cc.mallet.types.tests.TestLabelAlphabet.testReadResolve(TestLabelAlphabet.java:62)
	at sun.reflect.NativeMethodAccessorImpl.invoke0(Native Method)
	at sun.reflect.NativeMethodAccessorImpl.invoke(NativeMethodAccessorImpl.java:57)
	at sun.reflect.DelegatingMethodAccessorImpl.invoke(DelegatingMethodAccessorImpl.java:43)
	at java.lang.reflect.Method.invoke(Method.java:606)
	at junit.framework.TestCase.runTest(TestCase.java:168)
	at junit.framework.TestCase.runBare(TestCase.java:134)
	at junit.framework.TestResult$1.protect(TestResult.java:110)
	at junit.framework.TestResult.runProtected(TestResult.java:128)
	at junit.framework.TestResult.run(TestResult.java:113)
	at junit.framework.TestCase.run(TestCase.java:124)
	at junit.framework.TestSuite.runTest(TestSuite.java:243)
	at junit.framework.TestSuite.run(TestSuite.java:238)
	at org.junit.internal.runners.JUnit38ClassRunner.run(JUnit38ClassRunner.java:83)
	at org.eclipse.jdt.internal.junit4.runner.JUnit4TestReference.run(JUnit4TestReference.java:86)
	at org.eclipse.jdt.internal.junit.runner.TestExecution.run(TestExecution.java:38)
	at org.eclipse.jdt.internal.junit.runner.RemoteTestRunner.runTests(RemoteTestRunner.java:459)
	at org.eclipse.jdt.internal.junit.runner.RemoteTestRunner.runTests(RemoteTestRunner.java:675)
	at org.eclipse.jdt.internal.junit.runner.RemoteTestRunner.run(RemoteTestRunner.java:382)
	at org.eclipse.jdt.internal.junit.runner.RemoteTestRunner.main(RemoteTestRunner.java:192)

</failure>
    </testcase>
  </testsuite>
  <testsuite name="cc.mallet.util.tests.TestRandom" time="0.011">
    <testcase name="testAsJava" classname="cc.mallet.util.tests.TestRandom" time="0.011">
      <failure>junit.framework.AssertionFailedError: expected:&lt;0.0&gt; but was:&lt;-0.017472950906722993&gt;
	at junit.framework.Assert.fail(Assert.java:50)
	at junit.framework.Assert.failNotEquals(Assert.java:287)
	at junit.framework.Assert.assertEquals(Assert.java:102)
	at junit.framework.Assert.assertEquals(Assert.java:109)
	at cc.mallet.util.tests.TestRandom.testAsJava(TestRandom.java:45)
	at sun.reflect.NativeMethodAccessorImpl.invoke0(Native Method)
	at sun.reflect.NativeMethodAccessorImpl.invoke(NativeMethodAccessorImpl.java:57)
	at sun.reflect.DelegatingMethodAccessorImpl.invoke(DelegatingMethodAccessorImpl.java:43)
	at java.lang.reflect.Method.invoke(Method.java:606)
	at junit.framework.TestCase.runTest(TestCase.java:168)
	at junit.framework.TestCase.runBare(TestCase.java:134)
	at junit.framework.TestResult$1.protect(TestResult.java:110)
	at junit.framework.TestResult.runProtected(TestResult.java:128)
	at junit.framework.TestResult.run(TestResult.java:113)
	at junit.framework.TestCase.run(TestCase.java:124)
	at junit.framework.TestSuite.runTest(TestSuite.java:243)
	at junit.framework.TestSuite.run(TestSuite.java:238)
	at org.junit.internal.runners.JUnit38ClassRunner.run(JUnit38ClassRunner.java:83)
	at org.eclipse.jdt.internal.junit4.runner.JUnit4TestReference.run(JUnit4TestReference.java:86)
	at org.eclipse.jdt.internal.junit.runner.TestExecution.run(TestExecution.java:38)
	at org.eclipse.jdt.internal.junit.runner.RemoteTestRunner.runTests(RemoteTestRunner.java:459)
	at org.eclipse.jdt.internal.junit.runner.RemoteTestRunner.runTests(RemoteTestRunner.java:675)
	at org.eclipse.jdt.internal.junit.runner.RemoteTestRunner.run(RemoteTestRunner.java:382)
	at org.eclipse.jdt.internal.junit.runner.RemoteTestRunner.main(RemoteTestRunner.java:192)

</failure>
    </testcase>
  </testsuite>
  <testsuite name="cc.mallet.grmm.test.TestDirectedModel" time="0.001">
    <testcase name="testSimpleModel" classname="cc.mallet.grmm.test.TestDirectedModel" time="0.0"/>
    <testcase name="testCycleChecking" classname="cc.mallet.grmm.test.TestDirectedModel" time="0.001"/>
    <testcase name="testCptOfVar" classname="cc.mallet.grmm.test.TestDirectedModel" time="0.0"/>
    <testcase name="testFactorReplace" classname="cc.mallet.grmm.test.TestDirectedModel" time="0.0"/>
  </testsuite>
  <testsuite name="cc.mallet.util.tests.TestStrings" time="0.001">
    <testcase name="testCount" classname="cc.mallet.util.tests.TestStrings" time="0.001"/>
  </testsuite>
  <testsuite name="cc.mallet.extract.test.TestLatticeViewer" time="0.392">
    <testcase name="testSpaceViewer" classname="cc.mallet.extract.test.TestLatticeViewer" time="0.023">
      <error>java.lang.ClassCastException

</error>
    </testcase>
    <testcase name="testDualSpaceViewer" classname="cc.mallet.extract.test.TestLatticeViewer" time="0.369">
      <error>java.lang.ClassCastException

</error>
    </testcase>
  </testsuite>
  <testsuite name="cc.mallet.grmm.test.TestFactors" time="0.001">
    <testcase name="testMix" classname="cc.mallet.grmm.test.TestFactors" time="0.0"/>
    <testcase name="testNormalizeAsCpt" classname="cc.mallet.grmm.test.TestFactors" time="0.0"/>
    <testcase name="testSparseNormalizeAsCpt" classname="cc.mallet.grmm.test.TestFactors" time="0.0"/>
    <testcase name="testNormalizeAsCptLogSpace" classname="cc.mallet.grmm.test.TestFactors" time="0.001"/>
    <testcase name="testRetainMass" classname="cc.mallet.grmm.test.TestFactors" time="0.0"/>
    <testcase name="testMutualInfo1" classname="cc.mallet.grmm.test.TestFactors" time="0.0"/>
    <testcase name="testMutualInfo2" classname="cc.mallet.grmm.test.TestFactors" time="0.0"/>
    <testcase name="testCorr" classname="cc.mallet.grmm.test.TestFactors" time="0.0"/>
    <testcase name="testLogErrorRange" classname="cc.mallet.grmm.test.TestFactors" time="0.0"/>
  </testsuite>
  <testsuite name="cc.mallet.grmm.test.TestAssignmentIterator" time="0.001">
    <testcase name="testSum" classname="cc.mallet.grmm.test.TestAssignmentIterator" time="0.001"/>
    <testcase name="testLazyAssignment" classname="cc.mallet.grmm.test.TestAssignmentIterator" time="0.0"/>
    <testcase name="testSparseMatrixN" classname="cc.mallet.grmm.test.TestAssignmentIterator" time="0.0"/>
  </testsuite>
</testrun>
